<?xml version="1.0" encoding="UTF-8"?>
<testsuites>
  <testsuite name="CrmPackClass-class" timestamp="2023-08-17T11:58:19Z" hostname="20a247bd8378" tests="111" skipped="0" failures="0" errors="0" time="0.894">
    <testcase time="0.034" classname="CrmPackClass_class" name="CrmPackClass_correctly_identifies_crmPack_classes"/>
    <testcase time="0.03" classname="CrmPackClass_class" name="CrmPackClass_correctly_identifies_crmPack_classes"/>
    <testcase time="0.0170000000000001" classname="CrmPackClass_class" name="CrmPackClass_correctly_identifies_crmPack_classes"/>
    <testcase time="0.01" classname="CrmPackClass_class" name="CrmPackClass_correctly_identifies_crmPack_classes"/>
    <testcase time="0.00499999999999989" classname="CrmPackClass_class" name="CrmPackClass_correctly_identifies_crmPack_classes"/>
    <testcase time="0.0150000000000001" classname="CrmPackClass_class" name="CrmPackClass_correctly_identifies_crmPack_classes"/>
    <testcase time="0.0269999999999999" classname="CrmPackClass_class" name="CrmPackClass_correctly_identifies_crmPack_classes"/>
    <testcase time="0.00600000000000001" classname="CrmPackClass_class" name="CrmPackClass_correctly_identifies_crmPack_classes"/>
    <testcase time="0.00600000000000001" classname="CrmPackClass_class" name="CrmPackClass_correctly_identifies_crmPack_classes"/>
    <testcase time="0.00499999999999989" classname="CrmPackClass_class" name="CrmPackClass_correctly_identifies_crmPack_classes"/>
    <testcase time="0.00600000000000001" classname="CrmPackClass_class" name="CrmPackClass_correctly_identifies_crmPack_classes"/>
    <testcase time="0.016" classname="CrmPackClass_class" name="CrmPackClass_correctly_identifies_crmPack_classes"/>
    <testcase time="0.00500000000000012" classname="CrmPackClass_class" name="CrmPackClass_correctly_identifies_crmPack_classes"/>
    <testcase time="0.004" classname="CrmPackClass_class" name="CrmPackClass_correctly_identifies_crmPack_classes"/>
    <testcase time="0.00499999999999989" classname="CrmPackClass_class" name="CrmPackClass_correctly_identifies_crmPack_classes"/>
    <testcase time="0.00600000000000001" classname="CrmPackClass_class" name="CrmPackClass_correctly_identifies_crmPack_classes"/>
    <testcase time="0.00900000000000012" classname="CrmPackClass_class" name="CrmPackClass_correctly_identifies_crmPack_classes"/>
    <testcase time="0.00700000000000012" classname="CrmPackClass_class" name="CrmPackClass_correctly_identifies_crmPack_classes"/>
    <testcase time="0.00499999999999989" classname="CrmPackClass_class" name="CrmPackClass_correctly_identifies_crmPack_classes"/>
    <testcase time="0.00700000000000012" classname="CrmPackClass_class" name="CrmPackClass_correctly_identifies_crmPack_classes"/>
    <testcase time="0.0129999999999999" classname="CrmPackClass_class" name="CrmPackClass_correctly_identifies_crmPack_classes"/>
    <testcase time="0.00499999999999989" classname="CrmPackClass_class" name="CrmPackClass_correctly_identifies_crmPack_classes"/>
    <testcase time="0.0130000000000001" classname="CrmPackClass_class" name="CrmPackClass_correctly_identifies_crmPack_classes"/>
    <testcase time="0.00499999999999989" classname="CrmPackClass_class" name="CrmPackClass_correctly_identifies_crmPack_classes"/>
    <testcase time="0.00500000000000012" classname="CrmPackClass_class" name="CrmPackClass_correctly_identifies_crmPack_classes"/>
    <testcase time="0.00499999999999989" classname="CrmPackClass_class" name="CrmPackClass_correctly_identifies_crmPack_classes"/>
    <testcase time="0.00600000000000001" classname="CrmPackClass_class" name="CrmPackClass_correctly_identifies_crmPack_classes"/>
    <testcase time="0.00500000000000012" classname="CrmPackClass_class" name="CrmPackClass_correctly_identifies_crmPack_classes"/>
    <testcase time="0.0089999999999999" classname="CrmPackClass_class" name="CrmPackClass_correctly_identifies_crmPack_classes"/>
    <testcase time="0.00700000000000012" classname="CrmPackClass_class" name="CrmPackClass_correctly_identifies_crmPack_classes"/>
    <testcase time="0.022" classname="CrmPackClass_class" name="CrmPackClass_correctly_identifies_crmPack_classes"/>
    <testcase time="0.00499999999999989" classname="CrmPackClass_class" name="CrmPackClass_correctly_identifies_crmPack_classes"/>
    <testcase time="0.016" classname="CrmPackClass_class" name="CrmPackClass_correctly_identifies_crmPack_classes"/>
    <testcase time="0.00600000000000001" classname="CrmPackClass_class" name="CrmPackClass_correctly_identifies_crmPack_classes"/>
    <testcase time="0.0149999999999999" classname="CrmPackClass_class" name="CrmPackClass_correctly_identifies_crmPack_classes"/>
    <testcase time="0.00499999999999989" classname="CrmPackClass_class" name="CrmPackClass_correctly_identifies_crmPack_classes"/>
    <testcase time="0.00500000000000012" classname="CrmPackClass_class" name="CrmPackClass_correctly_identifies_crmPack_classes"/>
    <testcase time="0.012" classname="CrmPackClass_class" name="CrmPackClass_correctly_identifies_crmPack_classes"/>
    <testcase time="0.01" classname="CrmPackClass_class" name="CrmPackClass_correctly_identifies_crmPack_classes"/>
    <testcase time="0.016" classname="CrmPackClass_class" name="CrmPackClass_correctly_identifies_crmPack_classes"/>
    <testcase time="0.012" classname="CrmPackClass_class" name="CrmPackClass_correctly_identifies_crmPack_classes"/>
    <testcase time="0.00499999999999989" classname="CrmPackClass_class" name="CrmPackClass_correctly_identifies_crmPack_classes"/>
    <testcase time="0.004" classname="CrmPackClass_class" name="CrmPackClass_correctly_identifies_crmPack_classes"/>
    <testcase time="0.00500000000000012" classname="CrmPackClass_class" name="CrmPackClass_correctly_identifies_crmPack_classes"/>
    <testcase time="0.00800000000000001" classname="CrmPackClass_class" name="CrmPackClass_correctly_identifies_crmPack_classes"/>
    <testcase time="0.00799999999999979" classname="CrmPackClass_class" name="CrmPackClass_correctly_identifies_crmPack_classes"/>
    <testcase time="0.00500000000000034" classname="CrmPackClass_class" name="CrmPackClass_correctly_identifies_crmPack_classes"/>
    <testcase time="0.0109999999999997" classname="CrmPackClass_class" name="CrmPackClass_correctly_identifies_crmPack_classes"/>
    <testcase time="0.00500000000000034" classname="CrmPackClass_class" name="CrmPackClass_correctly_identifies_crmPack_classes"/>
    <testcase time="0.00499999999999989" classname="CrmPackClass_class" name="CrmPackClass_correctly_identifies_crmPack_classes"/>
    <testcase time="0.00599999999999978" classname="CrmPackClass_class" name="CrmPackClass_correctly_identifies_crmPack_classes"/>
    <testcase time="0.00800000000000001" classname="CrmPackClass_class" name="CrmPackClass_correctly_identifies_crmPack_classes"/>
    <testcase time="0.00499999999999989" classname="CrmPackClass_class" name="CrmPackClass_correctly_identifies_crmPack_classes"/>
    <testcase time="0.00500000000000034" classname="CrmPackClass_class" name="CrmPackClass_correctly_identifies_crmPack_classes"/>
    <testcase time="0.00800000000000001" classname="CrmPackClass_class" name="CrmPackClass_correctly_identifies_crmPack_classes"/>
    <testcase time="0.00499999999999989" classname="CrmPackClass_class" name="CrmPackClass_correctly_identifies_crmPack_classes"/>
    <testcase time="0.00499999999999989" classname="CrmPackClass_class" name="CrmPackClass_correctly_identifies_crmPack_classes"/>
    <testcase time="0.00600000000000023" classname="CrmPackClass_class" name="CrmPackClass_correctly_identifies_crmPack_classes"/>
    <testcase time="0.00499999999999989" classname="CrmPackClass_class" name="CrmPackClass_correctly_identifies_crmPack_classes"/>
    <testcase time="0.0190000000000001" classname="CrmPackClass_class" name="CrmPackClass_correctly_identifies_crmPack_classes"/>
    <testcase time="0.00499999999999989" classname="CrmPackClass_class" name="CrmPackClass_correctly_identifies_crmPack_classes"/>
    <testcase time="0.00599999999999978" classname="CrmPackClass_class" name="CrmPackClass_correctly_identifies_crmPack_classes"/>
    <testcase time="0.00700000000000012" classname="CrmPackClass_class" name="CrmPackClass_correctly_identifies_crmPack_classes"/>
    <testcase time="0.00800000000000001" classname="CrmPackClass_class" name="CrmPackClass_correctly_identifies_crmPack_classes"/>
    <testcase time="0.012" classname="CrmPackClass_class" name="CrmPackClass_correctly_identifies_crmPack_classes"/>
    <testcase time="0.00800000000000001" classname="CrmPackClass_class" name="CrmPackClass_correctly_identifies_crmPack_classes"/>
    <testcase time="0.0220000000000002" classname="CrmPackClass_class" name="CrmPackClass_correctly_identifies_crmPack_classes"/>
    <testcase time="0.00499999999999989" classname="CrmPackClass_class" name="CrmPackClass_correctly_identifies_crmPack_classes"/>
    <testcase time="0.00599999999999978" classname="CrmPackClass_class" name="CrmPackClass_correctly_identifies_crmPack_classes"/>
    <testcase time="0.00600000000000023" classname="CrmPackClass_class" name="CrmPackClass_correctly_identifies_crmPack_classes"/>
    <testcase time="0.00499999999999989" classname="CrmPackClass_class" name="CrmPackClass_correctly_identifies_crmPack_classes"/>
    <testcase time="0.0089999999999999" classname="CrmPackClass_class" name="CrmPackClass_correctly_identifies_crmPack_classes"/>
    <testcase time="0.00600000000000023" classname="CrmPackClass_class" name="CrmPackClass_correctly_identifies_crmPack_classes"/>
    <testcase time="0.00499999999999989" classname="CrmPackClass_class" name="CrmPackClass_correctly_identifies_crmPack_classes"/>
    <testcase time="0.00499999999999989" classname="CrmPackClass_class" name="CrmPackClass_correctly_identifies_crmPack_classes"/>
    <testcase time="0.00499999999999989" classname="CrmPackClass_class" name="CrmPackClass_correctly_identifies_crmPack_classes"/>
    <testcase time="0.00500000000000034" classname="CrmPackClass_class" name="CrmPackClass_correctly_identifies_crmPack_classes"/>
    <testcase time="0.00599999999999978" classname="CrmPackClass_class" name="CrmPackClass_correctly_identifies_crmPack_classes"/>
    <testcase time="0.004" classname="CrmPackClass_class" name="CrmPackClass_correctly_identifies_crmPack_classes"/>
    <testcase time="0.00499999999999989" classname="CrmPackClass_class" name="CrmPackClass_correctly_identifies_crmPack_classes"/>
    <testcase time="0.00600000000000023" classname="CrmPackClass_class" name="CrmPackClass_correctly_identifies_crmPack_classes"/>
    <testcase time="0.00599999999999978" classname="CrmPackClass_class" name="CrmPackClass_correctly_identifies_crmPack_classes"/>
    <testcase time="0.00500000000000034" classname="CrmPackClass_class" name="CrmPackClass_correctly_identifies_crmPack_classes"/>
    <testcase time="0.00499999999999989" classname="CrmPackClass_class" name="CrmPackClass_correctly_identifies_crmPack_classes"/>
    <testcase time="0.00599999999999978" classname="CrmPackClass_class" name="CrmPackClass_correctly_identifies_crmPack_classes"/>
    <testcase time="0.00500000000000034" classname="CrmPackClass_class" name="CrmPackClass_correctly_identifies_crmPack_classes"/>
    <testcase time="0.0149999999999997" classname="CrmPackClass_class" name="CrmPackClass_correctly_identifies_crmPack_classes"/>
    <testcase time="0.0169999999999999" classname="CrmPackClass_class" name="CrmPackClass_correctly_identifies_crmPack_classes"/>
    <testcase time="0.004" classname="CrmPackClass_class" name="CrmPackClass_correctly_identifies_crmPack_classes"/>
    <testcase time="0.00500000000000034" classname="CrmPackClass_class" name="CrmPackClass_correctly_identifies_crmPack_classes"/>
    <testcase time="0.00499999999999989" classname="CrmPackClass_class" name="CrmPackClass_correctly_identifies_crmPack_classes"/>
    <testcase time="0.00499999999999989" classname="CrmPackClass_class" name="CrmPackClass_correctly_identifies_crmPack_classes"/>
    <testcase time="0.00499999999999989" classname="CrmPackClass_class" name="CrmPackClass_correctly_identifies_crmPack_classes"/>
    <testcase time="0.004" classname="CrmPackClass_class" name="CrmPackClass_correctly_identifies_crmPack_classes"/>
    <testcase time="0.00500000000000034" classname="CrmPackClass_class" name="CrmPackClass_correctly_identifies_crmPack_classes"/>
    <testcase time="0.00699999999999967" classname="CrmPackClass_class" name="CrmPackClass_correctly_identifies_crmPack_classes"/>
    <testcase time="0.00500000000000034" classname="CrmPackClass_class" name="CrmPackClass_correctly_identifies_crmPack_classes"/>
    <testcase time="0.0109999999999997" classname="CrmPackClass_class" name="CrmPackClass_correctly_identifies_crmPack_classes"/>
    <testcase time="0.00600000000000023" classname="CrmPackClass_class" name="CrmPackClass_correctly_identifies_crmPack_classes"/>
    <testcase time="0.004" classname="CrmPackClass_class" name="CrmPackClass_correctly_identifies_crmPack_classes"/>
    <testcase time="0.00499999999999989" classname="CrmPackClass_class" name="CrmPackClass_correctly_identifies_crmPack_classes"/>
    <testcase time="0.00499999999999989" classname="CrmPackClass_class" name="CrmPackClass_correctly_identifies_crmPack_classes"/>
    <testcase time="0.00500000000000034" classname="CrmPackClass_class" name="CrmPackClass_correctly_identifies_crmPack_classes"/>
    <testcase time="0.00699999999999967" classname="CrmPackClass_class" name="CrmPackClass_correctly_identifies_crmPack_classes"/>
    <testcase time="0.00600000000000023" classname="CrmPackClass_class" name="CrmPackClass_correctly_identifies_crmPack_classes"/>
    <testcase time="0.00499999999999989" classname="CrmPackClass_class" name="CrmPackClass_correctly_identifies_crmPack_classes"/>
    <testcase time="0.00499999999999989" classname="CrmPackClass_class" name="CrmPackClass_correctly_identifies_crmPack_classes"/>
    <testcase time="0.00500000000000034" classname="CrmPackClass_class" name="CrmPackClass_correctly_identifies_crmPack_classes"/>
    <testcase time="0.004" classname="CrmPackClass_class" name="CrmPackClass_correctly_identifies_crmPack_classes"/>
    <testcase time="0.0209999999999999" classname="CrmPackClass_class" name="CrmPackClass_does_not_identify_random_non_crmPack_classes"/>
    <testcase time="0.00499999999999989" classname="CrmPackClass_class" name="CrmPackClass_does_not_identify_random_non_crmPack_classes"/>
  </testsuite>
  <testsuite name="Data-class" timestamp="2023-08-17T11:58:20Z" hostname="20a247bd8378" tests="54" skipped="0" failures="0" errors="0" time="0.529">
    <testcase time="0.0259999999999998" classname="Data_class" name=".GeneralData_works_as_expected"/>
    <testcase time="0.00100000000000033" classname="Data_class" name=".GeneralData_works_as_expected"/>
    <testcase time="0.00499999999999989" classname="Data_class" name=".GeneralData_works_as_expected"/>
    <testcase time="0.00800000000000001" classname="Data_class" name=".Data_works_as_expected"/>
    <testcase time="0.00099999999999989" classname="Data_class" name=".Data_works_as_expected"/>
    <testcase time="0.00800000000000001" classname="Data_class" name=".Data_works_as_expected"/>
    <testcase time="0.0140000000000002" classname="Data_class" name="Data_object_can_be_created_with_user_constructor_Data"/>
    <testcase time="0.00199999999999978" classname="Data_class" name="Data_object_can_be_created_with_user_constructor_Data"/>
    <testcase time="0.00600000000000023" classname="Data_class" name="Data_object_can_be_created_with_user_constructor_Data"/>
    <testcase time="0.02" classname="Data_class" name="Data_object_can_be_created_with_custom_values"/>
    <testcase time="0.00099999999999989" classname="Data_class" name="Data_object_can_be_created_with_custom_values"/>
    <testcase time="0.00600000000000023" classname="Data_class" name="Data_object_can_be_created_with_custom_values"/>
    <testcase time="0.0379999999999998" classname="Data_class" name="Data_constructor_handles_default_IDs_as_expected"/>
    <testcase time="0.00099999999999989" classname="Data_class" name="Data_constructor_handles_default_IDs_as_expected"/>
    <testcase time="0.00600000000000023" classname="Data_class" name="Data_constructor_handles_default_IDs_as_expected"/>
    <testcase time="0.024" classname="Data_class" name="Data_constructor_works_as_expected_without_cohort_and_no_placebo"/>
    <testcase time="0.00099999999999989" classname="Data_class" name="Data_constructor_works_as_expected_without_cohort_and_no_placebo"/>
    <testcase time="0.00599999999999978" classname="Data_class" name="Data_constructor_works_as_expected_without_cohort_and_no_placebo"/>
    <testcase time="0.00800000000000001" classname="Data_class" name=".DataDual_works_as_expected"/>
    <testcase time="0.00200000000000022" classname="Data_class" name=".DataDual_works_as_expected"/>
    <testcase time="0.00700000000000012" classname="Data_class" name=".DataDual_works_as_expected"/>
    <testcase time="0.0249999999999999" classname="Data_class" name="DataDual_object_can_be_created_with_user_constructor_DataDual"/>
    <testcase time="0.00199999999999978" classname="Data_class" name="DataDual_object_can_be_created_with_user_constructor_DataDual"/>
    <testcase time="0.00700000000000012" classname="Data_class" name="DataDual_object_can_be_created_with_user_constructor_DataDual"/>
    <testcase time="0.0259999999999998" classname="Data_class" name="DataDual_object_can_be_created_with_custom_values"/>
    <testcase time="0.00200000000000022" classname="Data_class" name="DataDual_object_can_be_created_with_custom_values"/>
    <testcase time="0.00800000000000001" classname="Data_class" name="DataDual_object_can_be_created_with_custom_values"/>
    <testcase time="0.0089999999999999" classname="Data_class" name=".DataParts_works_as_expected"/>
    <testcase time="0.00099999999999989" classname="Data_class" name=".DataParts_works_as_expected"/>
    <testcase time="0.00800000000000001" classname="Data_class" name=".DataParts_works_as_expected"/>
    <testcase time="0.028" classname="Data_class" name="DataParts_object_can_be_created_with_user_constructor_DataParts"/>
    <testcase time="0.00099999999999989" classname="Data_class" name="DataParts_object_can_be_created_with_user_constructor_DataParts"/>
    <testcase time="0.0129999999999999" classname="Data_class" name="DataParts_object_can_be_created_with_user_constructor_DataParts"/>
    <testcase time="0.0249999999999999" classname="Data_class" name="DataParts_object_can_be_created_with_custom_values"/>
    <testcase time="0.00100000000000033" classname="Data_class" name="DataParts_object_can_be_created_with_custom_values"/>
    <testcase time="0.00800000000000001" classname="Data_class" name="DataParts_object_can_be_created_with_custom_values"/>
    <testcase time="0.0089999999999999" classname="Data_class" name=".DataMixture_works_as_expected"/>
    <testcase time="0.00199999999999978" classname="Data_class" name=".DataMixture_works_as_expected"/>
    <testcase time="0.00800000000000001" classname="Data_class" name=".DataMixture_works_as_expected"/>
    <testcase time="0.0260000000000002" classname="Data_class" name="DataMixture_object_can_be_created_with_user_constructor"/>
    <testcase time="0.00199999999999978" classname="Data_class" name="DataMixture_object_can_be_created_with_user_constructor"/>
    <testcase time="0.00700000000000012" classname="Data_class" name="DataMixture_object_can_be_created_with_user_constructor"/>
    <testcase time="0.024" classname="Data_class" name="DataMixture_object_can_be_created_with_custom_values"/>
    <testcase time="0.00099999999999989" classname="Data_class" name="DataMixture_object_can_be_created_with_custom_values"/>
    <testcase time="0.00700000000000012" classname="Data_class" name="DataMixture_object_can_be_created_with_custom_values"/>
    <testcase time="0.0089999999999999" classname="Data_class" name=".DataDA_works_as_expected"/>
    <testcase time="0.00099999999999989" classname="Data_class" name=".DataDA_works_as_expected"/>
    <testcase time="0.00900000000000034" classname="Data_class" name=".DataDA_works_as_expected"/>
    <testcase time="0.024" classname="Data_class" name="DataDA_object_can_be_created_with_user_constructor_DataDA"/>
    <testcase time="0.00099999999999989" classname="Data_class" name="DataDA_object_can_be_created_with_user_constructor_DataDA"/>
    <testcase time="0.00700000000000012" classname="Data_class" name="DataDA_object_can_be_created_with_user_constructor_DataDA"/>
    <testcase time="0.0279999999999996" classname="Data_class" name="DataDA_object_can_be_created_with_custom_values"/>
    <testcase time="0.00200000000000022" classname="Data_class" name="DataDA_object_can_be_created_with_custom_values"/>
    <testcase time="0.00700000000000012" classname="Data_class" name="DataDA_object_can_be_created_with_custom_values"/>
  </testsuite>
  <testsuite name="Data-methods" timestamp="2023-08-17T11:58:20Z" hostname="20a247bd8378" tests="83" skipped="7" failures="0" errors="0" time="3.442">
    <testcase time="0.326" classname="Data_methods" name="Plot_works_as_expected_for_Data_object_with_placebo">
      <skipped message="Reason: On CRAN ('test-Data-methods.R:7:3')"/>
    </testcase>
    <testcase time="0.331" classname="Data_methods" name="Plot_works_as_expected_for_Data_object_with_placebo_and_blinding">
      <skipped message="Reason: On CRAN ('test-Data-methods.R:14:3')"/>
    </testcase>
    <testcase time="0.196" classname="Data_methods" name="Plot_works_for_Data_object_with_placebo_blinding_and_no_legend">
      <skipped message="Reason: On CRAN ('test-Data-methods.R:21:3')"/>
    </testcase>
    <testcase time="0.425" classname="Data_methods" name="Plot_works_as_expected_for_DataDual_object_with_placebo">
      <skipped message="Reason: On CRAN ('test-Data-methods.R:32:3')"/>
    </testcase>
    <testcase time="0.353" classname="Data_methods" name="Plot_works_for_DataDual_object_with_placebo_and_blinding">
      <skipped message="Reason: On CRAN ('test-Data-methods.R:39:3')"/>
    </testcase>
    <testcase time="0.43" classname="Data_methods" name="Plot_works_as_expected_for_DataDA_object_with_placebo">
      <skipped message="Reason: On CRAN ('test-Data-methods.R:50:3')"/>
    </testcase>
    <testcase time="0.424" classname="Data_methods" name="Plot_works_for_DataDA_object_with_placebo_and_blinding">
      <skipped message="Reason: On CRAN ('test-Data-methods.R:57:3')"/>
    </testcase>
    <testcase time="0.032" classname="Data_methods" name="Update_of_Data_works_as_expected"/>
    <testcase time="0.00699999999999967" classname="Data_methods" name="Update_of_Data_works_as_expected"/>
    <testcase time="0.00400000000000045" classname="Data_methods" name="Update_of_Data_works_as_expected"/>
    <testcase time="0.0329999999999995" classname="Data_methods" name="Update_of_empty_Data_works_as_expected"/>
    <testcase time="0.00700000000000056" classname="Data_methods" name="Update_of_empty_Data_works_as_expected"/>
    <testcase time="0.00399999999999956" classname="Data_methods" name="Update_of_empty_Data_works_as_expected"/>
    <testcase time="0.0300000000000002" classname="Data_methods" name="Update_of_Data_works_for_empty_update"/>
    <testcase time="0.0209999999999999" classname="Data_methods" name="Update_of_Data_works_when_doses_are_added_to_the_old_cohort"/>
    <testcase time="0.00600000000000023" classname="Data_methods" name="Update_of_Data_works_when_doses_are_added_to_the_old_cohort"/>
    <testcase time="0.00499999999999989" classname="Data_methods" name="Update_of_Data_works_when_doses_are_added_to_the_old_cohort"/>
    <testcase time="0.0300000000000002" classname="Data_methods" name="Update_of_Data_throws_the_error_for_a_dose_x_out_of_the_grid"/>
    <testcase time="0.0229999999999997" classname="Data_methods" name="Update_of_Data_no_error_for_non_valid_update_and_validation_off"/>
    <testcase time="0.0280000000000005" classname="Data_methods" name="Update_of_DataParts_works_as_expected"/>
    <testcase time="0.0139999999999993" classname="Data_methods" name="Update_of_DataParts_works_as_expected"/>
    <testcase time="0.00499999999999989" classname="Data_methods" name="Update_of_DataParts_works_as_expected"/>
    <testcase time="0.0260000000000007" classname="Data_methods" name="Update_of_DataParts_works_as_expected"/>
    <testcase time="0.00800000000000001" classname="Data_methods" name="Update_of_DataParts_works_as_expected"/>
    <testcase time="0.00499999999999989" classname="Data_methods" name="Update_of_DataParts_works_as_expected"/>
    <testcase time="0.0279999999999996" classname="Data_methods" name="Update_of_DataParts_works_no_DLT_and_x_eq_max_of_part1Ladder"/>
    <testcase time="0.00800000000000001" classname="Data_methods" name="Update_of_DataParts_works_no_DLT_and_x_eq_max_of_part1Ladder"/>
    <testcase time="0.00400000000000045" classname="Data_methods" name="Update_of_DataParts_works_no_DLT_and_x_eq_max_of_part1Ladder"/>
    <testcase time="0.0279999999999996" classname="Data_methods" name="Update_of_DataDual_works_as_expected"/>
    <testcase time="0.00700000000000056" classname="Data_methods" name="Update_of_DataDual_works_as_expected"/>
    <testcase time="0.00399999999999956" classname="Data_methods" name="Update_of_DataDual_works_as_expected"/>
    <testcase time="0.0330000000000004" classname="Data_methods" name="Update_of_DataDA_works_as_expected"/>
    <testcase time="0.00800000000000001" classname="Data_methods" name="Update_of_DataDA_works_as_expected"/>
    <testcase time="0.00499999999999989" classname="Data_methods" name="Update_of_DataDA_works_as_expected"/>
    <testcase time="0.0339999999999998" classname="Data_methods" name="Update_of_DataDA_works_for_empty_update_of_empty_object"/>
    <testcase time="0.00800000000000001" classname="Data_methods" name="Update_of_DataDA_works_for_empty_update_of_empty_object"/>
    <testcase time="0.00499999999999989" classname="Data_methods" name="Update_of_DataDA_works_for_empty_update_of_empty_object"/>
    <testcase time="0.024" classname="Data_methods" name="Update_of_DataDA_works_when_no_update_of_non_empty_object"/>
    <testcase time="0.00699999999999967" classname="Data_methods" name="Update_of_DataDA_works_when_no_update_of_non_empty_object"/>
    <testcase time="0.00500000000000078" classname="Data_methods" name="Update_of_DataDA_works_when_no_update_of_non_empty_object"/>
    <testcase time="0.0329999999999995" classname="Data_methods" name="Update_of_DataDA_throws_the_error_for_empty_trialtime"/>
    <testcase time="0.0250000000000004" classname="Data_methods" name="getEff_DataDual_works_as_expected"/>
    <testcase time="0.0249999999999995" classname="Data_methods" name="getEff_DataDual_works_as_expected_no_dlt"/>
    <testcase time="0.0150000000000006" classname="Data_methods" name="getEff_DataDual_works_as_expected_no_DLT_"/>
    <testcase time="0.016" classname="Data_methods" name="getEff_DataDual_works_as_expected_no_DLT_no_dlt"/>
    <testcase time="0.0170000000000003" classname="Data_methods" name="getEff_DataDual_works_as_expected_DLT_only_"/>
    <testcase time="0.0209999999999999" classname="Data_methods" name="getEff_DataDual_works_as_expected_DLT_only_no_dlt"/>
    <testcase time="0.0129999999999999" classname="Data_methods" name="ngrid_throws_the_error_for_non_valid_ignore_placebo"/>
    <testcase time="0.00700000000000056" classname="Data_methods" name="ngrid_throws_the_error_for_non_valid_ignore_placebo"/>
    <testcase time="0.0219999999999994" classname="Data_methods" name="ngrid_Data_works_as_expected_with_placebo_in_grid"/>
    <testcase time="0.00400000000000045" classname="Data_methods" name="ngrid_Data_works_as_expected_with_placebo_in_grid"/>
    <testcase time="0.00699999999999967" classname="Data_methods" name="ngrid_Data_works_as_expected_with_placebo_in_grid"/>
    <testcase time="0.00499999999999989" classname="Data_methods" name="ngrid_Data_works_as_expected_with_placebo_in_grid"/>
    <testcase time="0.00700000000000056" classname="Data_methods" name="ngrid_Data_works_as_expected_with_placebo_in_grid"/>
    <testcase time="0.00399999999999956" classname="Data_methods" name="ngrid_Data_works_as_expected_with_placebo_in_grid"/>
    <testcase time="0.00600000000000023" classname="Data_methods" name="ngrid_Data_works_as_expected_with_placebo_in_grid"/>
    <testcase time="0.00400000000000045" classname="Data_methods" name="ngrid_Data_works_as_expected_with_placebo_in_grid"/>
    <testcase time="0.0199999999999996" classname="Data_methods" name="ngrid_Data_works_as_expected_without_placebo_in_grid"/>
    <testcase time="0.00500000000000078" classname="Data_methods" name="ngrid_Data_works_as_expected_without_placebo_in_grid"/>
    <testcase time="0.00699999999999967" classname="Data_methods" name="ngrid_Data_works_as_expected_without_placebo_in_grid"/>
    <testcase time="0.00999999999999979" classname="Data_methods" name="ngrid_Data_works_as_expected_without_placebo_in_grid"/>
    <testcase time="0.00700000000000056" classname="Data_methods" name="ngrid_Data_works_as_expected_without_placebo_in_grid"/>
    <testcase time="0.00499999999999989" classname="Data_methods" name="ngrid_Data_works_as_expected_without_placebo_in_grid"/>
    <testcase time="0.00699999999999967" classname="Data_methods" name="ngrid_Data_works_as_expected_without_placebo_in_grid"/>
    <testcase time="0.00400000000000045" classname="Data_methods" name="ngrid_Data_works_as_expected_without_placebo_in_grid"/>
    <testcase time="0.0259999999999998" classname="Data_methods" name="dose_grid_range_throws_the_error_for_non_valid_ignore_placebo"/>
    <testcase time="0.00699999999999967" classname="Data_methods" name="dose_grid_range_throws_the_error_for_non_valid_ignore_placebo"/>
    <testcase time="0.0229999999999997" classname="Data_methods" name="dose_grid_range_Data_works_as_expected_with_placebo_in_grid"/>
    <testcase time="0.00500000000000078" classname="Data_methods" name="dose_grid_range_Data_works_as_expected_with_placebo_in_grid"/>
    <testcase time="0.00800000000000001" classname="Data_methods" name="dose_grid_range_Data_works_as_expected_with_placebo_in_grid"/>
    <testcase time="0.00499999999999989" classname="Data_methods" name="dose_grid_range_Data_works_as_expected_with_placebo_in_grid"/>
    <testcase time="0.00699999999999967" classname="Data_methods" name="dose_grid_range_Data_works_as_expected_with_placebo_in_grid"/>
    <testcase time="0.00499999999999989" classname="Data_methods" name="dose_grid_range_Data_works_as_expected_with_placebo_in_grid"/>
    <testcase time="0.00800000000000001" classname="Data_methods" name="dose_grid_range_Data_works_as_expected_with_placebo_in_grid"/>
    <testcase time="0.00400000000000045" classname="Data_methods" name="dose_grid_range_Data_works_as_expected_with_placebo_in_grid"/>
    <testcase time="0.0270000000000001" classname="Data_methods" name="dose_grid_range_Data_works_as_expected_without_placebo_in_grid"/>
    <testcase time="0.00499999999999989" classname="Data_methods" name="dose_grid_range_Data_works_as_expected_without_placebo_in_grid"/>
    <testcase time="0.00699999999999967" classname="Data_methods" name="dose_grid_range_Data_works_as_expected_without_placebo_in_grid"/>
    <testcase time="0.00499999999999989" classname="Data_methods" name="dose_grid_range_Data_works_as_expected_without_placebo_in_grid"/>
    <testcase time="0.00699999999999967" classname="Data_methods" name="dose_grid_range_Data_works_as_expected_without_placebo_in_grid"/>
    <testcase time="0.00500000000000078" classname="Data_methods" name="dose_grid_range_Data_works_as_expected_without_placebo_in_grid"/>
    <testcase time="0.00699999999999967" classname="Data_methods" name="dose_grid_range_Data_works_as_expected_without_placebo_in_grid"/>
    <testcase time="0.00399999999999956" classname="Data_methods" name="dose_grid_range_Data_works_as_expected_without_placebo_in_grid"/>
  </testsuite>
  <testsuite name="Data-validity" timestamp="2023-08-17T11:58:24Z" hostname="20a247bd8378" tests="26" skipped="0" failures="0" errors="0" time="0.638">
    <testcase time="0.0140000000000002" classname="Data_validity" name="h_doses_unique_per_cohort_returns_TRUE_for_unique_doses"/>
    <testcase time="0.00400000000000045" classname="Data_validity" name="h_doses_unique_per_cohort_returns_TRUE_for_unique_doses"/>
    <testcase time="0.00899999999999945" classname="Data_validity" name="h_doses_unique_per_cohort_returns_FALSE_for_non_unique_doses"/>
    <testcase time="0.00300000000000011" classname="Data_validity" name="h_doses_unique_per_cohort_returns_FALSE_for_non_unique_doses"/>
    <testcase time="0.0230000000000006" classname="Data_validity" name="v_general_data_passes_for_valid_object"/>
    <testcase time="0.0229999999999997" classname="Data_validity" name="v_general_data_returns_expected_messages_for_non_valid_object"/>
    <testcase time="0.0300000000000002" classname="Data_validity" name="v_data_passes_for_valid_object"/>
    <testcase time="0.0249999999999995" classname="Data_validity" name="v_data_returns_error_when_only_placebo_in_cohort"/>
    <testcase time="0.024" classname="Data_validity" name="v_data_error_when_multiple_different_doses_in_a_cohort"/>
    <testcase time="0.0230000000000006" classname="Data_validity" name="v_data_returns_error_when_first_xLevel_does_not_match_x"/>
    <testcase time="0.024" classname="Data_validity" name="v_data_dual_passes_for_valid_object"/>
    <testcase time="0.0529999999999999" classname="Data_validity" name="v_data_dual_returns_error_for_biomarker_of_wrong_length"/>
    <testcase time="0.0279999999999996" classname="Data_validity" name="v_data_parts_passes_for_valid_object"/>
    <testcase time="0.0270000000000001" classname="Data_validity" name="v_data_parts_error_when_part_of_wrong_length_and_values"/>
    <testcase time="0.0259999999999998" classname="Data_validity" name="v_data_parts_error_when_nextPart_of_wrong_len_vals_order"/>
    <testcase time="0.0259999999999998" classname="Data_validity" name="v_data_parts_error_when_part1Ladder_unsorted_non_unique"/>
    <testcase time="0.0350000000000001" classname="Data_validity" name="v_data_parts_error_when_part1Ladder_has_wrong_values"/>
    <testcase time="0.0249999999999995" classname="Data_validity" name="v_data_mixture_passes_for_valid_object"/>
    <testcase time="0.0260000000000007" classname="Data_validity" name="v_data_mixture_error_when_xshare_is_of_wrong_length"/>
    <testcase time="0.0270000000000001" classname="Data_validity" name="v_data_mixture_error_when_xshare_has_wrong_values"/>
    <testcase time="0.0269999999999992" classname="Data_validity" name="v_data_mixture_error_for_yshare_of_wrong_length_and_vals."/>
    <testcase time="0.024" classname="Data_validity" name="v_data_mixture_error_for_nObsshare_of_wrong_length"/>
    <testcase time="0.0330000000000004" classname="Data_validity" name="v_data_da_passes_for_valid_object"/>
    <testcase time="0.0259999999999998" classname="Data_validity" name="v_data_da_error_for_Tmax_of_wrong_length_negative_values"/>
    <testcase time="0.0270000000000001" classname="Data_validity" name="v_data_da_error_for_u_of_wrong_length_and_values"/>
    <testcase time="0.0259999999999998" classname="Data_validity" name="v_data_da_error_for_t0_of_wrong_length_negative_values"/>
  </testsuite>
  <testsuite name="Design-class" timestamp="2023-08-17T11:58:24Z" hostname="20a247bd8378" tests="136" skipped="0" failures="0" errors="0" time="1.052">
    <testcase time="0.0140000000000002" classname="Design_class" name=".RuleDesign_works_as_expected"/>
    <testcase time="0.00199999999999978" classname="Design_class" name=".RuleDesign_works_as_expected"/>
    <testcase time="0.00400000000000045" classname="Design_class" name=".RuleDesign_works_as_expected"/>
    <testcase time="0.0120000000000005" classname="Design_class" name="RuleDesign_object_can_be_created_with_user_constructor"/>
    <testcase time="0.000999999999999446" classname="Design_class" name="RuleDesign_object_can_be_created_with_user_constructor"/>
    <testcase time="0.00500000000000078" classname="Design_class" name="RuleDesign_object_can_be_created_with_user_constructor"/>
    <testcase time="0.00399999999999956" classname="Design_class" name="RuleDesign_object_can_be_created_with_user_constructor"/>
    <testcase time="0.00499999999999989" classname="Design_class" name="RuleDesign_object_can_be_created_with_user_constructor"/>
    <testcase time="0.00400000000000045" classname="Design_class" name="RuleDesign_object_can_be_created_with_user_constructor"/>
    <testcase time="0.00999999999999979" classname="Design_class" name="RuleDesign_object_can_be_created_with_user_constructor"/>
    <testcase time="0.00900000000000034" classname="Design_class" name="RuleDesign_user_constructor_arguments_names_are_as_expected"/>
    <testcase time="0.0129999999999999" classname="Design_class" name="RuleDesign_object_can_be_created_with_ThreePlusThreeDesign_constructor"/>
    <testcase time="0.000999999999999446" classname="Design_class" name="RuleDesign_object_can_be_created_with_ThreePlusThreeDesign_constructor"/>
    <testcase time="0.00499999999999989" classname="Design_class" name="RuleDesign_object_can_be_created_with_ThreePlusThreeDesign_constructor"/>
    <testcase time="0.00500000000000078" classname="Design_class" name="RuleDesign_object_can_be_created_with_ThreePlusThreeDesign_constructor"/>
    <testcase time="0.00499999999999989" classname="Design_class" name="RuleDesign_object_can_be_created_with_ThreePlusThreeDesign_constructor"/>
    <testcase time="0.00699999999999967" classname="Design_class" name="RuleDesign_object_can_be_created_with_ThreePlusThreeDesign_constructor"/>
    <testcase time="0.00399999999999956" classname="Design_class" name="RuleDesign_object_can_be_created_with_ThreePlusThreeDesign_constructor"/>
    <testcase time="0.00700000000000056" classname="Design_class" name="ThreePlusThreeDesign_constructor_arguments_names_are_as_expected"/>
    <testcase time="0.00899999999999945" classname="Design_class" name=".Design_works_as_expected"/>
    <testcase time="0.00100000000000033" classname="Design_class" name=".Design_works_as_expected"/>
    <testcase time="0.00699999999999967" classname="Design_class" name=".Design_works_as_expected"/>
    <testcase time="0.0330000000000004" classname="Design_class" name="Design_object_can_be_created_with_user_constructor"/>
    <testcase time="0.00199999999999978" classname="Design_class" name="Design_object_can_be_created_with_user_constructor"/>
    <testcase time="0.00499999999999989" classname="Design_class" name="Design_object_can_be_created_with_user_constructor"/>
    <testcase time="0.00500000000000078" classname="Design_class" name="Design_object_can_be_created_with_user_constructor"/>
    <testcase time="0.00399999999999956" classname="Design_class" name="Design_object_can_be_created_with_user_constructor"/>
    <testcase time="0.00400000000000045" classname="Design_class" name="Design_object_can_be_created_with_user_constructor"/>
    <testcase time="0.00499999999999989" classname="Design_class" name="Design_object_can_be_created_with_user_constructor"/>
    <testcase time="0.00399999999999956" classname="Design_class" name="Design_object_can_be_created_with_user_constructor"/>
    <testcase time="0.00499999999999989" classname="Design_class" name="Design_object_can_be_created_with_user_constructor"/>
    <testcase time="0.00400000000000045" classname="Design_class" name="Design_object_can_be_created_with_user_constructor"/>
    <testcase time="0.00499999999999989" classname="Design_class" name="Design_object_can_be_created_with_user_constructor"/>
    <testcase time="0.00900000000000034" classname="Design_class" name="Design_object_can_be_created_with_user_constructor"/>
    <testcase time="0.00599999999999934" classname="Design_class" name="Design_object_can_be_created_with_user_constructor"/>
    <testcase time="0.0140000000000002" classname="Design_class" name="Design_user_constructor_arguments_names_are_as_expected"/>
    <testcase time="0.0110000000000001" classname="Design_class" name=".DualDesign_works_as_expected"/>
    <testcase time="0.000999999999999446" classname="Design_class" name=".DualDesign_works_as_expected"/>
    <testcase time="0.00700000000000056" classname="Design_class" name=".DualDesign_works_as_expected"/>
    <testcase time="0.056" classname="Design_class" name="DualDesign_object_can_be_created_with_user_constructor"/>
    <testcase time="0.00199999999999978" classname="Design_class" name="DualDesign_object_can_be_created_with_user_constructor"/>
    <testcase time="0.00600000000000023" classname="Design_class" name="DualDesign_object_can_be_created_with_user_constructor"/>
    <testcase time="0.00499999999999989" classname="Design_class" name="DualDesign_object_can_be_created_with_user_constructor"/>
    <testcase time="0.00499999999999989" classname="Design_class" name="DualDesign_object_can_be_created_with_user_constructor"/>
    <testcase time="0.00400000000000045" classname="Design_class" name="DualDesign_object_can_be_created_with_user_constructor"/>
    <testcase time="0.00499999999999989" classname="Design_class" name="DualDesign_object_can_be_created_with_user_constructor"/>
    <testcase time="0.00499999999999989" classname="Design_class" name="DualDesign_object_can_be_created_with_user_constructor"/>
    <testcase time="0.00499999999999989" classname="Design_class" name="DualDesign_object_can_be_created_with_user_constructor"/>
    <testcase time="0.00399999999999956" classname="Design_class" name="DualDesign_object_can_be_created_with_user_constructor"/>
    <testcase time="0.00800000000000001" classname="Design_class" name="DualDesign_user_constructor_arguments_names_are_as_expected"/>
    <testcase time="0.00900000000000034" classname="Design_class" name=".TDsamplesDesign_works_as_expected"/>
    <testcase time="0.00199999999999978" classname="Design_class" name=".TDsamplesDesign_works_as_expected"/>
    <testcase time="0.00700000000000056" classname="Design_class" name=".TDsamplesDesign_works_as_expected"/>
    <testcase time="0.0519999999999996" classname="Design_class" name="TDsamplesDesign_object_can_be_created_with_user_constructor"/>
    <testcase time="0.00100000000000033" classname="Design_class" name="TDsamplesDesign_object_can_be_created_with_user_constructor"/>
    <testcase time="0.00599999999999934" classname="Design_class" name="TDsamplesDesign_object_can_be_created_with_user_constructor"/>
    <testcase time="0.00500000000000078" classname="Design_class" name="TDsamplesDesign_object_can_be_created_with_user_constructor"/>
    <testcase time="0.00399999999999956" classname="Design_class" name="TDsamplesDesign_object_can_be_created_with_user_constructor"/>
    <testcase time="0.00499999999999989" classname="Design_class" name="TDsamplesDesign_object_can_be_created_with_user_constructor"/>
    <testcase time="0.00600000000000023" classname="Design_class" name="TDsamplesDesign_object_can_be_created_with_user_constructor"/>
    <testcase time="0.00399999999999956" classname="Design_class" name="TDsamplesDesign_object_can_be_created_with_user_constructor"/>
    <testcase time="0.00500000000000078" classname="Design_class" name="TDsamplesDesign_object_can_be_created_with_user_constructor"/>
    <testcase time="0.00499999999999989" classname="Design_class" name="TDsamplesDesign_object_can_be_created_with_user_constructor"/>
    <testcase time="0.00399999999999956" classname="Design_class" name="TDsamplesDesign_object_can_be_created_with_user_constructor"/>
    <testcase time="0.0129999999999999" classname="Design_class" name="TDsamplesDesign_object_can_be_created_with_user_constructor"/>
    <testcase time="0.00600000000000023" classname="Design_class" name="TDsamplesDesign_object_can_be_created_with_user_constructor"/>
    <testcase time="0.00800000000000001" classname="Design_class" name="TDsamplesDesign_user_constructor_arguments_names_are_as_expected"/>
    <testcase time="0.00999999999999979" classname="Design_class" name=".TDDesign_works_as_expected"/>
    <testcase time="0.00100000000000033" classname="Design_class" name=".TDDesign_works_as_expected"/>
    <testcase time="0.00699999999999967" classname="Design_class" name=".TDDesign_works_as_expected"/>
    <testcase time="0.0310000000000006" classname="Design_class" name="TDDesign_object_can_be_created_with_user_constructor"/>
    <testcase time="0.00199999999999978" classname="Design_class" name="TDDesign_object_can_be_created_with_user_constructor"/>
    <testcase time="0.00600000000000023" classname="Design_class" name="TDDesign_object_can_be_created_with_user_constructor"/>
    <testcase time="0.00399999999999956" classname="Design_class" name="TDDesign_object_can_be_created_with_user_constructor"/>
    <testcase time="0.00499999999999989" classname="Design_class" name="TDDesign_object_can_be_created_with_user_constructor"/>
    <testcase time="0.00999999999999979" classname="Design_class" name="TDDesign_object_can_be_created_with_user_constructor"/>
    <testcase time="0.00700000000000056" classname="Design_class" name="TDDesign_object_can_be_created_with_user_constructor"/>
    <testcase time="0.00399999999999956" classname="Design_class" name="TDDesign_object_can_be_created_with_user_constructor"/>
    <testcase time="0.00399999999999956" classname="Design_class" name="TDDesign_object_can_be_created_with_user_constructor"/>
    <testcase time="0.00400000000000045" classname="Design_class" name="TDDesign_object_can_be_created_with_user_constructor"/>
    <testcase time="0.00499999999999989" classname="Design_class" name="TDDesign_object_can_be_created_with_user_constructor"/>
    <testcase time="0.00900000000000034" classname="Design_class" name="TDDesign_object_can_be_created_with_user_constructor"/>
    <testcase time="0.00499999999999989" classname="Design_class" name="TDDesign_object_can_be_created_with_user_constructor"/>
    <testcase time="0.00800000000000001" classname="Design_class" name="TDDesign_user_constructor_arguments_names_are_as_expected"/>
    <testcase time="0.00999999999999979" classname="Design_class" name=".DualResponsesSamplesDesign_works_as_expected"/>
    <testcase time="0.00100000000000033" classname="Design_class" name=".DualResponsesSamplesDesign_works_as_expected"/>
    <testcase time="0.0149999999999997" classname="Design_class" name=".DualResponsesSamplesDesign_works_as_expected"/>
    <testcase time="0.048" classname="Design_class" name="DualResponsesSamplesDesign_object_can_be_created_with_user_constructor"/>
    <testcase time="0.00199999999999978" classname="Design_class" name="DualResponsesSamplesDesign_object_can_be_created_with_user_constructor"/>
    <testcase time="0.00600000000000023" classname="Design_class" name="DualResponsesSamplesDesign_object_can_be_created_with_user_constructor"/>
    <testcase time="0.00499999999999989" classname="Design_class" name="DualResponsesSamplesDesign_object_can_be_created_with_user_constructor"/>
    <testcase time="0.00400000000000045" classname="Design_class" name="DualResponsesSamplesDesign_object_can_be_created_with_user_constructor"/>
    <testcase time="0.00499999999999989" classname="Design_class" name="DualResponsesSamplesDesign_object_can_be_created_with_user_constructor"/>
    <testcase time="0.00399999999999956" classname="Design_class" name="DualResponsesSamplesDesign_object_can_be_created_with_user_constructor"/>
    <testcase time="0.00499999999999989" classname="Design_class" name="DualResponsesSamplesDesign_object_can_be_created_with_user_constructor"/>
    <testcase time="0.00499999999999989" classname="Design_class" name="DualResponsesSamplesDesign_object_can_be_created_with_user_constructor"/>
    <testcase time="0.0110000000000001" classname="Design_class" name="DualResponsesSamplesDesign_object_can_be_created_with_user_constructor"/>
    <testcase time="0.00600000000000023" classname="Design_class" name="DualResponsesSamplesDesign_object_can_be_created_with_user_constructor"/>
    <testcase time="0.00399999999999956" classname="Design_class" name="DualResponsesSamplesDesign_object_can_be_created_with_user_constructor"/>
    <testcase time="0.00800000000000001" classname="Design_class" name="DualResponsesSamplesDesign_user_constructor_arguments_names_are_as_expected"/>
    <testcase time="0.0100000000000007" classname="Design_class" name=".DualResponsesDesign_works_as_expected"/>
    <testcase time="0.00199999999999978" classname="Design_class" name=".DualResponsesDesign_works_as_expected"/>
    <testcase time="0.00800000000000001" classname="Design_class" name=".DualResponsesDesign_works_as_expected"/>
    <testcase time="0.048" classname="Design_class" name="DualResponsesDesign_object_can_be_created_with_user_constructor"/>
    <testcase time="0.00199999999999978" classname="Design_class" name="DualResponsesDesign_object_can_be_created_with_user_constructor"/>
    <testcase time="0.00600000000000023" classname="Design_class" name="DualResponsesDesign_object_can_be_created_with_user_constructor"/>
    <testcase time="0.00499999999999989" classname="Design_class" name="DualResponsesDesign_object_can_be_created_with_user_constructor"/>
    <testcase time="0.00499999999999989" classname="Design_class" name="DualResponsesDesign_object_can_be_created_with_user_constructor"/>
    <testcase time="0.00400000000000045" classname="Design_class" name="DualResponsesDesign_object_can_be_created_with_user_constructor"/>
    <testcase time="0.00499999999999989" classname="Design_class" name="DualResponsesDesign_object_can_be_created_with_user_constructor"/>
    <testcase time="0.00499999999999989" classname="Design_class" name="DualResponsesDesign_object_can_be_created_with_user_constructor"/>
    <testcase time="0.00499999999999989" classname="Design_class" name="DualResponsesDesign_object_can_be_created_with_user_constructor"/>
    <testcase time="0.00499999999999989" classname="Design_class" name="DualResponsesDesign_object_can_be_created_with_user_constructor"/>
    <testcase time="0.00400000000000045" classname="Design_class" name="DualResponsesDesign_object_can_be_created_with_user_constructor"/>
    <testcase time="0.00499999999999989" classname="Design_class" name="DualResponsesDesign_object_can_be_created_with_user_constructor"/>
    <testcase time="0.00800000000000001" classname="Design_class" name="DualResponsesDesign_user_constructor_arguments_names_are_as_expected"/>
    <testcase time="0.0199999999999996" classname="Design_class" name=".DADesign_works_as_expected"/>
    <testcase time="0.00199999999999978" classname="Design_class" name=".DADesign_works_as_expected"/>
    <testcase time="0.016" classname="Design_class" name=".DADesign_works_as_expected"/>
    <testcase time="0.00500000000000078" classname="Design_class" name=".DADesign_works_as_expected"/>
    <testcase time="0.0109999999999992" classname="Design_class" name=".DADesign_works_as_expected"/>
    <testcase time="0.00500000000000078" classname="Design_class" name=".DADesign_works_as_expected"/>
    <testcase time="0.0329999999999995" classname="Design_class" name="DADesign_constructor_works_as_expected"/>
    <testcase time="0.00200000000000067" classname="Design_class" name="DADesign_constructor_works_as_expected"/>
    <testcase time="0.00699999999999967" classname="Design_class" name="DADesign_constructor_works_as_expected"/>
    <testcase time="0.00500000000000078" classname="Design_class" name="DADesign_constructor_works_as_expected"/>
    <testcase time="0.00499999999999901" classname="Design_class" name="DADesign_constructor_works_as_expected"/>
    <testcase time="0.00500000000000078" classname="Design_class" name="DADesign_constructor_works_as_expected"/>
    <testcase time="0.00499999999999901" classname="Design_class" name="DADesign_constructor_works_as_expected"/>
    <testcase time="0.00500000000000078" classname="Design_class" name="DADesign_constructor_works_as_expected"/>
    <testcase time="0.00600000000000023" classname="Design_class" name="DADesign_constructor_works_as_expected"/>
    <testcase time="0.00499999999999901" classname="Design_class" name="DADesign_constructor_works_as_expected"/>
    <testcase time="0.00500000000000078" classname="Design_class" name="DADesign_constructor_works_as_expected"/>
    <testcase time="0.00500000000000078" classname="Design_class" name="DADesign_constructor_works_as_expected"/>
    <testcase time="0.00399999999999956" classname="Design_class" name="DADesign_constructor_works_as_expected"/>
    <testcase time="0.00799999999999912" classname="Design_class" name="DADesign_user_constructor_arguments_names_are_as_expected"/>
  </testsuite>
  <testsuite name="Design-methods" timestamp="2023-08-17T11:58:25Z" hostname="20a247bd8378" tests="16" skipped="2" failures="0" errors="0" time="5.722">
    <testcase time="0.975" classname="Design_methods" name="NextBestInfTheory_produces_consistent_results_for_empty_data"/>
    <testcase time="0.00500000000000078" classname="Design_methods" name="NextBestInfTheory_produces_consistent_results_for_empty_data"/>
    <testcase time="0.00600000000000023" classname="Design_methods" name="NextBestInfTheory_produces_consistent_results_for_empty_data"/>
    <testcase time="0.00399999999999956" classname="Design_methods" name="NextBestInfTheory_produces_consistent_results_for_empty_data"/>
    <testcase time="0.00500000000000078" classname="Design_methods" name="NextBestInfTheory_produces_consistent_results_for_empty_data"/>
    <testcase time="0.0279999999999987" classname="Design_methods" name="NextBestInfTheory_produces_consistent_results_for_empty_data">
      <skipped message="Reason: On CRAN ('test-Design-methods.R:48:3')"/>
    </testcase>
    <testcase time="0.309000000000001" classname="Design_methods" name="NextBestInfTheory_produces_consistent_results_with_a_dataset"/>
    <testcase time="0.00499999999999901" classname="Design_methods" name="NextBestInfTheory_produces_consistent_results_with_a_dataset"/>
    <testcase time="0.00600000000000023" classname="Design_methods" name="NextBestInfTheory_produces_consistent_results_with_a_dataset"/>
    <testcase time="0.00999999999999979" classname="Design_methods" name="NextBestInfTheory_produces_consistent_results_with_a_dataset"/>
    <testcase time="0.00700000000000145" classname="Design_methods" name="NextBestInfTheory_produces_consistent_results_with_a_dataset"/>
    <testcase time="0.00899999999999856" classname="Design_methods" name="NextBestInfTheory_produces_consistent_results_with_a_dataset">
      <skipped message="Reason: On CRAN ('test-Design-methods.R:93:3')"/>
    </testcase>
    <testcase time="1.679" classname="Design_methods" name="stop_reasons_can_be_NA_with_certain_stopping_rule_settings"/>
    <testcase time="2.671" classname="Design_methods" name="examine_for_DADesign_works_as_expected"/>
    <testcase time="0.00199999999999889" classname="Design_methods" name="examine_for_DADesign_works_as_expected"/>
    <testcase time="0.00100000000000122" classname="Design_methods" name="examine_for_DADesign_works_as_expected"/>
  </testsuite>
  <testsuite name="Design-validity" timestamp="2023-08-17T11:58:31Z" hostname="20a247bd8378" tests="10" skipped="0" failures="0" errors="0" time="0.084">
    <testcase time="0.0190000000000001" classname="Design_validity" name="v_rule_design_passes_for_valid_object"/>
    <testcase time="0.0150000000000006" classname="Design_validity" name="v_rule_design_returns_message_when_startingDose_is_not_a_valid_scalar"/>
    <testcase time="0.00499999999999901" classname="Design_validity" name="v_rule_design_returns_message_when_startingDose_is_not_a_valid_scalar"/>
    <testcase time="0.00500000000000078" classname="Design_validity" name="v_rule_design_returns_message_when_startingDose_is_not_a_valid_scalar"/>
    <testcase time="0.00499999999999901" classname="Design_validity" name="v_rule_design_returns_message_when_startingDose_is_not_a_valid_scalar"/>
    <testcase time="0.00500000000000078" classname="Design_validity" name="v_rule_design_returns_message_when_startingDose_is_not_a_valid_scalar"/>
    <testcase time="0.00600000000000023" classname="Design_validity" name="v_rule_design_returns_message_when_startingDose_is_not_a_valid_scalar"/>
    <testcase time="0.0149999999999988" classname="Design_validity" name="v_rule_design_returns_message_when_startingDose_is_not_on_doseGrid"/>
    <testcase time="0.00500000000000078" classname="Design_validity" name="v_rule_design_returns_message_when_startingDose_is_not_on_doseGrid"/>
    <testcase time="0.00399999999999956" classname="Design_validity" name="v_rule_design_returns_message_when_startingDose_is_not_on_doseGrid"/>
  </testsuite>
  <testsuite name="McmcOptions-class" timestamp="2023-08-17T11:58:31Z" hostname="20a247bd8378" tests="15" skipped="0" failures="0" errors="0" time="0.087">
    <testcase time="0.0180000000000007" classname="McmcOptions_class" name=".McmcOptions_works_as_expected"/>
    <testcase time="0.000999999999999446" classname="McmcOptions_class" name=".McmcOptions_works_as_expected"/>
    <testcase time="0.00500000000000078" classname="McmcOptions_class" name=".McmcOptions_works_as_expected"/>
    <testcase time="0.00999999999999979" classname="McmcOptions_class" name=".McmcOptions_works_as_expected_with_custom_values"/>
    <testcase time="0.000999999999999446" classname="McmcOptions_class" name=".McmcOptions_works_as_expected_with_custom_values"/>
    <testcase time="0.00500000000000078" classname="McmcOptions_class" name=".McmcOptions_works_as_expected_with_custom_values"/>
    <testcase time="0.00999999999999979" classname="McmcOptions_class" name="McmcOptions_object_can_be_created_with_user_constructor"/>
    <testcase time="0.000999999999999446" classname="McmcOptions_class" name="McmcOptions_object_can_be_created_with_user_constructor"/>
    <testcase time="0.00500000000000078" classname="McmcOptions_class" name="McmcOptions_object_can_be_created_with_user_constructor"/>
    <testcase time="0.00899999999999856" classname="McmcOptions_class" name="McmcOptions_object_can_be_created_with_custom_values"/>
    <testcase time="0.00100000000000122" classname="McmcOptions_class" name="McmcOptions_object_can_be_created_with_custom_values"/>
    <testcase time="0.00499999999999901" classname="McmcOptions_class" name="McmcOptions_object_can_be_created_with_custom_values"/>
    <testcase time="0.00900000000000034" classname="McmcOptions_class" name="McmcOptions_object_can_be_created_with_custom_RNG_and_NA_values"/>
    <testcase time="0.00200000000000067" classname="McmcOptions_class" name="McmcOptions_object_can_be_created_with_custom_RNG_and_NA_values"/>
    <testcase time="0.00499999999999901" classname="McmcOptions_class" name="McmcOptions_object_can_be_created_with_custom_RNG_and_NA_values"/>
  </testsuite>
  <testsuite name="McmcOptions-methods" timestamp="2023-08-17T11:58:31Z" hostname="20a247bd8378" tests="3" skipped="0" failures="0" errors="0" time="0.038">
    <testcase time="0.0150000000000006" classname="McmcOptions_methods" name="Number_of_samples_is_correctly_computed"/>
    <testcase time="0.0109999999999992" classname="McmcOptions_methods" name="Sample_should_be_saved_as_expected_for_a_given_iteration_number"/>
    <testcase time="0.0120000000000005" classname="McmcOptions_methods" name="Sample_should_not_be_saved_for_a_given_iteration_number"/>
  </testsuite>
  <testsuite name="McmcOptions-validity" timestamp="2023-08-17T11:58:31Z" hostname="20a247bd8378" tests="4" skipped="0" failures="0" errors="0" time="0.059">
    <testcase time="0.0150000000000006" classname="McmcOptions_validity" name="v_mcmc_options_passes_for_valid_object"/>
    <testcase time="0.0139999999999993" classname="McmcOptions_validity" name="v_mcmc_options_returns_error_messages_for_non_valid_object"/>
    <testcase time="0.0120000000000005" classname="McmcOptions_validity" name="v_mcmc_options_returns_error_messages_non_valid_RNG_spec"/>
    <testcase time="0.0180000000000007" classname="McmcOptions_validity" name="v_mcmc_options_returns_error_message_for_wrong_step"/>
  </testsuite>
  <testsuite name="Model-class" timestamp="2023-08-17T11:58:31Z" hostname="20a247bd8378" tests="210" skipped="58" failures="0" errors="0" time="7.939">
    <testcase time="0.0309999999999988" classname="Model_class" name=".GeneralModel_works_as_expected"/>
    <testcase time="0.00100000000000122" classname="Model_class" name=".GeneralModel_works_as_expected"/>
    <testcase time="0.00499999999999901" classname="Model_class" name=".GeneralModel_works_as_expected"/>
    <testcase time="0.0129999999999999" classname="Model_class" name=".ModelLogNormal_works_as_expected"/>
    <testcase time="0.000999999999999446" classname="Model_class" name=".ModelLogNormal_works_as_expected"/>
    <testcase time="0.00600000000000023" classname="Model_class" name=".ModelLogNormal_works_as_expected"/>
    <testcase time="0.0120000000000005" classname="Model_class" name="ModelLogNormal_object_can_be_created_with_user_constructor"/>
    <testcase time="0.000999999999999446" classname="Model_class" name="ModelLogNormal_object_can_be_created_with_user_constructor"/>
    <testcase time="0.00500000000000078" classname="Model_class" name="ModelLogNormal_object_can_be_created_with_user_constructor"/>
    <testcase time="0.0139999999999993" classname="Model_class" name="LogisticNormal_object_can_be_created_with_user_constructor"/>
    <testcase time="0.00100000000000122" classname="Model_class" name="LogisticNormal_object_can_be_created_with_user_constructor"/>
    <testcase time="0.00499999999999901" classname="Model_class" name="LogisticNormal_object_can_be_created_with_user_constructor"/>
    <testcase time="0.173" classname="Model_class" name=".DefaultLogisticNormal_works_as_expected"/>
    <testcase time="0.0460000000000012" classname="Model_class" name="MCMC_computes_correct_values_for_LogisticNormal_model">
      <skipped message="Reason: On CRAN ('test-Model-class.R:87:3')"/>
    </testcase>
    <testcase time="0.0499999999999989" classname="Model_class" name="MCMC_computes_correct_values_for_LogisticNormal_model_and_empty_data">
      <skipped message="Reason: On CRAN ('test-Model-class.R:96:3')"/>
    </testcase>
    <testcase time="0.0250000000000004" classname="Model_class" name="LogisticLogNormal_object_can_be_created_with_user_constructor"/>
    <testcase time="0.00200000000000067" classname="Model_class" name="LogisticLogNormal_object_can_be_created_with_user_constructor"/>
    <testcase time="0.00499999999999901" classname="Model_class" name="LogisticLogNormal_object_can_be_created_with_user_constructor"/>
    <testcase time="0.0510000000000002" classname="Model_class" name=".DefaultLogisticLogNormal_works_as_expected"/>
    <testcase time="0.048" classname="Model_class" name="MCMC_computes_correct_values_for_LogisticLogNormal_model">
      <skipped message="Reason: On CRAN ('test-Model-class.R:133:3')"/>
    </testcase>
    <testcase time="0.0419999999999998" classname="Model_class" name="MCMC_computes_correct_values_for_LogisticLogNormal_model_and_empty_data">
      <skipped message="Reason: On CRAN ('test-Model-class.R:142:3')"/>
    </testcase>
    <testcase time="0.0280000000000005" classname="Model_class" name="LogisticLogNormalSub_object_can_be_created_with_user_constructor"/>
    <testcase time="0.000999999999999446" classname="Model_class" name="LogisticLogNormalSub_object_can_be_created_with_user_constructor"/>
    <testcase time="0.00600000000000023" classname="Model_class" name="LogisticLogNormalSub_object_can_be_created_with_user_constructor"/>
    <testcase time="0.0329999999999995" classname="Model_class" name=".DefaultLogisticLogNormalSub_works_correctly"/>
    <testcase time="0.0449999999999999" classname="Model_class" name="MCMC_computes_correct_values_for_LogisticLogNormalSub_model">
      <skipped message="Reason: On CRAN ('test-Model-class.R:179:3')"/>
    </testcase>
    <testcase time="0.0419999999999998" classname="Model_class" name="MCMC_computes_correct_values_for_LogisticLogNormalSub_model_and_empty_data">
      <skipped message="Reason: On CRAN ('test-Model-class.R:188:3')"/>
    </testcase>
    <testcase time="0.0329999999999995" classname="Model_class" name="ProbitLogNormal_object_can_be_created_with_user_constructor"/>
    <testcase time="0.00200000000000067" classname="Model_class" name="ProbitLogNormal_object_can_be_created_with_user_constructor"/>
    <testcase time="0.00600000000000023" classname="Model_class" name="ProbitLogNormal_object_can_be_created_with_user_constructor"/>
    <testcase time="0.0549999999999997" classname="Model_class" name=".DefaultProbitLogNormal_works_correctly"/>
    <testcase time="0.0429999999999993" classname="Model_class" name="MCMC_computes_correct_values_for_ProbitLogNormal_model">
      <skipped message="Reason: On CRAN ('test-Model-class.R:225:3')"/>
    </testcase>
    <testcase time="0.0470000000000006" classname="Model_class" name="MCMC_computes_correct_values_for_ProbitLogNormal_model_and_empty_data">
      <skipped message="Reason: On CRAN ('test-Model-class.R:234:3')"/>
    </testcase>
    <testcase time="0.0329999999999995" classname="Model_class" name="ProbitLogNormalRel_object_can_be_created_with_user_constructor"/>
    <testcase time="0.00200000000000067" classname="Model_class" name="ProbitLogNormalRel_object_can_be_created_with_user_constructor"/>
    <testcase time="0.00499999999999901" classname="Model_class" name="ProbitLogNormalRel_object_can_be_created_with_user_constructor"/>
    <testcase time="0.0489999999999995" classname="Model_class" name=".DefaultProbitLogNormalRel_works_correctly"/>
    <testcase time="0.0499999999999989" classname="Model_class" name="MCMC_computes_correct_values_for_ProbitLogNormalRel_model">
      <skipped message="Reason: On CRAN ('test-Model-class.R:270:3')"/>
    </testcase>
    <testcase time="0.0400000000000009" classname="Model_class" name="MCMC_computes_correct_values_for_ProbitLogNormalRel_model_and_empty_data">
      <skipped message="Reason: On CRAN ('test-Model-class.R:279:3')"/>
    </testcase>
    <testcase time="0.0199999999999996" classname="Model_class" name="LogisticKadane_object_can_be_created_with_user_constructor"/>
    <testcase time="0.00200000000000067" classname="Model_class" name="LogisticKadane_object_can_be_created_with_user_constructor"/>
    <testcase time="0.00600000000000023" classname="Model_class" name="LogisticKadane_object_can_be_created_with_user_constructor"/>
    <testcase time="0.0299999999999994" classname="Model_class" name=".DefaultLogisticKadane_works_correctly"/>
    <testcase time="0.0440000000000005" classname="Model_class" name="MCMC_computes_correct_values_for_LogisticKadane_model">
      <skipped message="Reason: On CRAN ('test-Model-class.R:312:3')"/>
    </testcase>
    <testcase time="0.036999999999999" classname="Model_class" name="MCMC_computes_correct_values_for_LogisticKadane_model_and_empty_data">
      <skipped message="Reason: On CRAN ('test-Model-class.R:321:3')"/>
    </testcase>
    <testcase time="0.0390000000000015" classname="Model_class" name="LogisticKadaneBetaGamma_object_can_be_created_with_user_constructor"/>
    <testcase time="0.00199999999999889" classname="Model_class" name="LogisticKadaneBetaGamma_object_can_be_created_with_user_constructor"/>
    <testcase time="0.0129999999999999" classname="Model_class" name="LogisticKadaneBetaGamma_object_can_be_created_with_user_constructor"/>
    <testcase time="0.0500000000000007" classname="Model_class" name=".DefaultLogisticKadaneBetaGamma_works_correctly"/>
    <testcase time="0.0350000000000001" classname="Model_class" name="MCMC_computes_correct_values_for_LogisticKadaneBetaGamma_model">
      <skipped message="Reason: On CRAN ('test-Model-class.R:366:3')"/>
    </testcase>
    <testcase time="0.0449999999999999" classname="Model_class" name="MCMC_computes_correct_values_for_LogisticKadaneBetaGamma_model_and_empty_data">
      <skipped message="Reason: On CRAN ('test-Model-class.R:375:3')"/>
    </testcase>
    <testcase time="0.0299999999999994" classname="Model_class" name="LogisticNormalMixture_object_can_be_created_with_user_constructor"/>
    <testcase time="0.00200000000000067" classname="Model_class" name="LogisticNormalMixture_object_can_be_created_with_user_constructor"/>
    <testcase time="0.00600000000000023" classname="Model_class" name="LogisticNormalMixture_object_can_be_created_with_user_constructor"/>
    <testcase time="0.0379999999999985" classname="Model_class" name=".DefaultLogisticNormalMixture_works_correctly"/>
    <testcase time="0.0580000000000016" classname="Model_class" name="MCMC_computes_correct_values_for_LogisticNormalMixture_model">
      <skipped message="Reason: On CRAN ('test-Model-class.R:420:3')"/>
    </testcase>
    <testcase time="0.048" classname="Model_class" name="MCMC_computes_correct_values_for_LogisticNormalMixture_model_and_empty_data">
      <skipped message="Reason: On CRAN ('test-Model-class.R:429:3')"/>
    </testcase>
    <testcase time="0.0359999999999996" classname="Model_class" name="LogisticNormalFixedMixture_object_can_be_created_with_user_constructor"/>
    <testcase time="0.00199999999999889" classname="Model_class" name="LogisticNormalFixedMixture_object_can_be_created_with_user_constructor"/>
    <testcase time="0.011000000000001" classname="Model_class" name="LogisticNormalFixedMixture_object_can_be_created_with_user_constructor"/>
    <testcase time="0.0540000000000003" classname="Model_class" name=".DefaultLogisticNormalFixedMixture_works_as_expected"/>
    <testcase time="0.077" classname="Model_class" name="MCMC_computes_correct_values_for_LogisticNormalFixedMixture_model">
      <skipped message="Reason: On CRAN ('test-Model-class.R:486:3')"/>
    </testcase>
    <testcase time="0.077" classname="Model_class" name="MCMC_computes_correct_values_for_LogisticNormalFixedMixture_model_and_empty_data">
      <skipped message="Reason: On CRAN ('test-Model-class.R:498:3')"/>
    </testcase>
    <testcase time="0.0329999999999995" classname="Model_class" name="LogisticLogNormalMixture_object_can_be_created_with_user_constructor"/>
    <testcase time="0.00200000000000067" classname="Model_class" name="LogisticLogNormalMixture_object_can_be_created_with_user_constructor"/>
    <testcase time="0.00699999999999967" classname="Model_class" name="LogisticLogNormalMixture_object_can_be_created_with_user_constructor"/>
    <testcase time="0.0409999999999986" classname="Model_class" name=".DefaultLogisticLogNormalMixture_works_as_expected"/>
    <testcase time="0.0500000000000007" classname="Model_class" name="MCMC_computes_correct_values_for_LogisticLogNormalMixture_model">
      <skipped message="Reason: On CRAN ('test-Model-class.R:539:3')"/>
    </testcase>
    <testcase time="0.0459999999999994" classname="Model_class" name="MCMC_computes_correct_values_for_LogisticLogNormalMixture_model_and_empty_data">
      <skipped message="Reason: On CRAN ('test-Model-class.R:548:3')"/>
    </testcase>
    <testcase time="0.0289999999999999" classname="Model_class" name="DualEndpoint_object_can_be_created_with_user_constructor_fixed_params_"/>
    <testcase time="0.00200000000000244" classname="Model_class" name="DualEndpoint_object_can_be_created_with_user_constructor_fixed_params_"/>
    <testcase time="0.00600000000000023" classname="Model_class" name="DualEndpoint_object_can_be_created_with_user_constructor_fixed_params_"/>
    <testcase time="0.014999999999997" classname="Model_class" name="DualEndpoint_object_can_be_created_with_user_constructor"/>
    <testcase time="0.00100000000000122" classname="Model_class" name="DualEndpoint_object_can_be_created_with_user_constructor"/>
    <testcase time="0.00700000000000145" classname="Model_class" name="DualEndpoint_object_can_be_created_with_user_constructor"/>
    <testcase time="0.0219999999999985" classname="Model_class" name="DualEndpointRW_object_can_be_created_with_user_constructor_fixed_params_"/>
    <testcase time="0.00199999999999889" classname="Model_class" name="DualEndpointRW_object_can_be_created_with_user_constructor_fixed_params_"/>
    <testcase time="0.00800000000000267" classname="Model_class" name="DualEndpointRW_object_can_be_created_with_user_constructor_fixed_params_"/>
    <testcase time="0.0239999999999974" classname="Model_class" name="DualEndpointRW_object_can_be_created_with_user_constructor"/>
    <testcase time="0.00200000000000244" classname="Model_class" name="DualEndpointRW_object_can_be_created_with_user_constructor"/>
    <testcase time="0.00799999999999912" classname="Model_class" name="DualEndpointRW_object_can_be_created_with_user_constructor"/>
    <testcase time="0.0829999999999984" classname="Model_class" name=".DefaultDualEndpointRW_works_correctly"/>
    <testcase time="0.103000000000002" classname="Model_class" name="MCMC_computes_correct_values_for_DualEndpointRW_model_fixed_params_">
      <skipped message="Reason: On CRAN ('test-Model-class.R:603:3')"/>
    </testcase>
    <testcase time="0.134" classname="Model_class" name="MCMC_computes_correct_values_for_DualEndpointRW_model">
      <skipped message="Reason: On CRAN ('test-Model-class.R:615:3')"/>
    </testcase>
    <testcase time="0.109999999999999" classname="Model_class" name="MCMC_computes_correct_values_for_DualEndpointRW_model_with_RW2">
      <skipped message="Reason: On CRAN ('test-Model-class.R:627:3')"/>
    </testcase>
    <testcase time="0.113" classname="Model_class" name="MCMC_computes_correct_values_for_DualEndpointRW_model_fixed_params_with_RW2">
      <skipped message="Reason: On CRAN ('test-Model-class.R:639:3')"/>
    </testcase>
    <testcase time="0.0910000000000011" classname="Model_class" name="MCMC_computes_correct_values_for_DualEndpointRW_model_fixed_params_empty_data_">
      <skipped message="Reason: On CRAN ('test-Model-class.R:651:3')"/>
    </testcase>
    <testcase time="0.0960000000000001" classname="Model_class" name="MCMC_computes_correct_values_for_DualEndpointRW_model_empty_data_">
      <skipped message="Reason: On CRAN ('test-Model-class.R:663:3')"/>
    </testcase>
    <testcase time="0.0839999999999996" classname="Model_class" name="MCMC_computes_correct_values_for_DualEndpointRW_model_with_RW2_empty_data_">
      <skipped message="Reason: On CRAN ('test-Model-class.R:675:3')"/>
    </testcase>
    <testcase time="0.0949999999999989" classname="Model_class" name="MCMC_computes_correct_values_for_DualEndpointRW_model_fixed_params_empty_data_with_RW2">
      <skipped message="Reason: On CRAN ('test-Model-class.R:687:3')"/>
    </testcase>
    <testcase time="0.0440000000000005" classname="Model_class" name="MCMC_throws_the_error_for_DualEndpointRW_model_when_nGrid_1_for_RW_1"/>
    <testcase time="0.0399999999999991" classname="Model_class" name="MCMC_throws_the_error_for_DualEndpointRW_model_when_nGrid_2_for_RW_2"/>
    <testcase time="0.00700000000000145" classname="Model_class" name="MCMC_throws_the_error_for_DualEndpointRW_model_when_nGrid_2_for_RW_2"/>
    <testcase time="0.0390000000000015" classname="Model_class" name="DualEndpointBeta_object_can_be_created_with_user_constructor_fixed_params_"/>
    <testcase time="0.000999999999997669" classname="Model_class" name="DualEndpointBeta_object_can_be_created_with_user_constructor_fixed_params_"/>
    <testcase time="0.0130000000000017" classname="Model_class" name="DualEndpointBeta_object_can_be_created_with_user_constructor_fixed_params_"/>
    <testcase time="0.0259999999999998" classname="Model_class" name="DualEndpointBeta_object_can_be_created_with_user_constructor"/>
    <testcase time="0.00199999999999889" classname="Model_class" name="DualEndpointBeta_object_can_be_created_with_user_constructor"/>
    <testcase time="0.00900000000000034" classname="Model_class" name="DualEndpointBeta_object_can_be_created_with_user_constructor"/>
    <testcase time="0.186" classname="Model_class" name=".DefaultDualEndpointBeta_works_as_expected"/>
    <testcase time="0.0990000000000002" classname="Model_class" name="MCMC_computes_correct_values_for_DualEndpointBeta_model_with_fixed_parameters">
      <skipped message="Reason: On CRAN ('test-Model-class.R:770:3')"/>
    </testcase>
    <testcase time="0.114999999999998" classname="Model_class" name="MCMC_computes_correct_values_for_DualEndpointBeta_model">
      <skipped message="Reason: On CRAN ('test-Model-class.R:782:3')"/>
    </testcase>
    <testcase time="0.0520000000000032" classname="Model_class" name="MCMC_throws_the_error_for_DualEndpointBeta_model_when_ref_dose_beta_max_doseGrid_"/>
    <testcase time="0.0339999999999989" classname="Model_class" name="MCMC_throws_the_error_for_DualEndpointBeta_model_when_nGrid_0_"/>
    <testcase time="0.0799999999999983" classname="Model_class" name="MCMC_computes_correct_values_for_DualEndpointBeta_model_with_fixed_parameters_empty_data_">
      <skipped message="Reason: On CRAN ('test-Model-class.R:817:3')"/>
    </testcase>
    <testcase time="0.100000000000001" classname="Model_class" name="MCMC_computes_correct_values_for_DualEndpointBeta_model_empty_data_">
      <skipped message="Reason: On CRAN ('test-Model-class.R:829:3')"/>
    </testcase>
    <testcase time="0.0479999999999983" classname="Model_class" name="DualEndpointEmax_object_can_be_created_with_user_constructor_fixed_params_"/>
    <testcase time="0.00200000000000244" classname="Model_class" name="DualEndpointEmax_object_can_be_created_with_user_constructor_fixed_params_"/>
    <testcase time="0.00799999999999912" classname="Model_class" name="DualEndpointEmax_object_can_be_created_with_user_constructor_fixed_params_"/>
    <testcase time="0.0259999999999998" classname="Model_class" name="DualEndpointEmax_object_can_be_created_with_user_constructor"/>
    <testcase time="0.00199999999999889" classname="Model_class" name="DualEndpointEmax_object_can_be_created_with_user_constructor"/>
    <testcase time="0.0150000000000006" classname="Model_class" name="DualEndpointEmax_object_can_be_created_with_user_constructor"/>
    <testcase time="0.155999999999999" classname="Model_class" name=".DefaultDualEndpointEmax_works_correctly"/>
    <testcase time="0.0980000000000025" classname="Model_class" name="MCMC_computes_correct_values_for_DualEndpointEmax_model_with_fixed_parameters">
      <skipped message="Reason: On CRAN ('test-Model-class.R:873:3')"/>
    </testcase>
    <testcase time="0.111000000000001" classname="Model_class" name="MCMC_computes_correct_values_for_DualEndpointEmax_model">
      <skipped message="Reason: On CRAN ('test-Model-class.R:885:3')"/>
    </testcase>
    <testcase time="0.0909999999999975" classname="Model_class" name="MCMC_computes_correct_values_for_DualEndpointEmax_model_with_fixed_parameters_empty_data_">
      <skipped message="Reason: On CRAN ('test-Model-class.R:897:3')"/>
    </testcase>
    <testcase time="0.0990000000000002" classname="Model_class" name="MCMC_computes_correct_values_for_DualEndpointEmax_model_empty_data_">
      <skipped message="Reason: On CRAN ('test-Model-class.R:909:3')"/>
    </testcase>
    <testcase time="0.0459999999999994" classname="Model_class" name="MCMC_throws_the_error_for_DualEndpointEmax_model_when_nGrid_0_"/>
    <testcase time="0.0160000000000018" classname="Model_class" name="LogisticIndepBeta_object_can_be_created_with_user_constructor_empty_data_"/>
    <testcase time="0.00199999999999889" classname="Model_class" name="LogisticIndepBeta_object_can_be_created_with_user_constructor_empty_data_"/>
    <testcase time="0.00799999999999912" classname="Model_class" name="LogisticIndepBeta_object_can_be_created_with_user_constructor_empty_data_"/>
    <testcase time="0.0280000000000022" classname="Model_class" name="LogisticIndepBeta_object_can_be_created_with_user_constructor"/>
    <testcase time="0.00199999999999889" classname="Model_class" name="LogisticIndepBeta_object_can_be_created_with_user_constructor"/>
    <testcase time="0.00700000000000145" classname="Model_class" name="LogisticIndepBeta_object_can_be_created_with_user_constructor"/>
    <testcase time="0.0389999999999979" classname="Model_class" name="MCMC_computes_correct_values_for_LogisticIndepBeta_model">
      <skipped message="Reason: On CRAN ('test-Model-class.R:946:3')"/>
    </testcase>
    <testcase time="0.0380000000000003" classname="Model_class" name="MCMC_computes_correct_values_for_LogisticIndepBeta_model_empty_data_">
      <skipped message="Reason: On CRAN ('test-Model-class.R:955:3')"/>
    </testcase>
    <testcase time="0.0360000000000014" classname="Model_class" name="Effloglog_object_can_be_created_with_user_constructor_empty_data_"/>
    <testcase time="0.00199999999999889" classname="Model_class" name="Effloglog_object_can_be_created_with_user_constructor_empty_data_"/>
    <testcase time="0.00700000000000145" classname="Model_class" name="Effloglog_object_can_be_created_with_user_constructor_empty_data_"/>
    <testcase time="0.0240000000000009" classname="Model_class" name="Effloglog_object_can_be_created_with_user_constructor"/>
    <testcase time="0.00199999999999889" classname="Model_class" name="Effloglog_object_can_be_created_with_user_constructor"/>
    <testcase time="0.0069999999999979" classname="Model_class" name="Effloglog_object_can_be_created_with_user_constructor"/>
    <testcase time="0.0380000000000003" classname="Model_class" name="MCMC_computes_correct_values_for_Effloglog_model">
      <skipped message="Reason: On CRAN ('test-Model-class.R:980:3')"/>
    </testcase>
    <testcase time="0.0480000000000018" classname="Model_class" name="MCMC_computes_correct_values_for_Effloglog_model_empty_data_">
      <skipped message="Reason: On CRAN ('test-Model-class.R:989:3')"/>
    </testcase>
    <testcase time="0.0359999999999978" classname="Model_class" name="EffFlexi_object_can_be_created_with_user_constructor"/>
    <testcase time="0.00200000000000244" classname="Model_class" name="EffFlexi_object_can_be_created_with_user_constructor"/>
    <testcase time="0.0069999999999979" classname="Model_class" name="EffFlexi_object_can_be_created_with_user_constructor"/>
    <testcase time="0.0259999999999998" classname="Model_class" name="EffFlexi_object_can_be_created_with_user_constructor_RW2_"/>
    <testcase time="0.00200000000000244" classname="Model_class" name="EffFlexi_object_can_be_created_with_user_constructor_RW2_"/>
    <testcase time="0.0069999999999979" classname="Model_class" name="EffFlexi_object_can_be_created_with_user_constructor_RW2_"/>
    <testcase time="0.0259999999999998" classname="Model_class" name="EffFlexi_object_can_be_created_with_user_constructor_empty_data_"/>
    <testcase time="0.00200000000000244" classname="Model_class" name="EffFlexi_object_can_be_created_with_user_constructor_empty_data_"/>
    <testcase time="0.0069999999999979" classname="Model_class" name="EffFlexi_object_can_be_created_with_user_constructor_empty_data_"/>
    <testcase time="0.0180000000000007" classname="Model_class" name="EffFlexi_object_can_be_created_with_user_constructor_empty_data_RW2_"/>
    <testcase time="0.00199999999999889" classname="Model_class" name="EffFlexi_object_can_be_created_with_user_constructor_empty_data_RW2_"/>
    <testcase time="0.00700000000000145" classname="Model_class" name="EffFlexi_object_can_be_created_with_user_constructor_empty_data_RW2_"/>
    <testcase time="0.0519999999999996" classname="Model_class" name="MCMC_computes_correct_values_for_EffFlexi_model">
      <skipped message="Reason: On CRAN ('test-Model-class.R:1023:3')"/>
    </testcase>
    <testcase time="0.0719999999999992" classname="Model_class" name="MCMC_computes_correct_values_for_EffFlexi_model_RW2_">
      <skipped message="Reason: On CRAN ('test-Model-class.R:1031:3')"/>
    </testcase>
    <testcase time="0.0480000000000018" classname="Model_class" name="MCMC_computes_correct_values_for_EffFlexi_model_empty_data_">
      <skipped message="Reason: On CRAN ('test-Model-class.R:1039:3')"/>
    </testcase>
    <testcase time="0.0560000000000009" classname="Model_class" name="MCMC_computes_correct_values_for_EffFlexi_model_empty_data_RW2_">
      <skipped message="Reason: On CRAN ('test-Model-class.R:1047:3')"/>
    </testcase>
    <testcase time="0.0279999999999987" classname="Model_class" name="DALogisticLogNormal_object_can_be_created_with_user_constructor"/>
    <testcase time="0.00199999999999889" classname="Model_class" name="DALogisticLogNormal_object_can_be_created_with_user_constructor"/>
    <testcase time="0.00700000000000145" classname="Model_class" name="DALogisticLogNormal_object_can_be_created_with_user_constructor"/>
    <testcase time="0.0850000000000009" classname="Model_class" name=".DefaultDALogisticLogNormal_works_as_expected"/>
    <testcase time="0.0700000000000003" classname="Model_class" name="MCMC_computes_correct_values_for_DALogisticLogNormal_model">
      <skipped message="Reason: On CRAN ('test-Model-class.R:1097:3')"/>
    </testcase>
    <testcase time="0.0609999999999999" classname="Model_class" name="MCMC_computes_correct_values_for_DALogisticLogNormal_model_and_empty_data">
      <skipped message="Reason: On CRAN ('test-Model-class.R:1106:3')"/>
    </testcase>
    <testcase time="0.0389999999999979" classname="Model_class" name="TITELogisticLogNormal_object_can_be_created_with_user_constructor_linear_weight_"/>
    <testcase time="0.00199999999999889" classname="Model_class" name="TITELogisticLogNormal_object_can_be_created_with_user_constructor_linear_weight_"/>
    <testcase time="0.00700000000000145" classname="Model_class" name="TITELogisticLogNormal_object_can_be_created_with_user_constructor_linear_weight_"/>
    <testcase time="0.0160000000000018" classname="Model_class" name="TITELogisticLogNormal_object_can_be_created_with_user_constructor_adaptive_weight_"/>
    <testcase time="0.00199999999999889" classname="Model_class" name="TITELogisticLogNormal_object_can_be_created_with_user_constructor_adaptive_weight_"/>
    <testcase time="0.0069999999999979" classname="Model_class" name="TITELogisticLogNormal_object_can_be_created_with_user_constructor_adaptive_weight_"/>
    <testcase time="0.0840000000000032" classname="Model_class" name=".DefaultTITELogisticLogNormal_object_can_be_created_with_user_constructor_linear_weight_"/>
    <testcase time="0.0529999999999973" classname="Model_class" name="MCMC_computes_correct_values_for_TITELogisticLogNormal_model_linear_">
      <skipped message="Reason: On CRAN ('test-Model-class.R:1143:3')"/>
    </testcase>
    <testcase time="0.0800000000000018" classname="Model_class" name="MCMC_computes_correct_values_for_TITELogisticLogNormal_model_linear_data_2_">
      <skipped message="Reason: On CRAN ('test-Model-class.R:1152:3')"/>
    </testcase>
    <testcase time="0.0489999999999995" classname="Model_class" name="MCMC_computes_correct_values_for_TITELogisticLogNormal_model_linear_empty_data_">
      <skipped message="Reason: On CRAN ('test-Model-class.R:1161:3')"/>
    </testcase>
    <testcase time="0.0700000000000003" classname="Model_class" name="MCMC_computes_correct_values_for_TITELogisticLogNormal_model_adaptive_">
      <skipped message="Reason: On CRAN ('test-Model-class.R:1170:3')"/>
    </testcase>
    <testcase time="0.0730000000000004" classname="Model_class" name="MCMC_computes_correct_values_for_TITELogisticLogNormal_model_adaptive_data_2_">
      <skipped message="Reason: On CRAN ('test-Model-class.R:1179:3')"/>
    </testcase>
    <testcase time="0.0559999999999974" classname="Model_class" name="MCMC_computes_correct_values_for_TITELogisticLogNormal_model_adaptive_empty_data_">
      <skipped message="Reason: On CRAN ('test-Model-class.R:1188:3')"/>
    </testcase>
    <testcase time="0.022000000000002" classname="Model_class" name="OneParLogNormalPrior_object_can_be_created_with_user_constructor"/>
    <testcase time="0.00199999999999889" classname="Model_class" name="OneParLogNormalPrior_object_can_be_created_with_user_constructor"/>
    <testcase time="0.00700000000000145" classname="Model_class" name="OneParLogNormalPrior_object_can_be_created_with_user_constructor"/>
    <testcase time="0.00499999999999901" classname="Model_class" name="OneParLogNormalPrior_object_can_be_created_with_user_constructor"/>
    <testcase time="0.00499999999999901" classname="Model_class" name="OneParLogNormalPrior_object_can_be_created_with_user_constructor"/>
    <testcase time="0.00500000000000256" classname="Model_class" name="OneParLogNormalPrior_object_can_be_created_with_user_constructor"/>
    <testcase time="0.00499999999999901" classname="Model_class" name="OneParLogNormalPrior_object_can_be_created_with_user_constructor"/>
    <testcase time="0.0139999999999993" classname="Model_class" name="OneParLogNormalPrior_throws_the_error_when_dose_grid_and_skel_probs_have_diff._lengths"/>
    <testcase time="0.022000000000002" classname="Model_class" name="OneParLogNormalPrior_throws_the_error_for_not_unique_or_not_sorted_dose_grid"/>
    <testcase time="0.00799999999999912" classname="Model_class" name="OneParLogNormalPrior_throws_the_error_for_not_unique_or_not_sorted_dose_grid"/>
    <testcase time="0.0139999999999993" classname="Model_class" name="OneParLogNormalPrior_throws_the_error_for_not_a_probability_values_in_skel_probs"/>
    <testcase time="0.0150000000000006" classname="Model_class" name="OneParLogNormalPrior_throws_the_error_for_not_unique_or_not_sorted_skel_probs"/>
    <testcase time="0.0069999999999979" classname="Model_class" name="OneParLogNormalPrior_throws_the_error_for_not_unique_or_not_sorted_skel_probs"/>
    <testcase time="0.0420000000000016" classname="Model_class" name="MCMC_computes_correct_values_for_OneParLogNormalPrior_model">
      <skipped message="Reason: On CRAN ('test-Model-class.R:1278:3')"/>
    </testcase>
    <testcase time="0.0489999999999995" classname="Model_class" name="MCMC_computes_correct_values_for_OneParLogNormalPrior_model_and_empty_data">
      <skipped message="Reason: On CRAN ('test-Model-class.R:1287:3')"/>
    </testcase>
    <testcase time="0.036999999999999" classname="Model_class" name="MCMC_throws_the_error_for_OneParLogNormalPrior_model_when_xLevel_does_not_match_skel_probs_"/>
    <testcase time="0.0180000000000007" classname="Model_class" name="No_NA_is_returned_in_dose_calculations_for_OneParLogNormalPrior_model"/>
    <testcase time="0.0169999999999995" classname="Model_class" name="OneParExpPrior_object_can_be_created_with_user_constructor"/>
    <testcase time="0.00200000000000244" classname="Model_class" name="OneParExpPrior_object_can_be_created_with_user_constructor"/>
    <testcase time="0.00799999999999912" classname="Model_class" name="OneParExpPrior_object_can_be_created_with_user_constructor"/>
    <testcase time="0.00499999999999901" classname="Model_class" name="OneParExpPrior_object_can_be_created_with_user_constructor"/>
    <testcase time="0.00600000000000023" classname="Model_class" name="OneParExpPrior_object_can_be_created_with_user_constructor"/>
    <testcase time="0.00600000000000023" classname="Model_class" name="OneParExpPrior_object_can_be_created_with_user_constructor"/>
    <testcase time="0.0130000000000017" classname="Model_class" name="OneParExpPrior_object_can_be_created_with_user_constructor"/>
    <testcase time="0.0139999999999993" classname="Model_class" name="OneParExpPrior_throws_the_error_when_dose_grid_and_skel_probs_have_diff._lengths"/>
    <testcase time="0.0139999999999993" classname="Model_class" name="OneParExpPrior_throws_the_error_for_not_unique_or_not_sorted_dose_grid"/>
    <testcase time="0.00700000000000145" classname="Model_class" name="OneParExpPrior_throws_the_error_for_not_unique_or_not_sorted_dose_grid"/>
    <testcase time="0.0139999999999993" classname="Model_class" name="OneParExpPrior_throws_the_error_for_not_a_probability_values_in_skel_probs"/>
    <testcase time="0.0129999999999981" classname="Model_class" name="OneParExpPrior_throws_the_error_for_not_unique_or_not_sorted_skel_probs"/>
    <testcase time="0.00700000000000145" classname="Model_class" name="OneParExpPrior_throws_the_error_for_not_unique_or_not_sorted_skel_probs"/>
    <testcase time="0.0489999999999995" classname="Model_class" name="MCMC_computes_correct_values_for_OneParExpPrior_model">
      <skipped message="Reason: On CRAN ('test-Model-class.R:1396:3')"/>
    </testcase>
    <testcase time="0.0390000000000015" classname="Model_class" name="MCMC_computes_correct_values_for_OneParExpPrior_model_and_empty_data">
      <skipped message="Reason: On CRAN ('test-Model-class.R:1405:3')"/>
    </testcase>
    <testcase time="0.0379999999999967" classname="Model_class" name="MCMC_throws_the_error_for_OneParExpPrior_model_when_xLevel_does_not_match_skel_probs_"/>
    <testcase time="0.0180000000000007" classname="Model_class" name="No_NA_is_returned_in_dose_calculations_for_OneParExpPrior_model"/>
    <testcase time="0.0330000000000013" classname="Model_class" name="FractionalCRM_object_can_be_created_with_user_constructor"/>
    <testcase time="0.00199999999999889" classname="Model_class" name="FractionalCRM_object_can_be_created_with_user_constructor"/>
    <testcase time="0.00799999999999912" classname="Model_class" name="FractionalCRM_object_can_be_created_with_user_constructor"/>
    <testcase time="0.0740000000000016" classname="Model_class" name=".DefaultFractionalCRM_works_correctly"/>
    <testcase time="1.146" classname="Model_class" name="MCMC_computes_correct_values_for_FractionalCRM_model">
      <skipped message="Reason: On CRAN ('test-Model-class.R:1461:3')"/>
    </testcase>
    <testcase time="0.0449999999999982" classname="Model_class" name="MCMC_computes_correct_values_for_FractionalCRM_model_and_empty_data">
      <skipped message="Reason: On CRAN ('test-Model-class.R:1470:3')"/>
    </testcase>
    <testcase time="0.0370000000000026" classname="Model_class" name="MCMC_throws_the_error_for_FractionalCRM_model_when_xLevel_does_not_match_skel_probs_"/>
  </testsuite>
  <testsuite name="Model-methods" timestamp="2023-08-17T11:58:39Z" hostname="20a247bd8378" tests="272" skipped="2" failures="0" errors="0" time="4.755">
    <testcase time="0.0399999999999991" classname="Model_methods" name="doseFunction_GeneralModel_returns_correct_dose_function"/>
    <testcase time="0.00199999999999889" classname="Model_methods" name="doseFunction_GeneralModel_returns_correct_dose_function"/>
    <testcase time="0.00400000000000134" classname="Model_methods" name="doseFunction_GeneralModel_returns_correct_dose_function"/>
    <testcase time="0.000999999999997669" classname="Model_methods" name="doseFunction_GeneralModel_returns_correct_dose_function"/>
    <testcase time="0.00500000000000256" classname="Model_methods" name="doseFunction_GeneralModel_returns_correct_dose_function"/>
    <testcase time="0.00399999999999778" classname="Model_methods" name="doseFunction_GeneralModel_returns_correct_dose_function"/>
    <testcase time="0.00100000000000122" classname="Model_methods" name="doseFunction_GeneralModel_returns_correct_dose_function"/>
    <testcase time="0.00399999999999778" classname="Model_methods" name="doseFunction_GeneralModel_returns_correct_dose_function"/>
    <testcase time="0.00400000000000134" classname="Model_methods" name="doseFunction_GeneralModel_returns_correct_dose_function"/>
    <testcase time="0.0180000000000007" classname="Model_methods" name="doseFunction_GeneralModel_returns_correct_dose_function_for_matrix_param"/>
    <testcase time="0.000999999999997669" classname="Model_methods" name="doseFunction_GeneralModel_returns_correct_dose_function_for_matrix_param"/>
    <testcase time="0.00500000000000256" classname="Model_methods" name="doseFunction_GeneralModel_returns_correct_dose_function_for_matrix_param"/>
    <testcase time="0.000999999999997669" classname="Model_methods" name="doseFunction_GeneralModel_returns_correct_dose_function_for_matrix_param"/>
    <testcase time="0.00500000000000256" classname="Model_methods" name="doseFunction_GeneralModel_returns_correct_dose_function_for_matrix_param"/>
    <testcase time="0.00399999999999778" classname="Model_methods" name="doseFunction_GeneralModel_returns_correct_dose_function_for_matrix_param"/>
    <testcase time="0.00100000000000122" classname="Model_methods" name="doseFunction_GeneralModel_returns_correct_dose_function_for_matrix_param"/>
    <testcase time="0.00499999999999901" classname="Model_methods" name="doseFunction_GeneralModel_returns_correct_dose_function_for_matrix_param"/>
    <testcase time="0.00400000000000134" classname="Model_methods" name="doseFunction_GeneralModel_returns_correct_dose_function_for_matrix_param"/>
    <testcase time="0.0189999999999984" classname="Model_methods" name="doseFunction_GeneralModel_throws_the_error_when_valid_params_are_not_provided"/>
    <testcase time="0.00700000000000145" classname="Model_methods" name="doseFunction_GeneralModel_throws_the_error_when_valid_params_are_not_provided"/>
    <testcase time="0.0240000000000009" classname="Model_methods" name="doseFunction_ModelPseudo_returns_correct_dose_function"/>
    <testcase time="0.0159999999999982" classname="Model_methods" name="doseFunction_ModelPseudo_returns_correct_dose_function"/>
    <testcase time="0.000999999999997669" classname="Model_methods" name="doseFunction_ModelPseudo_returns_correct_dose_function"/>
    <testcase time="0.00500000000000256" classname="Model_methods" name="doseFunction_ModelPseudo_returns_correct_dose_function"/>
    <testcase time="0.00399999999999778" classname="Model_methods" name="doseFunction_ModelPseudo_returns_correct_dose_function"/>
    <testcase time="0.0259999999999998" classname="Model_methods" name="doseFunction_ModelPseudo_throws_the_error_when_no_params_are_provided"/>
    <testcase time="0.0180000000000007" classname="Model_methods" name="probFunction_GeneralModel_returns_correct_prob_function"/>
    <testcase time="0.000999999999997669" classname="Model_methods" name="probFunction_GeneralModel_returns_correct_prob_function"/>
    <testcase time="0.00500000000000256" classname="Model_methods" name="probFunction_GeneralModel_returns_correct_prob_function"/>
    <testcase time="0.00199999999999889" classname="Model_methods" name="probFunction_GeneralModel_returns_correct_prob_function"/>
    <testcase time="0.00499999999999901" classname="Model_methods" name="probFunction_GeneralModel_returns_correct_prob_function"/>
    <testcase time="0.00400000000000134" classname="Model_methods" name="probFunction_GeneralModel_returns_correct_prob_function"/>
    <testcase time="0.00199999999999889" classname="Model_methods" name="probFunction_GeneralModel_returns_correct_prob_function"/>
    <testcase time="0.00400000000000134" classname="Model_methods" name="probFunction_GeneralModel_returns_correct_prob_function"/>
    <testcase time="0.00499999999999901" classname="Model_methods" name="probFunction_GeneralModel_returns_correct_prob_function"/>
    <testcase time="0.0180000000000007" classname="Model_methods" name="probFunction_GeneralModel_returns_correct_prob_function_for_matrix_param"/>
    <testcase time="0.00100000000000122" classname="Model_methods" name="probFunction_GeneralModel_returns_correct_prob_function_for_matrix_param"/>
    <testcase time="0.00499999999999901" classname="Model_methods" name="probFunction_GeneralModel_returns_correct_prob_function_for_matrix_param"/>
    <testcase time="0.00100000000000122" classname="Model_methods" name="probFunction_GeneralModel_returns_correct_prob_function_for_matrix_param"/>
    <testcase time="0.00399999999999778" classname="Model_methods" name="probFunction_GeneralModel_returns_correct_prob_function_for_matrix_param"/>
    <testcase time="0.00499999999999901" classname="Model_methods" name="probFunction_GeneralModel_returns_correct_prob_function_for_matrix_param"/>
    <testcase time="0.00100000000000122" classname="Model_methods" name="probFunction_GeneralModel_returns_correct_prob_function_for_matrix_param"/>
    <testcase time="0.00499999999999901" classname="Model_methods" name="probFunction_GeneralModel_returns_correct_prob_function_for_matrix_param"/>
    <testcase time="0.00400000000000134" classname="Model_methods" name="probFunction_GeneralModel_returns_correct_prob_function_for_matrix_param"/>
    <testcase time="0.0199999999999996" classname="Model_methods" name="probFunction_GeneralModel_throws_the_error_when_valid_params_are_not_provided"/>
    <testcase time="0.00600000000000023" classname="Model_methods" name="probFunction_GeneralModel_throws_the_error_when_valid_params_are_not_provided"/>
    <testcase time="0.0249999999999986" classname="Model_methods" name="probFunction_ModelTox_returns_correct_prob_function"/>
    <testcase time="0.00400000000000134" classname="Model_methods" name="probFunction_ModelTox_returns_correct_prob_function"/>
    <testcase time="0.00199999999999889" classname="Model_methods" name="probFunction_ModelTox_returns_correct_prob_function"/>
    <testcase time="0.00400000000000134" classname="Model_methods" name="probFunction_ModelTox_returns_correct_prob_function"/>
    <testcase time="0.00499999999999901" classname="Model_methods" name="probFunction_ModelTox_returns_correct_prob_function"/>
    <testcase time="0.0259999999999998" classname="Model_methods" name="probFunction_ModelTox_throws_the_error_when_no_params_are_provided"/>
    <testcase time="0.0289999999999999" classname="Model_methods" name="efficacyFunction_ModelEff_returns_correct_efficacy_function"/>
    <testcase time="0.00100000000000122" classname="Model_methods" name="efficacyFunction_ModelEff_returns_correct_efficacy_function"/>
    <testcase time="0.00600000000000023" classname="Model_methods" name="efficacyFunction_ModelEff_returns_correct_efficacy_function"/>
    <testcase time="0.00100000000000122" classname="Model_methods" name="efficacyFunction_ModelEff_returns_correct_efficacy_function"/>
    <testcase time="0.00499999999999901" classname="Model_methods" name="efficacyFunction_ModelEff_returns_correct_efficacy_function"/>
    <testcase time="0.00499999999999901" classname="Model_methods" name="efficacyFunction_ModelEff_returns_correct_efficacy_function"/>
    <testcase time="0.00100000000000122" classname="Model_methods" name="efficacyFunction_ModelEff_returns_correct_efficacy_function"/>
    <testcase time="0.00499999999999901" classname="Model_methods" name="efficacyFunction_ModelEff_returns_correct_efficacy_function"/>
    <testcase time="0.00499999999999901" classname="Model_methods" name="efficacyFunction_ModelEff_returns_correct_efficacy_function"/>
    <testcase time="0.0370000000000026" classname="Model_methods" name="efficacyFunction_ModelEff_throws_the_error_when_no_params_are_provided"/>
    <testcase time="0.0209999999999972" classname="Model_methods" name="dose_LogisticNormal_works_as_expected"/>
    <testcase time="0.0200000000000031" classname="Model_methods" name="dose_LogisticNormal_works_as_expected_for_scalar_samples"/>
    <testcase time="0.0199999999999996" classname="Model_methods" name="dose_LogisticNormal_works_as_expected_for_vectors"/>
    <testcase time="0.0210000000000008" classname="Model_methods" name="dose_LogisticNormal_throws_the_error_when_x_and_samples_lengths_differ"/>
    <testcase time="0.00799999999999912" classname="Model_methods" name="dose_LogisticNormal_throws_the_error_when_x_and_samples_lengths_differ"/>
    <testcase time="0.00600000000000023" classname="Model_methods" name="dose_LogisticNormal_throws_the_error_when_x_and_samples_lengths_differ"/>
    <testcase time="0.0199999999999996" classname="Model_methods" name="dose_LogisticLogNormal_works_as_expected"/>
    <testcase time="0.0210000000000008" classname="Model_methods" name="dose_LogisticLogNormal_works_as_expected_for_scalar_samples"/>
    <testcase time="0.0199999999999996" classname="Model_methods" name="dose_LogisticLogNormal_works_as_expected_for_vectors"/>
    <testcase time="0.0219999999999985" classname="Model_methods" name="dose_LogisticLogNormal_throws_the_error_when_x_is_not_valid"/>
    <testcase time="0.00700000000000145" classname="Model_methods" name="dose_LogisticLogNormal_throws_the_error_when_x_is_not_valid"/>
    <testcase time="0.00799999999999912" classname="Model_methods" name="dose_LogisticLogNormal_throws_the_error_when_x_is_not_valid"/>
    <testcase time="0.0199999999999996" classname="Model_methods" name="dose_LogisticLogNormalSub_works_as_expected"/>
    <testcase time="0.0190000000000019" classname="Model_methods" name="dose_LogisticLogNormalSub_works_as_expected_for_scalar_samples"/>
    <testcase time="0.0199999999999996" classname="Model_methods" name="dose_LogisticLogNormalSub_works_as_expected_for_vectors"/>
    <testcase time="0.0269999999999975" classname="Model_methods" name="dose_LogisticLogNormalSub_throws_the_error_when_x_is_not_valid"/>
    <testcase time="0.00800000000000267" classname="Model_methods" name="dose_LogisticLogNormalSub_throws_the_error_when_x_is_not_valid"/>
    <testcase time="0.0069999999999979" classname="Model_methods" name="dose_LogisticLogNormalSub_throws_the_error_when_x_is_not_valid"/>
    <testcase time="0.022000000000002" classname="Model_methods" name="dose_ProbitLogNormal_works_as_expected"/>
    <testcase time="0.0209999999999972" classname="Model_methods" name="dose_ProbitLogNormal_works_as_expected_for_scalar_samples"/>
    <testcase time="0.022000000000002" classname="Model_methods" name="dose_ProbitLogNormal_works_as_expected_for_vectors"/>
    <testcase time="0.0219999999999985" classname="Model_methods" name="dose_ProbitLogNormal_throws_the_error_when_x_is_not_valid"/>
    <testcase time="0.00700000000000145" classname="Model_methods" name="dose_ProbitLogNormal_throws_the_error_when_x_is_not_valid"/>
    <testcase time="0.0069999999999979" classname="Model_methods" name="dose_ProbitLogNormal_throws_the_error_when_x_is_not_valid"/>
    <testcase time="0.0210000000000008" classname="Model_methods" name="dose_ProbitLogNormalRel_works_as_expected"/>
    <testcase time="0.0210000000000008" classname="Model_methods" name="dose_ProbitLogNormalRel_works_as_expected_for_scalar_samples"/>
    <testcase time="0.0249999999999986" classname="Model_methods" name="dose_ProbitLogNormalRel_works_as_expected_for_vectors"/>
    <testcase time="0.022000000000002" classname="Model_methods" name="dose_ProbitLogNormalRel_throws_the_error_when_x_is_not_valid"/>
    <testcase time="0.00799999999999912" classname="Model_methods" name="dose_ProbitLogNormalRel_throws_the_error_when_x_is_not_valid"/>
    <testcase time="0.00799999999999912" classname="Model_methods" name="dose_ProbitLogNormalRel_throws_the_error_when_x_is_not_valid"/>
    <testcase time="0.017000000000003" classname="Model_methods" name="dose_LogisticKadane_works_as_expected"/>
    <testcase time="0.0269999999999975" classname="Model_methods" name="dose_LogisticKadane_works_as_expected_for_scalar_samples"/>
    <testcase time="0.0169999999999995" classname="Model_methods" name="dose_LogisticKadane_works_as_expected_for_vectors"/>
    <testcase time="0.0250000000000021" classname="Model_methods" name="dose_LogisticKadane_throws_the_error_when_x_is_not_valid"/>
    <testcase time="0.00799999999999912" classname="Model_methods" name="dose_LogisticKadane_throws_the_error_when_x_is_not_valid"/>
    <testcase time="0.00700000000000145" classname="Model_methods" name="dose_LogisticKadane_throws_the_error_when_x_is_not_valid"/>
    <testcase time="0.0199999999999996" classname="Model_methods" name="dose_LogisticKadaneBetaGamma_works_as_expected"/>
    <testcase time="0.0189999999999984" classname="Model_methods" name="dose_LogisticKadaneBetaGamma_works_as_expected_for_scalar_samples"/>
    <testcase time="0.0180000000000007" classname="Model_methods" name="dose_LogisticKadaneBetaGamma_works_as_expected_for_vectors"/>
    <testcase time="0.0199999999999996" classname="Model_methods" name="dose_LogisticKadaneBetaGamma_throws_the_error_when_x_is_not_valid"/>
    <testcase time="0.00700000000000145" classname="Model_methods" name="dose_LogisticKadaneBetaGamma_throws_the_error_when_x_is_not_valid"/>
    <testcase time="0.0069999999999979" classname="Model_methods" name="dose_LogisticKadaneBetaGamma_throws_the_error_when_x_is_not_valid"/>
    <testcase time="0.0210000000000008" classname="Model_methods" name="dose_LogisticNormalMixture_works_as_expected"/>
    <testcase time="0.022000000000002" classname="Model_methods" name="dose_LogisticNormalMixture_works_as_expected_for_scalar_samples"/>
    <testcase time="0.0219999999999985" classname="Model_methods" name="dose_LogisticNormalMixture_works_as_expected_for_vectors"/>
    <testcase time="0.0229999999999997" classname="Model_methods" name="dose_LogisticNormalMixture_throws_the_error_when_x_is_not_valid"/>
    <testcase time="0.00700000000000145" classname="Model_methods" name="dose_LogisticNormalMixture_throws_the_error_when_x_is_not_valid"/>
    <testcase time="0.0069999999999979" classname="Model_methods" name="dose_LogisticNormalMixture_throws_the_error_when_x_is_not_valid"/>
    <testcase time="0.027000000000001" classname="Model_methods" name="dose_LogisticNormalFixedMixture_works_as_expected"/>
    <testcase time="0.0259999999999998" classname="Model_methods" name="dose_LogisticNormalFixedMixture_works_as_expected_for_scalar_samples"/>
    <testcase time="0.0330000000000013" classname="Model_methods" name="dose_LogisticNormalFixedMixture_works_as_expected_for_vectors"/>
    <testcase time="0.0279999999999987" classname="Model_methods" name="dose_LogisticNormalFixedMixture_throws_the_error_when_x_is_not_valid"/>
    <testcase time="0.00799999999999912" classname="Model_methods" name="dose_LogisticNormalFixedMixture_throws_the_error_when_x_is_not_valid"/>
    <testcase time="0.00700000000000145" classname="Model_methods" name="dose_LogisticNormalFixedMixture_throws_the_error_when_x_is_not_valid"/>
    <testcase time="0.0210000000000008" classname="Model_methods" name="dose_LogisticLogNormalMixture_is_not_implemented"/>
    <testcase time="0.0249999999999986" classname="Model_methods" name="dose_DualEndpoint_works_as_expected"/>
    <testcase time="0.00600000000000023" classname="Model_methods" name="dose_DualEndpoint_works_as_expected"/>
    <testcase time="0.00600000000000023" classname="Model_methods" name="dose_DualEndpoint_works_as_expected"/>
    <testcase time="0.0249999999999986" classname="Model_methods" name="dose_DualEndpoint_works_as_expected_for_scalar_samples"/>
    <testcase time="0.00600000000000023" classname="Model_methods" name="dose_DualEndpoint_works_as_expected_for_scalar_samples"/>
    <testcase time="0.00600000000000023" classname="Model_methods" name="dose_DualEndpoint_works_as_expected_for_scalar_samples"/>
    <testcase time="0.0229999999999997" classname="Model_methods" name="dose_DualEndpoint_works_as_expected_for_vectors"/>
    <testcase time="0.00600000000000023" classname="Model_methods" name="dose_DualEndpoint_works_as_expected_for_vectors"/>
    <testcase time="0.00600000000000023" classname="Model_methods" name="dose_DualEndpoint_works_as_expected_for_vectors"/>
    <testcase time="0.0199999999999996" classname="Model_methods" name="dose_DualEndpoint_throws_the_error_when_x_is_not_valid"/>
    <testcase time="0.00800000000000267" classname="Model_methods" name="dose_DualEndpoint_throws_the_error_when_x_is_not_valid"/>
    <testcase time="0.0069999999999979" classname="Model_methods" name="dose_DualEndpoint_throws_the_error_when_x_is_not_valid"/>
    <testcase time="0.032" classname="Model_methods" name="dose_LogisticIndepBeta_works_as_expected"/>
    <testcase time="0.00600000000000023" classname="Model_methods" name="dose_LogisticIndepBeta_works_as_expected"/>
    <testcase time="0.0749999999999993" classname="Model_methods" name="dose_LogisticIndepBeta_works_as_expected_for_scalar_samples"/>
    <testcase time="0.027000000000001" classname="Model_methods" name="dose_LogisticIndepBeta_works_as_expected_for_vectors"/>
    <testcase time="0.027000000000001" classname="Model_methods" name="dose_LogisticIndepBeta_throws_the_error_when_x_is_not_valid"/>
    <testcase time="0.0069999999999979" classname="Model_methods" name="dose_LogisticIndepBeta_throws_the_error_when_x_is_not_valid"/>
    <testcase time="0.00600000000000023" classname="Model_methods" name="dose_LogisticIndepBeta_throws_the_error_when_x_is_not_valid"/>
    <testcase time="0.0329999999999977" classname="Model_methods" name="dose_LogisticIndepBeta_noSamples_works_as_expected"/>
    <testcase time="0.00600000000000023" classname="Model_methods" name="dose_LogisticIndepBeta_noSamples_works_as_expected"/>
    <testcase time="0.0259999999999998" classname="Model_methods" name="dose_LogisticIndepBeta_noSamples_throws_the_error_when_x_is_not_valid"/>
    <testcase time="0.0180000000000007" classname="Model_methods" name="dose_OneParLogNormalPrior_works_as_expected"/>
    <testcase time="0.0180000000000007" classname="Model_methods" name="dose_OneParLogNormalPrior_works_as_expected_for_scalar_samples"/>
    <testcase time="0.0169999999999995" classname="Model_methods" name="dose_OneParLogNormalPrior_works_as_expected_for_vectors"/>
    <testcase time="0.0190000000000019" classname="Model_methods" name="dose_OneParLogNormalPrior_throws_the_error_when_x_is_not_valid"/>
    <testcase time="0.0069999999999979" classname="Model_methods" name="dose_OneParLogNormalPrior_throws_the_error_when_x_is_not_valid"/>
    <testcase time="0.00800000000000267" classname="Model_methods" name="dose_OneParLogNormalPrior_throws_the_error_when_x_is_not_valid"/>
    <testcase time="0.0179999999999971" classname="Model_methods" name="dose_OneParExpPrior_works_as_expected"/>
    <testcase time="0.017000000000003" classname="Model_methods" name="dose_OneParExpPrior_works_as_expected_for_scalar_samples"/>
    <testcase time="0.0229999999999997" classname="Model_methods" name="dose_OneParExpPrior_works_as_expected_for_vectors"/>
    <testcase time="0.0189999999999984" classname="Model_methods" name="dose_OneParExpPrior_throws_the_error_when_x_is_not_valid"/>
    <testcase time="0.00799999999999912" classname="Model_methods" name="dose_OneParExpPrior_throws_the_error_when_x_is_not_valid"/>
    <testcase time="0.00700000000000145" classname="Model_methods" name="dose_OneParExpPrior_throws_the_error_when_x_is_not_valid"/>
    <testcase time="0.0210000000000008" classname="Model_methods" name="prob_LogisticNormal_works_as_expected"/>
    <testcase time="0.0199999999999996" classname="Model_methods" name="prob_LogisticNormal_works_as_expected_for_scalar_samples"/>
    <testcase time="0.0199999999999996" classname="Model_methods" name="prob_LogisticNormal_works_as_expected_for_vectors"/>
    <testcase time="0.0219999999999985" classname="Model_methods" name="prob_LogisticNormal_throws_the_error_when_dose_is_not_valid"/>
    <testcase time="0.00800000000000267" classname="Model_methods" name="prob_LogisticNormal_throws_the_error_when_dose_is_not_valid"/>
    <testcase time="0.0209999999999972" classname="Model_methods" name="prob_LogisticLogNormal_works_as_expected"/>
    <testcase time="0.0200000000000031" classname="Model_methods" name="prob_LogisticLogNormal_works_as_expected_for_scalar_samples"/>
    <testcase time="0.0199999999999996" classname="Model_methods" name="prob_LogisticLogNormal_works_as_expected_for_vectors"/>
    <testcase time="0.0219999999999985" classname="Model_methods" name="prob_LogisticLogNormal_throws_the_error_when_dose_is_not_valid"/>
    <testcase time="0.00700000000000145" classname="Model_methods" name="prob_LogisticLogNormal_throws_the_error_when_dose_is_not_valid"/>
    <testcase time="0.0179999999999971" classname="Model_methods" name="prob_LogisticLogNormalSub_works_as_expected"/>
    <testcase time="0.0180000000000007" classname="Model_methods" name="prob_LogisticLogNormalSub_works_as_expected_for_scalar_samples"/>
    <testcase time="0.0259999999999998" classname="Model_methods" name="prob_LogisticLogNormalSub_works_as_expected_for_vectors"/>
    <testcase time="0.0210000000000008" classname="Model_methods" name="prob_LogisticLogNormalSub_throws_the_error_when_dose_is_not_valid"/>
    <testcase time="0.00700000000000145" classname="Model_methods" name="prob_LogisticLogNormalSub_throws_the_error_when_dose_is_not_valid"/>
    <testcase time="0.0209999999999972" classname="Model_methods" name="prob_ProbitLogNormal_works_as_expected"/>
    <testcase time="0.0200000000000031" classname="Model_methods" name="prob_ProbitLogNormal_works_as_expected_for_scalar_samples"/>
    <testcase time="0.0199999999999996" classname="Model_methods" name="prob_ProbitLogNormal_works_as_expected_for_vectors"/>
    <testcase time="0.0219999999999985" classname="Model_methods" name="prob_ProbitLogNormal_throws_the_error_when_dose_is_not_valid"/>
    <testcase time="0.00700000000000145" classname="Model_methods" name="prob_ProbitLogNormal_throws_the_error_when_dose_is_not_valid"/>
    <testcase time="0.0219999999999985" classname="Model_methods" name="prob_ProbitLogNormalRel_works_as_expected"/>
    <testcase time="0.0240000000000009" classname="Model_methods" name="prob_ProbitLogNormalRel_works_as_expected_for_scalar_samples"/>
    <testcase time="0.0210000000000008" classname="Model_methods" name="prob_ProbitLogNormalRel_works_as_expected_for_vectors"/>
    <testcase time="0.0229999999999997" classname="Model_methods" name="prob_ProbitLogNormalRel_throws_the_error_when_dose_is_not_valid"/>
    <testcase time="0.0069999999999979" classname="Model_methods" name="prob_ProbitLogNormalRel_throws_the_error_when_dose_is_not_valid"/>
    <testcase time="0.0180000000000007" classname="Model_methods" name="prob_LogisticKadane_works_as_expected"/>
    <testcase time="0.027000000000001" classname="Model_methods" name="prob_LogisticKadane_works_as_expected_for_scalar_samples"/>
    <testcase time="0.0169999999999995" classname="Model_methods" name="prob_LogisticKadane_works_as_expected_for_vectors"/>
    <testcase time="0.0249999999999986" classname="Model_methods" name="prob_LogisticKadane_throws_the_error_when_dose_is_not_valid"/>
    <testcase time="0.00800000000000267" classname="Model_methods" name="prob_LogisticKadane_throws_the_error_when_dose_is_not_valid"/>
    <testcase time="0.0219999999999985" classname="Model_methods" name="prob_LogisticNormalMixture_works_as_expected"/>
    <testcase time="0.0219999999999985" classname="Model_methods" name="prob_LogisticNormalMixture_works_as_expected_for_scalar_samples"/>
    <testcase time="0.022000000000002" classname="Model_methods" name="prob_LogisticNormalMixture_works_as_expected_for_vectors"/>
    <testcase time="0.0239999999999974" classname="Model_methods" name="prob_LogisticNormalMixture_throws_the_error_when_dose_is_not_valid"/>
    <testcase time="0.00800000000000267" classname="Model_methods" name="prob_LogisticNormalMixture_throws_the_error_when_dose_is_not_valid"/>
    <testcase time="0.0279999999999987" classname="Model_methods" name="prob_LogisticNormalFixedMixture_works_as_expected"/>
    <testcase time="0.0279999999999987" classname="Model_methods" name="prob_LogisticNormalFixedMixture_works_as_expected_for_scalar_samples"/>
    <testcase time="0.0280000000000022" classname="Model_methods" name="prob_LogisticNormalFixedMixture_works_as_expected_for_vectors"/>
    <testcase time="0.0289999999999999" classname="Model_methods" name="prob_LogisticNormalFixedMixture_throws_the_error_when_dose_is_not_valid"/>
    <testcase time="0.0069999999999979" classname="Model_methods" name="prob_LogisticNormalFixedMixture_throws_the_error_when_dose_is_not_valid"/>
    <testcase time="0.0210000000000008" classname="Model_methods" name="prob_LogisticLogNormalMixture_works_as_expected"/>
    <testcase time="0.036999999999999" classname="Model_methods" name="prob_LogisticLogNormalMixture_works_as_expected_for_single_samples"/>
    <testcase time="0.0210000000000008" classname="Model_methods" name="prob_LogisticLogNormalMixture_works_as_expected_for_vectorized_dose_samples"/>
    <testcase time="0.022000000000002" classname="Model_methods" name="prob_LogisticLogNormalMixture_throws_the_error_when_dose_is_not_valid"/>
    <testcase time="0.00799999999999912" classname="Model_methods" name="prob_LogisticLogNormalMixture_throws_the_error_when_dose_is_not_valid"/>
    <testcase time="0.0249999999999986" classname="Model_methods" name="prob_DualEndpoint_works_as_expected"/>
    <testcase time="0.00600000000000023" classname="Model_methods" name="prob_DualEndpoint_works_as_expected"/>
    <testcase time="0.0069999999999979" classname="Model_methods" name="prob_DualEndpoint_works_as_expected"/>
    <testcase time="0.0250000000000021" classname="Model_methods" name="prob_DualEndpoint_works_as_expected_for_scalar_samples"/>
    <testcase time="0.00600000000000023" classname="Model_methods" name="prob_DualEndpoint_works_as_expected_for_scalar_samples"/>
    <testcase time="0.00600000000000023" classname="Model_methods" name="prob_DualEndpoint_works_as_expected_for_scalar_samples"/>
    <testcase time="0.0249999999999986" classname="Model_methods" name="prob_DualEndpoint_works_as_expected_for_vectorized_dose_samples"/>
    <testcase time="0.00600000000000023" classname="Model_methods" name="prob_DualEndpoint_works_as_expected_for_vectorized_dose_samples"/>
    <testcase time="0.00600000000000023" classname="Model_methods" name="prob_DualEndpoint_works_as_expected_for_vectorized_dose_samples"/>
    <testcase time="0.0219999999999985" classname="Model_methods" name="prob_DualEndpoint_throws_the_error_when_dose_is_not_valid"/>
    <testcase time="0.00800000000000267" classname="Model_methods" name="prob_DualEndpoint_throws_the_error_when_dose_is_not_valid"/>
    <testcase time="0.041999999999998" classname="Model_methods" name="prob_LogisticIndepBeta_works_as_expected"/>
    <testcase time="0.00600000000000023" classname="Model_methods" name="prob_LogisticIndepBeta_works_as_expected"/>
    <testcase time="0.027000000000001" classname="Model_methods" name="prob_LogisticIndepBeta_works_as_expected_for_scalar_samples"/>
    <testcase time="0.0330000000000013" classname="Model_methods" name="prob_LogisticIndepBeta_works_as_expected_for_vectors"/>
    <testcase time="0.0279999999999987" classname="Model_methods" name="prob_LogisticIndepBeta_throws_the_error_when_dose_is_not_valid"/>
    <testcase time="0.0069999999999979" classname="Model_methods" name="prob_LogisticIndepBeta_throws_the_error_when_dose_is_not_valid"/>
    <testcase time="0.0340000000000025" classname="Model_methods" name="prob_LogisticIndepBeta_noSamples_works_as_expected"/>
    <testcase time="0.00600000000000023" classname="Model_methods" name="prob_LogisticIndepBeta_noSamples_works_as_expected"/>
    <testcase time="0.0350000000000001" classname="Model_methods" name="prob_LogisticIndepBeta_noSamples_works_as_expected_for_vector_dose"/>
    <testcase time="0.00600000000000023" classname="Model_methods" name="prob_LogisticIndepBeta_noSamples_works_as_expected_for_vector_dose"/>
    <testcase time="0.0289999999999999" classname="Model_methods" name="prob_LogisticIndepBeta_noSamples_throws_the_error_when_dose_is_not_valid"/>
    <testcase time="0.0179999999999971" classname="Model_methods" name="prob_OneParLogNormalPrior_works_as_expected"/>
    <testcase time="0.0180000000000007" classname="Model_methods" name="prob_OneParLogNormalPrior_works_as_expected_for_scalar_samples"/>
    <testcase time="0.0169999999999995" classname="Model_methods" name="prob_OneParLogNormalPrior_works_as_expected_for_vectors"/>
    <testcase time="0.0190000000000019" classname="Model_methods" name="prob_OneParLogNormalPrior_throws_the_error_when_dose_is_not_valid"/>
    <testcase time="0.00799999999999912" classname="Model_methods" name="prob_OneParLogNormalPrior_throws_the_error_when_dose_is_not_valid"/>
    <testcase time="0.0169999999999995" classname="Model_methods" name="prob_OneParExpPrior_works_as_expected"/>
    <testcase time="0.0229999999999997" classname="Model_methods" name="prob_OneParExpPrior_works_as_expected_for_scalar_samples"/>
    <testcase time="0.0180000000000007" classname="Model_methods" name="prob_OneParExpPrior_works_as_expected_for_vectors"/>
    <testcase time="0.0180000000000007" classname="Model_methods" name="prob_OneParExpPrior_throws_the_error_when_dose_is_not_valid"/>
    <testcase time="0.00799999999999912" classname="Model_methods" name="prob_OneParExpPrior_throws_the_error_when_dose_is_not_valid"/>
    <testcase time="0.0310000000000024" classname="Model_methods" name="efficacy_Effloglog_works_as_expected"/>
    <testcase time="0.0309999999999988" classname="Model_methods" name="efficacy_Effloglog_works_as_expected_for_scalar_samples"/>
    <testcase time="0.0309999999999988" classname="Model_methods" name="efficacy_Effloglog_works_as_expected_for_vectors"/>
    <testcase time="0.0330000000000013" classname="Model_methods" name="efficacy_Effloglog_throws_the_error_when_dose_and_samples_lengths_differ"/>
    <testcase time="0.0330000000000013" classname="Model_methods" name="efficacy_Effloglog_throws_the_error_when_dose_is_negative"/>
    <testcase time="0.0309999999999988" classname="Model_methods" name="efficacy_Effloglog_throws_the_error_when_sample_parameter_names_are_not_valid"/>
    <testcase time="0.0470000000000006" classname="Model_methods" name="efficacy_Effloglog_noSamples_works_as_expected"/>
    <testcase time="0.00900000000000034" classname="Model_methods" name="efficacy_Effloglog_noSamples_works_as_expected"/>
    <testcase time="0.0399999999999991" classname="Model_methods" name="efficacy_Effloglog_noSamples_works_as_expected_for_vector_dose"/>
    <testcase time="0.00800000000000267" classname="Model_methods" name="efficacy_Effloglog_noSamples_works_as_expected_for_vector_dose"/>
    <testcase time="0.0350000000000001" classname="Model_methods" name="efficacy_Effloglog_noSamples_throws_the_error_when_dose_is_negative"/>
    <testcase time="0.0339999999999989" classname="Model_methods" name="efficacy_EffFlexi_works_as_expected"/>
    <testcase time="0.0590000000000011" classname="Model_methods" name="efficacy_EffFlexi_works_as_expected_dose_interpolation_"/>
    <testcase time="0.032" classname="Model_methods" name="efficacy_EffFlexi_works_as_expected_for_row_samples"/>
    <testcase time="0.0389999999999979" classname="Model_methods" name="efficacy_EffFlexi_works_as_expected_for_row_samples_match_tolerance_"/>
    <testcase time="0.032" classname="Model_methods" name="efficacy_EffFlexi_works_as_expected_for_row_samples_dose_interpolation_"/>
    <testcase time="0.0340000000000025" classname="Model_methods" name="efficacy_EffFlexi_works_as_expected_for_vectors"/>
    <testcase time="0.0350000000000001" classname="Model_methods" name="efficacy_EffFlexi_works_as_expected_for_vectors_match_tolerance_"/>
    <testcase time="0.0349999999999966" classname="Model_methods" name="efficacy_EffFlexi_works_as_expected_for_vectors_dose_interpolation_"/>
    <testcase time="0.0380000000000003" classname="Model_methods" name="efficacy_EffFlexi_throws_warning_and_returns_NA_when_dose_is_out_of_dose_grid_range"/>
    <testcase time="0.00600000000000023" classname="Model_methods" name="efficacy_EffFlexi_throws_warning_and_returns_NA_when_dose_is_out_of_dose_grid_range"/>
    <testcase time="0.00800000000000267" classname="Model_methods" name="efficacy_EffFlexi_throws_warning_and_returns_NA_when_dose_is_out_of_dose_grid_range"/>
    <testcase time="0.00600000000000023" classname="Model_methods" name="efficacy_EffFlexi_throws_warning_and_returns_NA_when_dose_is_out_of_dose_grid_range"/>
    <testcase time="0.00799999999999912" classname="Model_methods" name="efficacy_EffFlexi_throws_warning_and_returns_NA_when_dose_is_out_of_dose_grid_range"/>
    <testcase time="0.00600000000000023" classname="Model_methods" name="efficacy_EffFlexi_throws_warning_and_returns_NA_when_dose_is_out_of_dose_grid_range"/>
    <testcase time="0.00999999999999801" classname="Model_methods" name="efficacy_EffFlexi_throws_warning_and_returns_NA_when_dose_is_out_of_dose_grid_range"/>
    <testcase time="0.00500000000000256" classname="Model_methods" name="efficacy_EffFlexi_throws_warning_and_returns_NA_when_dose_is_out_of_dose_grid_range"/>
    <testcase time="0.0389999999999979" classname="Model_methods" name="efficacy_EffFlexi_throws_the_error_when_dose_and_samples_lengths_differ"/>
    <testcase time="0.0339999999999989" classname="Model_methods" name="efficacy_EffFlexi_throws_the_error_when_dose_is_negative"/>
    <testcase time="0.0340000000000025" classname="Model_methods" name="efficacy_EffFlexi_throws_the_error_when_sample_parameter_names_are_not_valid"/>
    <testcase time="0.0199999999999996" classname="Model_methods" name="biomarker_DualEndpoint_works_as_expected"/>
    <testcase time="0.0189999999999984" classname="Model_methods" name="biomarker_DualEndpoint_works_as_expected_for_xLevel_vector"/>
    <testcase time="0.0289999999999999" classname="Model_methods" name="biomarker_DualEndpoint_throws_the_error_when_xLevel_is_not_valid"/>
    <testcase time="0.00900000000000034" classname="Model_methods" name="biomarker_DualEndpoint_throws_the_error_when_xLevel_is_not_valid"/>
    <testcase time="0.0350000000000001" classname="Model_methods" name="gain_ModelTox_ModelEff_works_as_expected"/>
    <testcase time="0.032" classname="Model_methods" name="gain_ModelTox_ModelEff_works_as_expected_for_scalar_samples"/>
    <testcase time="0.0390000000000015" classname="Model_methods" name="gain_ModelTox_ModelEff_works_as_expected_for_vectors"/>
    <testcase time="0.0339999999999989" classname="Model_methods" name="gain_ModelTox_ModelEff_throws_the_error_when_dose_is_not_of_valid_length"/>
    <testcase time="0.0389999999999979" classname="Model_methods" name="gain_ModelTox_Effloglog_noSamples_works_as_expected"/>
    <testcase time="0.0400000000000027" classname="Model_methods" name="gain_ModelTox_Effloglog_noSamples_works_as_expected_for_vector_dose"/>
    <testcase time="0.041999999999998" classname="Model_methods" name="update_ModelPseudo_works_as_expected_for_LogisticIndepBeta"/>
    <testcase time="0.0450000000000017" classname="Model_methods" name="update_ModelPseudo_works_as_expected_for_Effloglog">
      <skipped message="Reason: On CRAN ('test-Model-methods.R:1886:3')"/>
    </testcase>
    <testcase time="0.0609999999999999" classname="Model_methods" name="update_ModelPseudo_works_as_expected_for_EffFlexi">
      <skipped message="Reason: On CRAN ('test-Model-methods.R:1894:3')"/>
    </testcase>
    <testcase time="0.0479999999999983" classname="Model_methods" name="update_ModelPseudo_throws_the_error_when_data_is_not_an_object_of_Data_class"/>
  </testsuite>
  <testsuite name="Model-validity" timestamp="2023-08-17T11:58:44Z" hostname="20a247bd8378" tests="144" skipped="12" failures="0" errors="0" time="2.937">
    <testcase time="0.0249999999999986" classname="Model_validity" name="v_general_model_passes_for_valid_object"/>
    <testcase time="0.0139999999999993" classname="Model_validity" name="v_general_model_returns_message_for_non_valid_object"/>
    <testcase time="0.0140000000000029" classname="Model_validity" name="v_model_logistic_kadane_passes_for_valid_object"/>
    <testcase time="0.0129999999999981" classname="Model_validity" name="v_model_logistic_kadane_returns_message_for_wrong_theta_probability"/>
    <testcase time="0.00600000000000023" classname="Model_validity" name="v_model_logistic_kadane_returns_message_for_wrong_theta_probability"/>
    <testcase time="0.00499999999999901" classname="Model_validity" name="v_model_logistic_kadane_returns_message_for_wrong_theta_probability"/>
    <testcase time="0.0130000000000017" classname="Model_validity" name="v_model_logistic_kadane_returns_message_for_non_scalars"/>
    <testcase time="0.0139999999999993" classname="Model_validity" name="v_model_logistic_kadane_returns_message_for_xmin_greater_than_xmax"/>
    <testcase time="0.00499999999999901" classname="Model_validity" name="v_model_logistic_kadane_returns_message_for_xmin_greater_than_xmax"/>
    <testcase time="0.0169999999999995" classname="Model_validity" name="v_model_logistic_kadane_returns_message_for_wrong_theta_probability"/>
    <testcase time="0.00500000000000256" classname="Model_validity" name="v_model_logistic_kadane_returns_message_for_wrong_theta_probability"/>
    <testcase time="0.00600000000000023" classname="Model_validity" name="v_model_logistic_kadane_returns_message_for_wrong_theta_probability"/>
    <testcase time="0.0169999999999995" classname="Model_validity" name="v_model_logistic_kadane_returns_message_for_xmin_greater_than_xmax"/>
    <testcase time="0.00499999999999901" classname="Model_validity" name="v_model_logistic_kadane_returns_message_for_xmin_greater_than_xmax"/>
    <testcase time="0.0160000000000018" classname="Model_validity" name="v_model_logistic_kadane_returns_message_for_non_scalars"/>
    <testcase time="0.0169999999999995" classname="Model_validity" name="v_model_logistic_kadane_beta_gamma_passes_for_valid_object"/>
    <testcase time="0.0210000000000008" classname="Model_validity" name="v_model_logistic_kadane_beta_gamma_returns_message_for_non_scalars">
      <skipped message="Reason: On CRAN ('test-Model-validity.R:134:3')"/>
    </testcase>
    <testcase time="0.0259999999999998" classname="Model_validity" name="v_model_logistic_kadane_beta_gamma_returns_message_for_wrong_Beta_distribution_shape_parameter_alpha"/>
    <testcase time="0.00600000000000023" classname="Model_validity" name="v_model_logistic_kadane_beta_gamma_returns_message_for_wrong_Beta_distribution_shape_parameter_alpha"/>
    <testcase time="0.0229999999999997" classname="Model_validity" name="v_model_logistic_kadane_beta_gamma_returns_message_for_wrong_Beta_distribution_shape_parameter_beta"/>
    <testcase time="0.00499999999999901" classname="Model_validity" name="v_model_logistic_kadane_beta_gamma_returns_message_for_wrong_Beta_distribution_shape_parameter_beta"/>
    <testcase time="0.0180000000000007" classname="Model_validity" name="v_model_logistic_kadane_beta_gamma_returns_message_for_wrong_Gamma_distribution_shape_parameter"/>
    <testcase time="0.00499999999999901" classname="Model_validity" name="v_model_logistic_kadane_beta_gamma_returns_message_for_wrong_Gamma_distribution_shape_parameter"/>
    <testcase time="0.0169999999999995" classname="Model_validity" name="v_model_logistic_kadane_beta_gamma_returns_message_for_wrong_Gamma_distribution_rate_parameter"/>
    <testcase time="0.00499999999999901" classname="Model_validity" name="v_model_logistic_kadane_beta_gamma_returns_message_for_wrong_Gamma_distribution_rate_parameter"/>
    <testcase time="0.0190000000000019" classname="Model_validity" name="v_model_logistic_normal_mix_passes_for_valid_object"/>
    <testcase time="0.0180000000000007" classname="Model_validity" name="v_model_logistic_normal_mix_returns_message_for_wrong_weightpar"/>
    <testcase time="0.00499999999999901" classname="Model_validity" name="v_model_logistic_normal_mix_returns_message_for_wrong_weightpar"/>
    <testcase time="0.00499999999999901" classname="Model_validity" name="v_model_logistic_normal_mix_returns_message_for_wrong_weightpar"/>
    <testcase time="0.00600000000000023" classname="Model_validity" name="v_model_logistic_normal_mix_returns_message_for_wrong_weightpar"/>
    <testcase time="0.00400000000000134" classname="Model_validity" name="v_model_logistic_normal_mix_returns_message_for_wrong_weightpar"/>
    <testcase time="0.00600000000000023" classname="Model_validity" name="v_model_logistic_normal_mix_returns_message_for_wrong_weightpar"/>
    <testcase time="0.00499999999999901" classname="Model_validity" name="v_model_logistic_normal_mix_returns_message_for_wrong_weightpar"/>
    <testcase time="0.027000000000001" classname="Model_validity" name="v_model_logistic_normal_fixed_mix_passes_for_valid_object"/>
    <testcase time="0.0219999999999985" classname="Model_validity" name="v_model_logistic_normal_fixed_mix_returns_message_for_wrong_components"/>
    <testcase time="0.032" classname="Model_validity" name="v_model_logistic_normal_fixed_mix_returns_message_for_non_valid_ModelParamsNormal_comp">
      <skipped message="Reason: On CRAN ('test-Model-validity.R:229:3')"/>
    </testcase>
    <testcase time="0.0380000000000003" classname="Model_validity" name="v_model_logistic_normal_fixed_mix_returns_message_for_weights_and_comp_of_diff_len"/>
    <testcase time="0.0279999999999987" classname="Model_validity" name="v_model_logistic_normal_fixed_mix_returns_message_for_weights_not_sum_to_1"/>
    <testcase time="0.0350000000000001" classname="Model_validity" name="v_model_logistic_normal_fixed_mix_returns_message_for_negative_weights"/>
    <testcase time="0.0280000000000022" classname="Model_validity" name="v_model_logistic_normal_fixed_mix_returns_message_for_non_scalar_log_normal"/>
    <testcase time="0.0169999999999995" classname="Model_validity" name="v_model_logistic_log_normal_mix_passes_for_valid_object"/>
    <testcase time="0.0159999999999982" classname="Model_validity" name="v_model_logistic_log_normal_mix_returns_message_for_wrong_share_weight"/>
    <testcase time="0.00600000000000023" classname="Model_validity" name="v_model_logistic_log_normal_mix_returns_message_for_wrong_share_weight"/>
    <testcase time="0.0259999999999998" classname="Model_validity" name="v_model_dual_endpoint_passes_for_valid_object"/>
    <testcase time="0.00500000000000256" classname="Model_validity" name="v_model_dual_endpoint_passes_for_valid_object"/>
    <testcase time="0.0169999999999995" classname="Model_validity" name="v_model_dual_endpoint_returns_message_for_wrong_use_log_dose"/>
    <testcase time="0.0219999999999985" classname="Model_validity" name="v_model_dual_endpoint_returns_message_for_wrong_use_fixed">
      <skipped message="Reason: On CRAN ('test-Model-validity.R:318:3')"/>
    </testcase>
    <testcase time="0.0280000000000022" classname="Model_validity" name="v_model_dual_endpoint_returns_message_for_wrong_fixed_sigma2W"/>
    <testcase time="0.0179999999999971" classname="Model_validity" name="v_model_dual_endpoint_returns_message_for_wrong_sigma2W"/>
    <testcase time="0.0180000000000007" classname="Model_validity" name="v_model_dual_endpoint_returns_message_for_wrong_fixed_rho"/>
    <testcase time="0.0180000000000007" classname="Model_validity" name="v_model_dual_endpoint_returns_message_for_wrong_rho"/>
    <testcase time="0.0399999999999991" classname="Model_validity" name="v_model_dual_endpoint_rw_passes_for_valid_object"/>
    <testcase time="0.0120000000000005" classname="Model_validity" name="v_model_dual_endpoint_rw_passes_for_valid_object"/>
    <testcase time="0.0259999999999998" classname="Model_validity" name="v_model_dual_endpoint_rw_returns_message_for_wrong_use_fixed"/>
    <testcase time="0.0250000000000021" classname="Model_validity" name="v_model_dual_endpoint_rw_returns_message_for_wrong_fixed_sigma2betaW"/>
    <testcase time="0.0250000000000021" classname="Model_validity" name="v_model_dual_endpoint_rw_returns_message_for_wrong_sigma2betaW"/>
    <testcase time="0.0440000000000005" classname="Model_validity" name="v_model_dual_endpoint_beta_passes_for_valid_object"/>
    <testcase time="0.00600000000000023" classname="Model_validity" name="v_model_dual_endpoint_beta_passes_for_valid_object"/>
    <testcase time="0.032" classname="Model_validity" name="v_model_dual_endpoint_beta_returns_message_for_wrong_use_fixed">
      <skipped message="Reason: On CRAN ('test-Model-validity.R:429:3')"/>
    </testcase>
    <testcase time="0.041999999999998" classname="Model_validity" name="v_model_dual_endpoint_beta_returns_message_for_wrong_fixed_parameters">
      <skipped message="Reason: On CRAN ('test-Model-validity.R:438:3')"/>
    </testcase>
    <testcase time="0.0440000000000005" classname="Model_validity" name="v_model_dual_endpoint_beta_returns_message_for_wrong_parameters">
      <skipped message="Reason: On CRAN ('test-Model-validity.R:449:3')"/>
    </testcase>
    <testcase time="0.0599999999999987" classname="Model_validity" name="v_model_dual_endpoint_emax_passes_for_valid_object"/>
    <testcase time="0.00600000000000023" classname="Model_validity" name="v_model_dual_endpoint_emax_passes_for_valid_object"/>
    <testcase time="0.0300000000000011" classname="Model_validity" name="v_model_dual_endpoint_emax_returns_message_for_wrong_fixed_parameters">
      <skipped message="Reason: On CRAN ('test-Model-validity.R:469:3')"/>
    </testcase>
    <testcase time="0.0410000000000004" classname="Model_validity" name="v_model_dual_endpoint_emax_returns_message_for_wrong_parameters">
      <skipped message="Reason: On CRAN ('test-Model-validity.R:479:3')"/>
    </testcase>
    <testcase time="0.0389999999999979" classname="Model_validity" name="v_model_logistic_indep_beta_passes_for_valid_object"/>
    <testcase time="0.00600000000000023" classname="Model_validity" name="v_model_logistic_indep_beta_passes_for_valid_object"/>
    <testcase time="0.0280000000000022" classname="Model_validity" name="v_model_logistic_indep_beta_returns_message_for_wrong_DLE_parameters">
      <skipped message="Reason: On CRAN ('test-Model-validity.R:498:3')"/>
    </testcase>
    <testcase time="0.036999999999999" classname="Model_validity" name="v_model_logistic_indep_beta_returns_message_for_wrong_DLE_parameters_diff_len_">
      <skipped message="Reason: On CRAN ('test-Model-validity.R:512:3')"/>
    </testcase>
    <testcase time="0.0350000000000001" classname="Model_validity" name="v_model_logistic_indep_beta_returns_message_for_wrong_phi_parameters"/>
    <testcase time="0.0219999999999985" classname="Model_validity" name="v_model_logistic_indep_beta_returns_message_for_wrong_Pcov"/>
    <testcase time="0.00600000000000023" classname="Model_validity" name="v_model_logistic_indep_beta_returns_message_for_wrong_Pcov"/>
    <testcase time="0.0129999999999981" classname="Model_validity" name="v_model_logistic_indep_beta_returns_message_for_wrong_Pcov"/>
    <testcase time="0.0380000000000003" classname="Model_validity" name="v_model_eff_log_log_passes_for_valid_object"/>
    <testcase time="0.00700000000000145" classname="Model_validity" name="v_model_eff_log_log_passes_for_valid_object"/>
    <testcase time="0.032" classname="Model_validity" name="v_model_eff_log_log_returns_message_for_wrong_eff_and_eff_dose_parameters_NAs_"/>
    <testcase time="0.0300000000000011" classname="Model_validity" name="v_model_eff_log_log_returns_message_for_wrong_eff_and_eff_dose_parameters_scalars_"/>
    <testcase time="0.0299999999999976" classname="Model_validity" name="v_model_eff_log_log_returns_message_for_wrong_eff_and_eff_dose_parameters_diff_lengths_"/>
    <testcase time="0.0280000000000022" classname="Model_validity" name="v_model_eff_log_log_returns_message_for_wrong_fixed_nu"/>
    <testcase time="0.0289999999999999" classname="Model_validity" name="v_model_eff_log_log_returns_message_for_wrong_nu"/>
    <testcase time="0.0299999999999976" classname="Model_validity" name="v_model_eff_log_log_returns_message_for_wrong_use_fixed"/>
    <testcase time="0.0289999999999999" classname="Model_validity" name="v_model_eff_log_log_returns_message_for_wrong_const"/>
    <testcase time="0.0130000000000017" classname="Model_validity" name="v_model_eff_log_log_returns_message_for_wrong_const"/>
    <testcase time="0.0209999999999972" classname="Model_validity" name="v_model_eff_log_log_returns_message_for_dose_const_1_emptydata_"/>
    <testcase time="0.0300000000000011" classname="Model_validity" name="v_model_eff_log_log_returns_message_for_dose_const_1"/>
    <testcase time="0.0300000000000011" classname="Model_validity" name="v_model_eff_log_log_returns_message_for_wrong_theta1_theta2"/>
    <testcase time="0.0279999999999987" classname="Model_validity" name="v_model_eff_log_log_returns_message_for_wrong_Pcov"/>
    <testcase time="0.00799999999999912" classname="Model_validity" name="v_model_eff_log_log_returns_message_for_wrong_Pcov"/>
    <testcase time="0.00600000000000023" classname="Model_validity" name="v_model_eff_log_log_returns_message_for_wrong_Pcov"/>
    <testcase time="0.0280000000000022" classname="Model_validity" name="v_model_eff_log_log_returns_message_for_wrong_Pcov_data_len_2_"/>
    <testcase time="0.0219999999999985" classname="Model_validity" name="v_model_eff_log_log_returns_message_for_wrong_X_empty_data_"/>
    <testcase time="0.00700000000000145" classname="Model_validity" name="v_model_eff_log_log_returns_message_for_wrong_X_empty_data_"/>
    <testcase time="0.0289999999999999" classname="Model_validity" name="v_model_eff_log_log_returns_message_for_wrong_X"/>
    <testcase time="0.0069999999999979" classname="Model_validity" name="v_model_eff_log_log_returns_message_for_wrong_X"/>
    <testcase time="0.0229999999999997" classname="Model_validity" name="v_model_eff_log_log_returns_message_for_wrong_Y_empty_data_"/>
    <testcase time="0.0370000000000026" classname="Model_validity" name="v_model_eff_log_log_returns_message_for_wrong_Y"/>
    <testcase time="0.0299999999999976" classname="Model_validity" name="v_model_eff_log_log_returns_message_for_wrong_mu"/>
    <testcase time="0.0289999999999999" classname="Model_validity" name="v_model_eff_log_log_returns_message_for_wrong_Q"/>
    <testcase time="0.00700000000000145" classname="Model_validity" name="v_model_eff_log_log_returns_message_for_wrong_Q"/>
    <testcase time="0.00700000000000145" classname="Model_validity" name="v_model_eff_log_log_returns_message_for_wrong_Q"/>
    <testcase time="0.0389999999999979" classname="Model_validity" name="v_model_eff_flexi_passes_for_valid_object"/>
    <testcase time="0.00700000000000145" classname="Model_validity" name="v_model_eff_flexi_passes_for_valid_object"/>
    <testcase time="0.0309999999999988" classname="Model_validity" name="v_model_eff_flexi_returns_message_for_wrong_eff_and_eff_dose_parameters_NAs_"/>
    <testcase time="0.0289999999999999" classname="Model_validity" name="v_model_eff_flexi_returns_message_for_wrong_eff_and_eff_dose_parameters_scalars_"/>
    <testcase time="0.0300000000000011" classname="Model_validity" name="v_model_eff_flexi_returns_message_for_wrong_eff_and_eff_dose_parameters_diff_lengths_"/>
    <testcase time="0.0309999999999988" classname="Model_validity" name="v_model_eff_flexi_returns_message_for_wrong_use_fixed"/>
    <testcase time="0.0399999999999991" classname="Model_validity" name="v_model_eff_flexi_returns_message_for_wrong_fixed_sigma2W">
      <skipped message="Reason: On CRAN ('test-Model-validity.R:844:3')"/>
    </testcase>
    <testcase time="0.0390000000000015" classname="Model_validity" name="v_model_eff_flexi_returns_message_for_wrong_sigma2W"/>
    <testcase time="0.0330000000000013" classname="Model_validity" name="v_model_eff_flexi_returns_message_for_wrong_fixed_sigma2betaW">
      <skipped message="Reason: On CRAN ('test-Model-validity.R:862:3')"/>
    </testcase>
    <testcase time="0.0400000000000027" classname="Model_validity" name="v_model_eff_flexi_returns_message_for_wrong_sigma2betaW"/>
    <testcase time="0.0289999999999999" classname="Model_validity" name="v_model_eff_flexi_returns_message_for_wrong_rw1"/>
    <testcase time="0.0219999999999985" classname="Model_validity" name="v_model_eff_flexi_returns_message_for_wrong_ncol_of_X_empty_data_"/>
    <testcase time="0.0219999999999985" classname="Model_validity" name="v_model_eff_flexi_returns_message_for_wrong_X_empty_data_"/>
    <testcase time="0.0300000000000011" classname="Model_validity" name="v_model_eff_flexi_returns_message_for_wrong_ncol_of_X"/>
    <testcase time="0.036999999999999" classname="Model_validity" name="v_model_eff_flexi_returns_message_for_wrong_X"/>
    <testcase time="0.0310000000000024" classname="Model_validity" name="v_model_eff_flexi_returns_message_for_wrong_RW"/>
    <testcase time="0.0299999999999976" classname="Model_validity" name="v_model_eff_flexi_returns_message_for_wrong_RW_RW2_"/>
    <testcase time="0.0300000000000011" classname="Model_validity" name="v_model_eff_flexi_returns_message_for_wrong_RW_rank"/>
    <testcase time="0.00600000000000023" classname="Model_validity" name="v_model_eff_flexi_returns_message_for_wrong_RW_rank"/>
    <testcase time="0.0210000000000008" classname="Model_validity" name="v_model_da_logistic_log_normal_passes_for_valid_object"/>
    <testcase time="0.0210000000000008" classname="Model_validity" name="v_model_da_logistic_log_normal_returns_message_for_wrong_npiece"/>
    <testcase time="0.0199999999999996" classname="Model_validity" name="v_model_da_logistic_log_normal_returns_message_for_wrong_l_vector"/>
    <testcase time="0.00600000000000023" classname="Model_validity" name="v_model_da_logistic_log_normal_returns_message_for_wrong_l_vector"/>
    <testcase time="0.0199999999999996" classname="Model_validity" name="v_model_da_logistic_log_normal_returns_message_for_wrong_c_par"/>
    <testcase time="0.0199999999999996" classname="Model_validity" name="v_model_da_logistic_log_normal_returns_message_for_wrong_cond_pem"/>
    <testcase time="0.0210000000000008" classname="Model_validity" name="v_model_tite_logistic_log_normal_passes_for_valid_object"/>
    <testcase time="0.0380000000000003" classname="Model_validity" name="v_model_tite_logistic_log_normal_returns_message_for_wrong_weight_method"/>
    <testcase time="0.0069999999999979" classname="Model_validity" name="v_model_tite_logistic_log_normal_returns_message_for_wrong_weight_method"/>
    <testcase time="0.0160000000000018" classname="Model_validity" name="v_model_one_par_exp_normal_prior_passes_for_valid_object"/>
    <testcase time="0.014999999999997" classname="Model_validity" name="v_model_one_par_exp_normal_prior_passes_for_valid_object_finit_art._prec._interpolation_"/>
    <testcase time="0.0160000000000018" classname="Model_validity" name="v_model_one_par_exp_normal_prior_returns_message_for_wrong_skel_fun_skel_fun_inv"/>
    <testcase time="0.0139999999999993" classname="Model_validity" name="v_model_one_par_exp_normal_prior_returns_message_for_wrong_skel_probs"/>
    <testcase time="0.00600000000000023" classname="Model_validity" name="v_model_one_par_exp_normal_prior_returns_message_for_wrong_skel_probs"/>
    <testcase time="0.00600000000000023" classname="Model_validity" name="v_model_one_par_exp_normal_prior_returns_message_for_wrong_skel_probs"/>
    <testcase time="0.0150000000000006" classname="Model_validity" name="v_model_one_par_exp_normal_prior_returns_message_for_wrong_sigma2"/>
    <testcase time="0.00600000000000023" classname="Model_validity" name="v_model_one_par_exp_normal_prior_returns_message_for_wrong_sigma2"/>
    <testcase time="0.0150000000000006" classname="Model_validity" name="v_model_one_par_exp_prior_passes_for_valid_object"/>
    <testcase time="0.014999999999997" classname="Model_validity" name="v_model_one_par_exp_prior_passes_for_valid_object_finit_art._prec._interpolation_"/>
    <testcase time="0.0150000000000006" classname="Model_validity" name="v_model_one_par_exp_prior_returns_message_for_wrong_skel_fun_skel_fun_inv"/>
    <testcase time="0.0139999999999993" classname="Model_validity" name="v_model_one_par_exp_prior_returns_message_for_wrong_skel_probs"/>
    <testcase time="0.00600000000000023" classname="Model_validity" name="v_model_one_par_exp_prior_returns_message_for_wrong_skel_probs"/>
    <testcase time="0.00600000000000023" classname="Model_validity" name="v_model_one_par_exp_prior_returns_message_for_wrong_skel_probs"/>
    <testcase time="0.0150000000000006" classname="Model_validity" name="v_model_one_par_exp_prior_returns_message_for_wrong_lambda"/>
    <testcase time="0.00600000000000023" classname="Model_validity" name="v_model_one_par_exp_prior_returns_message_for_wrong_lambda"/>
  </testsuite>
  <testsuite name="ModelParams-class" timestamp="2023-08-17T11:58:47Z" hostname="20a247bd8378" tests="9" skipped="0" failures="0" errors="0" time="0.065">
    <testcase time="0.0169999999999995" classname="ModelParams_class" name=".ModelParamsNormal_works_as_expected"/>
    <testcase time="0.00100000000000122" classname="ModelParams_class" name=".ModelParamsNormal_works_as_expected"/>
    <testcase time="0.00700000000000145" classname="ModelParams_class" name=".ModelParamsNormal_works_as_expected"/>
    <testcase time="0.0119999999999969" classname="ModelParams_class" name="ModelParamsNormal_object_can_be_created_with_user_constructor"/>
    <testcase time="0.00100000000000122" classname="ModelParams_class" name="ModelParamsNormal_object_can_be_created_with_user_constructor"/>
    <testcase time="0.00600000000000023" classname="ModelParams_class" name="ModelParamsNormal_object_can_be_created_with_user_constructor"/>
    <testcase time="0.0120000000000005" classname="ModelParams_class" name="ModelParamsNormal_object_can_be_created_also_for_larger_dimensions"/>
    <testcase time="0.00199999999999889" classname="ModelParams_class" name="ModelParamsNormal_object_can_be_created_also_for_larger_dimensions"/>
    <testcase time="0.00700000000000145" classname="ModelParams_class" name="ModelParamsNormal_object_can_be_created_also_for_larger_dimensions"/>
  </testsuite>
  <testsuite name="ModelParams-validity" timestamp="2023-08-17T11:58:47Z" hostname="20a247bd8378" tests="8" skipped="0" failures="0" errors="0" time="0.131">
    <testcase time="0.0189999999999984" classname="ModelParams_validity" name="v_model_params_normal_passes_for_valid_object"/>
    <testcase time="0.0229999999999997" classname="ModelParams_validity" name="v_model_params_normal_passes_for_valid_object_with_larger_dimensions"/>
    <testcase time="0.0150000000000006" classname="ModelParams_validity" name="v_model_params_normal_returns_error_for_mean_with_NA"/>
    <testcase time="0.0139999999999993" classname="ModelParams_validity" name="v_model_params_normal_returns_error_for_cov_with_NA"/>
    <testcase time="0.0150000000000006" classname="ModelParams_validity" name="v_model_params_normal_returns_error_for_prec_with_NA"/>
    <testcase time="0.0150000000000006" classname="ModelParams_validity" name="v_model_params_normal_returns_error_for_wrong_cov"/>
    <testcase time="0.0150000000000006" classname="ModelParams_validity" name="v_model_params_normal_returns_error_for_wrong_prec"/>
    <testcase time="0.0150000000000006" classname="ModelParams_validity" name="v_model_params_normal_returns_error_for_wrong_prec_not_an_inverse_of_cov_"/>
  </testsuite>
  <testsuite name="Rules-class" timestamp="2023-08-17T11:58:47Z" hostname="20a247bd8378" tests="549" skipped="0" failures="0" errors="0" time="3.967">
    <testcase time="0.0199999999999996" classname="Rules_class" name=".NextBestMTD_works_as_expected"/>
    <testcase time="0.000999999999997669" classname="Rules_class" name=".NextBestMTD_works_as_expected"/>
    <testcase time="0.00600000000000023" classname="Rules_class" name=".NextBestMTD_works_as_expected"/>
    <testcase time="0.0100000000000016" classname="Rules_class" name="NextBestMTD_object_can_be_created_with_user_constructor"/>
    <testcase time="0.00100000000000122" classname="Rules_class" name="NextBestMTD_object_can_be_created_with_user_constructor"/>
    <testcase time="0.00499999999999901" classname="Rules_class" name="NextBestMTD_object_can_be_created_with_user_constructor"/>
    <testcase time="0.00499999999999901" classname="Rules_class" name="NextBestMTD_object_can_be_created_with_user_constructor"/>
    <testcase time="0.00400000000000134" classname="Rules_class" name="NextBestMTD_object_can_be_created_with_user_constructor"/>
    <testcase time="0.00999999999999801" classname="Rules_class" name=".NextBestNCRM_works_as_expected"/>
    <testcase time="0.00100000000000122" classname="Rules_class" name=".NextBestNCRM_works_as_expected"/>
    <testcase time="0.00600000000000023" classname="Rules_class" name=".NextBestNCRM_works_as_expected"/>
    <testcase time="0.0100000000000016" classname="Rules_class" name="NextBestNCRM_object_can_be_created_with_user_constructor"/>
    <testcase time="0.000999999999997669" classname="Rules_class" name="NextBestNCRM_object_can_be_created_with_user_constructor"/>
    <testcase time="0.00600000000000023" classname="Rules_class" name="NextBestNCRM_object_can_be_created_with_user_constructor"/>
    <testcase time="0.00499999999999901" classname="Rules_class" name="NextBestNCRM_object_can_be_created_with_user_constructor"/>
    <testcase time="0.00400000000000134" classname="Rules_class" name="NextBestNCRM_object_can_be_created_with_user_constructor"/>
    <testcase time="0.00400000000000134" classname="Rules_class" name="NextBestNCRM_object_can_be_created_with_user_constructor"/>
    <testcase time="0.00999999999999801" classname="Rules_class" name=".NextBestNCRMLoss_works_as_expected"/>
    <testcase time="0.00100000000000122" classname="Rules_class" name=".NextBestNCRMLoss_works_as_expected"/>
    <testcase time="0.0120000000000005" classname="Rules_class" name=".NextBestNCRMLoss_works_as_expected"/>
    <testcase time="0.0109999999999992" classname="Rules_class" name="NextBestNCRMLoss_object_can_be_created_with_user_constructor"/>
    <testcase time="0.00199999999999889" classname="Rules_class" name="NextBestNCRMLoss_object_can_be_created_with_user_constructor"/>
    <testcase time="0.00600000000000023" classname="Rules_class" name="NextBestNCRMLoss_object_can_be_created_with_user_constructor"/>
    <testcase time="0.00499999999999901" classname="Rules_class" name="NextBestNCRMLoss_object_can_be_created_with_user_constructor"/>
    <testcase time="0.00500000000000256" classname="Rules_class" name="NextBestNCRMLoss_object_can_be_created_with_user_constructor"/>
    <testcase time="0.00399999999999778" classname="Rules_class" name="NextBestNCRMLoss_object_can_be_created_with_user_constructor"/>
    <testcase time="0.00500000000000256" classname="Rules_class" name="NextBestNCRMLoss_object_can_be_created_with_user_constructor"/>
    <testcase time="0.00399999999999778" classname="Rules_class" name="NextBestNCRMLoss_object_can_be_created_with_user_constructor"/>
    <testcase time="0.00900000000000034" classname="Rules_class" name=".NextBestThreePlusThree_works_as_expected"/>
    <testcase time="0.00200000000000244" classname="Rules_class" name=".NextBestThreePlusThree_works_as_expected"/>
    <testcase time="0.00399999999999778" classname="Rules_class" name=".NextBestThreePlusThree_works_as_expected"/>
    <testcase time="0.00900000000000034" classname="Rules_class" name="NextBestThreePlusThree_object_can_be_created_with_user_constructor"/>
    <testcase time="0.00100000000000122" classname="Rules_class" name="NextBestThreePlusThree_object_can_be_created_with_user_constructor"/>
    <testcase time="0.00499999999999901" classname="Rules_class" name="NextBestThreePlusThree_object_can_be_created_with_user_constructor"/>
    <testcase time="0.00900000000000034" classname="Rules_class" name=".NextBestDualEndpoint_works_as_expected"/>
    <testcase time="0.00100000000000122" classname="Rules_class" name=".NextBestDualEndpoint_works_as_expected"/>
    <testcase time="0.0139999999999993" classname="Rules_class" name=".NextBestDualEndpoint_works_as_expected"/>
    <testcase time="0.00999999999999801" classname="Rules_class" name="NextBestDualEndpoint_object_can_be_created_with_user_constructor"/>
    <testcase time="0.00100000000000122" classname="Rules_class" name="NextBestDualEndpoint_object_can_be_created_with_user_constructor"/>
    <testcase time="0.00600000000000023" classname="Rules_class" name="NextBestDualEndpoint_object_can_be_created_with_user_constructor"/>
    <testcase time="0.00400000000000134" classname="Rules_class" name="NextBestDualEndpoint_object_can_be_created_with_user_constructor"/>
    <testcase time="0.00499999999999901" classname="Rules_class" name="NextBestDualEndpoint_object_can_be_created_with_user_constructor"/>
    <testcase time="0.00399999999999778" classname="Rules_class" name="NextBestDualEndpoint_object_can_be_created_with_user_constructor"/>
    <testcase time="0.00500000000000256" classname="Rules_class" name="NextBestDualEndpoint_object_can_be_created_with_user_constructor"/>
    <testcase time="0.00999999999999801" classname="Rules_class" name="NextBestDualEndpoint_object_can_be_created_with_user_constructor_2"/>
    <testcase time="0.00100000000000122" classname="Rules_class" name="NextBestDualEndpoint_object_can_be_created_with_user_constructor_2"/>
    <testcase time="0.00600000000000023" classname="Rules_class" name="NextBestDualEndpoint_object_can_be_created_with_user_constructor_2"/>
    <testcase time="0.00499999999999901" classname="Rules_class" name="NextBestDualEndpoint_object_can_be_created_with_user_constructor_2"/>
    <testcase time="0.00499999999999901" classname="Rules_class" name="NextBestDualEndpoint_object_can_be_created_with_user_constructor_2"/>
    <testcase time="0.00400000000000134" classname="Rules_class" name="NextBestDualEndpoint_object_can_be_created_with_user_constructor_2"/>
    <testcase time="0.00499999999999901" classname="Rules_class" name="NextBestDualEndpoint_object_can_be_created_with_user_constructor_2"/>
    <testcase time="0.0139999999999993" classname="Rules_class" name=".DefaultNextBestDualEndpoint_works_as_expected"/>
    <testcase time="0.00900000000000034" classname="Rules_class" name="NextBestMinDist_works_as_expected"/>
    <testcase time="0.00200000000000244" classname="Rules_class" name="NextBestMinDist_works_as_expected"/>
    <testcase time="0.00499999999999901" classname="Rules_class" name="NextBestMinDist_works_as_expected"/>
    <testcase time="0.0109999999999992" classname="Rules_class" name="NextBestMinDist_object_can_be_created_with_user_constructor"/>
    <testcase time="0.00100000000000122" classname="Rules_class" name="NextBestMinDist_object_can_be_created_with_user_constructor"/>
    <testcase time="0.00600000000000023" classname="Rules_class" name="NextBestMinDist_object_can_be_created_with_user_constructor"/>
    <testcase time="0.00399999999999778" classname="Rules_class" name="NextBestMinDist_object_can_be_created_with_user_constructor"/>
    <testcase time="0.0100000000000016" classname="Rules_class" name=".NextBestInfTheory_works_as_expected"/>
    <testcase time="0.00199999999999889" classname="Rules_class" name=".NextBestInfTheory_works_as_expected"/>
    <testcase time="0.00500000000000256" classname="Rules_class" name=".NextBestInfTheory_works_as_expected"/>
    <testcase time="0.00999999999999801" classname="Rules_class" name="NextBestInfTheory_object_can_be_created_with_user_constructor"/>
    <testcase time="0.00199999999999889" classname="Rules_class" name="NextBestInfTheory_object_can_be_created_with_user_constructor"/>
    <testcase time="0.00500000000000256" classname="Rules_class" name="NextBestInfTheory_object_can_be_created_with_user_constructor"/>
    <testcase time="0.00499999999999901" classname="Rules_class" name="NextBestInfTheory_object_can_be_created_with_user_constructor"/>
    <testcase time="0.00400000000000134" classname="Rules_class" name="NextBestInfTheory_object_can_be_created_with_user_constructor"/>
    <testcase time="0.00999999999999801" classname="Rules_class" name=".NextBestTD_works_as_expected"/>
    <testcase time="0.00100000000000122" classname="Rules_class" name=".NextBestTD_works_as_expected"/>
    <testcase time="0.00600000000000023" classname="Rules_class" name=".NextBestTD_works_as_expected"/>
    <testcase time="0.00999999999999801" classname="Rules_class" name="NextBestTD_object_can_be_created_with_user_constructor"/>
    <testcase time="0.00200000000000244" classname="Rules_class" name="NextBestTD_object_can_be_created_with_user_constructor"/>
    <testcase time="0.00600000000000023" classname="Rules_class" name="NextBestTD_object_can_be_created_with_user_constructor"/>
    <testcase time="0.00499999999999901" classname="Rules_class" name="NextBestTD_object_can_be_created_with_user_constructor"/>
    <testcase time="0.00399999999999778" classname="Rules_class" name="NextBestTD_object_can_be_created_with_user_constructor"/>
    <testcase time="0.00900000000000034" classname="Rules_class" name=".NextBestTDsamples_works_as_expected"/>
    <testcase time="0.00200000000000244" classname="Rules_class" name=".NextBestTDsamples_works_as_expected"/>
    <testcase time="0.0069999999999979" classname="Rules_class" name=".NextBestTDsamples_works_as_expected"/>
    <testcase time="0.0110000000000028" classname="Rules_class" name="NextBestTDsamples_object_can_be_created_with_user_constructor"/>
    <testcase time="0.000999999999997669" classname="Rules_class" name="NextBestTDsamples_object_can_be_created_with_user_constructor"/>
    <testcase time="0.00700000000000145" classname="Rules_class" name="NextBestTDsamples_object_can_be_created_with_user_constructor"/>
    <testcase time="0.00499999999999901" classname="Rules_class" name="NextBestTDsamples_object_can_be_created_with_user_constructor"/>
    <testcase time="0.00499999999999901" classname="Rules_class" name="NextBestTDsamples_object_can_be_created_with_user_constructor"/>
    <testcase time="0.00500000000000256" classname="Rules_class" name="NextBestTDsamples_object_can_be_created_with_user_constructor"/>
    <testcase time="0.00900000000000034" classname="Rules_class" name=".NextBestMaxGain_works_as_expected"/>
    <testcase time="0.00199999999999889" classname="Rules_class" name=".NextBestMaxGain_works_as_expected"/>
    <testcase time="0.00600000000000023" classname="Rules_class" name=".NextBestMaxGain_works_as_expected"/>
    <testcase time="0.0180000000000007" classname="Rules_class" name="NextBestMaxGain_object_can_be_created_with_user_constructor"/>
    <testcase time="0.00199999999999889" classname="Rules_class" name="NextBestMaxGain_object_can_be_created_with_user_constructor"/>
    <testcase time="0.00600000000000023" classname="Rules_class" name="NextBestMaxGain_object_can_be_created_with_user_constructor"/>
    <testcase time="0.00399999999999778" classname="Rules_class" name="NextBestMaxGain_object_can_be_created_with_user_constructor"/>
    <testcase time="0.00500000000000256" classname="Rules_class" name="NextBestMaxGain_object_can_be_created_with_user_constructor"/>
    <testcase time="0.00999999999999801" classname="Rules_class" name=".NextBestMaxGainSamples_works_as_expected"/>
    <testcase time="0.00100000000000122" classname="Rules_class" name=".NextBestMaxGainSamples_works_as_expected"/>
    <testcase time="0.0120000000000005" classname="Rules_class" name=".NextBestMaxGainSamples_works_as_expected"/>
    <testcase time="0.0109999999999992" classname="Rules_class" name="NextBestMaxGainSamples_object_can_be_created_with_user_constructor"/>
    <testcase time="0.00199999999999889" classname="Rules_class" name="NextBestMaxGainSamples_object_can_be_created_with_user_constructor"/>
    <testcase time="0.00700000000000145" classname="Rules_class" name="NextBestMaxGainSamples_object_can_be_created_with_user_constructor"/>
    <testcase time="0.00499999999999901" classname="Rules_class" name="NextBestMaxGainSamples_object_can_be_created_with_user_constructor"/>
    <testcase time="0.00499999999999901" classname="Rules_class" name="NextBestMaxGainSamples_object_can_be_created_with_user_constructor"/>
    <testcase time="0.00500000000000256" classname="Rules_class" name="NextBestMaxGainSamples_object_can_be_created_with_user_constructor"/>
    <testcase time="0.00499999999999901" classname="Rules_class" name="NextBestMaxGainSamples_object_can_be_created_with_user_constructor"/>
    <testcase time="0.0109999999999992" classname="Rules_class" name=".DefaultNextBestMaxGainSamples_works_as_expected"/>
    <testcase time="0.00700000000000145" classname="Rules_class" name=".DefaultNextBestMaxGainSamples_works_as_expected"/>
    <testcase time="0.00499999999999901" classname="Rules_class" name=".DefaultNextBestMaxGainSamples_works_as_expected"/>
    <testcase time="0.00499999999999901" classname="Rules_class" name=".DefaultNextBestMaxGainSamples_works_as_expected"/>
    <testcase time="0.00600000000000023" classname="Rules_class" name=".DefaultNextBestMaxGainSamples_works_as_expected"/>
    <testcase time="0.00500000000000256" classname="Rules_class" name=".DefaultNextBestMaxGainSamples_works_as_expected"/>
    <testcase time="0.00900000000000034" classname="Rules_class" name=".NextBestProbMTDLTE_works_as_expected"/>
    <testcase time="0.00199999999999889" classname="Rules_class" name=".NextBestProbMTDLTE_works_as_expected"/>
    <testcase time="0.00499999999999901" classname="Rules_class" name=".NextBestProbMTDLTE_works_as_expected"/>
    <testcase time="0.0100000000000016" classname="Rules_class" name="NextBestProbMTDLTE_object_can_be_created_with_user_constructor"/>
    <testcase time="0.00199999999999889" classname="Rules_class" name="NextBestProbMTDLTE_object_can_be_created_with_user_constructor"/>
    <testcase time="0.00499999999999901" classname="Rules_class" name="NextBestProbMTDLTE_object_can_be_created_with_user_constructor"/>
    <testcase time="0.00500000000000256" classname="Rules_class" name="NextBestProbMTDLTE_object_can_be_created_with_user_constructor"/>
    <testcase time="0.00999999999999801" classname="Rules_class" name=".DefaultNextBestProbMTDLTE_works_as_expected"/>
    <testcase time="0.00199999999999889" classname="Rules_class" name=".DefaultNextBestProbMTDLTE_works_as_expected"/>
    <testcase time="0.00500000000000256" classname="Rules_class" name=".DefaultNextBestProbMTDLTE_works_as_expected"/>
    <testcase time="0.00999999999999801" classname="Rules_class" name=".NextBestProbMTDMinDist_works_as_expected"/>
    <testcase time="0.00100000000000122" classname="Rules_class" name=".NextBestProbMTDMinDist_works_as_expected"/>
    <testcase time="0.00600000000000023" classname="Rules_class" name=".NextBestProbMTDMinDist_works_as_expected"/>
    <testcase time="0.00999999999999801" classname="Rules_class" name="NextBestProbMTDMinDist_object_can_be_created_with_user_constructor"/>
    <testcase time="0.00200000000000244" classname="Rules_class" name="NextBestProbMTDMinDist_object_can_be_created_with_user_constructor"/>
    <testcase time="0.00499999999999901" classname="Rules_class" name="NextBestProbMTDMinDist_object_can_be_created_with_user_constructor"/>
    <testcase time="0.00499999999999901" classname="Rules_class" name="NextBestProbMTDMinDist_object_can_be_created_with_user_constructor"/>
    <testcase time="0.0100000000000016" classname="Rules_class" name=".DefaultNextBestProbMTDMinDist_works_as_expected"/>
    <testcase time="0.00199999999999889" classname="Rules_class" name=".DefaultNextBestProbMTDMinDist_works_as_expected"/>
    <testcase time="0.00600000000000023" classname="Rules_class" name=".DefaultNextBestProbMTDMinDist_works_as_expected"/>
    <testcase time="0.0100000000000016" classname="Rules_class" name=".IncrementsRelative_works_as_expected"/>
    <testcase time="0.00199999999999889" classname="Rules_class" name=".IncrementsRelative_works_as_expected"/>
    <testcase time="0.00600000000000023" classname="Rules_class" name=".IncrementsRelative_works_as_expected"/>
    <testcase time="0.00999999999999801" classname="Rules_class" name="IncrementsRelative_object_can_be_created_with_user_constructor"/>
    <testcase time="0.00100000000000122" classname="Rules_class" name="IncrementsRelative_object_can_be_created_with_user_constructor"/>
    <testcase time="0.00600000000000023" classname="Rules_class" name="IncrementsRelative_object_can_be_created_with_user_constructor"/>
    <testcase time="0.00600000000000023" classname="Rules_class" name="IncrementsRelative_object_can_be_created_with_user_constructor"/>
    <testcase time="0.0120000000000005" classname="Rules_class" name="IncrementsRelative_object_can_be_created_with_user_constructor"/>
    <testcase time="0.0129999999999981" classname="Rules_class" name=".DefaultIncrementsRelative_works_as_expected"/>
    <testcase time="0.0100000000000016" classname="Rules_class" name=".IncrementsRelativeParts_works_as_expected"/>
    <testcase time="0.00199999999999889" classname="Rules_class" name=".IncrementsRelativeParts_works_as_expected"/>
    <testcase time="0.0120000000000005" classname="Rules_class" name=".IncrementsRelativeParts_works_as_expected"/>
    <testcase time="0.0109999999999992" classname="Rules_class" name="IncrementsRelativeParts_object_can_be_created_with_user_constructor"/>
    <testcase time="0.00300000000000011" classname="Rules_class" name="IncrementsRelativeParts_object_can_be_created_with_user_constructor"/>
    <testcase time="0.00700000000000145" classname="Rules_class" name="IncrementsRelativeParts_object_can_be_created_with_user_constructor"/>
    <testcase time="0.00499999999999901" classname="Rules_class" name="IncrementsRelativeParts_object_can_be_created_with_user_constructor"/>
    <testcase time="0.00499999999999901" classname="Rules_class" name="IncrementsRelativeParts_object_can_be_created_with_user_constructor"/>
    <testcase time="0.0160000000000018" classname="Rules_class" name=".DefaultIncrementsRelativeParts_works_as_expected"/>
    <testcase time="0.0150000000000006" classname="Rules_class" name=".DefaultIncrementsRelativeParts_works_as_expected"/>
    <testcase time="0.0109999999999992" classname="Rules_class" name=".IncrementsRelativeDLT_works_as_expected"/>
    <testcase time="0.00199999999999889" classname="Rules_class" name=".IncrementsRelativeDLT_works_as_expected"/>
    <testcase time="0.00600000000000023" classname="Rules_class" name=".IncrementsRelativeDLT_works_as_expected"/>
    <testcase time="0.0109999999999992" classname="Rules_class" name="IncrementsRelativeDLT_object_can_be_created_with_user_constructor"/>
    <testcase time="0.00200000000000244" classname="Rules_class" name="IncrementsRelativeDLT_object_can_be_created_with_user_constructor"/>
    <testcase time="0.00600000000000023" classname="Rules_class" name="IncrementsRelativeDLT_object_can_be_created_with_user_constructor"/>
    <testcase time="0.00500000000000256" classname="Rules_class" name="IncrementsRelativeDLT_object_can_be_created_with_user_constructor"/>
    <testcase time="0.00600000000000023" classname="Rules_class" name="IncrementsRelativeDLT_object_can_be_created_with_user_constructor"/>
    <testcase time="0.0129999999999981" classname="Rules_class" name=".DefaultIncrementsRelativeDLT_works_as_expected"/>
    <testcase time="0.0109999999999992" classname="Rules_class" name="IncrementsRelativeDLTCurrent_works_as_expected"/>
    <testcase time="0.00200000000000244" classname="Rules_class" name="IncrementsRelativeDLTCurrent_works_as_expected"/>
    <testcase time="0.00600000000000023" classname="Rules_class" name="IncrementsRelativeDLTCurrent_works_as_expected"/>
    <testcase time="0.0109999999999992" classname="Rules_class" name="IncrementsRelativeDLTCurrent_object_can_be_created_with_user_constructor"/>
    <testcase time="0.00199999999999889" classname="Rules_class" name="IncrementsRelativeDLTCurrent_object_can_be_created_with_user_constructor"/>
    <testcase time="0.00600000000000023" classname="Rules_class" name="IncrementsRelativeDLTCurrent_object_can_be_created_with_user_constructor"/>
    <testcase time="0.00499999999999901" classname="Rules_class" name="IncrementsRelativeDLTCurrent_object_can_be_created_with_user_constructor"/>
    <testcase time="0.00600000000000023" classname="Rules_class" name="IncrementsRelativeDLTCurrent_object_can_be_created_with_user_constructor"/>
    <testcase time="0.0130000000000017" classname="Rules_class" name=".DefaultIncrementsRelativeDLTCurrent_works_as_expected"/>
    <testcase time="0.00999999999999801" classname="Rules_class" name=".IncrementsDoseLevels_works_as_expected"/>
    <testcase time="0.00200000000000244" classname="Rules_class" name=".IncrementsDoseLevels_works_as_expected"/>
    <testcase time="0.00600000000000023" classname="Rules_class" name=".IncrementsDoseLevels_works_as_expected"/>
    <testcase time="0.00999999999999801" classname="Rules_class" name="IncrementsDoseLevels_object_can_be_created_with_user_constructor_default_"/>
    <testcase time="0.00100000000000122" classname="Rules_class" name="IncrementsDoseLevels_object_can_be_created_with_user_constructor_default_"/>
    <testcase time="0.00600000000000023" classname="Rules_class" name="IncrementsDoseLevels_object_can_be_created_with_user_constructor_default_"/>
    <testcase time="0.00499999999999901" classname="Rules_class" name="IncrementsDoseLevels_object_can_be_created_with_user_constructor_default_"/>
    <testcase time="0.00499999999999901" classname="Rules_class" name="IncrementsDoseLevels_object_can_be_created_with_user_constructor_default_"/>
    <testcase time="0.0169999999999995" classname="Rules_class" name="IncrementsDoseLevels_object_can_be_created_with_user_constructor"/>
    <testcase time="0.00200000000000244" classname="Rules_class" name="IncrementsDoseLevels_object_can_be_created_with_user_constructor"/>
    <testcase time="0.0069999999999979" classname="Rules_class" name="IncrementsDoseLevels_object_can_be_created_with_user_constructor"/>
    <testcase time="0.00500000000000256" classname="Rules_class" name="IncrementsDoseLevels_object_can_be_created_with_user_constructor"/>
    <testcase time="0.00499999999999901" classname="Rules_class" name="IncrementsDoseLevels_object_can_be_created_with_user_constructor"/>
    <testcase time="0.0129999999999981" classname="Rules_class" name=".DefaultIncrementsDoseLevels_works_as_expected"/>
    <testcase time="0.0100000000000016" classname="Rules_class" name=".IncrementsHSRBeta_works_as_expected"/>
    <testcase time="0.00199999999999889" classname="Rules_class" name=".IncrementsHSRBeta_works_as_expected"/>
    <testcase time="0.00600000000000023" classname="Rules_class" name=".IncrementsHSRBeta_works_as_expected"/>
    <testcase time="0.0100000000000016" classname="Rules_class" name="IncrementsHSRBeta_object_can_be_created_with_user_constructor_default_"/>
    <testcase time="0.00199999999999889" classname="Rules_class" name="IncrementsHSRBeta_object_can_be_created_with_user_constructor_default_"/>
    <testcase time="0.00700000000000145" classname="Rules_class" name="IncrementsHSRBeta_object_can_be_created_with_user_constructor_default_"/>
    <testcase time="0.00499999999999901" classname="Rules_class" name="IncrementsHSRBeta_object_can_be_created_with_user_constructor_default_"/>
    <testcase time="0.00499999999999901" classname="Rules_class" name="IncrementsHSRBeta_object_can_be_created_with_user_constructor_default_"/>
    <testcase time="0.00500000000000256" classname="Rules_class" name="IncrementsHSRBeta_object_can_be_created_with_user_constructor_default_"/>
    <testcase time="0.00600000000000023" classname="Rules_class" name="IncrementsHSRBeta_object_can_be_created_with_user_constructor_default_"/>
    <testcase time="0.00999999999999801" classname="Rules_class" name="IncrementsHSRBeta_object_can_be_created_with_user_constructor"/>
    <testcase time="0.00199999999999889" classname="Rules_class" name="IncrementsHSRBeta_object_can_be_created_with_user_constructor"/>
    <testcase time="0.00700000000000145" classname="Rules_class" name="IncrementsHSRBeta_object_can_be_created_with_user_constructor"/>
    <testcase time="0.00499999999999901" classname="Rules_class" name="IncrementsHSRBeta_object_can_be_created_with_user_constructor"/>
    <testcase time="0.00500000000000256" classname="Rules_class" name="IncrementsHSRBeta_object_can_be_created_with_user_constructor"/>
    <testcase time="0.00599999999999667" classname="Rules_class" name="IncrementsHSRBeta_object_can_be_created_with_user_constructor"/>
    <testcase time="0.00500000000000256" classname="Rules_class" name="IncrementsHSRBeta_object_can_be_created_with_user_constructor"/>
    <testcase time="0.0139999999999993" classname="Rules_class" name=".DefaultIncrementsHSRBeta_works_as_expected"/>
    <testcase time="0.0100000000000016" classname="Rules_class" name=".IncrementsMin_works_as_expected"/>
    <testcase time="0.00199999999999889" classname="Rules_class" name=".IncrementsMin_works_as_expected"/>
    <testcase time="0.00600000000000023" classname="Rules_class" name=".IncrementsMin_works_as_expected"/>
    <testcase time="0.0109999999999992" classname="Rules_class" name="IncrementsMin_object_can_be_created_with_user_constructor"/>
    <testcase time="0.00199999999999889" classname="Rules_class" name="IncrementsMin_object_can_be_created_with_user_constructor"/>
    <testcase time="0.00600000000000023" classname="Rules_class" name="IncrementsMin_object_can_be_created_with_user_constructor"/>
    <testcase time="0.00500000000000256" classname="Rules_class" name="IncrementsMin_object_can_be_created_with_user_constructor"/>
    <testcase time="0.014999999999997" classname="Rules_class" name=".DefaultIncrementsMin_works_as_expected"/>
    <testcase time="0.00900000000000034" classname="Rules_class" name=".StoppingMissingDose_works_as_expected"/>
    <testcase time="0.00300000000000011" classname="Rules_class" name=".StoppingMissingDose_works_as_expected"/>
    <testcase time="0.00499999999999901" classname="Rules_class" name=".StoppingMissingDose_works_as_expected"/>
    <testcase time="0.0120000000000005" classname="Rules_class" name=".DefaultStoppingMissingDose_works_as_expected"/>
    <testcase time="0.0100000000000016" classname="Rules_class" name=".StoppingCohortsNearDose_works_as_expected"/>
    <testcase time="0.00300000000000011" classname="Rules_class" name=".StoppingCohortsNearDose_works_as_expected"/>
    <testcase time="0.00600000000000023" classname="Rules_class" name=".StoppingCohortsNearDose_works_as_expected"/>
    <testcase time="0.0189999999999984" classname="Rules_class" name="StoppingCohortsNearDose_object_can_be_created_with_user_constructor_default_"/>
    <testcase time="0.00200000000000244" classname="Rules_class" name="StoppingCohortsNearDose_object_can_be_created_with_user_constructor_default_"/>
    <testcase time="0.0069999999999979" classname="Rules_class" name="StoppingCohortsNearDose_object_can_be_created_with_user_constructor_default_"/>
    <testcase time="0.00499999999999901" classname="Rules_class" name="StoppingCohortsNearDose_object_can_be_created_with_user_constructor_default_"/>
    <testcase time="0.00600000000000023" classname="Rules_class" name="StoppingCohortsNearDose_object_can_be_created_with_user_constructor_default_"/>
    <testcase time="0.00500000000000256" classname="Rules_class" name="StoppingCohortsNearDose_object_can_be_created_with_user_constructor_default_"/>
    <testcase time="0.0109999999999992" classname="Rules_class" name="StoppingCohortsNearDose_object_can_be_created_with_user_constructor"/>
    <testcase time="0.00199999999999889" classname="Rules_class" name="StoppingCohortsNearDose_object_can_be_created_with_user_constructor"/>
    <testcase time="0.00600000000000023" classname="Rules_class" name="StoppingCohortsNearDose_object_can_be_created_with_user_constructor"/>
    <testcase time="0.00600000000000023" classname="Rules_class" name="StoppingCohortsNearDose_object_can_be_created_with_user_constructor"/>
    <testcase time="0.00499999999999901" classname="Rules_class" name="StoppingCohortsNearDose_object_can_be_created_with_user_constructor"/>
    <testcase time="0.00500000000000256" classname="Rules_class" name="StoppingCohortsNearDose_object_can_be_created_with_user_constructor"/>
    <testcase time="0.0109999999999992" classname="Rules_class" name="StoppingCohortsNearDose_replaces_empty_label_with_correct_default_label"/>
    <testcase time="0.00499999999999901" classname="Rules_class" name="StoppingCohortsNearDose_replaces_empty_label_with_correct_default_label"/>
    <testcase time="0.0130000000000017" classname="Rules_class" name=".DefaultStoppingCohortsNearDose_works_as_expected"/>
    <testcase time="0.00999999999999801" classname="Rules_class" name=".StoppingPatientsNearDose_works_as_expected"/>
    <testcase time="0.00200000000000244" classname="Rules_class" name=".StoppingPatientsNearDose_works_as_expected"/>
    <testcase time="0.00599999999999667" classname="Rules_class" name=".StoppingPatientsNearDose_works_as_expected"/>
    <testcase time="0.0110000000000028" classname="Rules_class" name="StoppingPatientsNearDose_object_can_be_created_with_user_constructor_default_"/>
    <testcase time="0.00300000000000011" classname="Rules_class" name="StoppingPatientsNearDose_object_can_be_created_with_user_constructor_default_"/>
    <testcase time="0.0069999999999979" classname="Rules_class" name="StoppingPatientsNearDose_object_can_be_created_with_user_constructor_default_"/>
    <testcase time="0.00500000000000256" classname="Rules_class" name="StoppingPatientsNearDose_object_can_be_created_with_user_constructor_default_"/>
    <testcase time="0.00499999999999901" classname="Rules_class" name="StoppingPatientsNearDose_object_can_be_created_with_user_constructor_default_"/>
    <testcase time="0.00600000000000023" classname="Rules_class" name="StoppingPatientsNearDose_object_can_be_created_with_user_constructor_default_"/>
    <testcase time="0.0110000000000028" classname="Rules_class" name="StoppingPatientsNearDose_object_can_be_created_with_user_constructor"/>
    <testcase time="0.00199999999999889" classname="Rules_class" name="StoppingPatientsNearDose_object_can_be_created_with_user_constructor"/>
    <testcase time="0.00700000000000145" classname="Rules_class" name="StoppingPatientsNearDose_object_can_be_created_with_user_constructor"/>
    <testcase time="0.00499999999999901" classname="Rules_class" name="StoppingPatientsNearDose_object_can_be_created_with_user_constructor"/>
    <testcase time="0.00499999999999901" classname="Rules_class" name="StoppingPatientsNearDose_object_can_be_created_with_user_constructor"/>
    <testcase time="0.00600000000000023" classname="Rules_class" name="StoppingPatientsNearDose_object_can_be_created_with_user_constructor"/>
    <testcase time="0.0109999999999992" classname="Rules_class" name="StoppingPatientsNearDose_replaces_empty_label_with_correct_default_label"/>
    <testcase time="0.00500000000000256" classname="Rules_class" name="StoppingPatientsNearDose_replaces_empty_label_with_correct_default_label"/>
    <testcase time="0.0139999999999993" classname="Rules_class" name=".DefaultStoppingPatientsNearDose_works_as_expected"/>
    <testcase time="0.00999999999999801" classname="Rules_class" name=".StoppingMinCohorts_works_as_expected"/>
    <testcase time="0.00200000000000244" classname="Rules_class" name=".StoppingMinCohorts_works_as_expected"/>
    <testcase time="0.00600000000000023" classname="Rules_class" name=".StoppingMinCohorts_works_as_expected"/>
    <testcase time="0.00999999999999801" classname="Rules_class" name="StoppingMinCohorts_object_can_be_created_with_user_constructor_default_"/>
    <testcase time="0.00300000000000011" classname="Rules_class" name="StoppingMinCohorts_object_can_be_created_with_user_constructor_default_"/>
    <testcase time="0.00600000000000023" classname="Rules_class" name="StoppingMinCohorts_object_can_be_created_with_user_constructor_default_"/>
    <testcase time="0.0120000000000005" classname="Rules_class" name="StoppingMinCohorts_object_can_be_created_with_user_constructor_default_"/>
    <testcase time="0.00600000000000023" classname="Rules_class" name="StoppingMinCohorts_object_can_be_created_with_user_constructor_default_"/>
    <testcase time="0.00999999999999801" classname="Rules_class" name="StoppingMinCohorts_object_can_be_created_with_user_constructor"/>
    <testcase time="0.00200000000000244" classname="Rules_class" name="StoppingMinCohorts_object_can_be_created_with_user_constructor"/>
    <testcase time="0.00600000000000023" classname="Rules_class" name="StoppingMinCohorts_object_can_be_created_with_user_constructor"/>
    <testcase time="0.00600000000000023" classname="Rules_class" name="StoppingMinCohorts_object_can_be_created_with_user_constructor"/>
    <testcase time="0.00599999999999667" classname="Rules_class" name="StoppingMinCohorts_object_can_be_created_with_user_constructor"/>
    <testcase time="0.0110000000000028" classname="Rules_class" name="StoppingMinCohorts_replaces_empty_label_with_correct_default_label"/>
    <testcase time="0.00600000000000023" classname="Rules_class" name="StoppingMinCohorts_replaces_empty_label_with_correct_default_label"/>
    <testcase time="0.0139999999999993" classname="Rules_class" name=".DefaultStoppingMinCohorts_works_as_expected"/>
    <testcase time="0.00999999999999801" classname="Rules_class" name=".StoppingMinPatients_works_as_expected"/>
    <testcase time="0.00300000000000011" classname="Rules_class" name=".StoppingMinPatients_works_as_expected"/>
    <testcase time="0.00600000000000023" classname="Rules_class" name=".StoppingMinPatients_works_as_expected"/>
    <testcase time="0.0109999999999992" classname="Rules_class" name="StoppingMinPatients_object_can_be_created_with_user_constructor_default_"/>
    <testcase time="0.00200000000000244" classname="Rules_class" name="StoppingMinPatients_object_can_be_created_with_user_constructor_default_"/>
    <testcase time="0.00600000000000023" classname="Rules_class" name="StoppingMinPatients_object_can_be_created_with_user_constructor_default_"/>
    <testcase time="0.00600000000000023" classname="Rules_class" name="StoppingMinPatients_object_can_be_created_with_user_constructor_default_"/>
    <testcase time="0.00499999999999901" classname="Rules_class" name="StoppingMinPatients_object_can_be_created_with_user_constructor_default_"/>
    <testcase time="0.0109999999999992" classname="Rules_class" name="StoppingMinPatients_object_can_be_created_with_user_constructor"/>
    <testcase time="0.00199999999999889" classname="Rules_class" name="StoppingMinPatients_object_can_be_created_with_user_constructor"/>
    <testcase time="0.00600000000000023" classname="Rules_class" name="StoppingMinPatients_object_can_be_created_with_user_constructor"/>
    <testcase time="0.00600000000000023" classname="Rules_class" name="StoppingMinPatients_object_can_be_created_with_user_constructor"/>
    <testcase time="0.00500000000000256" classname="Rules_class" name="StoppingMinPatients_object_can_be_created_with_user_constructor"/>
    <testcase time="0.0109999999999992" classname="Rules_class" name="StoppingMinPatients_replaces_empty_label_with_correct_default_label"/>
    <testcase time="0.00600000000000023" classname="Rules_class" name="StoppingMinPatients_replaces_empty_label_with_correct_default_label"/>
    <testcase time="0.0139999999999993" classname="Rules_class" name=".DefaultStoppingMinPatients_works_as_expected"/>
    <testcase time="0.0109999999999992" classname="Rules_class" name=".StoppingTargetProb_works_as_expected"/>
    <testcase time="0.00199999999999889" classname="Rules_class" name=".StoppingTargetProb_works_as_expected"/>
    <testcase time="0.00700000000000145" classname="Rules_class" name=".StoppingTargetProb_works_as_expected"/>
    <testcase time="0.0109999999999992" classname="Rules_class" name="StoppingTargetProb_object_can_be_created_with_user_constructor_default_"/>
    <testcase time="0.00300000000000011" classname="Rules_class" name="StoppingTargetProb_object_can_be_created_with_user_constructor_default_"/>
    <testcase time="0.00700000000000145" classname="Rules_class" name="StoppingTargetProb_object_can_be_created_with_user_constructor_default_"/>
    <testcase time="0.00499999999999901" classname="Rules_class" name="StoppingTargetProb_object_can_be_created_with_user_constructor_default_"/>
    <testcase time="0.00600000000000023" classname="Rules_class" name="StoppingTargetProb_object_can_be_created_with_user_constructor_default_"/>
    <testcase time="0.00499999999999901" classname="Rules_class" name="StoppingTargetProb_object_can_be_created_with_user_constructor_default_"/>
    <testcase time="0.0110000000000028" classname="Rules_class" name="StoppingTargetProb_object_can_be_created_with_user_constructor"/>
    <testcase time="0.00999999999999801" classname="Rules_class" name="StoppingTargetProb_object_can_be_created_with_user_constructor"/>
    <testcase time="0.00700000000000145" classname="Rules_class" name="StoppingTargetProb_object_can_be_created_with_user_constructor"/>
    <testcase time="0.00600000000000023" classname="Rules_class" name="StoppingTargetProb_object_can_be_created_with_user_constructor"/>
    <testcase time="0.00499999999999901" classname="Rules_class" name="StoppingTargetProb_object_can_be_created_with_user_constructor"/>
    <testcase time="0.00600000000000023" classname="Rules_class" name="StoppingTargetProb_object_can_be_created_with_user_constructor"/>
    <testcase time="0.0109999999999992" classname="Rules_class" name="StoppingTargetProb_replaces_empty_label_with_correct_default_label"/>
    <testcase time="0.00499999999999901" classname="Rules_class" name="StoppingTargetProb_replaces_empty_label_with_correct_default_label"/>
    <testcase time="0.0150000000000006" classname="Rules_class" name=".DefaultStoppingTargetProb_works_as_expected"/>
    <testcase time="0.0109999999999992" classname="Rules_class" name=".StoppingMTDdistribution_works_as_expected"/>
    <testcase time="0.00300000000000011" classname="Rules_class" name=".StoppingMTDdistribution_works_as_expected"/>
    <testcase time="0.00700000000000145" classname="Rules_class" name=".StoppingMTDdistribution_works_as_expected"/>
    <testcase time="0.0109999999999992" classname="Rules_class" name="StoppingMTDdistribution_object_can_be_created_with_user_constructor_default_"/>
    <testcase time="0.00300000000000011" classname="Rules_class" name="StoppingMTDdistribution_object_can_be_created_with_user_constructor_default_"/>
    <testcase time="0.0069999999999979" classname="Rules_class" name="StoppingMTDdistribution_object_can_be_created_with_user_constructor_default_"/>
    <testcase time="0.00600000000000023" classname="Rules_class" name="StoppingMTDdistribution_object_can_be_created_with_user_constructor_default_"/>
    <testcase time="0.00600000000000023" classname="Rules_class" name="StoppingMTDdistribution_object_can_be_created_with_user_constructor_default_"/>
    <testcase time="0.00499999999999901" classname="Rules_class" name="StoppingMTDdistribution_object_can_be_created_with_user_constructor_default_"/>
    <testcase time="0.00600000000000023" classname="Rules_class" name="StoppingMTDdistribution_object_can_be_created_with_user_constructor_default_"/>
    <testcase time="0.0120000000000005" classname="Rules_class" name="StoppingMTDdistribution_object_can_be_created_with_user_constructor"/>
    <testcase time="0.00300000000000011" classname="Rules_class" name="StoppingMTDdistribution_object_can_be_created_with_user_constructor"/>
    <testcase time="0.00700000000000145" classname="Rules_class" name="StoppingMTDdistribution_object_can_be_created_with_user_constructor"/>
    <testcase time="0.00600000000000023" classname="Rules_class" name="StoppingMTDdistribution_object_can_be_created_with_user_constructor"/>
    <testcase time="0.00599999999999667" classname="Rules_class" name="StoppingMTDdistribution_object_can_be_created_with_user_constructor"/>
    <testcase time="0.00600000000000023" classname="Rules_class" name="StoppingMTDdistribution_object_can_be_created_with_user_constructor"/>
    <testcase time="0.00600000000000023" classname="Rules_class" name="StoppingMTDdistribution_object_can_be_created_with_user_constructor"/>
    <testcase time="0.0120000000000005" classname="Rules_class" name="StoppingMTDdistribution_replaces_empty_label_with_correct_default_label"/>
    <testcase time="0.0069999999999979" classname="Rules_class" name="StoppingMTDdistribution_replaces_empty_label_with_correct_default_label"/>
    <testcase time="0.0150000000000006" classname="Rules_class" name=".DefaultStoppingMTDdistribution_works_as_expected"/>
    <testcase time="0.0110000000000028" classname="Rules_class" name=".StoppingMTDCV_works_as_expected"/>
    <testcase time="0.00300000000000011" classname="Rules_class" name=".StoppingMTDCV_works_as_expected"/>
    <testcase time="0.00800000000000267" classname="Rules_class" name=".StoppingMTDCV_works_as_expected"/>
    <testcase time="0.0119999999999933" classname="Rules_class" name="StoppingMTDCV_object_can_be_created_with_user_constructor_default_"/>
    <testcase time="0.00300000000000011" classname="Rules_class" name="StoppingMTDCV_object_can_be_created_with_user_constructor_default_"/>
    <testcase time="0.007000000000005" classname="Rules_class" name="StoppingMTDCV_object_can_be_created_with_user_constructor_default_"/>
    <testcase time="0.00600000000000023" classname="Rules_class" name="StoppingMTDCV_object_can_be_created_with_user_constructor_default_"/>
    <testcase time="0.0150000000000006" classname="Rules_class" name="StoppingMTDCV_object_can_be_created_with_user_constructor_default_"/>
    <testcase time="0.0069999999999979" classname="Rules_class" name="StoppingMTDCV_object_can_be_created_with_user_constructor_default_"/>
    <testcase time="0.0120000000000005" classname="Rules_class" name="StoppingMTDCV_object_can_be_created_with_user_constructor"/>
    <testcase time="0.00300000000000011" classname="Rules_class" name="StoppingMTDCV_object_can_be_created_with_user_constructor"/>
    <testcase time="0.00799999999999557" classname="Rules_class" name="StoppingMTDCV_object_can_be_created_with_user_constructor"/>
    <testcase time="0.00600000000000023" classname="Rules_class" name="StoppingMTDCV_object_can_be_created_with_user_constructor"/>
    <testcase time="0.00600000000000023" classname="Rules_class" name="StoppingMTDCV_object_can_be_created_with_user_constructor"/>
    <testcase time="0.007000000000005" classname="Rules_class" name="StoppingMTDCV_object_can_be_created_with_user_constructor"/>
    <testcase time="0.0120000000000005" classname="Rules_class" name="StoppingMTDCV_replaces_empty_label_with_correct_default_label"/>
    <testcase time="0.0069999999999979" classname="Rules_class" name="StoppingMTDCV_replaces_empty_label_with_correct_default_label"/>
    <testcase time="0.0150000000000006" classname="Rules_class" name=".DefaultStoppingMTDCV_works_as_expected"/>
    <testcase time="0.0109999999999957" classname="Rules_class" name=".StoppingLowestDoseHSRBeta_works_as_expected"/>
    <testcase time="0.00300000000000011" classname="Rules_class" name=".StoppingLowestDoseHSRBeta_works_as_expected"/>
    <testcase time="0.0069999999999979" classname="Rules_class" name=".StoppingLowestDoseHSRBeta_works_as_expected"/>
    <testcase time="0.0129999999999981" classname="Rules_class" name="StoppingLowestDoseHSRBeta_object_can_be_created_with_user_constructor_default_"/>
    <testcase time="0.00300000000000011" classname="Rules_class" name="StoppingLowestDoseHSRBeta_object_can_be_created_with_user_constructor_default_"/>
    <testcase time="0.007000000000005" classname="Rules_class" name="StoppingLowestDoseHSRBeta_object_can_be_created_with_user_constructor_default_"/>
    <testcase time="0.0069999999999979" classname="Rules_class" name="StoppingLowestDoseHSRBeta_object_can_be_created_with_user_constructor_default_"/>
    <testcase time="0.00600000000000023" classname="Rules_class" name="StoppingLowestDoseHSRBeta_object_can_be_created_with_user_constructor_default_"/>
    <testcase time="0.00600000000000023" classname="Rules_class" name="StoppingLowestDoseHSRBeta_object_can_be_created_with_user_constructor_default_"/>
    <testcase time="0.0069999999999979" classname="Rules_class" name="StoppingLowestDoseHSRBeta_object_can_be_created_with_user_constructor_default_"/>
    <testcase time="0.00600000000000023" classname="Rules_class" name="StoppingLowestDoseHSRBeta_object_can_be_created_with_user_constructor_default_"/>
    <testcase time="0.0129999999999981" classname="Rules_class" name="StoppingLowestDoseHSRBeta_object_can_be_created_with_user_constructor"/>
    <testcase time="0.00300000000000011" classname="Rules_class" name="StoppingLowestDoseHSRBeta_object_can_be_created_with_user_constructor"/>
    <testcase time="0.00800000000000267" classname="Rules_class" name="StoppingLowestDoseHSRBeta_object_can_be_created_with_user_constructor"/>
    <testcase time="0.00600000000000023" classname="Rules_class" name="StoppingLowestDoseHSRBeta_object_can_be_created_with_user_constructor"/>
    <testcase time="0.0069999999999979" classname="Rules_class" name="StoppingLowestDoseHSRBeta_object_can_be_created_with_user_constructor"/>
    <testcase time="0.007000000000005" classname="Rules_class" name="StoppingLowestDoseHSRBeta_object_can_be_created_with_user_constructor"/>
    <testcase time="0.00600000000000023" classname="Rules_class" name="StoppingLowestDoseHSRBeta_object_can_be_created_with_user_constructor"/>
    <testcase time="0.0069999999999979" classname="Rules_class" name="StoppingLowestDoseHSRBeta_object_can_be_created_with_user_constructor"/>
    <testcase time="0.0120000000000005" classname="Rules_class" name="StoppingLowestDoseHSRBeta_replaces_empty_label_with_correct_default_label"/>
    <testcase time="0.0069999999999979" classname="Rules_class" name="StoppingLowestDoseHSRBeta_replaces_empty_label_with_correct_default_label"/>
    <testcase time="0.0159999999999982" classname="Rules_class" name=".DefaultStoppingLowestDoseHSRBeta_works_as_expected"/>
    <testcase time="0.0190000000000055" classname="Rules_class" name=".StoppingTargetBiomarker_works_as_expected"/>
    <testcase time="0.00399999999999778" classname="Rules_class" name=".StoppingTargetBiomarker_works_as_expected"/>
    <testcase time="0.00799999999999557" classname="Rules_class" name=".StoppingTargetBiomarker_works_as_expected"/>
    <testcase time="0.0120000000000005" classname="Rules_class" name="StoppingTargetBiomarker_object_can_be_created_with_user_constructor_default_"/>
    <testcase time="0.00300000000000011" classname="Rules_class" name="StoppingTargetBiomarker_object_can_be_created_with_user_constructor_default_"/>
    <testcase time="0.00800000000000267" classname="Rules_class" name="StoppingTargetBiomarker_object_can_be_created_with_user_constructor_default_"/>
    <testcase time="0.0069999999999979" classname="Rules_class" name="StoppingTargetBiomarker_object_can_be_created_with_user_constructor_default_"/>
    <testcase time="0.007000000000005" classname="Rules_class" name="StoppingTargetBiomarker_object_can_be_created_with_user_constructor_default_"/>
    <testcase time="0.00600000000000023" classname="Rules_class" name="StoppingTargetBiomarker_object_can_be_created_with_user_constructor_default_"/>
    <testcase time="0.0129999999999981" classname="Rules_class" name="StoppingTargetBiomarker_object_can_be_created_with_user_constructor"/>
    <testcase time="0.00300000000000011" classname="Rules_class" name="StoppingTargetBiomarker_object_can_be_created_with_user_constructor"/>
    <testcase time="0.0069999999999979" classname="Rules_class" name="StoppingTargetBiomarker_object_can_be_created_with_user_constructor"/>
    <testcase time="0.00600000000000023" classname="Rules_class" name="StoppingTargetBiomarker_object_can_be_created_with_user_constructor"/>
    <testcase time="0.00600000000000023" classname="Rules_class" name="StoppingTargetBiomarker_object_can_be_created_with_user_constructor"/>
    <testcase time="0.00600000000000023" classname="Rules_class" name="StoppingTargetBiomarker_object_can_be_created_with_user_constructor"/>
    <testcase time="0.007000000000005" classname="Rules_class" name="StoppingTargetBiomarker_object_can_be_created_with_user_constructor"/>
    <testcase time="0.0120000000000005" classname="Rules_class" name="StoppingTargetBiomarker_replaces_empty_label_with_correct_default_label"/>
    <testcase time="0.0069999999999979" classname="Rules_class" name="StoppingTargetBiomarker_replaces_empty_label_with_correct_default_label"/>
    <testcase time="0.0169999999999959" classname="Rules_class" name=".DefaultStoppingTargetBiomarker_works_as_expected"/>
    <testcase time="0.0120000000000005" classname="Rules_class" name=".StoppingSpecificDose_works_as_expected"/>
    <testcase time="0.00300000000000011" classname="Rules_class" name=".StoppingSpecificDose_works_as_expected"/>
    <testcase time="0.007000000000005" classname="Rules_class" name=".StoppingSpecificDose_works_as_expected"/>
    <testcase time="0.0129999999999981" classname="Rules_class" name="StoppingSpecificDose_object_can_be_created_with_user_constructor_default_"/>
    <testcase time="0.00300000000000011" classname="Rules_class" name="StoppingSpecificDose_object_can_be_created_with_user_constructor_default_"/>
    <testcase time="0.0069999999999979" classname="Rules_class" name="StoppingSpecificDose_object_can_be_created_with_user_constructor_default_"/>
    <testcase time="0.00300000000000011" classname="Rules_class" name="StoppingSpecificDose_object_can_be_created_with_user_constructor_default_"/>
    <testcase time="0.0069999999999979" classname="Rules_class" name="StoppingSpecificDose_object_can_be_created_with_user_constructor_default_"/>
    <testcase time="0.007000000000005" classname="Rules_class" name="StoppingSpecificDose_object_can_be_created_with_user_constructor_default_"/>
    <testcase time="0.00600000000000023" classname="Rules_class" name="StoppingSpecificDose_object_can_be_created_with_user_constructor_default_"/>
    <testcase time="0.0069999999999979" classname="Rules_class" name="StoppingSpecificDose_object_can_be_created_with_user_constructor_default_"/>
    <testcase time="0.00600000000000023" classname="Rules_class" name="StoppingSpecificDose_object_can_be_created_with_user_constructor_default_"/>
    <testcase time="0.0129999999999981" classname="Rules_class" name="StoppingSpecificDose_object_can_be_created_with_user_constructor"/>
    <testcase time="0.00300000000000011" classname="Rules_class" name="StoppingSpecificDose_object_can_be_created_with_user_constructor"/>
    <testcase time="0.007000000000005" classname="Rules_class" name="StoppingSpecificDose_object_can_be_created_with_user_constructor"/>
    <testcase time="0.0109999999999957" classname="Rules_class" name="StoppingSpecificDose_object_can_be_created_with_user_constructor"/>
    <testcase time="0.00800000000000267" classname="Rules_class" name="StoppingSpecificDose_object_can_be_created_with_user_constructor"/>
    <testcase time="0.00600000000000023" classname="Rules_class" name="StoppingSpecificDose_object_can_be_created_with_user_constructor"/>
    <testcase time="0.0069999999999979" classname="Rules_class" name="StoppingSpecificDose_object_can_be_created_with_user_constructor"/>
    <testcase time="0.0069999999999979" classname="Rules_class" name="StoppingSpecificDose_object_can_be_created_with_user_constructor"/>
    <testcase time="0.00600000000000023" classname="Rules_class" name="StoppingSpecificDose_object_can_be_created_with_user_constructor"/>
    <testcase time="0.0140000000000029" classname="Rules_class" name="StoppingSpecificDose_replaces_empty_label_with_correct_default_label"/>
    <testcase time="0.0069999999999979" classname="Rules_class" name="StoppingSpecificDose_replaces_empty_label_with_correct_default_label"/>
    <testcase time="0.0180000000000007" classname="Rules_class" name=".DefaultStoppingSpecificDose_works_as_expected"/>
    <testcase time="0.0110000000000028" classname="Rules_class" name=".StoppingHighestDose_works_as_expected"/>
    <testcase time="0.00399999999999778" classname="Rules_class" name=".StoppingHighestDose_works_as_expected"/>
    <testcase time="0.00600000000000023" classname="Rules_class" name=".StoppingHighestDose_works_as_expected"/>
    <testcase time="0.0110000000000028" classname="Rules_class" name="StoppingHighestDose_object_can_be_created_with_user_constructor_default_"/>
    <testcase time="0.00300000000000011" classname="Rules_class" name="StoppingHighestDose_object_can_be_created_with_user_constructor_default_"/>
    <testcase time="0.00600000000000023" classname="Rules_class" name="StoppingHighestDose_object_can_be_created_with_user_constructor_default_"/>
    <testcase time="0.0069999999999979" classname="Rules_class" name="StoppingHighestDose_object_can_be_created_with_user_constructor_default_"/>
    <testcase time="0.0109999999999957" classname="Rules_class" name="StoppingHighestDose_object_can_be_created_with_user_constructor"/>
    <testcase time="0.00300000000000011" classname="Rules_class" name="StoppingHighestDose_object_can_be_created_with_user_constructor"/>
    <testcase time="0.00600000000000023" classname="Rules_class" name="StoppingHighestDose_object_can_be_created_with_user_constructor"/>
    <testcase time="0.007000000000005" classname="Rules_class" name="StoppingHighestDose_object_can_be_created_with_user_constructor"/>
    <testcase time="0.0109999999999957" classname="Rules_class" name="StoppingHighestDose_replaces_empty_label_with_correct_default_label"/>
    <testcase time="0.00600000000000023" classname="Rules_class" name="StoppingHighestDose_replaces_empty_label_with_correct_default_label"/>
    <testcase time="0.0130000000000052" classname="Rules_class" name=".DefaultStoppingHighestDose_works_as_expected"/>
    <testcase time="0.0109999999999957" classname="Rules_class" name=".StoppingList_works_as_expected"/>
    <testcase time="0.00300000000000011" classname="Rules_class" name=".StoppingList_works_as_expected"/>
    <testcase time="0.00800000000000267" classname="Rules_class" name=".StoppingList_works_as_expected"/>
    <testcase time="0.0129999999999981" classname="Rules_class" name="StoppingList_object_can_be_created_with_user_constructor"/>
    <testcase time="0.00300000000000011" classname="Rules_class" name="StoppingList_object_can_be_created_with_user_constructor"/>
    <testcase time="0.0069999999999979" classname="Rules_class" name="StoppingList_object_can_be_created_with_user_constructor"/>
    <testcase time="0.007000000000005" classname="Rules_class" name="StoppingList_object_can_be_created_with_user_constructor"/>
    <testcase time="0.0069999999999979" classname="Rules_class" name="StoppingList_object_can_be_created_with_user_constructor"/>
    <testcase time="0.027000000000001" classname="Rules_class" name=".DefaultStoppingList_works_as_expected"/>
    <testcase time="0.0120000000000005" classname="Rules_class" name=".StoppingAll_works_as_expected"/>
    <testcase time="0.00300000000000011" classname="Rules_class" name=".StoppingAll_works_as_expected"/>
    <testcase time="0.00799999999999557" classname="Rules_class" name=".StoppingAll_works_as_expected"/>
    <testcase time="0.0140000000000029" classname="Rules_class" name="StoppingAll_object_can_be_created_with_user_constructor"/>
    <testcase time="0.00300000000000011" classname="Rules_class" name="StoppingAll_object_can_be_created_with_user_constructor"/>
    <testcase time="0.0069999999999979" classname="Rules_class" name="StoppingAll_object_can_be_created_with_user_constructor"/>
    <testcase time="0.00599999999999312" classname="Rules_class" name="StoppingAll_object_can_be_created_with_user_constructor"/>
    <testcase time="0.00600000000000023" classname="Rules_class" name="StoppingAll_object_can_be_created_with_user_constructor"/>
    <testcase time="0.0110000000000028" classname="Rules_class" name=".StoppingAny_works_as_expected"/>
    <testcase time="0.00399999999999778" classname="Rules_class" name=".StoppingAny_works_as_expected"/>
    <testcase time="0.007000000000005" classname="Rules_class" name=".StoppingAny_works_as_expected"/>
    <testcase time="0.0139999999999958" classname="Rules_class" name="StoppingAny_object_can_be_created_with_user_constructor"/>
    <testcase time="0.00300000000000011" classname="Rules_class" name="StoppingAny_object_can_be_created_with_user_constructor"/>
    <testcase time="0.007000000000005" classname="Rules_class" name="StoppingAny_object_can_be_created_with_user_constructor"/>
    <testcase time="0.0069999999999979" classname="Rules_class" name="StoppingAny_object_can_be_created_with_user_constructor"/>
    <testcase time="0.00600000000000023" classname="Rules_class" name="StoppingAny_object_can_be_created_with_user_constructor"/>
    <testcase time="0.0109999999999957" classname="Rules_class" name=".StoppingTDCIRatio_works_as_expected"/>
    <testcase time="0.00300000000000011" classname="Rules_class" name=".StoppingTDCIRatio_works_as_expected"/>
    <testcase time="0.007000000000005" classname="Rules_class" name=".StoppingTDCIRatio_works_as_expected"/>
    <testcase time="0.0120000000000005" classname="Rules_class" name="StoppingTDCIRatio_object_can_be_created_with_user_constructor_default_"/>
    <testcase time="0.00300000000000011" classname="Rules_class" name="StoppingTDCIRatio_object_can_be_created_with_user_constructor_default_"/>
    <testcase time="0.0069999999999979" classname="Rules_class" name="StoppingTDCIRatio_object_can_be_created_with_user_constructor_default_"/>
    <testcase time="0.0069999999999979" classname="Rules_class" name="StoppingTDCIRatio_object_can_be_created_with_user_constructor_default_"/>
    <testcase time="0.00600000000000023" classname="Rules_class" name="StoppingTDCIRatio_object_can_be_created_with_user_constructor_default_"/>
    <testcase time="0.00600000000000023" classname="Rules_class" name="StoppingTDCIRatio_object_can_be_created_with_user_constructor_default_"/>
    <testcase time="0.0110000000000028" classname="Rules_class" name="StoppingTDCIRatio_object_can_be_created_with_user_constructor"/>
    <testcase time="0.00399999999999778" classname="Rules_class" name="StoppingTDCIRatio_object_can_be_created_with_user_constructor"/>
    <testcase time="0.0069999999999979" classname="Rules_class" name="StoppingTDCIRatio_object_can_be_created_with_user_constructor"/>
    <testcase time="0.007000000000005" classname="Rules_class" name="StoppingTDCIRatio_object_can_be_created_with_user_constructor"/>
    <testcase time="0.0069999999999979" classname="Rules_class" name="StoppingTDCIRatio_object_can_be_created_with_user_constructor"/>
    <testcase time="0.0140000000000029" classname="Rules_class" name="StoppingTDCIRatio_object_can_be_created_with_user_constructor"/>
    <testcase time="0.0119999999999933" classname="Rules_class" name="StoppingTDCIRatio_replaces_empty_label_with_correct_default_label"/>
    <testcase time="0.00600000000000023" classname="Rules_class" name="StoppingTDCIRatio_replaces_empty_label_with_correct_default_label"/>
    <testcase time="0.0160000000000053" classname="Rules_class" name=".DefaultStoppingTDCIRatio_works_as_expected"/>
    <testcase time="0.0109999999999957" classname="Rules_class" name=".StoppingMaxGainCIRatio_works_as_expected"/>
    <testcase time="0.00400000000000489" classname="Rules_class" name=".StoppingMaxGainCIRatio_works_as_expected"/>
    <testcase time="0.00799999999999557" classname="Rules_class" name=".StoppingMaxGainCIRatio_works_as_expected"/>
    <testcase time="0.0120000000000005" classname="Rules_class" name="StoppingMaxGainCIRatio_object_can_be_created_with_user_constructor_default_"/>
    <testcase time="0.00300000000000011" classname="Rules_class" name="StoppingMaxGainCIRatio_object_can_be_created_with_user_constructor_default_"/>
    <testcase time="0.00800000000000267" classname="Rules_class" name="StoppingMaxGainCIRatio_object_can_be_created_with_user_constructor_default_"/>
    <testcase time="0.0069999999999979" classname="Rules_class" name="StoppingMaxGainCIRatio_object_can_be_created_with_user_constructor_default_"/>
    <testcase time="0.00600000000000023" classname="Rules_class" name="StoppingMaxGainCIRatio_object_can_be_created_with_user_constructor_default_"/>
    <testcase time="0.0069999999999979" classname="Rules_class" name="StoppingMaxGainCIRatio_object_can_be_created_with_user_constructor_default_"/>
    <testcase time="0.0150000000000006" classname="Rules_class" name="StoppingMaxGainCIRatio_object_can_be_created_with_user_constructor"/>
    <testcase time="0.00400000000000489" classname="Rules_class" name="StoppingMaxGainCIRatio_object_can_be_created_with_user_constructor"/>
    <testcase time="0.0069999999999979" classname="Rules_class" name="StoppingMaxGainCIRatio_object_can_be_created_with_user_constructor"/>
    <testcase time="0.0069999999999979" classname="Rules_class" name="StoppingMaxGainCIRatio_object_can_be_created_with_user_constructor"/>
    <testcase time="0.00600000000000023" classname="Rules_class" name="StoppingMaxGainCIRatio_object_can_be_created_with_user_constructor"/>
    <testcase time="0.0069999999999979" classname="Rules_class" name="StoppingMaxGainCIRatio_object_can_be_created_with_user_constructor"/>
    <testcase time="0.0110000000000028" classname="Rules_class" name="StoppingMaxGainCIRatio_replaces_empty_label_with_correct_default_label"/>
    <testcase time="0.0069999999999979" classname="Rules_class" name="StoppingMaxGainCIRatio_replaces_empty_label_with_correct_default_label"/>
    <testcase time="0.0160000000000053" classname="Rules_class" name=".DefaultStoppingMaxGainCIRatio_works_as_expected"/>
    <testcase time="0.0109999999999957" classname="Rules_class" name=".CohortSizeRange_works_as_expected"/>
    <testcase time="0.00399999999999778" classname="Rules_class" name=".CohortSizeRange_works_as_expected"/>
    <testcase time="0.007000000000005" classname="Rules_class" name=".CohortSizeRange_works_as_expected"/>
    <testcase time="0.0109999999999957" classname="Rules_class" name="CohortSizeRange_object_can_be_created_with_user_constructor"/>
    <testcase time="0.00300000000000011" classname="Rules_class" name="CohortSizeRange_object_can_be_created_with_user_constructor"/>
    <testcase time="0.00800000000000267" classname="Rules_class" name="CohortSizeRange_object_can_be_created_with_user_constructor"/>
    <testcase time="0.0129999999999981" classname="Rules_class" name="CohortSizeRange_object_can_be_created_with_user_constructor"/>
    <testcase time="0.007000000000005" classname="Rules_class" name="CohortSizeRange_object_can_be_created_with_user_constructor"/>
    <testcase time="0.019999999999996" classname="Rules_class" name=".DefaultCohortSizeRange_works_as_expected"/>
    <testcase time="0.0110000000000028" classname="Rules_class" name=".CohortSizeDLT_works_as_expected"/>
    <testcase time="0.00300000000000011" classname="Rules_class" name=".CohortSizeDLT_works_as_expected"/>
    <testcase time="0.00799999999999557" classname="Rules_class" name=".CohortSizeDLT_works_as_expected"/>
    <testcase time="0.0110000000000028" classname="Rules_class" name="CohortSizeDLT_object_can_be_created_with_user_constructor"/>
    <testcase time="0.00300000000000011" classname="Rules_class" name="CohortSizeDLT_object_can_be_created_with_user_constructor"/>
    <testcase time="0.00800000000000267" classname="Rules_class" name="CohortSizeDLT_object_can_be_created_with_user_constructor"/>
    <testcase time="0.00600000000000023" classname="Rules_class" name="CohortSizeDLT_object_can_be_created_with_user_constructor"/>
    <testcase time="0.0069999999999979" classname="Rules_class" name="CohortSizeDLT_object_can_be_created_with_user_constructor"/>
    <testcase time="0.0150000000000006" classname="Rules_class" name=".DefaultCohortSizeDLT_works_as_expected"/>
    <testcase time="0.0109999999999957" classname="Rules_class" name=".CohortSizeConst_works_as_expected"/>
    <testcase time="0.00400000000000489" classname="Rules_class" name=".CohortSizeConst_works_as_expected"/>
    <testcase time="0.0069999999999979" classname="Rules_class" name=".CohortSizeConst_works_as_expected"/>
    <testcase time="0.0120000000000005" classname="Rules_class" name="CohortSizeConst_object_can_be_created_with_user_constructor"/>
    <testcase time="0.00300000000000011" classname="Rules_class" name="CohortSizeConst_object_can_be_created_with_user_constructor"/>
    <testcase time="0.00800000000000267" classname="Rules_class" name="CohortSizeConst_object_can_be_created_with_user_constructor"/>
    <testcase time="0.0069999999999979" classname="Rules_class" name="CohortSizeConst_object_can_be_created_with_user_constructor"/>
    <testcase time="0.0150000000000006" classname="Rules_class" name=".DefaultCohortSizeConst_works_as_expected"/>
    <testcase time="0.0109999999999957" classname="Rules_class" name=".CohortSizeParts_works_as_expected"/>
    <testcase time="0.00400000000000489" classname="Rules_class" name=".CohortSizeParts_works_as_expected"/>
    <testcase time="0.00799999999999557" classname="Rules_class" name=".CohortSizeParts_works_as_expected"/>
    <testcase time="0.0120000000000005" classname="Rules_class" name="CohortSizeParts_object_can_be_created_with_user_constructor"/>
    <testcase time="0.00300000000000011" classname="Rules_class" name="CohortSizeParts_object_can_be_created_with_user_constructor"/>
    <testcase time="0.00800000000000267" classname="Rules_class" name="CohortSizeParts_object_can_be_created_with_user_constructor"/>
    <testcase time="0.0069999999999979" classname="Rules_class" name="CohortSizeParts_object_can_be_created_with_user_constructor"/>
    <testcase time="0.0189999999999984" classname="Rules_class" name=".CohortSizeMax_works_as_expected"/>
    <testcase time="0.00400000000000489" classname="Rules_class" name=".CohortSizeMax_works_as_expected"/>
    <testcase time="0.00799999999999557" classname="Rules_class" name=".CohortSizeMax_works_as_expected"/>
    <testcase time="0.0140000000000029" classname="Rules_class" name="CohortSizeMax_object_can_be_created_with_user_constructor"/>
    <testcase time="0.00399999999999778" classname="Rules_class" name="CohortSizeMax_object_can_be_created_with_user_constructor"/>
    <testcase time="0.00800000000000267" classname="Rules_class" name="CohortSizeMax_object_can_be_created_with_user_constructor"/>
    <testcase time="0.0069999999999979" classname="Rules_class" name="CohortSizeMax_object_can_be_created_with_user_constructor"/>
    <testcase time="0.0069999999999979" classname="Rules_class" name="CohortSizeMax_object_can_be_created_with_user_constructor"/>
    <testcase time="0.00400000000000489" classname="Rules_class" name="CohortSizeMax_object_can_be_created_with_user_constructor"/>
    <testcase time="0.00799999999999557" classname="Rules_class" name="CohortSizeMax_object_can_be_created_with_user_constructor"/>
    <testcase time="0.007000000000005" classname="Rules_class" name="CohortSizeMax_object_can_be_created_with_user_constructor"/>
    <testcase time="0.0180000000000007" classname="Rules_class" name=".DefaultCohortSizeMax_works_as_expected"/>
    <testcase time="0.0109999999999957" classname="Rules_class" name=".CohortSizeMin_works_as_expected"/>
    <testcase time="0.00399999999999778" classname="Rules_class" name=".CohortSizeMin_works_as_expected"/>
    <testcase time="0.007000000000005" classname="Rules_class" name=".CohortSizeMin_works_as_expected"/>
    <testcase time="0.0139999999999958" classname="Rules_class" name="CohortSizeMin_object_can_be_created_with_user_constructor"/>
    <testcase time="0.00400000000000489" classname="Rules_class" name="CohortSizeMin_object_can_be_created_with_user_constructor"/>
    <testcase time="0.00799999999999557" classname="Rules_class" name="CohortSizeMin_object_can_be_created_with_user_constructor"/>
    <testcase time="0.007000000000005" classname="Rules_class" name="CohortSizeMin_object_can_be_created_with_user_constructor"/>
    <testcase time="0.00799999999999557" classname="Rules_class" name="CohortSizeMin_object_can_be_created_with_user_constructor"/>
    <testcase time="0.00400000000000489" classname="Rules_class" name="CohortSizeMin_object_can_be_created_with_user_constructor"/>
    <testcase time="0.00799999999999557" classname="Rules_class" name="CohortSizeMin_object_can_be_created_with_user_constructor"/>
    <testcase time="0.0069999999999979" classname="Rules_class" name="CohortSizeMin_object_can_be_created_with_user_constructor"/>
    <testcase time="0.0180000000000007" classname="Rules_class" name=".DefaultCohortSizeMain_works_as_expected"/>
    <testcase time="0.0120000000000005" classname="Rules_class" name=".SafetyWindowSize_works_as_expected"/>
    <testcase time="0.00400000000000489" classname="Rules_class" name=".SafetyWindowSize_works_as_expected"/>
    <testcase time="0.0069999999999979" classname="Rules_class" name=".SafetyWindowSize_works_as_expected"/>
    <testcase time="0.0129999999999981" classname="Rules_class" name="SafetyWindowSize_object_can_be_created_with_user_constructor"/>
    <testcase time="0.00399999999999778" classname="Rules_class" name="SafetyWindowSize_object_can_be_created_with_user_constructor"/>
    <testcase time="0.0160000000000053" classname="Rules_class" name="SafetyWindowSize_object_can_be_created_with_user_constructor"/>
    <testcase time="0.0069999999999979" classname="Rules_class" name="SafetyWindowSize_object_can_be_created_with_user_constructor"/>
    <testcase time="0.0069999999999979" classname="Rules_class" name="SafetyWindowSize_object_can_be_created_with_user_constructor"/>
    <testcase time="0.007000000000005" classname="Rules_class" name="SafetyWindowSize_object_can_be_created_with_user_constructor"/>
    <testcase time="0.00799999999999557" classname="Rules_class" name="SafetyWindowSize_object_can_be_created_with_user_constructor"/>
    <testcase time="0.0110000000000028" classname="Rules_class" name=".SafetyWindowConst_works_as_expected"/>
    <testcase time="0.00499999999999545" classname="Rules_class" name=".SafetyWindowConst_works_as_expected"/>
    <testcase time="0.00800000000000267" classname="Rules_class" name=".SafetyWindowConst_works_as_expected"/>
    <testcase time="0.0120000000000005" classname="Rules_class" name="SafetyWindowConst_object_can_be_created_with_user_constructor"/>
    <testcase time="0.00399999999999778" classname="Rules_class" name="SafetyWindowConst_object_can_be_created_with_user_constructor"/>
    <testcase time="0.00800000000000267" classname="Rules_class" name="SafetyWindowConst_object_can_be_created_with_user_constructor"/>
    <testcase time="0.0069999999999979" classname="Rules_class" name="SafetyWindowConst_object_can_be_created_with_user_constructor"/>
    <testcase time="0.007000000000005" classname="Rules_class" name="SafetyWindowConst_object_can_be_created_with_user_constructor"/>
    <testcase time="0.0069999999999979" classname="Rules_class" name="SafetyWindowConst_object_can_be_created_with_user_constructor"/>
  </testsuite>
  <testsuite name="Rules-methods" timestamp="2023-08-17T11:58:51Z" hostname="20a247bd8378" tests="3408" skipped="30" failures="0" errors="0" time="66.15">
    <testcase time="0.0829999999999984" classname="Rules_methods" name="nextBest_NextBestMTD_returns_correct_next_dose_and_plot"/>
    <testcase time="0.158999999999999" classname="Rules_methods" name="nextBest_NextBestMTD_returns_correct_next_dose_and_plot">
      <skipped message="Reason: On CRAN ('test-Rules-methods.R:26:3')"/>
    </testcase>
    <testcase time="0.054000000000002" classname="Rules_methods" name="nextBest_NextBestMTD_returns_correct_next_dose_and_plot_no_doselimit_"/>
    <testcase time="0.180999999999997" classname="Rules_methods" name="nextBest_NextBestMTD_returns_correct_next_dose_and_plot_no_doselimit_">
      <skipped message="Reason: On CRAN ('test-Rules-methods.R:44:3')"/>
    </testcase>
    <testcase time="0.184000000000005" classname="Rules_methods" name="nextBest_NextBestNCRM_returns_expected_values_of_the_objects"/>
    <testcase time="0.00799999999999557" classname="Rules_methods" name="nextBest_NextBestNCRM_returns_expected_values_of_the_objects">
      <skipped message="Reason: On CRAN ('test-Rules-methods.R:61:3')"/>
    </testcase>
    <testcase time="0.18" classname="Rules_methods" name="nextBest_NextBestNCRM_returns_expected_values_of_the_objects_no_doselimit_"/>
    <testcase time="0.0100000000000051" classname="Rules_methods" name="nextBest_NextBestNCRM_returns_expected_values_of_the_objects_no_doselimit_">
      <skipped message="Reason: On CRAN ('test-Rules-methods.R:79:3')"/>
    </testcase>
    <testcase time="0.181999999999995" classname="Rules_methods" name="nextBest_NextBestNCRM_can_accept_additional_arguments_and_pass_them_to_prob_inside"/>
    <testcase time="0.184000000000005" classname="Rules_methods" name="nextBest_NextBestNCRM_DataParts_returns_expected_values_of_the_objects"/>
    <testcase time="0.00900000000000034" classname="Rules_methods" name="nextBest_NextBestNCRM_DataParts_returns_expected_values_of_the_objects">
      <skipped message="Reason: On CRAN ('test-Rules-methods.R:108:3')"/>
    </testcase>
    <testcase time="0.437999999999995" classname="Rules_methods" name="nextBest_NextBestNCRM_DataParts_returns_expected_values_of_the_objects_no_doselimit_"/>
    <testcase time="0.00800000000000267" classname="Rules_methods" name="nextBest_NextBestNCRM_DataParts_returns_expected_values_of_the_objects_no_doselimit_">
      <skipped message="Reason: On CRAN ('test-Rules-methods.R:124:3')"/>
    </testcase>
    <testcase time="0.0420000000000016" classname="Rules_methods" name="nextBest_NextBestNCRM_DataParts_returns_expected_value_for_all_parts_1"/>
    <testcase time="0.00499999999999545" classname="Rules_methods" name="nextBest_NextBestNCRM_DataParts_returns_expected_value_for_all_parts_1"/>
    <testcase time="0.0339999999999989" classname="Rules_methods" name="nextBest_NextBestNCRM_DataParts_throws_the_error_for_all_parts_1_and_no_doselimit"/>
    <testcase time="0.231000000000002" classname="Rules_methods" name="nextBest_NextBestNCRMLoss_returns_expected_values_of_the_objects"/>
    <testcase time="0.00900000000000034" classname="Rules_methods" name="nextBest_NextBestNCRMLoss_returns_expected_values_of_the_objects">
      <skipped message="Reason: On CRAN ('test-Rules-methods.R:176:3')"/>
    </testcase>
    <testcase time="0.266999999999996" classname="Rules_methods" name="nextBest_NextBestNCRMLoss_returns_expected_values_of_the_objects_loss_function_of_4_elements_"/>
    <testcase time="0.00800000000000267" classname="Rules_methods" name="nextBest_NextBestNCRMLoss_returns_expected_values_of_the_objects_loss_function_of_4_elements_">
      <skipped message="Reason: On CRAN ('test-Rules-methods.R:199:3')"/>
    </testcase>
    <testcase time="0.227999999999994" classname="Rules_methods" name="nextBest_NextBestNCRMLoss_returns_expected_values_of_the_objects_no_doselimit_"/>
    <testcase time="0.00900000000000034" classname="Rules_methods" name="nextBest_NextBestNCRMLoss_returns_expected_values_of_the_objects_no_doselimit_">
      <skipped message="Reason: On CRAN ('test-Rules-methods.R:215:3')"/>
    </testcase>
    <testcase time="0.0320000000000036" classname="Rules_methods" name="nextBest_NextBestThreePlusThree_returns_expected_values_33_and_escalated_"/>
    <testcase time="0.00500000000000256" classname="Rules_methods" name="nextBest_NextBestThreePlusThree_returns_expected_values_33_and_escalated_"/>
    <testcase time="0.0329999999999941" classname="Rules_methods" name="nextBest_NextBestThreePlusThree_returns_expected_values_33_max_dose_no_escalation_"/>
    <testcase time="0.00500000000000256" classname="Rules_methods" name="nextBest_NextBestThreePlusThree_returns_expected_values_33_max_dose_no_escalation_"/>
    <testcase time="0.0240000000000009" classname="Rules_methods" name="nextBest_NextBestThreePlusThree_returns_expected_values_33_and_no_escalation_"/>
    <testcase time="0.00500000000000256" classname="Rules_methods" name="nextBest_NextBestThreePlusThree_returns_expected_values_33_and_no_escalation_"/>
    <testcase time="0.0249999999999986" classname="Rules_methods" name="nextBest_NextBestThreePlusThree_returns_expected_values_33_"/>
    <testcase time="0.00499999999999545" classname="Rules_methods" name="nextBest_NextBestThreePlusThree_returns_expected_values_33_"/>
    <testcase time="0.0260000000000034" classname="Rules_methods" name="nextBest_NextBestThreePlusThree_returns_expected_values_33_3_patients_at_last_lev_"/>
    <testcase time="0.00500000000000256" classname="Rules_methods" name="nextBest_NextBestThreePlusThree_returns_expected_values_33_3_patients_at_last_lev_"/>
    <testcase time="0.0259999999999962" classname="Rules_methods" name="nextBest_NextBestThreePlusThree_returns_expected_values_33_6_patients_at_last_lev_"/>
    <testcase time="0.00500000000000256" classname="Rules_methods" name="nextBest_NextBestThreePlusThree_returns_expected_values_33_6_patients_at_last_lev_"/>
    <testcase time="0.0240000000000009" classname="Rules_methods" name="nextBest_NextBestThreePlusThree_returns_expected_values_next_level_0_"/>
    <testcase time="0.00499999999999545" classname="Rules_methods" name="nextBest_NextBestThreePlusThree_returns_expected_values_next_level_0_"/>
    <testcase time="0.196000000000005" classname="Rules_methods" name="nextBest_NextBestDualEndpoint_returns_expected_elements"/>
    <testcase time="0.00899999999999324" classname="Rules_methods" name="nextBest_NextBestDualEndpoint_returns_expected_elements">
      <skipped message="Reason: On CRAN ('test-Rules-methods.R:297:3')"/>
    </testcase>
    <testcase time="0.207000000000001" classname="Rules_methods" name="nextBest_NextBestDualEndpoint_returns_expected_elements_with_Emax_param_"/>
    <testcase time="0.00900000000000034" classname="Rules_methods" name="nextBest_NextBestDualEndpoint_returns_expected_elements_with_Emax_param_">
      <skipped message="Reason: On CRAN ('test-Rules-methods.R:315:3')"/>
    </testcase>
    <testcase time="0.218000000000004" classname="Rules_methods" name="nextBest_NextBestDualEndpoint_returns_expected_elements_absolute_target_"/>
    <testcase time="0.00900000000000034" classname="Rules_methods" name="nextBest_NextBestDualEndpoint_returns_expected_elements_absolute_target_">
      <skipped message="Reason: On CRAN ('test-Rules-methods.R:332:3')"/>
    </testcase>
    <testcase time="0.184999999999995" classname="Rules_methods" name="nextBest_NextBestDualEndpoint_returns_expected_elements_absolute_target_no_doselimit_"/>
    <testcase time="0.00900000000000034" classname="Rules_methods" name="nextBest_NextBestDualEndpoint_returns_expected_elements_absolute_target_no_doselimit_">
      <skipped message="Reason: On CRAN ('test-Rules-methods.R:349:3')"/>
    </testcase>
    <testcase time="0.0770000000000053" classname="Rules_methods" name="nextBest_NextBestMinDist_returns_expected_values_and_plot"/>
    <testcase time="0.00900000000000034" classname="Rules_methods" name="nextBest_NextBestMinDist_returns_expected_values_and_plot">
      <skipped message="Reason: On CRAN ('test-Rules-methods.R:365:3')"/>
    </testcase>
    <testcase time="0.0670000000000002" classname="Rules_methods" name="nextBest_NextBestMinDist_returns_expected_values_and_plot_with_placebo_"/>
    <testcase time="0.00900000000000034" classname="Rules_methods" name="nextBest_NextBestMinDist_returns_expected_values_and_plot_with_placebo_">
      <skipped message="Reason: On CRAN ('test-Rules-methods.R:379:3')"/>
    </testcase>
    <testcase time="0.0619999999999976" classname="Rules_methods" name="nextBest_NextBestMinDist_returns_expected_values_and_plot_no_doselimit_"/>
    <testcase time="0.00900000000000034" classname="Rules_methods" name="nextBest_NextBestMinDist_returns_expected_values_and_plot_no_doselimit_">
      <skipped message="Reason: On CRAN ('test-Rules-methods.R:393:3')"/>
    </testcase>
    <testcase time="0.0420000000000016" classname="Rules_methods" name="nextBest_NextBestInfTheory_returns_correct_next_dose"/>
    <testcase time="0.0379999999999967" classname="Rules_methods" name="nextBest_NextBestInfTheory_returns_correct_next_dose_no_doselimit_"/>
    <testcase time="0.070999999999998" classname="Rules_methods" name="nextBest_NextBestTDsamples_returns_expected_values_of_the_objects"/>
    <testcase time="0.172000000000004" classname="Rules_methods" name="nextBest_NextBestTDsamples_returns_expected_values_of_the_objects">
      <skipped message="Reason: On CRAN ('test-Rules-methods.R:452:3')"/>
    </testcase>
    <testcase time="0.0870000000000033" classname="Rules_methods" name="nextBest_NextBestTDsamples_returns_expected_values_of_the_objects_no_doselimit_"/>
    <testcase time="0.171999999999997" classname="Rules_methods" name="nextBest_NextBestTDsamples_returns_expected_values_of_the_objects_no_doselimit_">
      <skipped message="Reason: On CRAN ('test-Rules-methods.R:478:3')"/>
    </testcase>
    <testcase time="0.0900000000000034" classname="Rules_methods" name="nextBest_NextBestTDsamples_returns_expected_values_of_the_objects_other_targets_"/>
    <testcase time="0.0769999999999982" classname="Rules_methods" name="nextBest_NextBestTD_returns_expected_values_of_the_objects"/>
    <testcase time="0.189" classname="Rules_methods" name="nextBest_NextBestTD_returns_expected_values_of_the_objects">
      <skipped message="Reason: On CRAN ('test-Rules-methods.R:525:3')"/>
    </testcase>
    <testcase time="0.112000000000002" classname="Rules_methods" name="nextBest_NextBestTD_returns_expected_values_of_the_objects_no_doselimit_"/>
    <testcase time="0.225000000000001" classname="Rules_methods" name="nextBest_NextBestTD_returns_expected_values_of_the_objects_no_doselimit_">
      <skipped message="Reason: On CRAN ('test-Rules-methods.R:545:3')"/>
    </testcase>
    <testcase time="0.0929999999999964" classname="Rules_methods" name="nextBest_NextBestTD_returns_expected_values_of_the_objects_other_targets_"/>
    <testcase time="0.261000000000003" classname="Rules_methods" name="nextBest_NextBestMaxGain_returns_expected_values_of_the_objects"/>
    <testcase time="0.302999999999997" classname="Rules_methods" name="nextBest_NextBestMaxGain_returns_expected_values_of_the_objects">
      <skipped message="Reason: On CRAN ('test-Rules-methods.R:592:3')"/>
    </testcase>
    <testcase time="0.288000000000004" classname="Rules_methods" name="nextBest_NextBestMaxGain_returns_expected_values_of_the_objects_no_doselimit_"/>
    <testcase time="0.295999999999999" classname="Rules_methods" name="nextBest_NextBestMaxGain_returns_expected_values_of_the_objects_no_doselimit_">
      <skipped message="Reason: On CRAN ('test-Rules-methods.R:618:3')"/>
    </testcase>
    <testcase time="0.277000000000001" classname="Rules_methods" name="nextBest_NextBestMaxGain_returns_expected_values_of_the_objects_other_targets_placebo_"/>
    <testcase time="0.097999999999999" classname="Rules_methods" name="nextBest_NextBestMaxGainSamples_returns_expected_values_of_the_objects"/>
    <testcase time="0.204000000000001" classname="Rules_methods" name="nextBest_NextBestMaxGainSamples_returns_expected_values_of_the_objects">
      <skipped message="Reason: On CRAN ('test-Rules-methods.R:681:3')"/>
    </testcase>
    <testcase time="0.137" classname="Rules_methods" name="nextBest_NextBestMaxGainSamples_returns_expected_values_of_the_objects_no_doselimit_"/>
    <testcase time="0.201000000000001" classname="Rules_methods" name="nextBest_NextBestMaxGainSamples_returns_expected_values_of_the_objects_no_doselimit_">
      <skipped message="Reason: On CRAN ('test-Rules-methods.R:717:3')"/>
    </testcase>
    <testcase time="0.106999999999999" classname="Rules_methods" name="nextBest_NextBestMaxGainSamples_returns_expected_values_of_the_objects_other_targets_placebo_"/>
    <testcase time="0.0810000000000031" classname="Rules_methods" name="nextBest_NextBestProbMTDLTE_returns_correct_next_dose_and_plot"/>
    <testcase time="0.00899999999999324" classname="Rules_methods" name="nextBest_NextBestProbMTDLTE_returns_correct_next_dose_and_plot">
      <skipped message="Reason: On CRAN ('test-Rules-methods.R:767:3')"/>
    </testcase>
    <testcase time="0.0700000000000003" classname="Rules_methods" name="nextBest_NextBestProbMTDLTE_returns_correct_next_dose_and_plot_with_placebo_"/>
    <testcase time="0.00900000000000034" classname="Rules_methods" name="nextBest_NextBestProbMTDLTE_returns_correct_next_dose_and_plot_with_placebo_">
      <skipped message="Reason: On CRAN ('test-Rules-methods.R:781:3')"/>
    </testcase>
    <testcase time="0.0609999999999999" classname="Rules_methods" name="nextBest_NextBestProbMTDLTE_returns_correct_next_dose_and_plot_no_doselimit_"/>
    <testcase time="0.00900000000000034" classname="Rules_methods" name="nextBest_NextBestProbMTDLTE_returns_correct_next_dose_and_plot_no_doselimit_">
      <skipped message="Reason: On CRAN ('test-Rules-methods.R:796:3')"/>
    </testcase>
    <testcase time="0.0730000000000004" classname="Rules_methods" name="nextBest_NextBestProbMTDMinDist_returns_correct_next_dose_and_plot"/>
    <testcase time="0.00900000000000034" classname="Rules_methods" name="nextBest_NextBestProbMTDMinDist_returns_correct_next_dose_and_plot">
      <skipped message="Reason: On CRAN ('test-Rules-methods.R:812:3')"/>
    </testcase>
    <testcase time="0.0799999999999983" classname="Rules_methods" name="nextBest_NextBestProbMTDMinDist_returns_correct_next_dose_and_plot_with_placebo_"/>
    <testcase time="0.00900000000000034" classname="Rules_methods" name="nextBest_NextBestProbMTDMinDist_returns_correct_next_dose_and_plot_with_placebo_">
      <skipped message="Reason: On CRAN ('test-Rules-methods.R:826:3')"/>
    </testcase>
    <testcase time="0.0629999999999953" classname="Rules_methods" name="nextBest_NextBestProbMTDMinDist_returns_correct_next_dose_and_plot_no_doselimit_"/>
    <testcase time="0.0100000000000051" classname="Rules_methods" name="nextBest_NextBestProbMTDMinDist_returns_correct_next_dose_and_plot_no_doselimit_">
      <skipped message="Reason: On CRAN ('test-Rules-methods.R:840:3')"/>
    </testcase>
    <testcase time="0.0259999999999962" classname="Rules_methods" name="maxDose_IncrementsRelative_works_correctly_for_last_dose_in_1st_interval"/>
    <testcase time="0.0150000000000006" classname="Rules_methods" name="maxDose_IncrementsRelative_works_correctly_for_last_dose_in_2nd_interval"/>
    <testcase time="0.00600000000000023" classname="Rules_methods" name="maxDose_IncrementsRelative_works_correctly_for_last_dose_in_2nd_interval"/>
    <testcase time="0.017000000000003" classname="Rules_methods" name="maxDose_IncrementsRelative_throws_error_when_last_dose_is_below_the_first_interval"/>
    <testcase time="0.0259999999999962" classname="Rules_methods" name="maxDose_IncrementsRelative_throws_error_when_IncrementsRelative_is_empty"/>
    <testcase time="0.017000000000003" classname="Rules_methods" name="maxDose_IncrementsRelative_throws_error_when_Data_is_empty"/>
    <testcase time="0.0240000000000009" classname="Rules_methods" name="maxDose_IncrementsRelativeDLT_works_correctly_for_no_of_DLTs_in_1st_interval"/>
    <testcase time="0.00600000000000023" classname="Rules_methods" name="maxDose_IncrementsRelativeDLT_works_correctly_for_no_of_DLTs_in_1st_interval"/>
    <testcase time="0.0169999999999959" classname="Rules_methods" name="maxDose_IncrementsRelativeDLT_works_correctly_for_no_of_DLTs_in_2nd_interval"/>
    <testcase time="0.00800000000000267" classname="Rules_methods" name="maxDose_IncrementsRelativeDLT_works_correctly_for_no_of_DLTs_in_2nd_interval"/>
    <testcase time="0.0169999999999959" classname="Rules_methods" name="maxDose_IncrementsRelativeDLT_throws_error_when_no_of_DLTs_is_below_the_first_interval"/>
    <testcase time="0.0260000000000034" classname="Rules_methods" name="maxDose_IncrementsRelativeDLT_throws_error_when_IncrementsRelativeDLT_is_empty"/>
    <testcase time="0.017000000000003" classname="Rules_methods" name="maxDose_IncrementsRelativeDLT_throws_error_when_Data_is_empty"/>
    <testcase time="0.0549999999999997" classname="Rules_methods" name="IncrementsRelativeDLTCurrent_works_correctly"/>
    <testcase time="0.0159999999999982" classname="Rules_methods" name="maxDose_IncrementsRelativeDLTCurrent_works_correctly_when_DLTs_in_1st_interval_no_DLTs_in_cohorts"/>
    <testcase time="0.00600000000000023" classname="Rules_methods" name="maxDose_IncrementsRelativeDLTCurrent_works_correctly_when_DLTs_in_1st_interval_no_DLTs_in_cohorts"/>
    <testcase time="0.017000000000003" classname="Rules_methods" name="maxDose_IncrementsRelativeDLTCurrent_works_correctly_when_DLTs_in_1st_interval_DLTs_in_cohorts"/>
    <testcase time="0.00499999999999545" classname="Rules_methods" name="maxDose_IncrementsRelativeDLTCurrent_works_correctly_when_DLTs_in_1st_interval_DLTs_in_cohorts"/>
    <testcase time="0.0150000000000006" classname="Rules_methods" name="maxDose_IncrementsRelativeDLTCurrent_works_correctly_when_DLTs_in_2nd_interval_no_DLTs_in_cohorts"/>
    <testcase time="0.00800000000000267" classname="Rules_methods" name="maxDose_IncrementsRelativeDLTCurrent_works_correctly_when_DLTs_in_2nd_interval_no_DLTs_in_cohorts"/>
    <testcase time="0.0169999999999959" classname="Rules_methods" name="maxDose_IncrementsRelativeDLTCurrent_works_correctly_when_DLTs_in_2nd_interval_DLTs_in_cohorts"/>
    <testcase time="0.00500000000000256" classname="Rules_methods" name="maxDose_IncrementsRelativeDLTCurrent_works_correctly_when_DLTs_in_2nd_interval_DLTs_in_cohorts"/>
    <testcase time="0.0260000000000034" classname="Rules_methods" name="maxDose_IncrementsRelativeDLTCurrent_throws_error_when_no_of_DLTs_below_the_first_interval"/>
    <testcase time="0.0289999999999964" classname="Rules_methods" name="maxDose_IncrementsRelativeDLTCurrent_throws_error_when_IncrementsRelativeDLTCurrent_is_empty"/>
    <testcase time="0.017000000000003" classname="Rules_methods" name="maxDose_IncrementsRelativeDLTCurrent_throws_error_when_Data_is_empty"/>
    <testcase time="0.0210000000000008" classname="Rules_methods" name="maxDose_IncrementsRelativeParts_works_correctly_when_in_part_1_and_part_2_not_started"/>
    <testcase time="0.0219999999999985" classname="Rules_methods" name="maxDose_IncrementsRelativeParts_works_correctly_when_in_part_1_part_2_started_DLT"/>
    <testcase time="0.0240000000000009" classname="Rules_methods" name="maxDose_IncrementsRelativeParts_works_correctly_when_in_part_1_part_2_started_no_DLT_clean_start_0"/>
    <testcase time="0.0210000000000008" classname="Rules_methods" name="maxDose_IncrementsRelativeParts_works_correctly_when_in_part_1_part_2_started_no_DLT_clean_start_0"/>
    <testcase time="0.0219999999999985" classname="Rules_methods" name="maxDose_IncrementsRelativeParts_works_correctly_when_already_in_part_2"/>
    <testcase time="0.0229999999999961" classname="Rules_methods" name="maxDose_IncrementsRelativeParts_throws_error_when_part1Ladder_is_exceeded_in_p1_no_p2_"/>
    <testcase time="0.0240000000000009" classname="Rules_methods" name="maxDose_IncrementsRelativeParts_throws_error_when_part1Ladder_is_exceeded_in_p1_p2_DLT_"/>
    <testcase time="0.00900000000000034" classname="Rules_methods" name="maxDose_IncrementsRelativeParts_throws_error_when_part1Ladder_is_exceeded_in_p1_p2_DLT_"/>
    <testcase time="0.0240000000000009" classname="Rules_methods" name="maxDose_IncrementsRelativeParts_throws_error_when_part1Ladder_is_exceeded_in_p1_p2_DLT_cstart_0_"/>
    <testcase time="0.017000000000003" classname="Rules_methods" name="maxDose_IncrementsDoseLevels_works_correctly_for_last_basis_level_and_1_level_increase"/>
    <testcase time="0.0239999999999938" classname="Rules_methods" name="maxDose_IncrementsDoseLevels_works_correctly_for_last_basis_level_and_2_levels_increase"/>
    <testcase time="0.0190000000000055" classname="Rules_methods" name="maxDose_IncrementsDoseLevels_works_correctly_for_max_basis_level_and_1_level_increase"/>
    <testcase time="0.0169999999999959" classname="Rules_methods" name="maxDose_IncrementsDoseLevels_works_correctly_for_max_basis_level_and_2_levels_increase"/>
    <testcase time="0.0160000000000053" classname="Rules_methods" name="maxDose_IncrementsDoseLevels_works_correctly_for_last_basis_level_and_over_grid_increase"/>
    <testcase time="0.0169999999999959" classname="Rules_methods" name="maxDose_IncrementsDoseLevels_works_correctly_for_max_basis_level_and_over_grid_increase"/>
    <testcase time="0.0249999999999986" classname="Rules_methods" name="IncrementsHSRBeta_works_correctly_if_toxcicity_probability_is_below_threshold_probability"/>
    <testcase time="0.0260000000000034" classname="Rules_methods" name="IncrementsHSRBeta_works_correctly_if_toxcicity_probability_is_above_threshold_probability"/>
    <testcase time="0.0259999999999962" classname="Rules_methods" name="IncrementsHSRBeta_works_correctly_if_toxcicity_probability_of_first_active_dose_is_above_threshold_probability"/>
    <testcase time="0.0250000000000057" classname="Rules_methods" name="IncrementsHSRBeta_works_correctly_if_toxcicity_probability_of_placebo_is_above_threshold_probability"/>
    <testcase time="0.0269999999999939" classname="Rules_methods" name="IncrementsHSRBeta_works_correctly_if_toxcicity_probability_of_first_active_dose_is_above_threshold_probability_and_placebo_T_but_not_appplied"/>
    <testcase time="0.0240000000000009" classname="Rules_methods" name="IncrementsHSRBeta_works_correctly_if_toxcicity_probability_of_first_active_dose_is_above_threshold_probability_no_placebo_"/>
    <testcase time="0.0240000000000009" classname="Rules_methods" name="IncrementsHSRBeta_works_correctly_if_toxcicity_probability_is_above_threshold_probability_no_placebo_"/>
    <testcase time="0.0279999999999987" classname="Rules_methods" name="maxDose_IncrementsMin_works_correctly_when_incr1_is_minimum"/>
    <testcase time="0.0180000000000007" classname="Rules_methods" name="maxDose_IncrementsMin_works_correctly_when_incr2_is_minimum"/>
    <testcase time="0.0150000000000006" classname="Rules_methods" name="StoppingMissingDose_works_correctly"/>
    <testcase time="0.00600000000000023" classname="Rules_methods" name="StoppingMissingDose_works_correctly"/>
    <testcase time="0.0069999999999979" classname="Rules_methods" name="StoppingMissingDose_works_correctly"/>
    <testcase time="0.00600000000000023" classname="Rules_methods" name="StoppingMissingDose_works_correctly"/>
    <testcase time="0.007000000000005" classname="Rules_methods" name="StoppingMissingDose_works_correctly"/>
    <testcase time="0.00600000000000023" classname="Rules_methods" name="StoppingMissingDose_works_correctly"/>
    <testcase time="0.0589999999999975" classname="Rules_methods" name="StoppingCohortsNearDose_can_handle_when_dose_is_NA"/>
    <testcase time="0.0230000000000032" classname="Rules_methods" name="stopTrial_works_correctly_for_StoppingCohortsNearDose"/>
    <testcase time="0.00600000000000023" classname="Rules_methods" name="stopTrial_works_correctly_for_StoppingCohortsNearDose"/>
    <testcase time="0.0159999999999982" classname="Rules_methods" name="stopTrial_works_correctly_for_StoppingCohortsNearDose"/>
    <testcase time="0.00600000000000023" classname="Rules_methods" name="stopTrial_works_correctly_for_StoppingCohortsNearDose"/>
    <testcase time="0.0139999999999958" classname="Rules_methods" name="stopTrial_works_correctly_for_StoppingCohortsNearDose"/>
    <testcase time="0.00500000000000256" classname="Rules_methods" name="stopTrial_works_correctly_for_StoppingCohortsNearDose"/>
    <testcase time="0.0140000000000029" classname="Rules_methods" name="stopTrial_works_correctly_for_StoppingCohortsNearDose"/>
    <testcase time="0.00600000000000023" classname="Rules_methods" name="stopTrial_works_correctly_for_StoppingCohortsNearDose"/>
    <testcase time="0.0129999999999981" classname="Rules_methods" name="stopTrial_works_correctly_for_StoppingCohortsNearDose"/>
    <testcase time="0.00600000000000023" classname="Rules_methods" name="stopTrial_works_correctly_for_StoppingCohortsNearDose"/>
    <testcase time="0.0139999999999958" classname="Rules_methods" name="stopTrial_works_correctly_for_StoppingCohortsNearDose"/>
    <testcase time="0.00500000000000256" classname="Rules_methods" name="stopTrial_works_correctly_for_StoppingCohortsNearDose"/>
    <testcase time="0.0140000000000029" classname="Rules_methods" name="stopTrial_works_correctly_for_StoppingCohortsNearDose"/>
    <testcase time="0.00500000000000256" classname="Rules_methods" name="stopTrial_works_correctly_for_StoppingCohortsNearDose"/>
    <testcase time="0.0219999999999985" classname="Rules_methods" name="stopTrial_works_correctly_for_StoppingCohortsNearDose"/>
    <testcase time="0.00799999999999557" classname="Rules_methods" name="stopTrial_works_correctly_for_StoppingCohortsNearDose"/>
    <testcase time="0.0160000000000053" classname="Rules_methods" name="stopTrial_works_correctly_for_StoppingCohortsNearDose"/>
    <testcase time="0.00600000000000023" classname="Rules_methods" name="stopTrial_works_correctly_for_StoppingCohortsNearDose"/>
    <testcase time="0.0150000000000006" classname="Rules_methods" name="stopTrial_works_correctly_for_StoppingCohortsNearDose"/>
    <testcase time="0.00499999999999545" classname="Rules_methods" name="stopTrial_works_correctly_for_StoppingCohortsNearDose"/>
    <testcase time="0.0150000000000006" classname="Rules_methods" name="stopTrial_works_correctly_for_StoppingCohortsNearDose"/>
    <testcase time="0.00600000000000023" classname="Rules_methods" name="stopTrial_works_correctly_for_StoppingCohortsNearDose"/>
    <testcase time="0.0140000000000029" classname="Rules_methods" name="stopTrial_works_correctly_for_StoppingCohortsNearDose"/>
    <testcase time="0.00600000000000023" classname="Rules_methods" name="stopTrial_works_correctly_for_StoppingCohortsNearDose"/>
    <testcase time="0.0139999999999958" classname="Rules_methods" name="stopTrial_works_correctly_for_StoppingCohortsNearDose"/>
    <testcase time="0.00500000000000256" classname="Rules_methods" name="stopTrial_works_correctly_for_StoppingCohortsNearDose"/>
    <testcase time="0.0609999999999999" classname="Rules_methods" name="StoppingPatientsNearDose_can_handle_when_dose_is_NA"/>
    <testcase time="0.0420000000000016" classname="Rules_methods" name="StoppingMinCohorts_works_correctly_if_next_dose_is_NA"/>
    <testcase time="0.0169999999999959" classname="Rules_methods" name="StoppingMinCohorts_works_correctly_in_edge_cases"/>
    <testcase time="0.00600000000000023" classname="Rules_methods" name="StoppingMinCohorts_works_correctly_in_edge_cases"/>
    <testcase time="0.0189999999999984" classname="Rules_methods" name="StoppingMinCohorts_works_correctly_in_edge_cases"/>
    <testcase time="0.00500000000000256" classname="Rules_methods" name="StoppingMinCohorts_works_correctly_in_edge_cases"/>
    <testcase time="0.0510000000000019" classname="Rules_methods" name="StoppingMinPatients_works_correctly_if_next_dose_is_NA"/>
    <testcase time="0.0229999999999961" classname="Rules_methods" name="stopTrial_works_correctly_for_StoppingMinPatients"/>
    <testcase time="0.00600000000000023" classname="Rules_methods" name="stopTrial_works_correctly_for_StoppingMinPatients"/>
    <testcase time="0.0160000000000053" classname="Rules_methods" name="stopTrial_works_correctly_for_StoppingMinPatients"/>
    <testcase time="0.00600000000000023" classname="Rules_methods" name="stopTrial_works_correctly_for_StoppingMinPatients"/>
    <testcase time="0.0139999999999958" classname="Rules_methods" name="stopTrial_works_correctly_for_StoppingMinPatients"/>
    <testcase time="0.00500000000000256" classname="Rules_methods" name="stopTrial_works_correctly_for_StoppingMinPatients"/>
    <testcase time="0.0579999999999998" classname="Rules_methods" name="StoppingTargetProb_can_handle_when_dose_is_NA"/>
    <testcase time="0.0670000000000002" classname="Rules_methods" name="StoppingTargetProb_works_correctly_when_below_threshold"/>
    <testcase time="0.0640000000000001" classname="Rules_methods" name="StoppingTargetProb_works_correctly_when_above_threshold"/>
    <testcase time="0.0499999999999972" classname="Rules_methods" name="stopTrial_StoppingTargetProb_can_accept_additional_arguments_and_pass_them_to_prob"/>
    <testcase time="0.070999999999998" classname="Rules_methods" name="StoppingMTDdistribution_can_handle_when_dose_is_NA"/>
    <testcase time="0.034000000000006" classname="Rules_methods" name="stopTrial_works_correctly_for_StoppingMTDdistribution"/>
    <testcase time="0.0069999999999979" classname="Rules_methods" name="stopTrial_works_correctly_for_StoppingMTDdistribution"/>
    <testcase time="0.0069999999999979" classname="Rules_methods" name="stopTrial_works_correctly_for_StoppingMTDdistribution"/>
    <testcase time="0.0069999999999979" classname="Rules_methods" name="stopTrial_works_correctly_for_StoppingMTDdistribution"/>
    <testcase time="0.00600000000000023" classname="Rules_methods" name="stopTrial_works_correctly_for_StoppingMTDdistribution"/>
    <testcase time="0.007000000000005" classname="Rules_methods" name="stopTrial_works_correctly_for_StoppingMTDdistribution"/>
    <testcase time="0.0069999999999979" classname="Rules_methods" name="stopTrial_works_correctly_for_StoppingMTDdistribution"/>
    <testcase time="0.00600000000000023" classname="Rules_methods" name="stopTrial_works_correctly_for_StoppingMTDdistribution"/>
    <testcase time="0.0069999999999979" classname="Rules_methods" name="stopTrial_works_correctly_for_StoppingMTDdistribution"/>
    <testcase time="0.007000000000005" classname="Rules_methods" name="stopTrial_works_correctly_for_StoppingMTDdistribution"/>
    <testcase time="0.00600000000000023" classname="Rules_methods" name="stopTrial_works_correctly_for_StoppingMTDdistribution"/>
    <testcase time="0.0069999999999979" classname="Rules_methods" name="stopTrial_works_correctly_for_StoppingMTDdistribution"/>
    <testcase time="0.00600000000000023" classname="Rules_methods" name="stopTrial_works_correctly_for_StoppingMTDdistribution"/>
    <testcase time="0.0069999999999979" classname="Rules_methods" name="stopTrial_works_correctly_for_StoppingMTDdistribution"/>
    <testcase time="0.0069999999999979" classname="Rules_methods" name="stopTrial_works_correctly_for_StoppingMTDdistribution"/>
    <testcase time="0.007000000000005" classname="Rules_methods" name="stopTrial_works_correctly_for_StoppingMTDdistribution"/>
    <testcase time="0.0069999999999979" classname="Rules_methods" name="stopTrial_works_correctly_for_StoppingMTDdistribution"/>
    <testcase time="0.0069999999999979" classname="Rules_methods" name="stopTrial_works_correctly_for_StoppingMTDdistribution"/>
    <testcase time="0.007000000000005" classname="Rules_methods" name="stopTrial_works_correctly_for_StoppingMTDdistribution"/>
    <testcase time="0.00600000000000023" classname="Rules_methods" name="stopTrial_works_correctly_for_StoppingMTDdistribution"/>
    <testcase time="0.0069999999999979" classname="Rules_methods" name="stopTrial_works_correctly_for_StoppingMTDdistribution"/>
    <testcase time="0.0069999999999979" classname="Rules_methods" name="stopTrial_works_correctly_for_StoppingMTDdistribution"/>
    <testcase time="0.00600000000000023" classname="Rules_methods" name="stopTrial_works_correctly_for_StoppingMTDdistribution"/>
    <testcase time="0.0069999999999979" classname="Rules_methods" name="stopTrial_works_correctly_for_StoppingMTDdistribution"/>
    <testcase time="0.007000000000005" classname="Rules_methods" name="stopTrial_works_correctly_for_StoppingMTDdistribution"/>
    <testcase time="0.0069999999999979" classname="Rules_methods" name="stopTrial_works_correctly_for_StoppingMTDdistribution"/>
    <testcase time="0.0069999999999979" classname="Rules_methods" name="stopTrial_works_correctly_for_StoppingMTDdistribution"/>
    <testcase time="0.007000000000005" classname="Rules_methods" name="stopTrial_works_correctly_for_StoppingMTDdistribution"/>
    <testcase time="0.00600000000000023" classname="Rules_methods" name="stopTrial_works_correctly_for_StoppingMTDdistribution"/>
    <testcase time="0.00600000000000023" classname="Rules_methods" name="stopTrial_works_correctly_for_StoppingMTDdistribution"/>
    <testcase time="0.0169999999999959" classname="Rules_methods" name="stopTrial_works_correctly_for_StoppingMTDdistribution"/>
    <testcase time="0.00800000000000267" classname="Rules_methods" name="stopTrial_works_correctly_for_StoppingMTDdistribution"/>
    <testcase time="0.0069999999999979" classname="Rules_methods" name="stopTrial_works_correctly_for_StoppingMTDdistribution"/>
    <testcase time="0.007000000000005" classname="Rules_methods" name="stopTrial_works_correctly_for_StoppingMTDdistribution"/>
    <testcase time="0.0069999999999979" classname="Rules_methods" name="stopTrial_works_correctly_for_StoppingMTDdistribution"/>
    <testcase time="0.00600000000000023" classname="Rules_methods" name="stopTrial_works_correctly_for_StoppingMTDdistribution"/>
    <testcase time="0.0069999999999979" classname="Rules_methods" name="stopTrial_works_correctly_for_StoppingMTDdistribution"/>
    <testcase time="0.007000000000005" classname="Rules_methods" name="stopTrial_works_correctly_for_StoppingMTDdistribution"/>
    <testcase time="0.00599999999999312" classname="Rules_methods" name="stopTrial_works_correctly_for_StoppingMTDdistribution"/>
    <testcase time="0.007000000000005" classname="Rules_methods" name="stopTrial_works_correctly_for_StoppingMTDdistribution"/>
    <testcase time="0.0069999999999979" classname="Rules_methods" name="stopTrial_works_correctly_for_StoppingMTDdistribution"/>
    <testcase time="0.0069999999999979" classname="Rules_methods" name="stopTrial_works_correctly_for_StoppingMTDdistribution"/>
    <testcase time="0.007000000000005" classname="Rules_methods" name="stopTrial_works_correctly_for_StoppingMTDdistribution"/>
    <testcase time="0.0069999999999979" classname="Rules_methods" name="stopTrial_works_correctly_for_StoppingMTDdistribution"/>
    <testcase time="0.00600000000000023" classname="Rules_methods" name="stopTrial_works_correctly_for_StoppingMTDdistribution"/>
    <testcase time="0.0069999999999979" classname="Rules_methods" name="stopTrial_works_correctly_for_StoppingMTDdistribution"/>
    <testcase time="0.007000000000005" classname="Rules_methods" name="stopTrial_works_correctly_for_StoppingMTDdistribution"/>
    <testcase time="0.0069999999999979" classname="Rules_methods" name="stopTrial_works_correctly_for_StoppingMTDdistribution"/>
    <testcase time="0.0069999999999979" classname="Rules_methods" name="stopTrial_works_correctly_for_StoppingMTDdistribution"/>
    <testcase time="0.00800000000000267" classname="Rules_methods" name="stopTrial_works_correctly_for_StoppingMTDdistribution"/>
    <testcase time="0.0069999999999979" classname="Rules_methods" name="stopTrial_works_correctly_for_StoppingMTDdistribution"/>
    <testcase time="0.0069999999999979" classname="Rules_methods" name="stopTrial_works_correctly_for_StoppingMTDdistribution"/>
    <testcase time="0.00800000000000267" classname="Rules_methods" name="stopTrial_works_correctly_for_StoppingMTDdistribution"/>
    <testcase time="0.00600000000000023" classname="Rules_methods" name="stopTrial_works_correctly_for_StoppingMTDdistribution"/>
    <testcase time="0.00800000000000267" classname="Rules_methods" name="stopTrial_works_correctly_for_StoppingMTDdistribution"/>
    <testcase time="0.0069999999999979" classname="Rules_methods" name="stopTrial_works_correctly_for_StoppingMTDdistribution"/>
    <testcase time="0.0069999999999979" classname="Rules_methods" name="stopTrial_works_correctly_for_StoppingMTDdistribution"/>
    <testcase time="0.0069999999999979" classname="Rules_methods" name="stopTrial_works_correctly_for_StoppingMTDdistribution"/>
    <testcase time="0.007000000000005" classname="Rules_methods" name="stopTrial_works_correctly_for_StoppingMTDdistribution"/>
    <testcase time="0.0069999999999979" classname="Rules_methods" name="stopTrial_works_correctly_for_StoppingMTDdistribution"/>
    <testcase time="0.00600000000000023" classname="Rules_methods" name="stopTrial_works_correctly_for_StoppingMTDdistribution"/>
    <testcase time="0.0069999999999979" classname="Rules_methods" name="stopTrial_works_correctly_for_StoppingMTDdistribution"/>
    <testcase time="0.007000000000005" classname="Rules_methods" name="stopTrial_works_correctly_for_StoppingMTDdistribution"/>
    <testcase time="0.0069999999999979" classname="Rules_methods" name="stopTrial_works_correctly_for_StoppingMTDdistribution"/>
    <testcase time="0.0150000000000006" classname="Rules_methods" name="stopTrial_works_correctly_for_StoppingMTDdistribution"/>
    <testcase time="0.00900000000000034" classname="Rules_methods" name="stopTrial_works_correctly_for_StoppingMTDdistribution"/>
    <testcase time="0.00799999999999557" classname="Rules_methods" name="stopTrial_works_correctly_for_StoppingMTDdistribution"/>
    <testcase time="0.007000000000005" classname="Rules_methods" name="stopTrial_works_correctly_for_StoppingMTDdistribution"/>
    <testcase time="0.0069999999999979" classname="Rules_methods" name="stopTrial_works_correctly_for_StoppingMTDdistribution"/>
    <testcase time="0.0069999999999979" classname="Rules_methods" name="stopTrial_works_correctly_for_StoppingMTDdistribution"/>
    <testcase time="0.007000000000005" classname="Rules_methods" name="stopTrial_works_correctly_for_StoppingMTDdistribution"/>
    <testcase time="0.0069999999999979" classname="Rules_methods" name="stopTrial_works_correctly_for_StoppingMTDdistribution"/>
    <testcase time="0.0069999999999979" classname="Rules_methods" name="stopTrial_works_correctly_for_StoppingMTDdistribution"/>
    <testcase time="0.007000000000005" classname="Rules_methods" name="stopTrial_works_correctly_for_StoppingMTDdistribution"/>
    <testcase time="0.0069999999999979" classname="Rules_methods" name="stopTrial_works_correctly_for_StoppingMTDdistribution"/>
    <testcase time="0.0069999999999979" classname="Rules_methods" name="stopTrial_works_correctly_for_StoppingMTDdistribution"/>
    <testcase time="0.007000000000005" classname="Rules_methods" name="stopTrial_works_correctly_for_StoppingMTDdistribution"/>
    <testcase time="0.0069999999999979" classname="Rules_methods" name="stopTrial_works_correctly_for_StoppingMTDdistribution"/>
    <testcase time="0.00800000000000267" classname="Rules_methods" name="stopTrial_works_correctly_for_StoppingMTDdistribution"/>
    <testcase time="0.00600000000000023" classname="Rules_methods" name="stopTrial_works_correctly_for_StoppingMTDdistribution"/>
    <testcase time="0.0069999999999979" classname="Rules_methods" name="stopTrial_works_correctly_for_StoppingMTDdistribution"/>
    <testcase time="0.0069999999999979" classname="Rules_methods" name="stopTrial_works_correctly_for_StoppingMTDdistribution"/>
    <testcase time="0.0069999999999979" classname="Rules_methods" name="stopTrial_works_correctly_for_StoppingMTDdistribution"/>
    <testcase time="0.007000000000005" classname="Rules_methods" name="stopTrial_works_correctly_for_StoppingMTDdistribution"/>
    <testcase time="0.00799999999999557" classname="Rules_methods" name="stopTrial_works_correctly_for_StoppingMTDdistribution"/>
    <testcase time="0.007000000000005" classname="Rules_methods" name="stopTrial_works_correctly_for_StoppingMTDdistribution"/>
    <testcase time="0.0069999999999979" classname="Rules_methods" name="stopTrial_works_correctly_for_StoppingMTDdistribution"/>
    <testcase time="0.00800000000000267" classname="Rules_methods" name="stopTrial_works_correctly_for_StoppingMTDdistribution"/>
    <testcase time="0.0069999999999979" classname="Rules_methods" name="stopTrial_works_correctly_for_StoppingMTDdistribution"/>
    <testcase time="0.0069999999999979" classname="Rules_methods" name="stopTrial_works_correctly_for_StoppingMTDdistribution"/>
    <testcase time="0.0069999999999979" classname="Rules_methods" name="stopTrial_works_correctly_for_StoppingMTDdistribution"/>
    <testcase time="0.00800000000000267" classname="Rules_methods" name="stopTrial_works_correctly_for_StoppingMTDdistribution"/>
    <testcase time="0.0069999999999979" classname="Rules_methods" name="stopTrial_works_correctly_for_StoppingMTDdistribution"/>
    <testcase time="0.00800000000000267" classname="Rules_methods" name="stopTrial_works_correctly_for_StoppingMTDdistribution"/>
    <testcase time="0.0069999999999979" classname="Rules_methods" name="stopTrial_works_correctly_for_StoppingMTDdistribution"/>
    <testcase time="0.007000000000005" classname="Rules_methods" name="stopTrial_works_correctly_for_StoppingMTDdistribution"/>
    <testcase time="0.00799999999999557" classname="Rules_methods" name="stopTrial_works_correctly_for_StoppingMTDdistribution"/>
    <testcase time="0.0150000000000006" classname="Rules_methods" name="stopTrial_works_correctly_for_StoppingMTDdistribution"/>
    <testcase time="0.0110000000000028" classname="Rules_methods" name="stopTrial_works_correctly_for_StoppingMTDdistribution"/>
    <testcase time="0.0069999999999979" classname="Rules_methods" name="stopTrial_works_correctly_for_StoppingMTDdistribution"/>
    <testcase time="0.0069999999999979" classname="Rules_methods" name="stopTrial_works_correctly_for_StoppingMTDdistribution"/>
    <testcase time="0.0069999999999979" classname="Rules_methods" name="stopTrial_works_correctly_for_StoppingMTDdistribution"/>
    <testcase time="0.0069999999999979" classname="Rules_methods" name="stopTrial_works_correctly_for_StoppingMTDdistribution"/>
    <testcase time="0.007000000000005" classname="Rules_methods" name="stopTrial_works_correctly_for_StoppingMTDdistribution"/>
    <testcase time="0.0069999999999979" classname="Rules_methods" name="stopTrial_works_correctly_for_StoppingMTDdistribution"/>
    <testcase time="0.0069999999999979" classname="Rules_methods" name="stopTrial_works_correctly_for_StoppingMTDdistribution"/>
    <testcase time="0.0069999999999979" classname="Rules_methods" name="stopTrial_works_correctly_for_StoppingMTDdistribution"/>
    <testcase time="0.00800000000000267" classname="Rules_methods" name="stopTrial_works_correctly_for_StoppingMTDdistribution"/>
    <testcase time="0.0069999999999979" classname="Rules_methods" name="stopTrial_works_correctly_for_StoppingMTDdistribution"/>
    <testcase time="0.007000000000005" classname="Rules_methods" name="stopTrial_works_correctly_for_StoppingMTDdistribution"/>
    <testcase time="0.0069999999999979" classname="Rules_methods" name="stopTrial_works_correctly_for_StoppingMTDdistribution"/>
    <testcase time="0.0069999999999979" classname="Rules_methods" name="stopTrial_works_correctly_for_StoppingMTDdistribution"/>
    <testcase time="0.007000000000005" classname="Rules_methods" name="stopTrial_works_correctly_for_StoppingMTDdistribution"/>
    <testcase time="0.00799999999999557" classname="Rules_methods" name="stopTrial_works_correctly_for_StoppingMTDdistribution"/>
    <testcase time="0.0069999999999979" classname="Rules_methods" name="stopTrial_works_correctly_for_StoppingMTDdistribution"/>
    <testcase time="0.00800000000000267" classname="Rules_methods" name="stopTrial_works_correctly_for_StoppingMTDdistribution"/>
    <testcase time="0.00800000000000267" classname="Rules_methods" name="stopTrial_works_correctly_for_StoppingMTDdistribution"/>
    <testcase time="0.00799999999999557" classname="Rules_methods" name="stopTrial_works_correctly_for_StoppingMTDdistribution"/>
    <testcase time="0.007000000000005" classname="Rules_methods" name="stopTrial_works_correctly_for_StoppingMTDdistribution"/>
    <testcase time="0.00799999999999557" classname="Rules_methods" name="stopTrial_works_correctly_for_StoppingMTDdistribution"/>
    <testcase time="0.00800000000000267" classname="Rules_methods" name="stopTrial_works_correctly_for_StoppingMTDdistribution"/>
    <testcase time="0.0069999999999979" classname="Rules_methods" name="stopTrial_works_correctly_for_StoppingMTDdistribution"/>
    <testcase time="0.00800000000000267" classname="Rules_methods" name="stopTrial_works_correctly_for_StoppingMTDdistribution"/>
    <testcase time="0.0069999999999979" classname="Rules_methods" name="stopTrial_works_correctly_for_StoppingMTDdistribution"/>
    <testcase time="0.00800000000000267" classname="Rules_methods" name="stopTrial_works_correctly_for_StoppingMTDdistribution"/>
    <testcase time="0.0069999999999979" classname="Rules_methods" name="stopTrial_works_correctly_for_StoppingMTDdistribution"/>
    <testcase time="0.0069999999999979" classname="Rules_methods" name="stopTrial_works_correctly_for_StoppingMTDdistribution"/>
    <testcase time="0.00800000000000267" classname="Rules_methods" name="stopTrial_works_correctly_for_StoppingMTDdistribution"/>
    <testcase time="0.00800000000000267" classname="Rules_methods" name="stopTrial_works_correctly_for_StoppingMTDdistribution"/>
    <testcase time="0.0159999999999982" classname="Rules_methods" name="stopTrial_works_correctly_for_StoppingMTDdistribution"/>
    <testcase time="0.00900000000000034" classname="Rules_methods" name="stopTrial_works_correctly_for_StoppingMTDdistribution"/>
    <testcase time="0.00799999999999557" classname="Rules_methods" name="stopTrial_works_correctly_for_StoppingMTDdistribution"/>
    <testcase time="0.007000000000005" classname="Rules_methods" name="stopTrial_works_correctly_for_StoppingMTDdistribution"/>
    <testcase time="0.00799999999999557" classname="Rules_methods" name="stopTrial_works_correctly_for_StoppingMTDdistribution"/>
    <testcase time="0.007000000000005" classname="Rules_methods" name="stopTrial_works_correctly_for_StoppingMTDdistribution"/>
    <testcase time="0.00799999999999557" classname="Rules_methods" name="stopTrial_works_correctly_for_StoppingMTDdistribution"/>
    <testcase time="0.007000000000005" classname="Rules_methods" name="stopTrial_works_correctly_for_StoppingMTDdistribution"/>
    <testcase time="0.00799999999999557" classname="Rules_methods" name="stopTrial_works_correctly_for_StoppingMTDdistribution"/>
    <testcase time="0.0069999999999979" classname="Rules_methods" name="stopTrial_works_correctly_for_StoppingMTDdistribution"/>
    <testcase time="0.007000000000005" classname="Rules_methods" name="stopTrial_works_correctly_for_StoppingMTDdistribution"/>
    <testcase time="0.0069999999999979" classname="Rules_methods" name="stopTrial_works_correctly_for_StoppingMTDdistribution"/>
    <testcase time="0.0069999999999979" classname="Rules_methods" name="stopTrial_works_correctly_for_StoppingMTDdistribution"/>
    <testcase time="0.007000000000005" classname="Rules_methods" name="stopTrial_works_correctly_for_StoppingMTDdistribution"/>
    <testcase time="0.00799999999999557" classname="Rules_methods" name="stopTrial_works_correctly_for_StoppingMTDdistribution"/>
    <testcase time="0.007000000000005" classname="Rules_methods" name="stopTrial_works_correctly_for_StoppingMTDdistribution"/>
    <testcase time="0.0069999999999979" classname="Rules_methods" name="stopTrial_works_correctly_for_StoppingMTDdistribution"/>
    <testcase time="0.00799999999999557" classname="Rules_methods" name="stopTrial_works_correctly_for_StoppingMTDdistribution"/>
    <testcase time="0.00800000000000267" classname="Rules_methods" name="stopTrial_works_correctly_for_StoppingMTDdistribution"/>
    <testcase time="0.0069999999999979" classname="Rules_methods" name="stopTrial_works_correctly_for_StoppingMTDdistribution"/>
    <testcase time="0.00800000000000267" classname="Rules_methods" name="stopTrial_works_correctly_for_StoppingMTDdistribution"/>
    <testcase time="0.0069999999999979" classname="Rules_methods" name="stopTrial_works_correctly_for_StoppingMTDdistribution"/>
    <testcase time="0.00800000000000267" classname="Rules_methods" name="stopTrial_works_correctly_for_StoppingMTDdistribution"/>
    <testcase time="0.0069999999999979" classname="Rules_methods" name="stopTrial_works_correctly_for_StoppingMTDdistribution"/>
    <testcase time="0.00800000000000267" classname="Rules_methods" name="stopTrial_works_correctly_for_StoppingMTDdistribution"/>
    <testcase time="0.0069999999999979" classname="Rules_methods" name="stopTrial_works_correctly_for_StoppingMTDdistribution"/>
    <testcase time="0.00800000000000267" classname="Rules_methods" name="stopTrial_works_correctly_for_StoppingMTDdistribution"/>
    <testcase time="0.00799999999999557" classname="Rules_methods" name="stopTrial_works_correctly_for_StoppingMTDdistribution"/>
    <testcase time="0.007000000000005" classname="Rules_methods" name="stopTrial_works_correctly_for_StoppingMTDdistribution"/>
    <testcase time="0.00799999999999557" classname="Rules_methods" name="stopTrial_works_correctly_for_StoppingMTDdistribution"/>
    <testcase time="0.007000000000005" classname="Rules_methods" name="stopTrial_works_correctly_for_StoppingMTDdistribution"/>
    <testcase time="0.0169999999999959" classname="Rules_methods" name="stopTrial_works_correctly_for_StoppingMTDdistribution"/>
    <testcase time="0.00900000000000034" classname="Rules_methods" name="stopTrial_works_correctly_for_StoppingMTDdistribution"/>
    <testcase time="0.00800000000000267" classname="Rules_methods" name="stopTrial_works_correctly_for_StoppingMTDdistribution"/>
    <testcase time="0.00799999999999557" classname="Rules_methods" name="stopTrial_works_correctly_for_StoppingMTDdistribution"/>
    <testcase time="0.007000000000005" classname="Rules_methods" name="stopTrial_works_correctly_for_StoppingMTDdistribution"/>
    <testcase time="0.0069999999999979" classname="Rules_methods" name="stopTrial_works_correctly_for_StoppingMTDdistribution"/>
    <testcase time="0.00800000000000267" classname="Rules_methods" name="stopTrial_works_correctly_for_StoppingMTDdistribution"/>
    <testcase time="0.0069999999999979" classname="Rules_methods" name="stopTrial_works_correctly_for_StoppingMTDdistribution"/>
    <testcase time="0.0069999999999979" classname="Rules_methods" name="stopTrial_works_correctly_for_StoppingMTDdistribution"/>
    <testcase time="0.00800000000000267" classname="Rules_methods" name="stopTrial_works_correctly_for_StoppingMTDdistribution"/>
    <testcase time="0.0069999999999979" classname="Rules_methods" name="stopTrial_works_correctly_for_StoppingMTDdistribution"/>
    <testcase time="0.0069999999999979" classname="Rules_methods" name="stopTrial_works_correctly_for_StoppingMTDdistribution"/>
    <testcase time="0.00800000000000267" classname="Rules_methods" name="stopTrial_works_correctly_for_StoppingMTDdistribution"/>
    <testcase time="0.0069999999999979" classname="Rules_methods" name="stopTrial_works_correctly_for_StoppingMTDdistribution"/>
    <testcase time="0.007000000000005" classname="Rules_methods" name="stopTrial_works_correctly_for_StoppingMTDdistribution"/>
    <testcase time="0.0069999999999979" classname="Rules_methods" name="stopTrial_works_correctly_for_StoppingMTDdistribution"/>
    <testcase time="0.00800000000000267" classname="Rules_methods" name="stopTrial_works_correctly_for_StoppingMTDdistribution"/>
    <testcase time="0.00799999999999557" classname="Rules_methods" name="stopTrial_works_correctly_for_StoppingMTDdistribution"/>
    <testcase time="0.00800000000000267" classname="Rules_methods" name="stopTrial_works_correctly_for_StoppingMTDdistribution"/>
    <testcase time="0.0069999999999979" classname="Rules_methods" name="stopTrial_works_correctly_for_StoppingMTDdistribution"/>
    <testcase time="0.00800000000000267" classname="Rules_methods" name="stopTrial_works_correctly_for_StoppingMTDdistribution"/>
    <testcase time="0.00799999999999557" classname="Rules_methods" name="stopTrial_works_correctly_for_StoppingMTDdistribution"/>
    <testcase time="0.00800000000000267" classname="Rules_methods" name="stopTrial_works_correctly_for_StoppingMTDdistribution"/>
    <testcase time="0.00800000000000267" classname="Rules_methods" name="stopTrial_works_correctly_for_StoppingMTDdistribution"/>
    <testcase time="0.00799999999999557" classname="Rules_methods" name="stopTrial_works_correctly_for_StoppingMTDdistribution"/>
    <testcase time="0.007000000000005" classname="Rules_methods" name="stopTrial_works_correctly_for_StoppingMTDdistribution"/>
    <testcase time="0.00799999999999557" classname="Rules_methods" name="stopTrial_works_correctly_for_StoppingMTDdistribution"/>
    <testcase time="0.0069999999999979" classname="Rules_methods" name="stopTrial_works_correctly_for_StoppingMTDdistribution"/>
    <testcase time="0.00800000000000267" classname="Rules_methods" name="stopTrial_works_correctly_for_StoppingMTDdistribution"/>
    <testcase time="0.00800000000000267" classname="Rules_methods" name="stopTrial_works_correctly_for_StoppingMTDdistribution"/>
    <testcase time="0.0180000000000007" classname="Rules_methods" name="stopTrial_works_correctly_for_StoppingMTDdistribution"/>
    <testcase time="0.00900000000000034" classname="Rules_methods" name="stopTrial_works_correctly_for_StoppingMTDdistribution"/>
    <testcase time="0.0069999999999979" classname="Rules_methods" name="stopTrial_works_correctly_for_StoppingMTDdistribution"/>
    <testcase time="0.0069999999999979" classname="Rules_methods" name="stopTrial_works_correctly_for_StoppingMTDdistribution"/>
    <testcase time="0.00800000000000267" classname="Rules_methods" name="stopTrial_works_correctly_for_StoppingMTDdistribution"/>
    <testcase time="0.0069999999999979" classname="Rules_methods" name="stopTrial_works_correctly_for_StoppingMTDdistribution"/>
    <testcase time="0.00800000000000267" classname="Rules_methods" name="stopTrial_works_correctly_for_StoppingMTDdistribution"/>
    <testcase time="0.0069999999999979" classname="Rules_methods" name="stopTrial_works_correctly_for_StoppingMTDdistribution"/>
    <testcase time="0.00800000000000267" classname="Rules_methods" name="stopTrial_works_correctly_for_StoppingMTDdistribution"/>
    <testcase time="0.0069999999999979" classname="Rules_methods" name="stopTrial_works_correctly_for_StoppingMTDdistribution"/>
    <testcase time="0.0069999999999979" classname="Rules_methods" name="stopTrial_works_correctly_for_StoppingMTDdistribution"/>
    <testcase time="0.00800000000000267" classname="Rules_methods" name="stopTrial_works_correctly_for_StoppingMTDdistribution"/>
    <testcase time="0.0069999999999979" classname="Rules_methods" name="stopTrial_works_correctly_for_StoppingMTDdistribution"/>
    <testcase time="0.0069999999999979" classname="Rules_methods" name="stopTrial_works_correctly_for_StoppingMTDdistribution"/>
    <testcase time="0.00800000000000267" classname="Rules_methods" name="stopTrial_works_correctly_for_StoppingMTDdistribution"/>
    <testcase time="0.00800000000000267" classname="Rules_methods" name="stopTrial_works_correctly_for_StoppingMTDdistribution"/>
    <testcase time="0.00900000000000034" classname="Rules_methods" name="stopTrial_works_correctly_for_StoppingMTDdistribution"/>
    <testcase time="0.00799999999999557" classname="Rules_methods" name="stopTrial_works_correctly_for_StoppingMTDdistribution"/>
    <testcase time="0.00800000000000267" classname="Rules_methods" name="stopTrial_works_correctly_for_StoppingMTDdistribution"/>
    <testcase time="0.00799999999999557" classname="Rules_methods" name="stopTrial_works_correctly_for_StoppingMTDdistribution"/>
    <testcase time="0.00800000000000267" classname="Rules_methods" name="stopTrial_works_correctly_for_StoppingMTDdistribution"/>
    <testcase time="0.00800000000000267" classname="Rules_methods" name="stopTrial_works_correctly_for_StoppingMTDdistribution"/>
    <testcase time="0.00799999999999557" classname="Rules_methods" name="stopTrial_works_correctly_for_StoppingMTDdistribution"/>
    <testcase time="0.00800000000000267" classname="Rules_methods" name="stopTrial_works_correctly_for_StoppingMTDdistribution"/>
    <testcase time="0.0069999999999979" classname="Rules_methods" name="stopTrial_works_correctly_for_StoppingMTDdistribution"/>
    <testcase time="0.007000000000005" classname="Rules_methods" name="stopTrial_works_correctly_for_StoppingMTDdistribution"/>
    <testcase time="0.00799999999999557" classname="Rules_methods" name="stopTrial_works_correctly_for_StoppingMTDdistribution"/>
    <testcase time="0.0069999999999979" classname="Rules_methods" name="stopTrial_works_correctly_for_StoppingMTDdistribution"/>
    <testcase time="0.0150000000000006" classname="Rules_methods" name="stopTrial_works_correctly_for_StoppingMTDdistribution"/>
    <testcase time="0.0110000000000028" classname="Rules_methods" name="stopTrial_works_correctly_for_StoppingMTDdistribution"/>
    <testcase time="0.00900000000000034" classname="Rules_methods" name="stopTrial_works_correctly_for_StoppingMTDdistribution"/>
    <testcase time="0.00800000000000267" classname="Rules_methods" name="stopTrial_works_correctly_for_StoppingMTDdistribution"/>
    <testcase time="0.00799999999999557" classname="Rules_methods" name="stopTrial_works_correctly_for_StoppingMTDdistribution"/>
    <testcase time="0.00800000000000267" classname="Rules_methods" name="stopTrial_works_correctly_for_StoppingMTDdistribution"/>
    <testcase time="0.0069999999999979" classname="Rules_methods" name="stopTrial_works_correctly_for_StoppingMTDdistribution"/>
    <testcase time="0.00800000000000267" classname="Rules_methods" name="stopTrial_works_correctly_for_StoppingMTDdistribution"/>
    <testcase time="0.00799999999999557" classname="Rules_methods" name="stopTrial_works_correctly_for_StoppingMTDdistribution"/>
    <testcase time="0.00800000000000267" classname="Rules_methods" name="stopTrial_works_correctly_for_StoppingMTDdistribution"/>
    <testcase time="0.0069999999999979" classname="Rules_methods" name="stopTrial_works_correctly_for_StoppingMTDdistribution"/>
    <testcase time="0.00800000000000267" classname="Rules_methods" name="stopTrial_works_correctly_for_StoppingMTDdistribution"/>
    <testcase time="0.0069999999999979" classname="Rules_methods" name="stopTrial_works_correctly_for_StoppingMTDdistribution"/>
    <testcase time="0.00800000000000267" classname="Rules_methods" name="stopTrial_works_correctly_for_StoppingMTDdistribution"/>
    <testcase time="0.0069999999999979" classname="Rules_methods" name="stopTrial_works_correctly_for_StoppingMTDdistribution"/>
    <testcase time="0.00800000000000267" classname="Rules_methods" name="stopTrial_works_correctly_for_StoppingMTDdistribution"/>
    <testcase time="0.00799999999999557" classname="Rules_methods" name="stopTrial_works_correctly_for_StoppingMTDdistribution"/>
    <testcase time="0.00800000000000267" classname="Rules_methods" name="stopTrial_works_correctly_for_StoppingMTDdistribution"/>
    <testcase time="0.00800000000000267" classname="Rules_methods" name="stopTrial_works_correctly_for_StoppingMTDdistribution"/>
    <testcase time="0.0069999999999979" classname="Rules_methods" name="stopTrial_works_correctly_for_StoppingMTDdistribution"/>
    <testcase time="0.00800000000000267" classname="Rules_methods" name="stopTrial_works_correctly_for_StoppingMTDdistribution"/>
    <testcase time="0.00799999999999557" classname="Rules_methods" name="stopTrial_works_correctly_for_StoppingMTDdistribution"/>
    <testcase time="0.00800000000000267" classname="Rules_methods" name="stopTrial_works_correctly_for_StoppingMTDdistribution"/>
    <testcase time="0.00799999999999557" classname="Rules_methods" name="stopTrial_works_correctly_for_StoppingMTDdistribution"/>
    <testcase time="0.00900000000000034" classname="Rules_methods" name="stopTrial_works_correctly_for_StoppingMTDdistribution"/>
    <testcase time="0.00800000000000267" classname="Rules_methods" name="stopTrial_works_correctly_for_StoppingMTDdistribution"/>
    <testcase time="0.0069999999999979" classname="Rules_methods" name="stopTrial_works_correctly_for_StoppingMTDdistribution"/>
    <testcase time="0.00800000000000267" classname="Rules_methods" name="stopTrial_works_correctly_for_StoppingMTDdistribution"/>
    <testcase time="0.00800000000000267" classname="Rules_methods" name="stopTrial_works_correctly_for_StoppingMTDdistribution"/>
    <testcase time="0.0179999999999936" classname="Rules_methods" name="stopTrial_works_correctly_for_StoppingMTDdistribution"/>
    <testcase time="0.00900000000000034" classname="Rules_methods" name="stopTrial_works_correctly_for_StoppingMTDdistribution"/>
    <testcase time="0.00800000000000267" classname="Rules_methods" name="stopTrial_works_correctly_for_StoppingMTDdistribution"/>
    <testcase time="0.00800000000000267" classname="Rules_methods" name="stopTrial_works_correctly_for_StoppingMTDdistribution"/>
    <testcase time="0.00799999999999557" classname="Rules_methods" name="stopTrial_works_correctly_for_StoppingMTDdistribution"/>
    <testcase time="0.00800000000000267" classname="Rules_methods" name="stopTrial_works_correctly_for_StoppingMTDdistribution"/>
    <testcase time="0.00800000000000267" classname="Rules_methods" name="stopTrial_works_correctly_for_StoppingMTDdistribution"/>
    <testcase time="0.0069999999999979" classname="Rules_methods" name="stopTrial_works_correctly_for_StoppingMTDdistribution"/>
    <testcase time="0.00900000000000034" classname="Rules_methods" name="stopTrial_works_correctly_for_StoppingMTDdistribution"/>
    <testcase time="0.0069999999999979" classname="Rules_methods" name="stopTrial_works_correctly_for_StoppingMTDdistribution"/>
    <testcase time="0.00800000000000267" classname="Rules_methods" name="stopTrial_works_correctly_for_StoppingMTDdistribution"/>
    <testcase time="0.00799999999999557" classname="Rules_methods" name="stopTrial_works_correctly_for_StoppingMTDdistribution"/>
    <testcase time="0.00800000000000267" classname="Rules_methods" name="stopTrial_works_correctly_for_StoppingMTDdistribution"/>
    <testcase time="0.0069999999999979" classname="Rules_methods" name="stopTrial_works_correctly_for_StoppingMTDdistribution"/>
    <testcase time="0.00900000000000034" classname="Rules_methods" name="stopTrial_works_correctly_for_StoppingMTDdistribution"/>
    <testcase time="0.00800000000000267" classname="Rules_methods" name="stopTrial_works_correctly_for_StoppingMTDdistribution"/>
    <testcase time="0.00799999999999557" classname="Rules_methods" name="stopTrial_works_correctly_for_StoppingMTDdistribution"/>
    <testcase time="0.00900000000000034" classname="Rules_methods" name="stopTrial_works_correctly_for_StoppingMTDdistribution"/>
    <testcase time="0.00800000000000267" classname="Rules_methods" name="stopTrial_works_correctly_for_StoppingMTDdistribution"/>
    <testcase time="0.00800000000000267" classname="Rules_methods" name="stopTrial_works_correctly_for_StoppingMTDdistribution"/>
    <testcase time="0.00799999999999557" classname="Rules_methods" name="stopTrial_works_correctly_for_StoppingMTDdistribution"/>
    <testcase time="0.00800000000000267" classname="Rules_methods" name="stopTrial_works_correctly_for_StoppingMTDdistribution"/>
    <testcase time="0.00800000000000267" classname="Rules_methods" name="stopTrial_works_correctly_for_StoppingMTDdistribution"/>
    <testcase time="0.00899999999999324" classname="Rules_methods" name="stopTrial_works_correctly_for_StoppingMTDdistribution"/>
    <testcase time="0.00800000000000267" classname="Rules_methods" name="stopTrial_works_correctly_for_StoppingMTDdistribution"/>
    <testcase time="0.0069999999999979" classname="Rules_methods" name="stopTrial_works_correctly_for_StoppingMTDdistribution"/>
    <testcase time="0.00800000000000267" classname="Rules_methods" name="stopTrial_works_correctly_for_StoppingMTDdistribution"/>
    <testcase time="0.0159999999999982" classname="Rules_methods" name="stopTrial_works_correctly_for_StoppingMTDdistribution"/>
    <testcase time="0.0110000000000028" classname="Rules_methods" name="stopTrial_works_correctly_for_StoppingMTDdistribution"/>
    <testcase time="0.00799999999999557" classname="Rules_methods" name="stopTrial_works_correctly_for_StoppingMTDdistribution"/>
    <testcase time="0.00800000000000267" classname="Rules_methods" name="stopTrial_works_correctly_for_StoppingMTDdistribution"/>
    <testcase time="0.00900000000000034" classname="Rules_methods" name="stopTrial_works_correctly_for_StoppingMTDdistribution"/>
    <testcase time="0.00800000000000267" classname="Rules_methods" name="stopTrial_works_correctly_for_StoppingMTDdistribution"/>
    <testcase time="0.0069999999999979" classname="Rules_methods" name="stopTrial_works_correctly_for_StoppingMTDdistribution"/>
    <testcase time="0.00800000000000267" classname="Rules_methods" name="stopTrial_works_correctly_for_StoppingMTDdistribution"/>
    <testcase time="0.0069999999999979" classname="Rules_methods" name="stopTrial_works_correctly_for_StoppingMTDdistribution"/>
    <testcase time="0.007000000000005" classname="Rules_methods" name="stopTrial_works_correctly_for_StoppingMTDdistribution"/>
    <testcase time="0.0069999999999979" classname="Rules_methods" name="stopTrial_works_correctly_for_StoppingMTDdistribution"/>
    <testcase time="0.00799999999999557" classname="Rules_methods" name="stopTrial_works_correctly_for_StoppingMTDdistribution"/>
    <testcase time="0.00800000000000267" classname="Rules_methods" name="stopTrial_works_correctly_for_StoppingMTDdistribution"/>
    <testcase time="0.00800000000000267" classname="Rules_methods" name="stopTrial_works_correctly_for_StoppingMTDdistribution"/>
    <testcase time="0.0069999999999979" classname="Rules_methods" name="stopTrial_works_correctly_for_StoppingMTDdistribution"/>
    <testcase time="0.00900000000000034" classname="Rules_methods" name="stopTrial_works_correctly_for_StoppingMTDdistribution"/>
    <testcase time="0.00800000000000267" classname="Rules_methods" name="stopTrial_works_correctly_for_StoppingMTDdistribution"/>
    <testcase time="0.00900000000000034" classname="Rules_methods" name="stopTrial_works_correctly_for_StoppingMTDdistribution"/>
    <testcase time="0.00799999999999557" classname="Rules_methods" name="stopTrial_works_correctly_for_StoppingMTDdistribution"/>
    <testcase time="0.00800000000000267" classname="Rules_methods" name="stopTrial_works_correctly_for_StoppingMTDdistribution"/>
    <testcase time="0.00900000000000034" classname="Rules_methods" name="stopTrial_works_correctly_for_StoppingMTDdistribution"/>
    <testcase time="0.00799999999999557" classname="Rules_methods" name="stopTrial_works_correctly_for_StoppingMTDdistribution"/>
    <testcase time="0.00800000000000267" classname="Rules_methods" name="stopTrial_works_correctly_for_StoppingMTDdistribution"/>
    <testcase time="0.00800000000000267" classname="Rules_methods" name="stopTrial_works_correctly_for_StoppingMTDdistribution"/>
    <testcase time="0.00799999999999557" classname="Rules_methods" name="stopTrial_works_correctly_for_StoppingMTDdistribution"/>
    <testcase time="0.00800000000000267" classname="Rules_methods" name="stopTrial_works_correctly_for_StoppingMTDdistribution"/>
    <testcase time="0.00799999999999557" classname="Rules_methods" name="stopTrial_works_correctly_for_StoppingMTDdistribution"/>
    <testcase time="0.0190000000000055" classname="Rules_methods" name="stopTrial_works_correctly_for_StoppingMTDdistribution"/>
    <testcase time="0.00999999999999801" classname="Rules_methods" name="stopTrial_works_correctly_for_StoppingMTDdistribution"/>
    <testcase time="0.00800000000000267" classname="Rules_methods" name="stopTrial_works_correctly_for_StoppingMTDdistribution"/>
    <testcase time="0.00799999999999557" classname="Rules_methods" name="stopTrial_works_correctly_for_StoppingMTDdistribution"/>
    <testcase time="0.00900000000000034" classname="Rules_methods" name="stopTrial_works_correctly_for_StoppingMTDdistribution"/>
    <testcase time="0.00800000000000267" classname="Rules_methods" name="stopTrial_works_correctly_for_StoppingMTDdistribution"/>
    <testcase time="0.00799999999999557" classname="Rules_methods" name="stopTrial_works_correctly_for_StoppingMTDdistribution"/>
    <testcase time="0.00800000000000267" classname="Rules_methods" name="stopTrial_works_correctly_for_StoppingMTDdistribution"/>
    <testcase time="0.00800000000000267" classname="Rules_methods" name="stopTrial_works_correctly_for_StoppingMTDdistribution"/>
    <testcase time="0.00799999999999557" classname="Rules_methods" name="stopTrial_works_correctly_for_StoppingMTDdistribution"/>
    <testcase time="0.007000000000005" classname="Rules_methods" name="stopTrial_works_correctly_for_StoppingMTDdistribution"/>
    <testcase time="0.00799999999999557" classname="Rules_methods" name="stopTrial_works_correctly_for_StoppingMTDdistribution"/>
    <testcase time="0.00800000000000267" classname="Rules_methods" name="stopTrial_works_correctly_for_StoppingMTDdistribution"/>
    <testcase time="0.00799999999999557" classname="Rules_methods" name="stopTrial_works_correctly_for_StoppingMTDdistribution"/>
    <testcase time="0.00800000000000267" classname="Rules_methods" name="stopTrial_works_correctly_for_StoppingMTDdistribution"/>
    <testcase time="0.00800000000000267" classname="Rules_methods" name="stopTrial_works_correctly_for_StoppingMTDdistribution"/>
    <testcase time="0.00900000000000034" classname="Rules_methods" name="stopTrial_works_correctly_for_StoppingMTDdistribution"/>
    <testcase time="0.00799999999999557" classname="Rules_methods" name="stopTrial_works_correctly_for_StoppingMTDdistribution"/>
    <testcase time="0.00800000000000267" classname="Rules_methods" name="stopTrial_works_correctly_for_StoppingMTDdistribution"/>
    <testcase time="0.00800000000000267" classname="Rules_methods" name="stopTrial_works_correctly_for_StoppingMTDdistribution"/>
    <testcase time="0.00899999999999324" classname="Rules_methods" name="stopTrial_works_correctly_for_StoppingMTDdistribution"/>
    <testcase time="0.00800000000000267" classname="Rules_methods" name="stopTrial_works_correctly_for_StoppingMTDdistribution"/>
    <testcase time="0.00800000000000267" classname="Rules_methods" name="stopTrial_works_correctly_for_StoppingMTDdistribution"/>
    <testcase time="0.00900000000000034" classname="Rules_methods" name="stopTrial_works_correctly_for_StoppingMTDdistribution"/>
    <testcase time="0.00900000000000034" classname="Rules_methods" name="stopTrial_works_correctly_for_StoppingMTDdistribution"/>
    <testcase time="0.00900000000000034" classname="Rules_methods" name="stopTrial_works_correctly_for_StoppingMTDdistribution"/>
    <testcase time="0.0269999999999939" classname="Rules_methods" name="stopTrial_works_correctly_for_StoppingMTDdistribution"/>
    <testcase time="0.0130000000000052" classname="Rules_methods" name="stopTrial_works_correctly_for_StoppingMTDdistribution"/>
    <testcase time="0.00900000000000034" classname="Rules_methods" name="stopTrial_works_correctly_for_StoppingMTDdistribution"/>
    <testcase time="0.00900000000000034" classname="Rules_methods" name="stopTrial_works_correctly_for_StoppingMTDdistribution"/>
    <testcase time="0.00900000000000034" classname="Rules_methods" name="stopTrial_works_correctly_for_StoppingMTDdistribution"/>
    <testcase time="0.00900000000000034" classname="Rules_methods" name="stopTrial_works_correctly_for_StoppingMTDdistribution"/>
    <testcase time="0.00799999999999557" classname="Rules_methods" name="stopTrial_works_correctly_for_StoppingMTDdistribution"/>
    <testcase time="0.00900000000000034" classname="Rules_methods" name="stopTrial_works_correctly_for_StoppingMTDdistribution"/>
    <testcase time="0.00900000000000034" classname="Rules_methods" name="stopTrial_works_correctly_for_StoppingMTDdistribution"/>
    <testcase time="0.00800000000000267" classname="Rules_methods" name="stopTrial_works_correctly_for_StoppingMTDdistribution"/>
    <testcase time="0.00799999999999557" classname="Rules_methods" name="stopTrial_works_correctly_for_StoppingMTDdistribution"/>
    <testcase time="0.00800000000000267" classname="Rules_methods" name="stopTrial_works_correctly_for_StoppingMTDdistribution"/>
    <testcase time="0.00800000000000267" classname="Rules_methods" name="stopTrial_works_correctly_for_StoppingMTDdistribution"/>
    <testcase time="0.00900000000000034" classname="Rules_methods" name="stopTrial_works_correctly_for_StoppingMTDdistribution"/>
    <testcase time="0.00799999999999557" classname="Rules_methods" name="stopTrial_works_correctly_for_StoppingMTDdistribution"/>
    <testcase time="0.00900000000000034" classname="Rules_methods" name="stopTrial_works_correctly_for_StoppingMTDdistribution"/>
    <testcase time="0.00900000000000034" classname="Rules_methods" name="stopTrial_works_correctly_for_StoppingMTDdistribution"/>
    <testcase time="0.00900000000000034" classname="Rules_methods" name="stopTrial_works_correctly_for_StoppingMTDdistribution"/>
    <testcase time="0.00800000000000267" classname="Rules_methods" name="stopTrial_works_correctly_for_StoppingMTDdistribution"/>
    <testcase time="0.00900000000000034" classname="Rules_methods" name="stopTrial_works_correctly_for_StoppingMTDdistribution"/>
    <testcase time="0.00900000000000034" classname="Rules_methods" name="stopTrial_works_correctly_for_StoppingMTDdistribution"/>
    <testcase time="0.00799999999999557" classname="Rules_methods" name="stopTrial_works_correctly_for_StoppingMTDdistribution"/>
    <testcase time="0.00900000000000034" classname="Rules_methods" name="stopTrial_works_correctly_for_StoppingMTDdistribution"/>
    <testcase time="0.00900000000000034" classname="Rules_methods" name="stopTrial_works_correctly_for_StoppingMTDdistribution"/>
    <testcase time="0.00800000000000267" classname="Rules_methods" name="stopTrial_works_correctly_for_StoppingMTDdistribution"/>
    <testcase time="0.00900000000000034" classname="Rules_methods" name="stopTrial_works_correctly_for_StoppingMTDdistribution"/>
    <testcase time="0.0159999999999982" classname="Rules_methods" name="stopTrial_works_correctly_for_StoppingMTDdistribution"/>
    <testcase time="0.0120000000000005" classname="Rules_methods" name="stopTrial_works_correctly_for_StoppingMTDdistribution"/>
    <testcase time="0.00999999999999801" classname="Rules_methods" name="stopTrial_works_correctly_for_StoppingMTDdistribution"/>
    <testcase time="0.00900000000000034" classname="Rules_methods" name="stopTrial_works_correctly_for_StoppingMTDdistribution"/>
    <testcase time="0.0100000000000051" classname="Rules_methods" name="stopTrial_works_correctly_for_StoppingMTDdistribution"/>
    <testcase time="0.00799999999999557" classname="Rules_methods" name="stopTrial_works_correctly_for_StoppingMTDdistribution"/>
    <testcase time="0.00900000000000034" classname="Rules_methods" name="stopTrial_works_correctly_for_StoppingMTDdistribution"/>
    <testcase time="0.00900000000000034" classname="Rules_methods" name="stopTrial_works_correctly_for_StoppingMTDdistribution"/>
    <testcase time="0.00900000000000034" classname="Rules_methods" name="stopTrial_works_correctly_for_StoppingMTDdistribution"/>
    <testcase time="0.00800000000000267" classname="Rules_methods" name="stopTrial_works_correctly_for_StoppingMTDdistribution"/>
    <testcase time="0.00900000000000034" classname="Rules_methods" name="stopTrial_works_correctly_for_StoppingMTDdistribution"/>
    <testcase time="0.00799999999999557" classname="Rules_methods" name="stopTrial_works_correctly_for_StoppingMTDdistribution"/>
    <testcase time="0.00900000000000034" classname="Rules_methods" name="stopTrial_works_correctly_for_StoppingMTDdistribution"/>
    <testcase time="0.00900000000000034" classname="Rules_methods" name="stopTrial_works_correctly_for_StoppingMTDdistribution"/>
    <testcase time="0.00800000000000267" classname="Rules_methods" name="stopTrial_works_correctly_for_StoppingMTDdistribution"/>
    <testcase time="0.00799999999999557" classname="Rules_methods" name="stopTrial_works_correctly_for_StoppingMTDdistribution"/>
    <testcase time="0.0100000000000051" classname="Rules_methods" name="stopTrial_works_correctly_for_StoppingMTDdistribution"/>
    <testcase time="0.00900000000000034" classname="Rules_methods" name="stopTrial_works_correctly_for_StoppingMTDdistribution"/>
    <testcase time="0.00900000000000034" classname="Rules_methods" name="stopTrial_works_correctly_for_StoppingMTDdistribution"/>
    <testcase time="0.00900000000000034" classname="Rules_methods" name="stopTrial_works_correctly_for_StoppingMTDdistribution"/>
    <testcase time="0.00900000000000034" classname="Rules_methods" name="stopTrial_works_correctly_for_StoppingMTDdistribution"/>
    <testcase time="0.00900000000000034" classname="Rules_methods" name="stopTrial_works_correctly_for_StoppingMTDdistribution"/>
    <testcase time="0.00899999999999324" classname="Rules_methods" name="stopTrial_works_correctly_for_StoppingMTDdistribution"/>
    <testcase time="0.0100000000000051" classname="Rules_methods" name="stopTrial_works_correctly_for_StoppingMTDdistribution"/>
    <testcase time="0.00900000000000034" classname="Rules_methods" name="stopTrial_works_correctly_for_StoppingMTDdistribution"/>
    <testcase time="0.00900000000000034" classname="Rules_methods" name="stopTrial_works_correctly_for_StoppingMTDdistribution"/>
    <testcase time="0.0180000000000007" classname="Rules_methods" name="stopTrial_works_correctly_for_StoppingMTDdistribution"/>
    <testcase time="0.0129999999999981" classname="Rules_methods" name="stopTrial_works_correctly_for_StoppingMTDdistribution"/>
    <testcase time="0.00900000000000034" classname="Rules_methods" name="stopTrial_works_correctly_for_StoppingMTDdistribution"/>
    <testcase time="0.00900000000000034" classname="Rules_methods" name="stopTrial_works_correctly_for_StoppingMTDdistribution"/>
    <testcase time="0.00799999999999557" classname="Rules_methods" name="stopTrial_works_correctly_for_StoppingMTDdistribution"/>
    <testcase time="0.00900000000000034" classname="Rules_methods" name="stopTrial_works_correctly_for_StoppingMTDdistribution"/>
    <testcase time="0.00800000000000267" classname="Rules_methods" name="stopTrial_works_correctly_for_StoppingMTDdistribution"/>
    <testcase time="0.00900000000000034" classname="Rules_methods" name="stopTrial_works_correctly_for_StoppingMTDdistribution"/>
    <testcase time="0.00799999999999557" classname="Rules_methods" name="stopTrial_works_correctly_for_StoppingMTDdistribution"/>
    <testcase time="0.00900000000000034" classname="Rules_methods" name="stopTrial_works_correctly_for_StoppingMTDdistribution"/>
    <testcase time="0.00800000000000267" classname="Rules_methods" name="stopTrial_works_correctly_for_StoppingMTDdistribution"/>
    <testcase time="0.00900000000000034" classname="Rules_methods" name="stopTrial_works_correctly_for_StoppingMTDdistribution"/>
    <testcase time="0.00800000000000267" classname="Rules_methods" name="stopTrial_works_correctly_for_StoppingMTDdistribution"/>
    <testcase time="0.00900000000000034" classname="Rules_methods" name="stopTrial_works_correctly_for_StoppingMTDdistribution"/>
    <testcase time="0.00799999999999557" classname="Rules_methods" name="stopTrial_works_correctly_for_StoppingMTDdistribution"/>
    <testcase time="0.00900000000000034" classname="Rules_methods" name="stopTrial_works_correctly_for_StoppingMTDdistribution"/>
    <testcase time="0.00800000000000267" classname="Rules_methods" name="stopTrial_works_correctly_for_StoppingMTDdistribution"/>
    <testcase time="0.00799999999999557" classname="Rules_methods" name="stopTrial_works_correctly_for_StoppingMTDdistribution"/>
    <testcase time="0.0100000000000051" classname="Rules_methods" name="stopTrial_works_correctly_for_StoppingMTDdistribution"/>
    <testcase time="0.00900000000000034" classname="Rules_methods" name="stopTrial_works_correctly_for_StoppingMTDdistribution"/>
    <testcase time="0.00799999999999557" classname="Rules_methods" name="stopTrial_works_correctly_for_StoppingMTDdistribution"/>
    <testcase time="0.00900000000000034" classname="Rules_methods" name="stopTrial_works_correctly_for_StoppingMTDdistribution"/>
    <testcase time="0.00900000000000034" classname="Rules_methods" name="stopTrial_works_correctly_for_StoppingMTDdistribution"/>
    <testcase time="0.00800000000000267" classname="Rules_methods" name="stopTrial_works_correctly_for_StoppingMTDdistribution"/>
    <testcase time="0.00900000000000034" classname="Rules_methods" name="stopTrial_works_correctly_for_StoppingMTDdistribution"/>
    <testcase time="0.0169999999999959" classname="Rules_methods" name="stopTrial_works_correctly_for_StoppingMTDdistribution"/>
    <testcase time="0.0130000000000052" classname="Rules_methods" name="stopTrial_works_correctly_for_StoppingMTDdistribution"/>
    <testcase time="0.00900000000000034" classname="Rules_methods" name="stopTrial_works_correctly_for_StoppingMTDdistribution"/>
    <testcase time="0.00999999999999801" classname="Rules_methods" name="stopTrial_works_correctly_for_StoppingMTDdistribution"/>
    <testcase time="0.00900000000000034" classname="Rules_methods" name="stopTrial_works_correctly_for_StoppingMTDdistribution"/>
    <testcase time="0.00900000000000034" classname="Rules_methods" name="stopTrial_works_correctly_for_StoppingMTDdistribution"/>
    <testcase time="0.00900000000000034" classname="Rules_methods" name="stopTrial_works_correctly_for_StoppingMTDdistribution"/>
    <testcase time="0.00900000000000034" classname="Rules_methods" name="stopTrial_works_correctly_for_StoppingMTDdistribution"/>
    <testcase time="0.00900000000000034" classname="Rules_methods" name="stopTrial_works_correctly_for_StoppingMTDdistribution"/>
    <testcase time="0.00900000000000034" classname="Rules_methods" name="stopTrial_works_correctly_for_StoppingMTDdistribution"/>
    <testcase time="0.00899999999999324" classname="Rules_methods" name="stopTrial_works_correctly_for_StoppingMTDdistribution"/>
    <testcase time="0.00900000000000034" classname="Rules_methods" name="stopTrial_works_correctly_for_StoppingMTDdistribution"/>
    <testcase time="0.00900000000000034" classname="Rules_methods" name="stopTrial_works_correctly_for_StoppingMTDdistribution"/>
    <testcase time="0.00900000000000034" classname="Rules_methods" name="stopTrial_works_correctly_for_StoppingMTDdistribution"/>
    <testcase time="0.0100000000000051" classname="Rules_methods" name="stopTrial_works_correctly_for_StoppingMTDdistribution"/>
    <testcase time="0.00999999999999801" classname="Rules_methods" name="stopTrial_works_correctly_for_StoppingMTDdistribution"/>
    <testcase time="0.00900000000000034" classname="Rules_methods" name="stopTrial_works_correctly_for_StoppingMTDdistribution"/>
    <testcase time="0.00900000000000034" classname="Rules_methods" name="stopTrial_works_correctly_for_StoppingMTDdistribution"/>
    <testcase time="0.00900000000000034" classname="Rules_methods" name="stopTrial_works_correctly_for_StoppingMTDdistribution"/>
    <testcase time="0.00900000000000034" classname="Rules_methods" name="stopTrial_works_correctly_for_StoppingMTDdistribution"/>
    <testcase time="0.00900000000000034" classname="Rules_methods" name="stopTrial_works_correctly_for_StoppingMTDdistribution"/>
    <testcase time="0.00999999999999801" classname="Rules_methods" name="stopTrial_works_correctly_for_StoppingMTDdistribution"/>
    <testcase time="0.00900000000000034" classname="Rules_methods" name="stopTrial_works_correctly_for_StoppingMTDdistribution"/>
    <testcase time="0.0100000000000051" classname="Rules_methods" name="stopTrial_works_correctly_for_StoppingMTDdistribution"/>
    <testcase time="0.00899999999999324" classname="Rules_methods" name="stopTrial_works_correctly_for_StoppingMTDdistribution"/>
    <testcase time="0.0200000000000031" classname="Rules_methods" name="stopTrial_works_correctly_for_StoppingMTDdistribution"/>
    <testcase time="0.0120000000000005" classname="Rules_methods" name="stopTrial_works_correctly_for_StoppingMTDdistribution"/>
    <testcase time="0.0110000000000028" classname="Rules_methods" name="stopTrial_works_correctly_for_StoppingMTDdistribution"/>
    <testcase time="0.00999999999999801" classname="Rules_methods" name="stopTrial_works_correctly_for_StoppingMTDdistribution"/>
    <testcase time="0.00900000000000034" classname="Rules_methods" name="stopTrial_works_correctly_for_StoppingMTDdistribution"/>
    <testcase time="0.00999999999999801" classname="Rules_methods" name="stopTrial_works_correctly_for_StoppingMTDdistribution"/>
    <testcase time="0.00999999999999801" classname="Rules_methods" name="stopTrial_works_correctly_for_StoppingMTDdistribution"/>
    <testcase time="0.00900000000000034" classname="Rules_methods" name="stopTrial_works_correctly_for_StoppingMTDdistribution"/>
    <testcase time="0.00900000000000034" classname="Rules_methods" name="stopTrial_works_correctly_for_StoppingMTDdistribution"/>
    <testcase time="0.0100000000000051" classname="Rules_methods" name="stopTrial_works_correctly_for_StoppingMTDdistribution"/>
    <testcase time="0.00899999999999324" classname="Rules_methods" name="stopTrial_works_correctly_for_StoppingMTDdistribution"/>
    <testcase time="0.00900000000000034" classname="Rules_methods" name="stopTrial_works_correctly_for_StoppingMTDdistribution"/>
    <testcase time="0.00900000000000034" classname="Rules_methods" name="stopTrial_works_correctly_for_StoppingMTDdistribution"/>
    <testcase time="0.00900000000000034" classname="Rules_methods" name="stopTrial_works_correctly_for_StoppingMTDdistribution"/>
    <testcase time="0.0100000000000051" classname="Rules_methods" name="stopTrial_works_correctly_for_StoppingMTDdistribution"/>
    <testcase time="0.00999999999999801" classname="Rules_methods" name="stopTrial_works_correctly_for_StoppingMTDdistribution"/>
    <testcase time="0.00900000000000034" classname="Rules_methods" name="stopTrial_works_correctly_for_StoppingMTDdistribution"/>
    <testcase time="0.00900000000000034" classname="Rules_methods" name="stopTrial_works_correctly_for_StoppingMTDdistribution"/>
    <testcase time="0.00900000000000034" classname="Rules_methods" name="stopTrial_works_correctly_for_StoppingMTDdistribution"/>
    <testcase time="0.00900000000000034" classname="Rules_methods" name="stopTrial_works_correctly_for_StoppingMTDdistribution"/>
    <testcase time="0.00999999999999801" classname="Rules_methods" name="stopTrial_works_correctly_for_StoppingMTDdistribution"/>
    <testcase time="0.00900000000000034" classname="Rules_methods" name="stopTrial_works_correctly_for_StoppingMTDdistribution"/>
    <testcase time="0.00999999999999801" classname="Rules_methods" name="stopTrial_works_correctly_for_StoppingMTDdistribution"/>
    <testcase time="0.00900000000000034" classname="Rules_methods" name="stopTrial_works_correctly_for_StoppingMTDdistribution"/>
    <testcase time="0.0200000000000031" classname="Rules_methods" name="stopTrial_works_correctly_for_StoppingMTDdistribution"/>
    <testcase time="0.0120000000000005" classname="Rules_methods" name="stopTrial_works_correctly_for_StoppingMTDdistribution"/>
    <testcase time="0.00999999999999801" classname="Rules_methods" name="stopTrial_works_correctly_for_StoppingMTDdistribution"/>
    <testcase time="0.00999999999999801" classname="Rules_methods" name="stopTrial_works_correctly_for_StoppingMTDdistribution"/>
    <testcase time="0.00900000000000034" classname="Rules_methods" name="stopTrial_works_correctly_for_StoppingMTDdistribution"/>
    <testcase time="0.00999999999999801" classname="Rules_methods" name="stopTrial_works_correctly_for_StoppingMTDdistribution"/>
    <testcase time="0.00900000000000034" classname="Rules_methods" name="stopTrial_works_correctly_for_StoppingMTDdistribution"/>
    <testcase time="0.0100000000000051" classname="Rules_methods" name="stopTrial_works_correctly_for_StoppingMTDdistribution"/>
    <testcase time="0.00900000000000034" classname="Rules_methods" name="stopTrial_works_correctly_for_StoppingMTDdistribution"/>
    <testcase time="0.00999999999999801" classname="Rules_methods" name="stopTrial_works_correctly_for_StoppingMTDdistribution"/>
    <testcase time="0.00900000000000034" classname="Rules_methods" name="stopTrial_works_correctly_for_StoppingMTDdistribution"/>
    <testcase time="0.00900000000000034" classname="Rules_methods" name="stopTrial_works_correctly_for_StoppingMTDdistribution"/>
    <testcase time="0.00900000000000034" classname="Rules_methods" name="stopTrial_works_correctly_for_StoppingMTDdistribution"/>
    <testcase time="0.00900000000000034" classname="Rules_methods" name="stopTrial_works_correctly_for_StoppingMTDdistribution"/>
    <testcase time="0.00900000000000034" classname="Rules_methods" name="stopTrial_works_correctly_for_StoppingMTDdistribution"/>
    <testcase time="0.00999999999999801" classname="Rules_methods" name="stopTrial_works_correctly_for_StoppingMTDdistribution"/>
    <testcase time="0.00999999999999801" classname="Rules_methods" name="stopTrial_works_correctly_for_StoppingMTDdistribution"/>
    <testcase time="0.00900000000000034" classname="Rules_methods" name="stopTrial_works_correctly_for_StoppingMTDdistribution"/>
    <testcase time="0.00999999999999801" classname="Rules_methods" name="stopTrial_works_correctly_for_StoppingMTDdistribution"/>
    <testcase time="0.00900000000000034" classname="Rules_methods" name="stopTrial_works_correctly_for_StoppingMTDdistribution"/>
    <testcase time="0.00900000000000034" classname="Rules_methods" name="stopTrial_works_correctly_for_StoppingMTDdistribution"/>
    <testcase time="0.0100000000000051" classname="Rules_methods" name="stopTrial_works_correctly_for_StoppingMTDdistribution"/>
    <testcase time="0.00999999999999801" classname="Rules_methods" name="stopTrial_works_correctly_for_StoppingMTDdistribution"/>
    <testcase time="0.017000000000003" classname="Rules_methods" name="stopTrial_works_correctly_for_StoppingMTDdistribution"/>
    <testcase time="0.0139999999999958" classname="Rules_methods" name="stopTrial_works_correctly_for_StoppingMTDdistribution"/>
    <testcase time="0.0120000000000005" classname="Rules_methods" name="stopTrial_works_correctly_for_StoppingMTDdistribution"/>
    <testcase time="0.00999999999999801" classname="Rules_methods" name="stopTrial_works_correctly_for_StoppingMTDdistribution"/>
    <testcase time="0.0100000000000051" classname="Rules_methods" name="stopTrial_works_correctly_for_StoppingMTDdistribution"/>
    <testcase time="0.00999999999999801" classname="Rules_methods" name="stopTrial_works_correctly_for_StoppingMTDdistribution"/>
    <testcase time="0.00999999999999801" classname="Rules_methods" name="stopTrial_works_correctly_for_StoppingMTDdistribution"/>
    <testcase time="0.00999999999999801" classname="Rules_methods" name="stopTrial_works_correctly_for_StoppingMTDdistribution"/>
    <testcase time="0.0100000000000051" classname="Rules_methods" name="stopTrial_works_correctly_for_StoppingMTDdistribution"/>
    <testcase time="0.00999999999999801" classname="Rules_methods" name="stopTrial_works_correctly_for_StoppingMTDdistribution"/>
    <testcase time="0.00999999999999801" classname="Rules_methods" name="stopTrial_works_correctly_for_StoppingMTDdistribution"/>
    <testcase time="0.00900000000000034" classname="Rules_methods" name="stopTrial_works_correctly_for_StoppingMTDdistribution"/>
    <testcase time="0.0120000000000005" classname="Rules_methods" name="stopTrial_works_correctly_for_StoppingMTDdistribution"/>
    <testcase time="0.0110000000000028" classname="Rules_methods" name="stopTrial_works_correctly_for_StoppingMTDdistribution"/>
    <testcase time="0.0109999999999957" classname="Rules_methods" name="stopTrial_works_correctly_for_StoppingMTDdistribution"/>
    <testcase time="0.0100000000000051" classname="Rules_methods" name="stopTrial_works_correctly_for_StoppingMTDdistribution"/>
    <testcase time="0.00999999999999801" classname="Rules_methods" name="stopTrial_works_correctly_for_StoppingMTDdistribution"/>
    <testcase time="0.00999999999999801" classname="Rules_methods" name="stopTrial_works_correctly_for_StoppingMTDdistribution"/>
    <testcase time="0.0100000000000051" classname="Rules_methods" name="stopTrial_works_correctly_for_StoppingMTDdistribution"/>
    <testcase time="0.00999999999999801" classname="Rules_methods" name="stopTrial_works_correctly_for_StoppingMTDdistribution"/>
    <testcase time="0.00999999999999801" classname="Rules_methods" name="stopTrial_works_correctly_for_StoppingMTDdistribution"/>
    <testcase time="0.00999999999999801" classname="Rules_methods" name="stopTrial_works_correctly_for_StoppingMTDdistribution"/>
    <testcase time="0.0110000000000028" classname="Rules_methods" name="stopTrial_works_correctly_for_StoppingMTDdistribution"/>
    <testcase time="0.0110000000000028" classname="Rules_methods" name="stopTrial_works_correctly_for_StoppingMTDdistribution"/>
    <testcase time="0.0209999999999937" classname="Rules_methods" name="stopTrial_works_correctly_for_StoppingMTDdistribution"/>
    <testcase time="0.0110000000000028" classname="Rules_methods" name="stopTrial_works_correctly_for_StoppingMTDdistribution"/>
    <testcase time="0.0110000000000028" classname="Rules_methods" name="stopTrial_works_correctly_for_StoppingMTDdistribution"/>
    <testcase time="0.00999999999999801" classname="Rules_methods" name="stopTrial_works_correctly_for_StoppingMTDdistribution"/>
    <testcase time="0.00999999999999801" classname="Rules_methods" name="stopTrial_works_correctly_for_StoppingMTDdistribution"/>
    <testcase time="0.0100000000000051" classname="Rules_methods" name="stopTrial_works_correctly_for_StoppingMTDdistribution"/>
    <testcase time="0.00999999999999801" classname="Rules_methods" name="stopTrial_works_correctly_for_StoppingMTDdistribution"/>
    <testcase time="0.00999999999999801" classname="Rules_methods" name="stopTrial_works_correctly_for_StoppingMTDdistribution"/>
    <testcase time="0.00900000000000034" classname="Rules_methods" name="stopTrial_works_correctly_for_StoppingMTDdistribution"/>
    <testcase time="0.00999999999999801" classname="Rules_methods" name="stopTrial_works_correctly_for_StoppingMTDdistribution"/>
    <testcase time="0.0100000000000051" classname="Rules_methods" name="stopTrial_works_correctly_for_StoppingMTDdistribution"/>
    <testcase time="0.00999999999999801" classname="Rules_methods" name="stopTrial_works_correctly_for_StoppingMTDdistribution"/>
    <testcase time="0.0109999999999957" classname="Rules_methods" name="stopTrial_works_correctly_for_StoppingMTDdistribution"/>
    <testcase time="0.0100000000000051" classname="Rules_methods" name="stopTrial_works_correctly_for_StoppingMTDdistribution"/>
    <testcase time="0.0109999999999957" classname="Rules_methods" name="stopTrial_works_correctly_for_StoppingMTDdistribution"/>
    <testcase time="0.0100000000000051" classname="Rules_methods" name="stopTrial_works_correctly_for_StoppingMTDdistribution"/>
    <testcase time="0.0109999999999957" classname="Rules_methods" name="stopTrial_works_correctly_for_StoppingMTDdistribution"/>
    <testcase time="0.0100000000000051" classname="Rules_methods" name="stopTrial_works_correctly_for_StoppingMTDdistribution"/>
    <testcase time="0.00999999999999801" classname="Rules_methods" name="stopTrial_works_correctly_for_StoppingMTDdistribution"/>
    <testcase time="0.00999999999999801" classname="Rules_methods" name="stopTrial_works_correctly_for_StoppingMTDdistribution"/>
    <testcase time="0.0110000000000028" classname="Rules_methods" name="stopTrial_works_correctly_for_StoppingMTDdistribution"/>
    <testcase time="0.0109999999999957" classname="Rules_methods" name="stopTrial_works_correctly_for_StoppingMTDdistribution"/>
    <testcase time="0.0180000000000007" classname="Rules_methods" name="stopTrial_works_correctly_for_StoppingMTDdistribution"/>
    <testcase time="0.0180000000000007" classname="Rules_methods" name="stopTrial_works_correctly_for_StoppingMTDdistribution"/>
    <testcase time="0.0110000000000028" classname="Rules_methods" name="stopTrial_works_correctly_for_StoppingMTDdistribution"/>
    <testcase time="0.0120000000000005" classname="Rules_methods" name="stopTrial_works_correctly_for_StoppingMTDdistribution"/>
    <testcase time="0.0109999999999957" classname="Rules_methods" name="stopTrial_works_correctly_for_StoppingMTDdistribution"/>
    <testcase time="0.0110000000000028" classname="Rules_methods" name="stopTrial_works_correctly_for_StoppingMTDdistribution"/>
    <testcase time="0.00999999999999801" classname="Rules_methods" name="stopTrial_works_correctly_for_StoppingMTDdistribution"/>
    <testcase time="0.00999999999999801" classname="Rules_methods" name="stopTrial_works_correctly_for_StoppingMTDdistribution"/>
    <testcase time="0.0100000000000051" classname="Rules_methods" name="stopTrial_works_correctly_for_StoppingMTDdistribution"/>
    <testcase time="0.00999999999999801" classname="Rules_methods" name="stopTrial_works_correctly_for_StoppingMTDdistribution"/>
    <testcase time="0.00999999999999801" classname="Rules_methods" name="stopTrial_works_correctly_for_StoppingMTDdistribution"/>
    <testcase time="0.0100000000000051" classname="Rules_methods" name="stopTrial_works_correctly_for_StoppingMTDdistribution"/>
    <testcase time="0.00900000000000034" classname="Rules_methods" name="stopTrial_works_correctly_for_StoppingMTDdistribution"/>
    <testcase time="0.00999999999999801" classname="Rules_methods" name="stopTrial_works_correctly_for_StoppingMTDdistribution"/>
    <testcase time="0.0109999999999957" classname="Rules_methods" name="stopTrial_works_correctly_for_StoppingMTDdistribution"/>
    <testcase time="0.0100000000000051" classname="Rules_methods" name="stopTrial_works_correctly_for_StoppingMTDdistribution"/>
    <testcase time="0.0109999999999957" classname="Rules_methods" name="stopTrial_works_correctly_for_StoppingMTDdistribution"/>
    <testcase time="0.0110000000000028" classname="Rules_methods" name="stopTrial_works_correctly_for_StoppingMTDdistribution"/>
    <testcase time="0.0110000000000028" classname="Rules_methods" name="stopTrial_works_correctly_for_StoppingMTDdistribution"/>
    <testcase time="0.0109999999999957" classname="Rules_methods" name="stopTrial_works_correctly_for_StoppingMTDdistribution"/>
    <testcase time="0.0110000000000028" classname="Rules_methods" name="stopTrial_works_correctly_for_StoppingMTDdistribution"/>
    <testcase time="0.00999999999999801" classname="Rules_methods" name="stopTrial_works_correctly_for_StoppingMTDdistribution"/>
    <testcase time="0.00999999999999801" classname="Rules_methods" name="stopTrial_works_correctly_for_StoppingMTDdistribution"/>
    <testcase time="0.0210000000000008" classname="Rules_methods" name="stopTrial_works_correctly_for_StoppingMTDdistribution"/>
    <testcase time="0.0120000000000005" classname="Rules_methods" name="stopTrial_works_correctly_for_StoppingMTDdistribution"/>
    <testcase time="0.00999999999999801" classname="Rules_methods" name="stopTrial_works_correctly_for_StoppingMTDdistribution"/>
    <testcase time="0.0110000000000028" classname="Rules_methods" name="stopTrial_works_correctly_for_StoppingMTDdistribution"/>
    <testcase time="0.00999999999999801" classname="Rules_methods" name="stopTrial_works_correctly_for_StoppingMTDdistribution"/>
    <testcase time="0.00900000000000034" classname="Rules_methods" name="stopTrial_works_correctly_for_StoppingMTDdistribution"/>
    <testcase time="0.0100000000000051" classname="Rules_methods" name="stopTrial_works_correctly_for_StoppingMTDdistribution"/>
    <testcase time="0.00899999999999324" classname="Rules_methods" name="stopTrial_works_correctly_for_StoppingMTDdistribution"/>
    <testcase time="0.0100000000000051" classname="Rules_methods" name="stopTrial_works_correctly_for_StoppingMTDdistribution"/>
    <testcase time="0.00900000000000034" classname="Rules_methods" name="stopTrial_works_correctly_for_StoppingMTDdistribution"/>
    <testcase time="0.0109999999999957" classname="Rules_methods" name="stopTrial_works_correctly_for_StoppingMTDdistribution"/>
    <testcase time="0.00900000000000034" classname="Rules_methods" name="stopTrial_works_correctly_for_StoppingMTDdistribution"/>
    <testcase time="0.0100000000000051" classname="Rules_methods" name="stopTrial_works_correctly_for_StoppingMTDdistribution"/>
    <testcase time="0.00899999999999324" classname="Rules_methods" name="stopTrial_works_correctly_for_StoppingMTDdistribution"/>
    <testcase time="0.0100000000000051" classname="Rules_methods" name="stopTrial_works_correctly_for_StoppingMTDdistribution"/>
    <testcase time="0.00999999999999801" classname="Rules_methods" name="stopTrial_works_correctly_for_StoppingMTDdistribution"/>
    <testcase time="0.00999999999999801" classname="Rules_methods" name="stopTrial_works_correctly_for_StoppingMTDdistribution"/>
    <testcase time="0.0100000000000051" classname="Rules_methods" name="stopTrial_works_correctly_for_StoppingMTDdistribution"/>
    <testcase time="0.00999999999999801" classname="Rules_methods" name="stopTrial_works_correctly_for_StoppingMTDdistribution"/>
    <testcase time="0.00999999999999801" classname="Rules_methods" name="stopTrial_works_correctly_for_StoppingMTDdistribution"/>
    <testcase time="0.00999999999999801" classname="Rules_methods" name="stopTrial_works_correctly_for_StoppingMTDdistribution"/>
    <testcase time="0.0100000000000051" classname="Rules_methods" name="stopTrial_works_correctly_for_StoppingMTDdistribution"/>
    <testcase time="0.0219999999999985" classname="Rules_methods" name="stopTrial_works_correctly_for_StoppingMTDdistribution"/>
    <testcase time="0.0120000000000005" classname="Rules_methods" name="stopTrial_works_correctly_for_StoppingMTDdistribution"/>
    <testcase time="0.00999999999999801" classname="Rules_methods" name="stopTrial_works_correctly_for_StoppingMTDdistribution"/>
    <testcase time="0.0110000000000028" classname="Rules_methods" name="stopTrial_works_correctly_for_StoppingMTDdistribution"/>
    <testcase time="0.00999999999999801" classname="Rules_methods" name="stopTrial_works_correctly_for_StoppingMTDdistribution"/>
    <testcase time="0.00900000000000034" classname="Rules_methods" name="stopTrial_works_correctly_for_StoppingMTDdistribution"/>
    <testcase time="0.00999999999999801" classname="Rules_methods" name="stopTrial_works_correctly_for_StoppingMTDdistribution"/>
    <testcase time="0.0100000000000051" classname="Rules_methods" name="stopTrial_works_correctly_for_StoppingMTDdistribution"/>
    <testcase time="0.00900000000000034" classname="Rules_methods" name="stopTrial_works_correctly_for_StoppingMTDdistribution"/>
    <testcase time="0.00899999999999324" classname="Rules_methods" name="stopTrial_works_correctly_for_StoppingMTDdistribution"/>
    <testcase time="0.0100000000000051" classname="Rules_methods" name="stopTrial_works_correctly_for_StoppingMTDdistribution"/>
    <testcase time="0.00900000000000034" classname="Rules_methods" name="stopTrial_works_correctly_for_StoppingMTDdistribution"/>
    <testcase time="0.00999999999999801" classname="Rules_methods" name="stopTrial_works_correctly_for_StoppingMTDdistribution"/>
    <testcase time="0.00999999999999801" classname="Rules_methods" name="stopTrial_works_correctly_for_StoppingMTDdistribution"/>
    <testcase time="0.00900000000000034" classname="Rules_methods" name="stopTrial_works_correctly_for_StoppingMTDdistribution"/>
    <testcase time="0.00999999999999801" classname="Rules_methods" name="stopTrial_works_correctly_for_StoppingMTDdistribution"/>
    <testcase time="0.0100000000000051" classname="Rules_methods" name="stopTrial_works_correctly_for_StoppingMTDdistribution"/>
    <testcase time="0.00999999999999801" classname="Rules_methods" name="stopTrial_works_correctly_for_StoppingMTDdistribution"/>
    <testcase time="0.00999999999999801" classname="Rules_methods" name="stopTrial_works_correctly_for_StoppingMTDdistribution"/>
    <testcase time="0.00900000000000034" classname="Rules_methods" name="stopTrial_works_correctly_for_StoppingMTDdistribution"/>
    <testcase time="0.0100000000000051" classname="Rules_methods" name="stopTrial_works_correctly_for_StoppingMTDdistribution"/>
    <testcase time="0.0179999999999936" classname="Rules_methods" name="stopTrial_works_correctly_for_StoppingMTDdistribution"/>
    <testcase time="0.0140000000000029" classname="Rules_methods" name="stopTrial_works_correctly_for_StoppingMTDdistribution"/>
    <testcase time="0.00999999999999801" classname="Rules_methods" name="stopTrial_works_correctly_for_StoppingMTDdistribution"/>
    <testcase time="0.0100000000000051" classname="Rules_methods" name="stopTrial_works_correctly_for_StoppingMTDdistribution"/>
    <testcase time="0.00999999999999801" classname="Rules_methods" name="stopTrial_works_correctly_for_StoppingMTDdistribution"/>
    <testcase time="0.00999999999999801" classname="Rules_methods" name="stopTrial_works_correctly_for_StoppingMTDdistribution"/>
    <testcase time="0.00900000000000034" classname="Rules_methods" name="stopTrial_works_correctly_for_StoppingMTDdistribution"/>
    <testcase time="0.00999999999999801" classname="Rules_methods" name="stopTrial_works_correctly_for_StoppingMTDdistribution"/>
    <testcase time="0.0100000000000051" classname="Rules_methods" name="stopTrial_works_correctly_for_StoppingMTDdistribution"/>
    <testcase time="0.00900000000000034" classname="Rules_methods" name="stopTrial_works_correctly_for_StoppingMTDdistribution"/>
    <testcase time="0.00999999999999801" classname="Rules_methods" name="stopTrial_works_correctly_for_StoppingMTDdistribution"/>
    <testcase time="0.00900000000000034" classname="Rules_methods" name="stopTrial_works_correctly_for_StoppingMTDdistribution"/>
    <testcase time="0.00999999999999801" classname="Rules_methods" name="stopTrial_works_correctly_for_StoppingMTDdistribution"/>
    <testcase time="0.00999999999999801" classname="Rules_methods" name="stopTrial_works_correctly_for_StoppingMTDdistribution"/>
    <testcase time="0.00999999999999801" classname="Rules_methods" name="stopTrial_works_correctly_for_StoppingMTDdistribution"/>
    <testcase time="0.00999999999999801" classname="Rules_methods" name="stopTrial_works_correctly_for_StoppingMTDdistribution"/>
    <testcase time="0.0110000000000028" classname="Rules_methods" name="stopTrial_works_correctly_for_StoppingMTDdistribution"/>
    <testcase time="0.0110000000000028" classname="Rules_methods" name="stopTrial_works_correctly_for_StoppingMTDdistribution"/>
    <testcase time="0.00999999999999801" classname="Rules_methods" name="stopTrial_works_correctly_for_StoppingMTDdistribution"/>
    <testcase time="0.0109999999999957" classname="Rules_methods" name="stopTrial_works_correctly_for_StoppingMTDdistribution"/>
    <testcase time="0.0110000000000028" classname="Rules_methods" name="stopTrial_works_correctly_for_StoppingMTDdistribution"/>
    <testcase time="0.0180000000000007" classname="Rules_methods" name="stopTrial_works_correctly_for_StoppingMTDdistribution"/>
    <testcase time="0.0159999999999982" classname="Rules_methods" name="stopTrial_works_correctly_for_StoppingMTDdistribution"/>
    <testcase time="0.0110000000000028" classname="Rules_methods" name="stopTrial_works_correctly_for_StoppingMTDdistribution"/>
    <testcase time="0.0120000000000005" classname="Rules_methods" name="stopTrial_works_correctly_for_StoppingMTDdistribution"/>
    <testcase time="0.00999999999999801" classname="Rules_methods" name="stopTrial_works_correctly_for_StoppingMTDdistribution"/>
    <testcase time="0.0110000000000028" classname="Rules_methods" name="stopTrial_works_correctly_for_StoppingMTDdistribution"/>
    <testcase time="0.00999999999999801" classname="Rules_methods" name="stopTrial_works_correctly_for_StoppingMTDdistribution"/>
    <testcase time="0.00999999999999801" classname="Rules_methods" name="stopTrial_works_correctly_for_StoppingMTDdistribution"/>
    <testcase time="0.00999999999999801" classname="Rules_methods" name="stopTrial_works_correctly_for_StoppingMTDdistribution"/>
    <testcase time="0.0100000000000051" classname="Rules_methods" name="stopTrial_works_correctly_for_StoppingMTDdistribution"/>
    <testcase time="0.00999999999999801" classname="Rules_methods" name="stopTrial_works_correctly_for_StoppingMTDdistribution"/>
    <testcase time="0.00999999999999801" classname="Rules_methods" name="stopTrial_works_correctly_for_StoppingMTDdistribution"/>
    <testcase time="0.0110000000000028" classname="Rules_methods" name="stopTrial_works_correctly_for_StoppingMTDdistribution"/>
    <testcase time="0.0110000000000028" classname="Rules_methods" name="stopTrial_works_correctly_for_StoppingMTDdistribution"/>
    <testcase time="0.00999999999999801" classname="Rules_methods" name="stopTrial_works_correctly_for_StoppingMTDdistribution"/>
    <testcase time="0.00999999999999801" classname="Rules_methods" name="stopTrial_works_correctly_for_StoppingMTDdistribution"/>
    <testcase time="0.0110000000000028" classname="Rules_methods" name="stopTrial_works_correctly_for_StoppingMTDdistribution"/>
    <testcase time="0.0110000000000028" classname="Rules_methods" name="stopTrial_works_correctly_for_StoppingMTDdistribution"/>
    <testcase time="0.00999999999999801" classname="Rules_methods" name="stopTrial_works_correctly_for_StoppingMTDdistribution"/>
    <testcase time="0.0110000000000028" classname="Rules_methods" name="stopTrial_works_correctly_for_StoppingMTDdistribution"/>
    <testcase time="0.00999999999999801" classname="Rules_methods" name="stopTrial_works_correctly_for_StoppingMTDdistribution"/>
    <testcase time="0.0189999999999984" classname="Rules_methods" name="stopTrial_works_correctly_for_StoppingMTDdistribution"/>
    <testcase time="0.0150000000000006" classname="Rules_methods" name="stopTrial_works_correctly_for_StoppingMTDdistribution"/>
    <testcase time="0.0110000000000028" classname="Rules_methods" name="stopTrial_works_correctly_for_StoppingMTDdistribution"/>
    <testcase time="0.0109999999999957" classname="Rules_methods" name="stopTrial_works_correctly_for_StoppingMTDdistribution"/>
    <testcase time="0.00999999999999801" classname="Rules_methods" name="stopTrial_works_correctly_for_StoppingMTDdistribution"/>
    <testcase time="0.0110000000000028" classname="Rules_methods" name="stopTrial_works_correctly_for_StoppingMTDdistribution"/>
    <testcase time="0.00999999999999801" classname="Rules_methods" name="stopTrial_works_correctly_for_StoppingMTDdistribution"/>
    <testcase time="0.0110000000000028" classname="Rules_methods" name="stopTrial_works_correctly_for_StoppingMTDdistribution"/>
    <testcase time="0.00999999999999801" classname="Rules_methods" name="stopTrial_works_correctly_for_StoppingMTDdistribution"/>
    <testcase time="0.00999999999999801" classname="Rules_methods" name="stopTrial_works_correctly_for_StoppingMTDdistribution"/>
    <testcase time="0.0100000000000051" classname="Rules_methods" name="stopTrial_works_correctly_for_StoppingMTDdistribution"/>
    <testcase time="0.0109999999999957" classname="Rules_methods" name="stopTrial_works_correctly_for_StoppingMTDdistribution"/>
    <testcase time="0.0110000000000028" classname="Rules_methods" name="stopTrial_works_correctly_for_StoppingMTDdistribution"/>
    <testcase time="0.0110000000000028" classname="Rules_methods" name="stopTrial_works_correctly_for_StoppingMTDdistribution"/>
    <testcase time="0.0109999999999957" classname="Rules_methods" name="stopTrial_works_correctly_for_StoppingMTDdistribution"/>
    <testcase time="0.0110000000000028" classname="Rules_methods" name="stopTrial_works_correctly_for_StoppingMTDdistribution"/>
    <testcase time="0.0109999999999957" classname="Rules_methods" name="stopTrial_works_correctly_for_StoppingMTDdistribution"/>
    <testcase time="0.0110000000000028" classname="Rules_methods" name="stopTrial_works_correctly_for_StoppingMTDdistribution"/>
    <testcase time="0.0110000000000028" classname="Rules_methods" name="stopTrial_works_correctly_for_StoppingMTDdistribution"/>
    <testcase time="0.0109999999999957" classname="Rules_methods" name="stopTrial_works_correctly_for_StoppingMTDdistribution"/>
    <testcase time="0.0110000000000028" classname="Rules_methods" name="stopTrial_works_correctly_for_StoppingMTDdistribution"/>
    <testcase time="0.019999999999996" classname="Rules_methods" name="stopTrial_works_correctly_for_StoppingMTDdistribution"/>
    <testcase time="0.0130000000000052" classname="Rules_methods" name="stopTrial_works_correctly_for_StoppingMTDdistribution"/>
    <testcase time="0.0109999999999957" classname="Rules_methods" name="stopTrial_works_correctly_for_StoppingMTDdistribution"/>
    <testcase time="0.0100000000000051" classname="Rules_methods" name="stopTrial_works_correctly_for_StoppingMTDdistribution"/>
    <testcase time="0.00999999999999801" classname="Rules_methods" name="stopTrial_works_correctly_for_StoppingMTDdistribution"/>
    <testcase time="0.00999999999999801" classname="Rules_methods" name="stopTrial_works_correctly_for_StoppingMTDdistribution"/>
    <testcase time="0.00999999999999801" classname="Rules_methods" name="stopTrial_works_correctly_for_StoppingMTDdistribution"/>
    <testcase time="0.0100000000000051" classname="Rules_methods" name="stopTrial_works_correctly_for_StoppingMTDdistribution"/>
    <testcase time="0.00999999999999801" classname="Rules_methods" name="stopTrial_works_correctly_for_StoppingMTDdistribution"/>
    <testcase time="0.00999999999999801" classname="Rules_methods" name="stopTrial_works_correctly_for_StoppingMTDdistribution"/>
    <testcase time="0.0100000000000051" classname="Rules_methods" name="stopTrial_works_correctly_for_StoppingMTDdistribution"/>
    <testcase time="0.00999999999999801" classname="Rules_methods" name="stopTrial_works_correctly_for_StoppingMTDdistribution"/>
    <testcase time="0.0109999999999957" classname="Rules_methods" name="stopTrial_works_correctly_for_StoppingMTDdistribution"/>
    <testcase time="0.0110000000000028" classname="Rules_methods" name="stopTrial_works_correctly_for_StoppingMTDdistribution"/>
    <testcase time="0.0110000000000028" classname="Rules_methods" name="stopTrial_works_correctly_for_StoppingMTDdistribution"/>
    <testcase time="0.00999999999999801" classname="Rules_methods" name="stopTrial_works_correctly_for_StoppingMTDdistribution"/>
    <testcase time="0.0110000000000028" classname="Rules_methods" name="stopTrial_works_correctly_for_StoppingMTDdistribution"/>
    <testcase time="0.0109999999999957" classname="Rules_methods" name="stopTrial_works_correctly_for_StoppingMTDdistribution"/>
    <testcase time="0.0110000000000028" classname="Rules_methods" name="stopTrial_works_correctly_for_StoppingMTDdistribution"/>
    <testcase time="0.0109999999999957" classname="Rules_methods" name="stopTrial_works_correctly_for_StoppingMTDdistribution"/>
    <testcase time="0.0200000000000031" classname="Rules_methods" name="stopTrial_works_correctly_for_StoppingMTDdistribution"/>
    <testcase time="0.0150000000000006" classname="Rules_methods" name="stopTrial_works_correctly_for_StoppingMTDdistribution"/>
    <testcase time="0.0109999999999957" classname="Rules_methods" name="stopTrial_works_correctly_for_StoppingMTDdistribution"/>
    <testcase time="0.0110000000000028" classname="Rules_methods" name="stopTrial_works_correctly_for_StoppingMTDdistribution"/>
    <testcase time="0.00999999999999801" classname="Rules_methods" name="stopTrial_works_correctly_for_StoppingMTDdistribution"/>
    <testcase time="0.0110000000000028" classname="Rules_methods" name="stopTrial_works_correctly_for_StoppingMTDdistribution"/>
    <testcase time="0.00999999999999801" classname="Rules_methods" name="stopTrial_works_correctly_for_StoppingMTDdistribution"/>
    <testcase time="0.0110000000000028" classname="Rules_methods" name="stopTrial_works_correctly_for_StoppingMTDdistribution"/>
    <testcase time="0.00999999999999801" classname="Rules_methods" name="stopTrial_works_correctly_for_StoppingMTDdistribution"/>
    <testcase time="0.0110000000000028" classname="Rules_methods" name="stopTrial_works_correctly_for_StoppingMTDdistribution"/>
    <testcase time="0.00999999999999801" classname="Rules_methods" name="stopTrial_works_correctly_for_StoppingMTDdistribution"/>
    <testcase time="0.00999999999999801" classname="Rules_methods" name="stopTrial_works_correctly_for_StoppingMTDdistribution"/>
    <testcase time="0.0110000000000028" classname="Rules_methods" name="stopTrial_works_correctly_for_StoppingMTDdistribution"/>
    <testcase time="0.0109999999999957" classname="Rules_methods" name="stopTrial_works_correctly_for_StoppingMTDdistribution"/>
    <testcase time="0.0100000000000051" classname="Rules_methods" name="stopTrial_works_correctly_for_StoppingMTDdistribution"/>
    <testcase time="0.0109999999999957" classname="Rules_methods" name="stopTrial_works_correctly_for_StoppingMTDdistribution"/>
    <testcase time="0.0110000000000028" classname="Rules_methods" name="stopTrial_works_correctly_for_StoppingMTDdistribution"/>
    <testcase time="0.00999999999999801" classname="Rules_methods" name="stopTrial_works_correctly_for_StoppingMTDdistribution"/>
    <testcase time="0.0110000000000028" classname="Rules_methods" name="stopTrial_works_correctly_for_StoppingMTDdistribution"/>
    <testcase time="0.0109999999999957" classname="Rules_methods" name="stopTrial_works_correctly_for_StoppingMTDdistribution"/>
    <testcase time="0.0190000000000055" classname="Rules_methods" name="stopTrial_works_correctly_for_StoppingMTDdistribution"/>
    <testcase time="0.0150000000000006" classname="Rules_methods" name="stopTrial_works_correctly_for_StoppingMTDdistribution"/>
    <testcase time="0.0109999999999957" classname="Rules_methods" name="stopTrial_works_correctly_for_StoppingMTDdistribution"/>
    <testcase time="0.0110000000000028" classname="Rules_methods" name="stopTrial_works_correctly_for_StoppingMTDdistribution"/>
    <testcase time="0.0109999999999957" classname="Rules_methods" name="stopTrial_works_correctly_for_StoppingMTDdistribution"/>
    <testcase time="0.0110000000000028" classname="Rules_methods" name="stopTrial_works_correctly_for_StoppingMTDdistribution"/>
    <testcase time="0.0120000000000005" classname="Rules_methods" name="stopTrial_works_correctly_for_StoppingMTDdistribution"/>
    <testcase time="0.0120000000000005" classname="Rules_methods" name="stopTrial_works_correctly_for_StoppingMTDdistribution"/>
    <testcase time="0.0110000000000028" classname="Rules_methods" name="stopTrial_works_correctly_for_StoppingMTDdistribution"/>
    <testcase time="0.0109999999999957" classname="Rules_methods" name="stopTrial_works_correctly_for_StoppingMTDdistribution"/>
    <testcase time="0.0110000000000028" classname="Rules_methods" name="stopTrial_works_correctly_for_StoppingMTDdistribution"/>
    <testcase time="0.0109999999999957" classname="Rules_methods" name="stopTrial_works_correctly_for_StoppingMTDdistribution"/>
    <testcase time="0.0110000000000028" classname="Rules_methods" name="stopTrial_works_correctly_for_StoppingMTDdistribution"/>
    <testcase time="0.0110000000000028" classname="Rules_methods" name="stopTrial_works_correctly_for_StoppingMTDdistribution"/>
    <testcase time="0.0109999999999957" classname="Rules_methods" name="stopTrial_works_correctly_for_StoppingMTDdistribution"/>
    <testcase time="0.0110000000000028" classname="Rules_methods" name="stopTrial_works_correctly_for_StoppingMTDdistribution"/>
    <testcase time="0.0109999999999957" classname="Rules_methods" name="stopTrial_works_correctly_for_StoppingMTDdistribution"/>
    <testcase time="0.0110000000000028" classname="Rules_methods" name="stopTrial_works_correctly_for_StoppingMTDdistribution"/>
    <testcase time="0.0110000000000028" classname="Rules_methods" name="stopTrial_works_correctly_for_StoppingMTDdistribution"/>
    <testcase time="0.00999999999999801" classname="Rules_methods" name="stopTrial_works_correctly_for_StoppingMTDdistribution"/>
    <testcase time="0.0210000000000008" classname="Rules_methods" name="stopTrial_works_correctly_for_StoppingMTDdistribution"/>
    <testcase time="0.0120000000000005" classname="Rules_methods" name="stopTrial_works_correctly_for_StoppingMTDdistribution"/>
    <testcase time="0.0109999999999957" classname="Rules_methods" name="stopTrial_works_correctly_for_StoppingMTDdistribution"/>
    <testcase time="0.0110000000000028" classname="Rules_methods" name="stopTrial_works_correctly_for_StoppingMTDdistribution"/>
    <testcase time="0.00999999999999801" classname="Rules_methods" name="stopTrial_works_correctly_for_StoppingMTDdistribution"/>
    <testcase time="0.00999999999999801" classname="Rules_methods" name="stopTrial_works_correctly_for_StoppingMTDdistribution"/>
    <testcase time="0.0100000000000051" classname="Rules_methods" name="stopTrial_works_correctly_for_StoppingMTDdistribution"/>
    <testcase time="0.00999999999999801" classname="Rules_methods" name="stopTrial_works_correctly_for_StoppingMTDdistribution"/>
    <testcase time="0.00999999999999801" classname="Rules_methods" name="stopTrial_works_correctly_for_StoppingMTDdistribution"/>
    <testcase time="0.0110000000000028" classname="Rules_methods" name="stopTrial_works_correctly_for_StoppingMTDdistribution"/>
    <testcase time="0.00999999999999801" classname="Rules_methods" name="stopTrial_works_correctly_for_StoppingMTDdistribution"/>
    <testcase time="0.00999999999999801" classname="Rules_methods" name="stopTrial_works_correctly_for_StoppingMTDdistribution"/>
    <testcase time="0.0110000000000028" classname="Rules_methods" name="stopTrial_works_correctly_for_StoppingMTDdistribution"/>
    <testcase time="0.0110000000000028" classname="Rules_methods" name="stopTrial_works_correctly_for_StoppingMTDdistribution"/>
    <testcase time="0.0120000000000005" classname="Rules_methods" name="stopTrial_works_correctly_for_StoppingMTDdistribution"/>
    <testcase time="0.0109999999999957" classname="Rules_methods" name="stopTrial_works_correctly_for_StoppingMTDdistribution"/>
    <testcase time="0.0100000000000051" classname="Rules_methods" name="stopTrial_works_correctly_for_StoppingMTDdistribution"/>
    <testcase time="0.0109999999999957" classname="Rules_methods" name="stopTrial_works_correctly_for_StoppingMTDdistribution"/>
    <testcase time="0.0110000000000028" classname="Rules_methods" name="stopTrial_works_correctly_for_StoppingMTDdistribution"/>
    <testcase time="0.019999999999996" classname="Rules_methods" name="stopTrial_works_correctly_for_StoppingMTDdistribution"/>
    <testcase time="0.0140000000000029" classname="Rules_methods" name="stopTrial_works_correctly_for_StoppingMTDdistribution"/>
    <testcase time="0.0120000000000005" classname="Rules_methods" name="stopTrial_works_correctly_for_StoppingMTDdistribution"/>
    <testcase time="0.0109999999999957" classname="Rules_methods" name="stopTrial_works_correctly_for_StoppingMTDdistribution"/>
    <testcase time="0.0110000000000028" classname="Rules_methods" name="stopTrial_works_correctly_for_StoppingMTDdistribution"/>
    <testcase time="0.0110000000000028" classname="Rules_methods" name="stopTrial_works_correctly_for_StoppingMTDdistribution"/>
    <testcase time="0.0109999999999957" classname="Rules_methods" name="stopTrial_works_correctly_for_StoppingMTDdistribution"/>
    <testcase time="0.0110000000000028" classname="Rules_methods" name="stopTrial_works_correctly_for_StoppingMTDdistribution"/>
    <testcase time="0.00999999999999801" classname="Rules_methods" name="stopTrial_works_correctly_for_StoppingMTDdistribution"/>
    <testcase time="0.0110000000000028" classname="Rules_methods" name="stopTrial_works_correctly_for_StoppingMTDdistribution"/>
    <testcase time="0.0109999999999957" classname="Rules_methods" name="stopTrial_works_correctly_for_StoppingMTDdistribution"/>
    <testcase time="0.0110000000000028" classname="Rules_methods" name="stopTrial_works_correctly_for_StoppingMTDdistribution"/>
    <testcase time="0.0110000000000028" classname="Rules_methods" name="stopTrial_works_correctly_for_StoppingMTDdistribution"/>
    <testcase time="0.0109999999999957" classname="Rules_methods" name="stopTrial_works_correctly_for_StoppingMTDdistribution"/>
    <testcase time="0.0110000000000028" classname="Rules_methods" name="stopTrial_works_correctly_for_StoppingMTDdistribution"/>
    <testcase time="0.0109999999999957" classname="Rules_methods" name="stopTrial_works_correctly_for_StoppingMTDdistribution"/>
    <testcase time="0.0110000000000028" classname="Rules_methods" name="stopTrial_works_correctly_for_StoppingMTDdistribution"/>
    <testcase time="0.0110000000000028" classname="Rules_methods" name="stopTrial_works_correctly_for_StoppingMTDdistribution"/>
    <testcase time="0.0109999999999957" classname="Rules_methods" name="stopTrial_works_correctly_for_StoppingMTDdistribution"/>
    <testcase time="0.0200000000000031" classname="Rules_methods" name="stopTrial_works_correctly_for_StoppingMTDdistribution"/>
    <testcase time="0.0700000000000003" classname="Rules_methods" name="StoppingMTDCV_can_handle_when_dose_is_NA"/>
    <testcase time="0.0609999999999999" classname="Rules_methods" name="StoppingMTDCV_works_correctly_if_CV_is_below_threshold"/>
    <testcase time="0.0569999999999951" classname="Rules_methods" name="StoppingMTDCV_works_correctly_if_CV_is_above_threshold"/>
    <testcase time="0.0430000000000064" classname="Rules_methods" name="StoppingLowestDoseHSRBeta_works_correctly_if_next_dose_is_NA"/>
    <testcase time="0.0399999999999991" classname="Rules_methods" name="StoppingLowestDoseHSRBeta_works_correctly_if_first_active_dose_is_not_toxic"/>
    <testcase time="0.0549999999999997" classname="Rules_methods" name="StoppingLowestDoseHSRBeta_works_correctly_if_first_active_dose_is_toxic"/>
    <testcase time="0.0429999999999993" classname="Rules_methods" name="StoppingLowestDoseHSRBeta_works_correctly_if_first_active_dose_is_not_applied"/>
    <testcase time="0.0399999999999991" classname="Rules_methods" name="StoppingLowestDoseHSRBeta_works_correctly_if_first_active_dose_is_not_toxic"/>
    <testcase time="0.0379999999999967" classname="Rules_methods" name="StoppingLowestDoseHSRBeta_works_correctly_if_first_active_dose_is_toxic"/>
    <testcase time="0.0390000000000015" classname="Rules_methods" name="StoppingLowestDoseHSRBeta_works_correctly_if_first_active_dose_is_not_applied"/>
    <testcase time="0.0859999999999985" classname="Rules_methods" name="StoppingTargetBiomarker_can_handle_when_dose_is_NA"/>
    <testcase time="0.254000000000005" classname="Rules_methods" name="stopTrial_works_for_StoppingTargetBiomarker"/>
    <testcase time="0.0210000000000008" classname="Rules_methods" name="stopTrial_works_for_StoppingTargetBiomarker"/>
    <testcase time="0.0229999999999961" classname="Rules_methods" name="stopTrial_works_for_StoppingTargetBiomarker"/>
    <testcase time="0.0210000000000008" classname="Rules_methods" name="stopTrial_works_for_StoppingTargetBiomarker"/>
    <testcase time="0.0230000000000032" classname="Rules_methods" name="stopTrial_works_for_StoppingTargetBiomarker"/>
    <testcase time="0.0419999999999945" classname="Rules_methods" name="stopTrial_works_for_StoppingTargetBiomarker"/>
    <testcase time="0.0220000000000056" classname="Rules_methods" name="stopTrial_works_for_StoppingTargetBiomarker"/>
    <testcase time="0.019999999999996" classname="Rules_methods" name="stopTrial_works_for_StoppingTargetBiomarker"/>
    <testcase time="0.0200000000000031" classname="Rules_methods" name="stopTrial_works_for_StoppingTargetBiomarker"/>
    <testcase time="0.019999999999996" classname="Rules_methods" name="stopTrial_works_for_StoppingTargetBiomarker"/>
    <testcase time="0.0210000000000008" classname="Rules_methods" name="stopTrial_works_for_StoppingTargetBiomarker"/>
    <testcase time="0.0210000000000008" classname="Rules_methods" name="stopTrial_works_for_StoppingTargetBiomarker"/>
    <testcase time="0.0190000000000055" classname="Rules_methods" name="stopTrial_works_for_StoppingTargetBiomarker"/>
    <testcase time="0.0209999999999937" classname="Rules_methods" name="stopTrial_works_for_StoppingTargetBiomarker"/>
    <testcase time="0.0370000000000061" classname="Rules_methods" name="stopTrial_works_for_StoppingTargetBiomarker"/>
    <testcase time="0.0219999999999985" classname="Rules_methods" name="stopTrial_works_for_StoppingTargetBiomarker"/>
    <testcase time="0.019999999999996" classname="Rules_methods" name="stopTrial_works_for_StoppingTargetBiomarker"/>
    <testcase time="0.0190000000000055" classname="Rules_methods" name="stopTrial_works_for_StoppingTargetBiomarker"/>
    <testcase time="0.019999999999996" classname="Rules_methods" name="stopTrial_works_for_StoppingTargetBiomarker"/>
    <testcase time="0.0210000000000008" classname="Rules_methods" name="stopTrial_works_for_StoppingTargetBiomarker"/>
    <testcase time="0.0210000000000008" classname="Rules_methods" name="stopTrial_works_for_StoppingTargetBiomarker"/>
    <testcase time="0.0200000000000031" classname="Rules_methods" name="stopTrial_works_for_StoppingTargetBiomarker"/>
    <testcase time="0.0209999999999937" classname="Rules_methods" name="stopTrial_works_for_StoppingTargetBiomarker"/>
    <testcase time="0.0380000000000038" classname="Rules_methods" name="stopTrial_works_for_StoppingTargetBiomarker"/>
    <testcase time="0.0210000000000008" classname="Rules_methods" name="stopTrial_works_for_StoppingTargetBiomarker"/>
    <testcase time="0.019999999999996" classname="Rules_methods" name="stopTrial_works_for_StoppingTargetBiomarker"/>
    <testcase time="0.0200000000000031" classname="Rules_methods" name="stopTrial_works_for_StoppingTargetBiomarker"/>
    <testcase time="0.0189999999999984" classname="Rules_methods" name="stopTrial_works_for_StoppingTargetBiomarker"/>
    <testcase time="0.0210000000000008" classname="Rules_methods" name="stopTrial_works_for_StoppingTargetBiomarker"/>
    <testcase time="0.0219999999999985" classname="Rules_methods" name="stopTrial_works_for_StoppingTargetBiomarker"/>
    <testcase time="0.0210000000000008" classname="Rules_methods" name="stopTrial_works_for_StoppingTargetBiomarker"/>
    <testcase time="0.0320000000000036" classname="Rules_methods" name="stopTrial_works_for_StoppingTargetBiomarker"/>
    <testcase time="0.0269999999999939" classname="Rules_methods" name="stopTrial_works_for_StoppingTargetBiomarker"/>
    <testcase time="0.019999999999996" classname="Rules_methods" name="stopTrial_works_for_StoppingTargetBiomarker"/>
    <testcase time="0.0200000000000031" classname="Rules_methods" name="stopTrial_works_for_StoppingTargetBiomarker"/>
    <testcase time="0.0210000000000008" classname="Rules_methods" name="stopTrial_works_for_StoppingTargetBiomarker"/>
    <testcase time="0.019999999999996" classname="Rules_methods" name="stopTrial_works_for_StoppingTargetBiomarker"/>
    <testcase time="0.0210000000000008" classname="Rules_methods" name="stopTrial_works_for_StoppingTargetBiomarker"/>
    <testcase time="0.0200000000000031" classname="Rules_methods" name="stopTrial_works_for_StoppingTargetBiomarker"/>
    <testcase time="0.019999999999996" classname="Rules_methods" name="stopTrial_works_for_StoppingTargetBiomarker"/>
    <testcase time="0.0350000000000037" classname="Rules_methods" name="stopTrial_works_for_StoppingTargetBiomarker"/>
    <testcase time="0.0559999999999974" classname="Rules_methods" name="StoppingSpecificDose_works_correctly_if_next_dose_is_NA"/>
    <testcase time="0.0459999999999994" classname="Rules_methods" name="StoppingSpecificDose_works_correctly_if_dose_rec._differs_from_specific_and_stop_crit._not_met"/>
    <testcase time="0.0500000000000043" classname="Rules_methods" name="StoppingSpecificDose_works_correctly_if_dose_rec._differs_from_specific_and_stop_crit._is_met"/>
    <testcase time="0.0479999999999947" classname="Rules_methods" name="StoppingSpecificDose_works_correctly_if_dose_rec_specific_and_stop_crit._not_met"/>
    <testcase time="0.0630000000000024" classname="Rules_methods" name="StoppingSpecificDose_works_correctly_if_dose_rec._specific_and_stop_crit._is_met"/>
    <testcase time="0.0850000000000009" classname="Rules_methods" name="StoppingSpecificDose_correctly_replaces_next_best_string_with_specific_string"/>
    <testcase time="0.0439999999999969" classname="Rules_methods" name="StoppingHighestDose_works_correctly_if_next_dose_is_NA"/>
    <testcase time="0.0430000000000064" classname="Rules_methods" name="StoppingList_with_any_works_correctly_if_next_dose_is_NA"/>
    <testcase time="0.0519999999999996" classname="Rules_methods" name="StoppingList_with_all_works_correctly_if_next_dose_is_NA"/>
    <testcase time="0.0399999999999991" classname="Rules_methods" name="stopTrial_works_correctly_for_StoppingList"/>
    <testcase time="0.00999999999999801" classname="Rules_methods" name="stopTrial_works_correctly_for_StoppingList"/>
    <testcase time="0.0150000000000006" classname="Rules_methods" name="stopTrial_works_correctly_for_StoppingList"/>
    <testcase time="0.00999999999999801" classname="Rules_methods" name="stopTrial_works_correctly_for_StoppingList"/>
    <testcase time="0.0140000000000029" classname="Rules_methods" name="stopTrial_works_correctly_for_StoppingList"/>
    <testcase time="0.00900000000000034" classname="Rules_methods" name="stopTrial_works_correctly_for_StoppingList"/>
    <testcase time="0.0139999999999958" classname="Rules_methods" name="stopTrial_works_correctly_for_StoppingList"/>
    <testcase time="0.0100000000000051" classname="Rules_methods" name="stopTrial_works_correctly_for_StoppingList"/>
    <testcase time="0.0150000000000006" classname="Rules_methods" name="stopTrial_works_correctly_for_StoppingList"/>
    <testcase time="0.00999999999999801" classname="Rules_methods" name="stopTrial_works_correctly_for_StoppingList"/>
    <testcase time="0.0159999999999982" classname="Rules_methods" name="stopTrial_works_correctly_for_StoppingList"/>
    <testcase time="0.0110000000000028" classname="Rules_methods" name="stopTrial_works_correctly_for_StoppingList"/>
    <testcase time="0.0150000000000006" classname="Rules_methods" name="stopTrial_works_correctly_for_StoppingList"/>
    <testcase time="0.00999999999999801" classname="Rules_methods" name="stopTrial_works_correctly_for_StoppingList"/>
    <testcase time="0.0319999999999965" classname="Rules_methods" name="stopTrial_works_correctly_for_StoppingList"/>
    <testcase time="0.0140000000000029" classname="Rules_methods" name="stopTrial_works_correctly_for_StoppingList"/>
    <testcase time="0.0189999999999984" classname="Rules_methods" name="stopTrial_works_correctly_for_StoppingList"/>
    <testcase time="0.00999999999999801" classname="Rules_methods" name="stopTrial_works_correctly_for_StoppingList"/>
    <testcase time="0.0180000000000007" classname="Rules_methods" name="stopTrial_works_correctly_for_StoppingList"/>
    <testcase time="0.0100000000000051" classname="Rules_methods" name="stopTrial_works_correctly_for_StoppingList"/>
    <testcase time="0.0139999999999958" classname="Rules_methods" name="stopTrial_works_correctly_for_StoppingList"/>
    <testcase time="0.00900000000000034" classname="Rules_methods" name="stopTrial_works_correctly_for_StoppingList"/>
    <testcase time="0.0150000000000006" classname="Rules_methods" name="stopTrial_works_correctly_for_StoppingList"/>
    <testcase time="0.00999999999999801" classname="Rules_methods" name="stopTrial_works_correctly_for_StoppingList"/>
    <testcase time="0.044000000000004" classname="Rules_methods" name="StoppingAll_works_correctly_if_next_dose_is_NA"/>
    <testcase time="0.0339999999999989" classname="Rules_methods" name="stopTrial_works_correctly_for_StoppingAll"/>
    <testcase time="0.00900000000000034" classname="Rules_methods" name="stopTrial_works_correctly_for_StoppingAll"/>
    <testcase time="0.0240000000000009" classname="Rules_methods" name="stopTrial_works_correctly_for_StoppingAll"/>
    <testcase time="0.0150000000000006" classname="Rules_methods" name="stopTrial_works_correctly_for_StoppingAll"/>
    <testcase time="0.0150000000000006" classname="Rules_methods" name="stopTrial_works_correctly_for_StoppingAll"/>
    <testcase time="0.0110000000000028" classname="Rules_methods" name="stopTrial_works_correctly_for_StoppingAll"/>
    <testcase time="0.0150000000000006" classname="Rules_methods" name="stopTrial_works_correctly_for_StoppingAll"/>
    <testcase time="0.00999999999999801" classname="Rules_methods" name="stopTrial_works_correctly_for_StoppingAll"/>
    <testcase time="0.0169999999999959" classname="Rules_methods" name="stopTrial_works_correctly_for_StoppingAll"/>
    <testcase time="0.00900000000000034" classname="Rules_methods" name="stopTrial_works_correctly_for_StoppingAll"/>
    <testcase time="0.0140000000000029" classname="Rules_methods" name="stopTrial_works_correctly_for_StoppingAll"/>
    <testcase time="0.00900000000000034" classname="Rules_methods" name="stopTrial_works_correctly_for_StoppingAll"/>
    <testcase time="0.0180000000000007" classname="Rules_methods" name="stopTrial_works_correctly_for_StoppingAll"/>
    <testcase time="0.00999999999999801" classname="Rules_methods" name="stopTrial_works_correctly_for_StoppingAll"/>
    <testcase time="0.0150000000000006" classname="Rules_methods" name="stopTrial_works_correctly_for_StoppingAll"/>
    <testcase time="0.0100000000000051" classname="Rules_methods" name="stopTrial_works_correctly_for_StoppingAll"/>
    <testcase time="0.0179999999999936" classname="Rules_methods" name="stopTrial_works_correctly_for_StoppingAll"/>
    <testcase time="0.0100000000000051" classname="Rules_methods" name="stopTrial_works_correctly_for_StoppingAll"/>
    <testcase time="0.0279999999999987" classname="Rules_methods" name="Logical_operators_for_combining_Stopping_rules_work_correctly"/>
    <testcase time="0.0150000000000006" classname="Rules_methods" name="Logical_operators_for_combining_Stopping_rules_work_correctly"/>
    <testcase time="0.0159999999999982" classname="Rules_methods" name="Logical_operators_for_combining_Stopping_rules_work_correctly"/>
    <testcase time="0.0460000000000065" classname="Rules_methods" name="StoppingAny_works_correctly_if_next_dose_is_NA"/>
    <testcase time="0.0359999999999943" classname="Rules_methods" name="stopTrial_works_correctly_for_StoppingAny"/>
    <testcase time="0.0100000000000051" classname="Rules_methods" name="stopTrial_works_correctly_for_StoppingAny"/>
    <testcase time="0.0159999999999982" classname="Rules_methods" name="stopTrial_works_correctly_for_StoppingAny"/>
    <testcase time="0.00999999999999801" classname="Rules_methods" name="stopTrial_works_correctly_for_StoppingAny"/>
    <testcase time="0.0140000000000029" classname="Rules_methods" name="stopTrial_works_correctly_for_StoppingAny"/>
    <testcase time="0.00999999999999801" classname="Rules_methods" name="stopTrial_works_correctly_for_StoppingAny"/>
    <testcase time="0.0159999999999982" classname="Rules_methods" name="stopTrial_works_correctly_for_StoppingAny"/>
    <testcase time="0.0100000000000051" classname="Rules_methods" name="stopTrial_works_correctly_for_StoppingAny"/>
    <testcase time="0.0179999999999936" classname="Rules_methods" name="stopTrial_works_correctly_for_StoppingAny"/>
    <testcase time="0.0100000000000051" classname="Rules_methods" name="stopTrial_works_correctly_for_StoppingAny"/>
    <testcase time="0.0279999999999987" classname="Rules_methods" name="stopTrial_works_correctly_for_StoppingAny"/>
    <testcase time="0.0100000000000051" classname="Rules_methods" name="stopTrial_works_correctly_for_StoppingAny"/>
    <testcase time="0.0159999999999982" classname="Rules_methods" name="stopTrial_works_correctly_for_StoppingAny"/>
    <testcase time="0.00999999999999801" classname="Rules_methods" name="stopTrial_works_correctly_for_StoppingAny"/>
    <testcase time="0.017000000000003" classname="Rules_methods" name="stopTrial_works_correctly_for_StoppingAny"/>
    <testcase time="0.00999999999999801" classname="Rules_methods" name="stopTrial_works_correctly_for_StoppingAny"/>
    <testcase time="0.0219999999999985" classname="Rules_methods" name="Logical_operators_for_combining_Stopping_rules_work_correctly"/>
    <testcase time="0.0129999999999981" classname="Rules_methods" name="Logical_operators_for_combining_Stopping_rules_work_correctly"/>
    <testcase time="0.0120000000000005" classname="Rules_methods" name="Logical_operators_for_combining_Stopping_rules_work_correctly"/>
    <testcase time="0.0600000000000023" classname="Rules_methods" name="StoppingTDCIRatio_works_correctly_when_dose_is_NA"/>
    <testcase time="0.0330000000000013" classname="Rules_methods" name="stopTrial_works_correctly_for_StoppingTDCIRatio_when_samples_are_provided"/>
    <testcase time="0.0120000000000005" classname="Rules_methods" name="stopTrial_works_correctly_for_StoppingTDCIRatio_when_samples_are_provided"/>
    <testcase time="0.0259999999999962" classname="Rules_methods" name="stopTrial_works_correctly_for_StoppingTDCIRatio_when_samples_are_provided"/>
    <testcase time="0.0130000000000052" classname="Rules_methods" name="stopTrial_works_correctly_for_StoppingTDCIRatio_when_samples_are_provided"/>
    <testcase time="0.0129999999999981" classname="Rules_methods" name="stopTrial_works_correctly_for_StoppingTDCIRatio_when_samples_are_provided"/>
    <testcase time="0.0120000000000005" classname="Rules_methods" name="stopTrial_works_correctly_for_StoppingTDCIRatio_when_samples_are_provided"/>
    <testcase time="0.0120000000000005" classname="Rules_methods" name="stopTrial_works_correctly_for_StoppingTDCIRatio_when_samples_are_provided"/>
    <testcase time="0.0129999999999981" classname="Rules_methods" name="stopTrial_works_correctly_for_StoppingTDCIRatio_when_samples_are_provided"/>
    <testcase time="0.0110000000000028" classname="Rules_methods" name="stopTrial_works_correctly_for_StoppingTDCIRatio_when_samples_are_provided"/>
    <testcase time="0.0119999999999933" classname="Rules_methods" name="stopTrial_works_correctly_for_StoppingTDCIRatio_when_samples_are_provided"/>
    <testcase time="0.0110000000000028" classname="Rules_methods" name="stopTrial_works_correctly_for_StoppingTDCIRatio_when_samples_are_provided"/>
    <testcase time="0.0129999999999981" classname="Rules_methods" name="stopTrial_works_correctly_for_StoppingTDCIRatio_when_samples_are_provided"/>
    <testcase time="0.0120000000000005" classname="Rules_methods" name="stopTrial_works_correctly_for_StoppingTDCIRatio_when_samples_are_provided"/>
    <testcase time="0.0120000000000005" classname="Rules_methods" name="stopTrial_works_correctly_for_StoppingTDCIRatio_when_samples_are_provided"/>
    <testcase time="0.0120000000000005" classname="Rules_methods" name="stopTrial_works_correctly_for_StoppingTDCIRatio_when_samples_are_provided"/>
    <testcase time="0.0120000000000005" classname="Rules_methods" name="stopTrial_works_correctly_for_StoppingTDCIRatio_when_samples_are_provided"/>
    <testcase time="0.0110000000000028" classname="Rules_methods" name="stopTrial_works_correctly_for_StoppingTDCIRatio_when_samples_are_provided"/>
    <testcase time="0.0120000000000005" classname="Rules_methods" name="stopTrial_works_correctly_for_StoppingTDCIRatio_when_samples_are_provided"/>
    <testcase time="0.0109999999999957" classname="Rules_methods" name="stopTrial_works_correctly_for_StoppingTDCIRatio_when_samples_are_provided"/>
    <testcase time="0.0210000000000008" classname="Rules_methods" name="stopTrial_works_correctly_for_StoppingTDCIRatio_when_samples_are_provided"/>
    <testcase time="0.0140000000000029" classname="Rules_methods" name="stopTrial_works_correctly_for_StoppingTDCIRatio_when_samples_are_provided"/>
    <testcase time="0.0120000000000005" classname="Rules_methods" name="stopTrial_works_correctly_for_StoppingTDCIRatio_when_samples_are_provided"/>
    <testcase time="0.0109999999999957" classname="Rules_methods" name="stopTrial_works_correctly_for_StoppingTDCIRatio_when_samples_are_provided"/>
    <testcase time="0.0110000000000028" classname="Rules_methods" name="stopTrial_works_correctly_for_StoppingTDCIRatio_when_samples_are_provided"/>
    <testcase time="0.0109999999999957" classname="Rules_methods" name="stopTrial_works_correctly_for_StoppingTDCIRatio_when_samples_are_provided"/>
    <testcase time="0.0110000000000028" classname="Rules_methods" name="stopTrial_works_correctly_for_StoppingTDCIRatio_when_samples_are_provided"/>
    <testcase time="0.00999999999999801" classname="Rules_methods" name="stopTrial_works_correctly_for_StoppingTDCIRatio_when_samples_are_provided"/>
    <testcase time="0.00999999999999801" classname="Rules_methods" name="stopTrial_works_correctly_for_StoppingTDCIRatio_when_samples_are_provided"/>
    <testcase time="0.0120000000000005" classname="Rules_methods" name="stopTrial_works_correctly_for_StoppingTDCIRatio_when_samples_are_provided"/>
    <testcase time="0.0110000000000028" classname="Rules_methods" name="stopTrial_works_correctly_for_StoppingTDCIRatio_when_samples_are_provided"/>
    <testcase time="0.0119999999999933" classname="Rules_methods" name="stopTrial_works_correctly_for_StoppingTDCIRatio_when_samples_are_provided"/>
    <testcase time="0.0120000000000005" classname="Rules_methods" name="stopTrial_works_correctly_for_StoppingTDCIRatio_when_samples_are_provided"/>
    <testcase time="0.0120000000000005" classname="Rules_methods" name="stopTrial_works_correctly_for_StoppingTDCIRatio_when_samples_are_provided"/>
    <testcase time="0.0120000000000005" classname="Rules_methods" name="stopTrial_works_correctly_for_StoppingTDCIRatio_when_samples_are_provided"/>
    <testcase time="0.0120000000000005" classname="Rules_methods" name="stopTrial_works_correctly_for_StoppingTDCIRatio_when_samples_are_provided"/>
    <testcase time="0.0120000000000005" classname="Rules_methods" name="stopTrial_works_correctly_for_StoppingTDCIRatio_when_samples_are_provided"/>
    <testcase time="0.0219999999999985" classname="Rules_methods" name="stopTrial_works_correctly_for_StoppingTDCIRatio_when_samples_are_provided"/>
    <testcase time="0.0140000000000029" classname="Rules_methods" name="stopTrial_works_correctly_for_StoppingTDCIRatio_when_samples_are_provided"/>
    <testcase time="0.0120000000000005" classname="Rules_methods" name="stopTrial_works_correctly_for_StoppingTDCIRatio_when_samples_are_provided"/>
    <testcase time="0.0110000000000028" classname="Rules_methods" name="stopTrial_works_correctly_for_StoppingTDCIRatio_when_samples_are_provided"/>
    <testcase time="0.0119999999999933" classname="Rules_methods" name="stopTrial_works_correctly_for_StoppingTDCIRatio_when_samples_are_provided"/>
    <testcase time="0.0100000000000051" classname="Rules_methods" name="stopTrial_works_correctly_for_StoppingTDCIRatio_when_samples_are_provided"/>
    <testcase time="0.0110000000000028" classname="Rules_methods" name="stopTrial_works_correctly_for_StoppingTDCIRatio_when_samples_are_provided"/>
    <testcase time="0.0109999999999957" classname="Rules_methods" name="stopTrial_works_correctly_for_StoppingTDCIRatio_when_samples_are_provided"/>
    <testcase time="0.0120000000000005" classname="Rules_methods" name="stopTrial_works_correctly_for_StoppingTDCIRatio_when_samples_are_provided"/>
    <testcase time="0.0110000000000028" classname="Rules_methods" name="stopTrial_works_correctly_for_StoppingTDCIRatio_when_samples_are_provided"/>
    <testcase time="0.0109999999999957" classname="Rules_methods" name="stopTrial_works_correctly_for_StoppingTDCIRatio_when_samples_are_provided"/>
    <testcase time="0.0120000000000005" classname="Rules_methods" name="stopTrial_works_correctly_for_StoppingTDCIRatio_when_samples_are_provided"/>
    <testcase time="0.0120000000000005" classname="Rules_methods" name="stopTrial_works_correctly_for_StoppingTDCIRatio_when_samples_are_provided"/>
    <testcase time="0.0110000000000028" classname="Rules_methods" name="stopTrial_works_correctly_for_StoppingTDCIRatio_when_samples_are_provided"/>
    <testcase time="0.0110000000000028" classname="Rules_methods" name="stopTrial_works_correctly_for_StoppingTDCIRatio_when_samples_are_provided"/>
    <testcase time="0.0119999999999933" classname="Rules_methods" name="stopTrial_works_correctly_for_StoppingTDCIRatio_when_samples_are_provided"/>
    <testcase time="0.0110000000000028" classname="Rules_methods" name="stopTrial_works_correctly_for_StoppingTDCIRatio_when_samples_are_provided"/>
    <testcase time="0.0249999999999986" classname="Rules_methods" name="stopTrial_works_correctly_for_StoppingTDCIRatio_when_samples_are_provided"/>
    <testcase time="0.0120000000000005" classname="Rules_methods" name="stopTrial_works_correctly_for_StoppingTDCIRatio_when_samples_are_provided"/>
    <testcase time="0.0129999999999981" classname="Rules_methods" name="stopTrial_works_correctly_for_StoppingTDCIRatio_when_samples_are_provided"/>
    <testcase time="0.0110000000000028" classname="Rules_methods" name="stopTrial_works_correctly_for_StoppingTDCIRatio_when_samples_are_provided"/>
    <testcase time="0.0120000000000005" classname="Rules_methods" name="stopTrial_works_correctly_for_StoppingTDCIRatio_when_samples_are_provided"/>
    <testcase time="0.0120000000000005" classname="Rules_methods" name="stopTrial_works_correctly_for_StoppingTDCIRatio_when_samples_are_provided"/>
    <testcase time="0.0120000000000005" classname="Rules_methods" name="stopTrial_works_correctly_for_StoppingTDCIRatio_when_samples_are_provided"/>
    <testcase time="0.0109999999999957" classname="Rules_methods" name="stopTrial_works_correctly_for_StoppingTDCIRatio_when_samples_are_provided"/>
    <testcase time="0.0110000000000028" classname="Rules_methods" name="stopTrial_works_correctly_for_StoppingTDCIRatio_when_samples_are_provided"/>
    <testcase time="0.0120000000000005" classname="Rules_methods" name="stopTrial_works_correctly_for_StoppingTDCIRatio_when_samples_are_provided"/>
    <testcase time="0.0110000000000028" classname="Rules_methods" name="stopTrial_works_correctly_for_StoppingTDCIRatio_when_samples_are_provided"/>
    <testcase time="0.0120000000000005" classname="Rules_methods" name="stopTrial_works_correctly_for_StoppingTDCIRatio_when_samples_are_provided"/>
    <testcase time="0.0120000000000005" classname="Rules_methods" name="stopTrial_works_correctly_for_StoppingTDCIRatio_when_samples_are_provided"/>
    <testcase time="0.0109999999999957" classname="Rules_methods" name="stopTrial_works_correctly_for_StoppingTDCIRatio_when_samples_are_provided"/>
    <testcase time="0.0120000000000005" classname="Rules_methods" name="stopTrial_works_correctly_for_StoppingTDCIRatio_when_samples_are_provided"/>
    <testcase time="0.0120000000000005" classname="Rules_methods" name="stopTrial_works_correctly_for_StoppingTDCIRatio_when_samples_are_provided"/>
    <testcase time="0.027000000000001" classname="Rules_methods" name="stopTrial_works_correctly_for_StoppingTDCIRatio_when_samples_are_provided"/>
    <testcase time="0.0230000000000032" classname="Rules_methods" name="stopTrial_works_correctly_for_StoppingTDCIRatio_when_samples_are_provided"/>
    <testcase time="0.0169999999999959" classname="Rules_methods" name="stopTrial_works_correctly_for_StoppingTDCIRatio_when_samples_are_provided"/>
    <testcase time="0.0130000000000052" classname="Rules_methods" name="stopTrial_works_correctly_for_StoppingTDCIRatio_when_samples_are_provided"/>
    <testcase time="0.0129999999999981" classname="Rules_methods" name="stopTrial_works_correctly_for_StoppingTDCIRatio_when_samples_are_provided"/>
    <testcase time="0.0120000000000005" classname="Rules_methods" name="stopTrial_works_correctly_for_StoppingTDCIRatio_when_samples_are_provided"/>
    <testcase time="0.0120000000000005" classname="Rules_methods" name="stopTrial_works_correctly_for_StoppingTDCIRatio_when_samples_are_provided"/>
    <testcase time="0.0109999999999957" classname="Rules_methods" name="stopTrial_works_correctly_for_StoppingTDCIRatio_when_samples_are_provided"/>
    <testcase time="0.0120000000000005" classname="Rules_methods" name="stopTrial_works_correctly_for_StoppingTDCIRatio_when_samples_are_provided"/>
    <testcase time="0.0120000000000005" classname="Rules_methods" name="stopTrial_works_correctly_for_StoppingTDCIRatio_when_samples_are_provided"/>
    <testcase time="0.0120000000000005" classname="Rules_methods" name="stopTrial_works_correctly_for_StoppingTDCIRatio_when_samples_are_provided"/>
    <testcase time="0.0120000000000005" classname="Rules_methods" name="stopTrial_works_correctly_for_StoppingTDCIRatio_when_samples_are_provided"/>
    <testcase time="0.0120000000000005" classname="Rules_methods" name="stopTrial_works_correctly_for_StoppingTDCIRatio_when_samples_are_provided"/>
    <testcase time="0.0129999999999981" classname="Rules_methods" name="stopTrial_works_correctly_for_StoppingTDCIRatio_when_samples_are_provided"/>
    <testcase time="0.0110000000000028" classname="Rules_methods" name="stopTrial_works_correctly_for_StoppingTDCIRatio_when_samples_are_provided"/>
    <testcase time="0.0109999999999957" classname="Rules_methods" name="stopTrial_works_correctly_for_StoppingTDCIRatio_when_samples_are_provided"/>
    <testcase time="0.0120000000000005" classname="Rules_methods" name="stopTrial_works_correctly_for_StoppingTDCIRatio_when_samples_are_provided"/>
    <testcase time="0.0240000000000009" classname="Rules_methods" name="stopTrial_works_correctly_for_StoppingTDCIRatio_when_samples_are_provided"/>
    <testcase time="0.0110000000000028" classname="Rules_methods" name="stopTrial_works_correctly_for_StoppingTDCIRatio_when_samples_are_provided"/>
    <testcase time="0.0110000000000028" classname="Rules_methods" name="stopTrial_works_correctly_for_StoppingTDCIRatio_when_samples_are_provided"/>
    <testcase time="0.0120000000000005" classname="Rules_methods" name="stopTrial_works_correctly_for_StoppingTDCIRatio_when_samples_are_provided"/>
    <testcase time="0.0109999999999957" classname="Rules_methods" name="stopTrial_works_correctly_for_StoppingTDCIRatio_when_samples_are_provided"/>
    <testcase time="0.0130000000000052" classname="Rules_methods" name="stopTrial_works_correctly_for_StoppingTDCIRatio_when_samples_are_provided"/>
    <testcase time="0.0109999999999957" classname="Rules_methods" name="stopTrial_works_correctly_for_StoppingTDCIRatio_when_samples_are_provided"/>
    <testcase time="0.0120000000000005" classname="Rules_methods" name="stopTrial_works_correctly_for_StoppingTDCIRatio_when_samples_are_provided"/>
    <testcase time="0.0120000000000005" classname="Rules_methods" name="stopTrial_works_correctly_for_StoppingTDCIRatio_when_samples_are_provided"/>
    <testcase time="0.0129999999999981" classname="Rules_methods" name="stopTrial_works_correctly_for_StoppingTDCIRatio_when_samples_are_provided"/>
    <testcase time="0.0120000000000005" classname="Rules_methods" name="stopTrial_works_correctly_for_StoppingTDCIRatio_when_samples_are_provided"/>
    <testcase time="0.0120000000000005" classname="Rules_methods" name="stopTrial_works_correctly_for_StoppingTDCIRatio_when_samples_are_provided"/>
    <testcase time="0.0129999999999981" classname="Rules_methods" name="stopTrial_works_correctly_for_StoppingTDCIRatio_when_samples_are_provided"/>
    <testcase time="0.0120000000000005" classname="Rules_methods" name="stopTrial_works_correctly_for_StoppingTDCIRatio_when_samples_are_provided"/>
    <testcase time="0.0120000000000005" classname="Rules_methods" name="stopTrial_works_correctly_for_StoppingTDCIRatio_when_samples_are_provided"/>
    <testcase time="0.0110000000000028" classname="Rules_methods" name="stopTrial_works_correctly_for_StoppingTDCIRatio_when_samples_are_provided"/>
    <testcase time="0.0230000000000032" classname="Rules_methods" name="stopTrial_works_correctly_for_StoppingTDCIRatio_when_samples_are_provided"/>
    <testcase time="0.0129999999999981" classname="Rules_methods" name="stopTrial_works_correctly_for_StoppingTDCIRatio_when_samples_are_provided"/>
    <testcase time="0.0110000000000028" classname="Rules_methods" name="stopTrial_works_correctly_for_StoppingTDCIRatio_when_samples_are_provided"/>
    <testcase time="0.0110000000000028" classname="Rules_methods" name="stopTrial_works_correctly_for_StoppingTDCIRatio_when_samples_are_provided"/>
    <testcase time="0.0109999999999957" classname="Rules_methods" name="stopTrial_works_correctly_for_StoppingTDCIRatio_when_samples_are_provided"/>
    <testcase time="0.0120000000000005" classname="Rules_methods" name="stopTrial_works_correctly_for_StoppingTDCIRatio_when_samples_are_provided"/>
    <testcase time="0.0129999999999981" classname="Rules_methods" name="stopTrial_works_correctly_for_StoppingTDCIRatio_when_samples_are_provided"/>
    <testcase time="0.0120000000000005" classname="Rules_methods" name="stopTrial_works_correctly_for_StoppingTDCIRatio_when_samples_are_provided"/>
    <testcase time="0.0120000000000005" classname="Rules_methods" name="stopTrial_works_correctly_for_StoppingTDCIRatio_when_samples_are_provided"/>
    <testcase time="0.0120000000000005" classname="Rules_methods" name="stopTrial_works_correctly_for_StoppingTDCIRatio_when_samples_are_provided"/>
    <testcase time="0.0130000000000052" classname="Rules_methods" name="stopTrial_works_correctly_for_StoppingTDCIRatio_when_samples_are_provided"/>
    <testcase time="0.0119999999999933" classname="Rules_methods" name="stopTrial_works_correctly_for_StoppingTDCIRatio_when_samples_are_provided"/>
    <testcase time="0.0120000000000005" classname="Rules_methods" name="stopTrial_works_correctly_for_StoppingTDCIRatio_when_samples_are_provided"/>
    <testcase time="0.0120000000000005" classname="Rules_methods" name="stopTrial_works_correctly_for_StoppingTDCIRatio_when_samples_are_provided"/>
    <testcase time="0.0130000000000052" classname="Rules_methods" name="stopTrial_works_correctly_for_StoppingTDCIRatio_when_samples_are_provided"/>
    <testcase time="0.0120000000000005" classname="Rules_methods" name="stopTrial_works_correctly_for_StoppingTDCIRatio_when_samples_are_provided"/>
    <testcase time="0.0249999999999986" classname="Rules_methods" name="stopTrial_works_correctly_for_StoppingTDCIRatio_when_samples_are_provided"/>
    <testcase time="0.0129999999999981" classname="Rules_methods" name="stopTrial_works_correctly_for_StoppingTDCIRatio_when_samples_are_provided"/>
    <testcase time="0.0129999999999981" classname="Rules_methods" name="stopTrial_works_correctly_for_StoppingTDCIRatio_when_samples_are_provided"/>
    <testcase time="0.0110000000000028" classname="Rules_methods" name="stopTrial_works_correctly_for_StoppingTDCIRatio_when_samples_are_provided"/>
    <testcase time="0.0120000000000005" classname="Rules_methods" name="stopTrial_works_correctly_for_StoppingTDCIRatio_when_samples_are_provided"/>
    <testcase time="0.0120000000000005" classname="Rules_methods" name="stopTrial_works_correctly_for_StoppingTDCIRatio_when_samples_are_provided"/>
    <testcase time="0.0120000000000005" classname="Rules_methods" name="stopTrial_works_correctly_for_StoppingTDCIRatio_when_samples_are_provided"/>
    <testcase time="0.0109999999999957" classname="Rules_methods" name="stopTrial_works_correctly_for_StoppingTDCIRatio_when_samples_are_provided"/>
    <testcase time="0.0120000000000005" classname="Rules_methods" name="stopTrial_works_correctly_for_StoppingTDCIRatio_when_samples_are_provided"/>
    <testcase time="0.0129999999999981" classname="Rules_methods" name="stopTrial_works_correctly_for_StoppingTDCIRatio_when_samples_are_provided"/>
    <testcase time="0.0130000000000052" classname="Rules_methods" name="stopTrial_works_correctly_for_StoppingTDCIRatio_when_samples_are_provided"/>
    <testcase time="0.0120000000000005" classname="Rules_methods" name="stopTrial_works_correctly_for_StoppingTDCIRatio_when_samples_are_provided"/>
    <testcase time="0.0120000000000005" classname="Rules_methods" name="stopTrial_works_correctly_for_StoppingTDCIRatio_when_samples_are_provided"/>
    <testcase time="0.0120000000000005" classname="Rules_methods" name="stopTrial_works_correctly_for_StoppingTDCIRatio_when_samples_are_provided"/>
    <testcase time="0.0119999999999933" classname="Rules_methods" name="stopTrial_works_correctly_for_StoppingTDCIRatio_when_samples_are_provided"/>
    <testcase time="0.0120000000000005" classname="Rules_methods" name="stopTrial_works_correctly_for_StoppingTDCIRatio_when_samples_are_provided"/>
    <testcase time="0.0180000000000007" classname="Rules_methods" name="stopTrial_works_correctly_for_StoppingTDCIRatio_when_samples_are_provided"/>
    <testcase time="0.0120000000000005" classname="Rules_methods" name="stopTrial_works_correctly_for_StoppingTDCIRatio_when_samples_are_provided"/>
    <testcase time="0.0120000000000005" classname="Rules_methods" name="stopTrial_works_correctly_for_StoppingTDCIRatio_when_samples_are_provided"/>
    <testcase time="0.0119999999999933" classname="Rules_methods" name="stopTrial_works_correctly_for_StoppingTDCIRatio_when_samples_are_provided"/>
    <testcase time="0.0120000000000005" classname="Rules_methods" name="stopTrial_works_correctly_for_StoppingTDCIRatio_when_samples_are_provided"/>
    <testcase time="0.0110000000000028" classname="Rules_methods" name="stopTrial_works_correctly_for_StoppingTDCIRatio_when_samples_are_provided"/>
    <testcase time="0.0120000000000005" classname="Rules_methods" name="stopTrial_works_correctly_for_StoppingTDCIRatio_when_samples_are_provided"/>
    <testcase time="0.0120000000000005" classname="Rules_methods" name="stopTrial_works_correctly_for_StoppingTDCIRatio_when_samples_are_provided"/>
    <testcase time="0.0120000000000005" classname="Rules_methods" name="stopTrial_works_correctly_for_StoppingTDCIRatio_when_samples_are_provided"/>
    <testcase time="0.0129999999999981" classname="Rules_methods" name="stopTrial_works_correctly_for_StoppingTDCIRatio_when_samples_are_provided"/>
    <testcase time="0.0129999999999981" classname="Rules_methods" name="stopTrial_works_correctly_for_StoppingTDCIRatio_when_samples_are_provided"/>
    <testcase time="0.0130000000000052" classname="Rules_methods" name="stopTrial_works_correctly_for_StoppingTDCIRatio_when_samples_are_provided"/>
    <testcase time="0.0120000000000005" classname="Rules_methods" name="stopTrial_works_correctly_for_StoppingTDCIRatio_when_samples_are_provided"/>
    <testcase time="0.0129999999999981" classname="Rules_methods" name="stopTrial_works_correctly_for_StoppingTDCIRatio_when_samples_are_provided"/>
    <testcase time="0.0120000000000005" classname="Rules_methods" name="stopTrial_works_correctly_for_StoppingTDCIRatio_when_samples_are_provided"/>
    <testcase time="0.0300000000000011" classname="Rules_methods" name="stopTrial_works_correctly_for_StoppingTDCIRatio_when_samples_are_provided"/>
    <testcase time="0.0189999999999984" classname="Rules_methods" name="stopTrial_works_correctly_for_StoppingTDCIRatio_when_samples_are_provided"/>
    <testcase time="0.0139999999999958" classname="Rules_methods" name="stopTrial_works_correctly_for_StoppingTDCIRatio_when_samples_are_provided"/>
    <testcase time="0.0130000000000052" classname="Rules_methods" name="stopTrial_works_correctly_for_StoppingTDCIRatio_when_samples_are_provided"/>
    <testcase time="0.0129999999999981" classname="Rules_methods" name="stopTrial_works_correctly_for_StoppingTDCIRatio_when_samples_are_provided"/>
    <testcase time="0.0129999999999981" classname="Rules_methods" name="stopTrial_works_correctly_for_StoppingTDCIRatio_when_samples_are_provided"/>
    <testcase time="0.0140000000000029" classname="Rules_methods" name="stopTrial_works_correctly_for_StoppingTDCIRatio_when_samples_are_provided"/>
    <testcase time="0.0120000000000005" classname="Rules_methods" name="stopTrial_works_correctly_for_StoppingTDCIRatio_when_samples_are_provided"/>
    <testcase time="0.0109999999999957" classname="Rules_methods" name="stopTrial_works_correctly_for_StoppingTDCIRatio_when_samples_are_provided"/>
    <testcase time="0.0130000000000052" classname="Rules_methods" name="stopTrial_works_correctly_for_StoppingTDCIRatio_when_samples_are_provided"/>
    <testcase time="0.0109999999999957" classname="Rules_methods" name="stopTrial_works_correctly_for_StoppingTDCIRatio_when_samples_are_provided"/>
    <testcase time="0.0129999999999981" classname="Rules_methods" name="stopTrial_works_correctly_for_StoppingTDCIRatio_when_samples_are_provided"/>
    <testcase time="0.0120000000000005" classname="Rules_methods" name="stopTrial_works_correctly_for_StoppingTDCIRatio_when_samples_are_provided"/>
    <testcase time="0.0130000000000052" classname="Rules_methods" name="stopTrial_works_correctly_for_StoppingTDCIRatio_when_samples_are_provided"/>
    <testcase time="0.0120000000000005" classname="Rules_methods" name="stopTrial_works_correctly_for_StoppingTDCIRatio_when_samples_are_provided"/>
    <testcase time="0.0120000000000005" classname="Rules_methods" name="stopTrial_works_correctly_for_StoppingTDCIRatio_when_samples_are_provided"/>
    <testcase time="0.0210000000000008" classname="Rules_methods" name="stopTrial_works_correctly_for_StoppingTDCIRatio_when_samples_are_provided"/>
    <testcase time="0.019999999999996" classname="Rules_methods" name="stopTrial_works_correctly_for_StoppingTDCIRatio_when_samples_are_provided"/>
    <testcase time="0.0130000000000052" classname="Rules_methods" name="stopTrial_works_correctly_for_StoppingTDCIRatio_when_samples_are_provided"/>
    <testcase time="0.0129999999999981" classname="Rules_methods" name="stopTrial_works_correctly_for_StoppingTDCIRatio_when_samples_are_provided"/>
    <testcase time="0.0120000000000005" classname="Rules_methods" name="stopTrial_works_correctly_for_StoppingTDCIRatio_when_samples_are_provided"/>
    <testcase time="0.0120000000000005" classname="Rules_methods" name="stopTrial_works_correctly_for_StoppingTDCIRatio_when_samples_are_provided"/>
    <testcase time="0.0129999999999981" classname="Rules_methods" name="stopTrial_works_correctly_for_StoppingTDCIRatio_when_samples_are_provided"/>
    <testcase time="0.0110000000000028" classname="Rules_methods" name="stopTrial_works_correctly_for_StoppingTDCIRatio_when_samples_are_provided"/>
    <testcase time="0.0110000000000028" classname="Rules_methods" name="stopTrial_works_correctly_for_StoppingTDCIRatio_when_samples_are_provided"/>
    <testcase time="0.0129999999999981" classname="Rules_methods" name="stopTrial_works_correctly_for_StoppingTDCIRatio_when_samples_are_provided"/>
    <testcase time="0.0109999999999957" classname="Rules_methods" name="stopTrial_works_correctly_for_StoppingTDCIRatio_when_samples_are_provided"/>
    <testcase time="0.0120000000000005" classname="Rules_methods" name="stopTrial_works_correctly_for_StoppingTDCIRatio_when_samples_are_provided"/>
    <testcase time="0.0120000000000005" classname="Rules_methods" name="stopTrial_works_correctly_for_StoppingTDCIRatio_when_samples_are_provided"/>
    <testcase time="0.0130000000000052" classname="Rules_methods" name="stopTrial_works_correctly_for_StoppingTDCIRatio_when_samples_are_provided"/>
    <testcase time="0.0109999999999957" classname="Rules_methods" name="stopTrial_works_correctly_for_StoppingTDCIRatio_when_samples_are_provided"/>
    <testcase time="0.0129999999999981" classname="Rules_methods" name="stopTrial_works_correctly_for_StoppingTDCIRatio_when_samples_are_provided"/>
    <testcase time="0.0210000000000008" classname="Rules_methods" name="stopTrial_works_correctly_for_StoppingTDCIRatio_when_samples_are_provided"/>
    <testcase time="0.0180000000000007" classname="Rules_methods" name="stopTrial_works_correctly_for_StoppingTDCIRatio_when_samples_are_provided"/>
    <testcase time="0.0140000000000029" classname="Rules_methods" name="stopTrial_works_correctly_for_StoppingTDCIRatio_when_samples_are_provided"/>
    <testcase time="0.0129999999999981" classname="Rules_methods" name="stopTrial_works_correctly_for_StoppingTDCIRatio_when_samples_are_provided"/>
    <testcase time="0.0120000000000005" classname="Rules_methods" name="stopTrial_works_correctly_for_StoppingTDCIRatio_when_samples_are_provided"/>
    <testcase time="0.0120000000000005" classname="Rules_methods" name="stopTrial_works_correctly_for_StoppingTDCIRatio_when_samples_are_provided"/>
    <testcase time="0.0120000000000005" classname="Rules_methods" name="stopTrial_works_correctly_for_StoppingTDCIRatio_when_samples_are_provided"/>
    <testcase time="0.0120000000000005" classname="Rules_methods" name="stopTrial_works_correctly_for_StoppingTDCIRatio_when_samples_are_provided"/>
    <testcase time="0.0120000000000005" classname="Rules_methods" name="stopTrial_works_correctly_for_StoppingTDCIRatio_when_samples_are_provided"/>
    <testcase time="0.0129999999999981" classname="Rules_methods" name="stopTrial_works_correctly_for_StoppingTDCIRatio_when_samples_are_provided"/>
    <testcase time="0.0120000000000005" classname="Rules_methods" name="stopTrial_works_correctly_for_StoppingTDCIRatio_when_samples_are_provided"/>
    <testcase time="0.0129999999999981" classname="Rules_methods" name="stopTrial_works_correctly_for_StoppingTDCIRatio_when_samples_are_provided"/>
    <testcase time="0.0129999999999981" classname="Rules_methods" name="stopTrial_works_correctly_for_StoppingTDCIRatio_when_samples_are_provided"/>
    <testcase time="0.0130000000000052" classname="Rules_methods" name="stopTrial_works_correctly_for_StoppingTDCIRatio_when_samples_are_provided"/>
    <testcase time="0.0120000000000005" classname="Rules_methods" name="stopTrial_works_correctly_for_StoppingTDCIRatio_when_samples_are_provided"/>
    <testcase time="0.0120000000000005" classname="Rules_methods" name="stopTrial_works_correctly_for_StoppingTDCIRatio_when_samples_are_provided"/>
    <testcase time="0.0229999999999961" classname="Rules_methods" name="stopTrial_works_correctly_for_StoppingTDCIRatio_when_samples_are_provided"/>
    <testcase time="0.0180000000000007" classname="Rules_methods" name="stopTrial_works_correctly_for_StoppingTDCIRatio_when_samples_are_provided"/>
    <testcase time="0.0140000000000029" classname="Rules_methods" name="stopTrial_works_correctly_for_StoppingTDCIRatio_when_samples_are_provided"/>
    <testcase time="0.0139999999999958" classname="Rules_methods" name="stopTrial_works_correctly_for_StoppingTDCIRatio_when_samples_are_provided"/>
    <testcase time="0.0129999999999981" classname="Rules_methods" name="stopTrial_works_correctly_for_StoppingTDCIRatio_when_samples_are_provided"/>
    <testcase time="0.0140000000000029" classname="Rules_methods" name="stopTrial_works_correctly_for_StoppingTDCIRatio_when_samples_are_provided"/>
    <testcase time="0.0120000000000005" classname="Rules_methods" name="stopTrial_works_correctly_for_StoppingTDCIRatio_when_samples_are_provided"/>
    <testcase time="0.0120000000000005" classname="Rules_methods" name="stopTrial_works_correctly_for_StoppingTDCIRatio_when_samples_are_provided"/>
    <testcase time="0.0129999999999981" classname="Rules_methods" name="stopTrial_works_correctly_for_StoppingTDCIRatio_when_samples_are_provided"/>
    <testcase time="0.0120000000000005" classname="Rules_methods" name="stopTrial_works_correctly_for_StoppingTDCIRatio_when_samples_are_provided"/>
    <testcase time="0.0120000000000005" classname="Rules_methods" name="stopTrial_works_correctly_for_StoppingTDCIRatio_when_samples_are_provided"/>
    <testcase time="0.0120000000000005" classname="Rules_methods" name="stopTrial_works_correctly_for_StoppingTDCIRatio_when_samples_are_provided"/>
    <testcase time="0.0129999999999981" classname="Rules_methods" name="stopTrial_works_correctly_for_StoppingTDCIRatio_when_samples_are_provided"/>
    <testcase time="0.0110000000000028" classname="Rules_methods" name="stopTrial_works_correctly_for_StoppingTDCIRatio_when_samples_are_provided"/>
    <testcase time="0.0129999999999981" classname="Rules_methods" name="stopTrial_works_correctly_for_StoppingTDCIRatio_when_samples_are_provided"/>
    <testcase time="0.0120000000000005" classname="Rules_methods" name="stopTrial_works_correctly_for_StoppingTDCIRatio_when_samples_are_provided"/>
    <testcase time="0.0240000000000009" classname="Rules_methods" name="stopTrial_works_correctly_for_StoppingTDCIRatio_when_samples_are_provided"/>
    <testcase time="0.0140000000000029" classname="Rules_methods" name="stopTrial_works_correctly_for_StoppingTDCIRatio_when_samples_are_provided"/>
    <testcase time="0.0129999999999981" classname="Rules_methods" name="stopTrial_works_correctly_for_StoppingTDCIRatio_when_samples_are_provided"/>
    <testcase time="0.0129999999999981" classname="Rules_methods" name="stopTrial_works_correctly_for_StoppingTDCIRatio_when_samples_are_provided"/>
    <testcase time="0.0129999999999981" classname="Rules_methods" name="stopTrial_works_correctly_for_StoppingTDCIRatio_when_samples_are_provided"/>
    <testcase time="0.0130000000000052" classname="Rules_methods" name="stopTrial_works_correctly_for_StoppingTDCIRatio_when_samples_are_provided"/>
    <testcase time="0.0120000000000005" classname="Rules_methods" name="stopTrial_works_correctly_for_StoppingTDCIRatio_when_samples_are_provided"/>
    <testcase time="0.0119999999999933" classname="Rules_methods" name="stopTrial_works_correctly_for_StoppingTDCIRatio_when_samples_are_provided"/>
    <testcase time="0.0120000000000005" classname="Rules_methods" name="stopTrial_works_correctly_for_StoppingTDCIRatio_when_samples_are_provided"/>
    <testcase time="0.0130000000000052" classname="Rules_methods" name="stopTrial_works_correctly_for_StoppingTDCIRatio_when_samples_are_provided"/>
    <testcase time="0.0109999999999957" classname="Rules_methods" name="stopTrial_works_correctly_for_StoppingTDCIRatio_when_samples_are_provided"/>
    <testcase time="0.0130000000000052" classname="Rules_methods" name="stopTrial_works_correctly_for_StoppingTDCIRatio_when_samples_are_provided"/>
    <testcase time="0.0119999999999933" classname="Rules_methods" name="stopTrial_works_correctly_for_StoppingTDCIRatio_when_samples_are_provided"/>
    <testcase time="0.0130000000000052" classname="Rules_methods" name="stopTrial_works_correctly_for_StoppingTDCIRatio_when_samples_are_provided"/>
    <testcase time="0.0129999999999981" classname="Rules_methods" name="stopTrial_works_correctly_for_StoppingTDCIRatio_when_samples_are_provided"/>
    <testcase time="0.0230000000000032" classname="Rules_methods" name="stopTrial_works_correctly_for_StoppingTDCIRatio_when_samples_are_provided"/>
    <testcase time="0.0189999999999984" classname="Rules_methods" name="stopTrial_works_correctly_for_StoppingTDCIRatio_when_samples_are_provided"/>
    <testcase time="0.0129999999999981" classname="Rules_methods" name="stopTrial_works_correctly_for_StoppingTDCIRatio_when_samples_are_provided"/>
    <testcase time="0.0140000000000029" classname="Rules_methods" name="stopTrial_works_correctly_for_StoppingTDCIRatio_when_samples_are_provided"/>
    <testcase time="0.0129999999999981" classname="Rules_methods" name="stopTrial_works_correctly_for_StoppingTDCIRatio_when_samples_are_provided"/>
    <testcase time="0.0129999999999981" classname="Rules_methods" name="stopTrial_works_correctly_for_StoppingTDCIRatio_when_samples_are_provided"/>
    <testcase time="0.0129999999999981" classname="Rules_methods" name="stopTrial_works_correctly_for_StoppingTDCIRatio_when_samples_are_provided"/>
    <testcase time="0.0130000000000052" classname="Rules_methods" name="stopTrial_works_correctly_for_StoppingTDCIRatio_when_samples_are_provided"/>
    <testcase time="0.0129999999999981" classname="Rules_methods" name="stopTrial_works_correctly_for_StoppingTDCIRatio_when_samples_are_provided"/>
    <testcase time="0.0129999999999981" classname="Rules_methods" name="stopTrial_works_correctly_for_StoppingTDCIRatio_when_samples_are_provided"/>
    <testcase time="0.0129999999999981" classname="Rules_methods" name="stopTrial_works_correctly_for_StoppingTDCIRatio_when_samples_are_provided"/>
    <testcase time="0.0130000000000052" classname="Rules_methods" name="stopTrial_works_correctly_for_StoppingTDCIRatio_when_samples_are_provided"/>
    <testcase time="0.0150000000000006" classname="Rules_methods" name="stopTrial_works_correctly_for_StoppingTDCIRatio_when_samples_are_provided"/>
    <testcase time="0.0139999999999958" classname="Rules_methods" name="stopTrial_works_correctly_for_StoppingTDCIRatio_when_samples_are_provided"/>
    <testcase time="0.0150000000000006" classname="Rules_methods" name="stopTrial_works_correctly_for_StoppingTDCIRatio_when_samples_are_provided"/>
    <testcase time="0.0219999999999985" classname="Rules_methods" name="stopTrial_works_correctly_for_StoppingTDCIRatio_when_samples_are_provided"/>
    <testcase time="0.0210000000000008" classname="Rules_methods" name="stopTrial_works_correctly_for_StoppingTDCIRatio_when_samples_are_provided"/>
    <testcase time="0.0140000000000029" classname="Rules_methods" name="stopTrial_works_correctly_for_StoppingTDCIRatio_when_samples_are_provided"/>
    <testcase time="0.0150000000000006" classname="Rules_methods" name="stopTrial_works_correctly_for_StoppingTDCIRatio_when_samples_are_provided"/>
    <testcase time="0.0139999999999958" classname="Rules_methods" name="stopTrial_works_correctly_for_StoppingTDCIRatio_when_samples_are_provided"/>
    <testcase time="0.0130000000000052" classname="Rules_methods" name="stopTrial_works_correctly_for_StoppingTDCIRatio_when_samples_are_provided"/>
    <testcase time="0.0139999999999958" classname="Rules_methods" name="stopTrial_works_correctly_for_StoppingTDCIRatio_when_samples_are_provided"/>
    <testcase time="0.0120000000000005" classname="Rules_methods" name="stopTrial_works_correctly_for_StoppingTDCIRatio_when_samples_are_provided"/>
    <testcase time="0.0109999999999957" classname="Rules_methods" name="stopTrial_works_correctly_for_StoppingTDCIRatio_when_samples_are_provided"/>
    <testcase time="0.0129999999999981" classname="Rules_methods" name="stopTrial_works_correctly_for_StoppingTDCIRatio_when_samples_are_provided"/>
    <testcase time="0.0120000000000005" classname="Rules_methods" name="stopTrial_works_correctly_for_StoppingTDCIRatio_when_samples_are_provided"/>
    <testcase time="0.0140000000000029" classname="Rules_methods" name="stopTrial_works_correctly_for_StoppingTDCIRatio_when_samples_are_provided"/>
    <testcase time="0.0129999999999981" classname="Rules_methods" name="stopTrial_works_correctly_for_StoppingTDCIRatio_when_samples_are_provided"/>
    <testcase time="0.0129999999999981" classname="Rules_methods" name="stopTrial_works_correctly_for_StoppingTDCIRatio_when_samples_are_provided"/>
    <testcase time="0.0130000000000052" classname="Rules_methods" name="stopTrial_works_correctly_for_StoppingTDCIRatio_when_samples_are_provided"/>
    <testcase time="0.019999999999996" classname="Rules_methods" name="stopTrial_works_correctly_for_StoppingTDCIRatio_when_samples_are_provided"/>
    <testcase time="0.0189999999999984" classname="Rules_methods" name="stopTrial_works_correctly_for_StoppingTDCIRatio_when_samples_are_provided"/>
    <testcase time="0.0139999999999958" classname="Rules_methods" name="stopTrial_works_correctly_for_StoppingTDCIRatio_when_samples_are_provided"/>
    <testcase time="0.0130000000000052" classname="Rules_methods" name="stopTrial_works_correctly_for_StoppingTDCIRatio_when_samples_are_provided"/>
    <testcase time="0.0129999999999981" classname="Rules_methods" name="stopTrial_works_correctly_for_StoppingTDCIRatio_when_samples_are_provided"/>
    <testcase time="0.0129999999999981" classname="Rules_methods" name="stopTrial_works_correctly_for_StoppingTDCIRatio_when_samples_are_provided"/>
    <testcase time="0.0129999999999981" classname="Rules_methods" name="stopTrial_works_correctly_for_StoppingTDCIRatio_when_samples_are_provided"/>
    <testcase time="0.0130000000000052" classname="Rules_methods" name="stopTrial_works_correctly_for_StoppingTDCIRatio_when_samples_are_provided"/>
    <testcase time="0.0129999999999981" classname="Rules_methods" name="stopTrial_works_correctly_for_StoppingTDCIRatio_when_samples_are_provided"/>
    <testcase time="0.0129999999999981" classname="Rules_methods" name="stopTrial_works_correctly_for_StoppingTDCIRatio_when_samples_are_provided"/>
    <testcase time="0.0130000000000052" classname="Rules_methods" name="stopTrial_works_correctly_for_StoppingTDCIRatio_when_samples_are_provided"/>
    <testcase time="0.0129999999999981" classname="Rules_methods" name="stopTrial_works_correctly_for_StoppingTDCIRatio_when_samples_are_provided"/>
    <testcase time="0.0129999999999981" classname="Rules_methods" name="stopTrial_works_correctly_for_StoppingTDCIRatio_when_samples_are_provided"/>
    <testcase time="0.0140000000000029" classname="Rules_methods" name="stopTrial_works_correctly_for_StoppingTDCIRatio_when_samples_are_provided"/>
    <testcase time="0.0129999999999981" classname="Rules_methods" name="stopTrial_works_correctly_for_StoppingTDCIRatio_when_samples_are_provided"/>
    <testcase time="0.019999999999996" classname="Rules_methods" name="stopTrial_works_correctly_for_StoppingTDCIRatio_when_samples_are_provided"/>
    <testcase time="0.0200000000000031" classname="Rules_methods" name="stopTrial_works_correctly_for_StoppingTDCIRatio_when_samples_are_provided"/>
    <testcase time="0.0140000000000029" classname="Rules_methods" name="stopTrial_works_correctly_for_StoppingTDCIRatio_when_samples_are_provided"/>
    <testcase time="0.0139999999999958" classname="Rules_methods" name="stopTrial_works_correctly_for_StoppingTDCIRatio_when_samples_are_provided"/>
    <testcase time="0.0129999999999981" classname="Rules_methods" name="stopTrial_works_correctly_for_StoppingTDCIRatio_when_samples_are_provided"/>
    <testcase time="0.0130000000000052" classname="Rules_methods" name="stopTrial_works_correctly_for_StoppingTDCIRatio_when_samples_are_provided"/>
    <testcase time="0.0129999999999981" classname="Rules_methods" name="stopTrial_works_correctly_for_StoppingTDCIRatio_when_samples_are_provided"/>
    <testcase time="0.0120000000000005" classname="Rules_methods" name="stopTrial_works_correctly_for_StoppingTDCIRatio_when_samples_are_provided"/>
    <testcase time="0.0129999999999981" classname="Rules_methods" name="stopTrial_works_correctly_for_StoppingTDCIRatio_when_samples_are_provided"/>
    <testcase time="0.0140000000000029" classname="Rules_methods" name="stopTrial_works_correctly_for_StoppingTDCIRatio_when_samples_are_provided"/>
    <testcase time="0.0120000000000005" classname="Rules_methods" name="stopTrial_works_correctly_for_StoppingTDCIRatio_when_samples_are_provided"/>
    <testcase time="0.0129999999999981" classname="Rules_methods" name="stopTrial_works_correctly_for_StoppingTDCIRatio_when_samples_are_provided"/>
    <testcase time="0.0129999999999981" classname="Rules_methods" name="stopTrial_works_correctly_for_StoppingTDCIRatio_when_samples_are_provided"/>
    <testcase time="0.0130000000000052" classname="Rules_methods" name="stopTrial_works_correctly_for_StoppingTDCIRatio_when_samples_are_provided"/>
    <testcase time="0.0129999999999981" classname="Rules_methods" name="stopTrial_works_correctly_for_StoppingTDCIRatio_when_samples_are_provided"/>
    <testcase time="0.0210000000000008" classname="Rules_methods" name="stopTrial_works_correctly_for_StoppingTDCIRatio_when_samples_are_provided"/>
    <testcase time="0.0189999999999984" classname="Rules_methods" name="stopTrial_works_correctly_for_StoppingTDCIRatio_when_samples_are_provided"/>
    <testcase time="0.0140000000000029" classname="Rules_methods" name="stopTrial_works_correctly_for_StoppingTDCIRatio_when_samples_are_provided"/>
    <testcase time="0.0139999999999958" classname="Rules_methods" name="stopTrial_works_correctly_for_StoppingTDCIRatio_when_samples_are_provided"/>
    <testcase time="0.0120000000000005" classname="Rules_methods" name="stopTrial_works_correctly_for_StoppingTDCIRatio_when_samples_are_provided"/>
    <testcase time="0.0129999999999981" classname="Rules_methods" name="stopTrial_works_correctly_for_StoppingTDCIRatio_when_samples_are_provided"/>
    <testcase time="0.0120000000000005" classname="Rules_methods" name="stopTrial_works_correctly_for_StoppingTDCIRatio_when_samples_are_provided"/>
    <testcase time="0.0120000000000005" classname="Rules_methods" name="stopTrial_works_correctly_for_StoppingTDCIRatio_when_samples_are_provided"/>
    <testcase time="0.0120000000000005" classname="Rules_methods" name="stopTrial_works_correctly_for_StoppingTDCIRatio_when_samples_are_provided"/>
    <testcase time="0.0129999999999981" classname="Rules_methods" name="stopTrial_works_correctly_for_StoppingTDCIRatio_when_samples_are_provided"/>
    <testcase time="0.0120000000000005" classname="Rules_methods" name="stopTrial_works_correctly_for_StoppingTDCIRatio_when_samples_are_provided"/>
    <testcase time="0.0130000000000052" classname="Rules_methods" name="stopTrial_works_correctly_for_StoppingTDCIRatio_when_samples_are_provided"/>
    <testcase time="0.0129999999999981" classname="Rules_methods" name="stopTrial_works_correctly_for_StoppingTDCIRatio_when_samples_are_provided"/>
    <testcase time="0.0129999999999981" classname="Rules_methods" name="stopTrial_works_correctly_for_StoppingTDCIRatio_when_samples_are_provided"/>
    <testcase time="0.0120000000000005" classname="Rules_methods" name="stopTrial_works_correctly_for_StoppingTDCIRatio_when_samples_are_provided"/>
    <testcase time="0.0219999999999985" classname="Rules_methods" name="stopTrial_works_correctly_for_StoppingTDCIRatio_when_samples_are_provided"/>
    <testcase time="0.0189999999999984" classname="Rules_methods" name="stopTrial_works_correctly_for_StoppingTDCIRatio_when_samples_are_provided"/>
    <testcase time="0.0130000000000052" classname="Rules_methods" name="stopTrial_works_correctly_for_StoppingTDCIRatio_when_samples_are_provided"/>
    <testcase time="0.0129999999999981" classname="Rules_methods" name="stopTrial_works_correctly_for_StoppingTDCIRatio_when_samples_are_provided"/>
    <testcase time="0.0129999999999981" classname="Rules_methods" name="stopTrial_works_correctly_for_StoppingTDCIRatio_when_samples_are_provided"/>
    <testcase time="0.0130000000000052" classname="Rules_methods" name="stopTrial_works_correctly_for_StoppingTDCIRatio_when_samples_are_provided"/>
    <testcase time="0.0119999999999933" classname="Rules_methods" name="stopTrial_works_correctly_for_StoppingTDCIRatio_when_samples_are_provided"/>
    <testcase time="0.0130000000000052" classname="Rules_methods" name="stopTrial_works_correctly_for_StoppingTDCIRatio_when_samples_are_provided"/>
    <testcase time="0.0120000000000005" classname="Rules_methods" name="stopTrial_works_correctly_for_StoppingTDCIRatio_when_samples_are_provided"/>
    <testcase time="0.0129999999999981" classname="Rules_methods" name="stopTrial_works_correctly_for_StoppingTDCIRatio_when_samples_are_provided"/>
    <testcase time="0.0129999999999981" classname="Rules_methods" name="stopTrial_works_correctly_for_StoppingTDCIRatio_when_samples_are_provided"/>
    <testcase time="0.0129999999999981" classname="Rules_methods" name="stopTrial_works_correctly_for_StoppingTDCIRatio_when_samples_are_provided"/>
    <testcase time="0.0130000000000052" classname="Rules_methods" name="stopTrial_works_correctly_for_StoppingTDCIRatio_when_samples_are_provided"/>
    <testcase time="0.0120000000000005" classname="Rules_methods" name="stopTrial_works_correctly_for_StoppingTDCIRatio_when_samples_are_provided"/>
    <testcase time="0.0129999999999981" classname="Rules_methods" name="stopTrial_works_correctly_for_StoppingTDCIRatio_when_samples_are_provided"/>
    <testcase time="0.0249999999999986" classname="Rules_methods" name="stopTrial_works_correctly_for_StoppingTDCIRatio_when_samples_are_provided"/>
    <testcase time="0.0159999999999982" classname="Rules_methods" name="stopTrial_works_correctly_for_StoppingTDCIRatio_when_samples_are_provided"/>
    <testcase time="0.0130000000000052" classname="Rules_methods" name="stopTrial_works_correctly_for_StoppingTDCIRatio_when_samples_are_provided"/>
    <testcase time="0.0120000000000005" classname="Rules_methods" name="stopTrial_works_correctly_for_StoppingTDCIRatio_when_samples_are_provided"/>
    <testcase time="0.0120000000000005" classname="Rules_methods" name="stopTrial_works_correctly_for_StoppingTDCIRatio_when_samples_are_provided"/>
    <testcase time="0.0129999999999981" classname="Rules_methods" name="stopTrial_works_correctly_for_StoppingTDCIRatio_when_samples_are_provided"/>
    <testcase time="0.0120000000000005" classname="Rules_methods" name="stopTrial_works_correctly_for_StoppingTDCIRatio_when_samples_are_provided"/>
    <testcase time="0.0120000000000005" classname="Rules_methods" name="stopTrial_works_correctly_for_StoppingTDCIRatio_when_samples_are_provided"/>
    <testcase time="0.0129999999999981" classname="Rules_methods" name="stopTrial_works_correctly_for_StoppingTDCIRatio_when_samples_are_provided"/>
    <testcase time="0.0120000000000005" classname="Rules_methods" name="stopTrial_works_correctly_for_StoppingTDCIRatio_when_samples_are_provided"/>
    <testcase time="0.0129999999999981" classname="Rules_methods" name="stopTrial_works_correctly_for_StoppingTDCIRatio_when_samples_are_provided"/>
    <testcase time="0.0140000000000029" classname="Rules_methods" name="stopTrial_works_correctly_for_StoppingTDCIRatio_when_samples_are_provided"/>
    <testcase time="0.0120000000000005" classname="Rules_methods" name="stopTrial_works_correctly_for_StoppingTDCIRatio_when_samples_are_provided"/>
    <testcase time="0.0129999999999981" classname="Rules_methods" name="stopTrial_works_correctly_for_StoppingTDCIRatio_when_samples_are_provided"/>
    <testcase time="0.0229999999999961" classname="Rules_methods" name="stopTrial_works_correctly_for_StoppingTDCIRatio_when_samples_are_provided"/>
    <testcase time="0.0190000000000055" classname="Rules_methods" name="stopTrial_works_correctly_for_StoppingTDCIRatio_when_samples_are_provided"/>
    <testcase time="0.0129999999999981" classname="Rules_methods" name="stopTrial_works_correctly_for_StoppingTDCIRatio_when_samples_are_provided"/>
    <testcase time="0.0140000000000029" classname="Rules_methods" name="stopTrial_works_correctly_for_StoppingTDCIRatio_when_samples_are_provided"/>
    <testcase time="0.0129999999999981" classname="Rules_methods" name="stopTrial_works_correctly_for_StoppingTDCIRatio_when_samples_are_provided"/>
    <testcase time="0.0129999999999981" classname="Rules_methods" name="stopTrial_works_correctly_for_StoppingTDCIRatio_when_samples_are_provided"/>
    <testcase time="0.0129999999999981" classname="Rules_methods" name="stopTrial_works_correctly_for_StoppingTDCIRatio_when_samples_are_provided"/>
    <testcase time="0.0129999999999981" classname="Rules_methods" name="stopTrial_works_correctly_for_StoppingTDCIRatio_when_samples_are_provided"/>
    <testcase time="0.0129999999999981" classname="Rules_methods" name="stopTrial_works_correctly_for_StoppingTDCIRatio_when_samples_are_provided"/>
    <testcase time="0.0140000000000029" classname="Rules_methods" name="stopTrial_works_correctly_for_StoppingTDCIRatio_when_samples_are_provided"/>
    <testcase time="0.0139999999999958" classname="Rules_methods" name="stopTrial_works_correctly_for_StoppingTDCIRatio_when_samples_are_provided"/>
    <testcase time="0.0140000000000029" classname="Rules_methods" name="stopTrial_works_correctly_for_StoppingTDCIRatio_when_samples_are_provided"/>
    <testcase time="0.0140000000000029" classname="Rules_methods" name="stopTrial_works_correctly_for_StoppingTDCIRatio_when_samples_are_provided"/>
    <testcase time="0.0129999999999981" classname="Rules_methods" name="stopTrial_works_correctly_for_StoppingTDCIRatio_when_samples_are_provided"/>
    <testcase time="0.0219999999999985" classname="Rules_methods" name="stopTrial_works_correctly_for_StoppingTDCIRatio_when_samples_are_provided"/>
    <testcase time="0.0189999999999984" classname="Rules_methods" name="stopTrial_works_correctly_for_StoppingTDCIRatio_when_samples_are_provided"/>
    <testcase time="0.0140000000000029" classname="Rules_methods" name="stopTrial_works_correctly_for_StoppingTDCIRatio_when_samples_are_provided"/>
    <testcase time="0.0139999999999958" classname="Rules_methods" name="stopTrial_works_correctly_for_StoppingTDCIRatio_when_samples_are_provided"/>
    <testcase time="0.0130000000000052" classname="Rules_methods" name="stopTrial_works_correctly_for_StoppingTDCIRatio_when_samples_are_provided"/>
    <testcase time="0.0129999999999981" classname="Rules_methods" name="stopTrial_works_correctly_for_StoppingTDCIRatio_when_samples_are_provided"/>
    <testcase time="0.0129999999999981" classname="Rules_methods" name="stopTrial_works_correctly_for_StoppingTDCIRatio_when_samples_are_provided"/>
    <testcase time="0.0130000000000052" classname="Rules_methods" name="stopTrial_works_correctly_for_StoppingTDCIRatio_when_samples_are_provided"/>
    <testcase time="0.0129999999999981" classname="Rules_methods" name="stopTrial_works_correctly_for_StoppingTDCIRatio_when_samples_are_provided"/>
    <testcase time="0.0139999999999958" classname="Rules_methods" name="stopTrial_works_correctly_for_StoppingTDCIRatio_when_samples_are_provided"/>
    <testcase time="0.0130000000000052" classname="Rules_methods" name="stopTrial_works_correctly_for_StoppingTDCIRatio_when_samples_are_provided"/>
    <testcase time="0.0139999999999958" classname="Rules_methods" name="stopTrial_works_correctly_for_StoppingTDCIRatio_when_samples_are_provided"/>
    <testcase time="0.0129999999999981" classname="Rules_methods" name="stopTrial_works_correctly_for_StoppingTDCIRatio_when_samples_are_provided"/>
    <testcase time="0.0130000000000052" classname="Rules_methods" name="stopTrial_works_correctly_for_StoppingTDCIRatio_when_samples_are_provided"/>
    <testcase time="0.0129999999999981" classname="Rules_methods" name="stopTrial_works_correctly_for_StoppingTDCIRatio_when_samples_are_provided"/>
    <testcase time="0.027000000000001" classname="Rules_methods" name="stopTrial_works_correctly_for_StoppingTDCIRatio_when_samples_are_provided"/>
    <testcase time="0.0139999999999958" classname="Rules_methods" name="stopTrial_works_correctly_for_StoppingTDCIRatio_when_samples_are_provided"/>
    <testcase time="0.0140000000000029" classname="Rules_methods" name="stopTrial_works_correctly_for_StoppingTDCIRatio_when_samples_are_provided"/>
    <testcase time="0.0140000000000029" classname="Rules_methods" name="stopTrial_works_correctly_for_StoppingTDCIRatio_when_samples_are_provided"/>
    <testcase time="0.0129999999999981" classname="Rules_methods" name="stopTrial_works_correctly_for_StoppingTDCIRatio_when_samples_are_provided"/>
    <testcase time="0.0140000000000029" classname="Rules_methods" name="stopTrial_works_correctly_for_StoppingTDCIRatio_when_samples_are_provided"/>
    <testcase time="0.0129999999999981" classname="Rules_methods" name="stopTrial_works_correctly_for_StoppingTDCIRatio_when_samples_are_provided"/>
    <testcase time="0.0139999999999958" classname="Rules_methods" name="stopTrial_works_correctly_for_StoppingTDCIRatio_when_samples_are_provided"/>
    <testcase time="0.0140000000000029" classname="Rules_methods" name="stopTrial_works_correctly_for_StoppingTDCIRatio_when_samples_are_provided"/>
    <testcase time="0.0140000000000029" classname="Rules_methods" name="stopTrial_works_correctly_for_StoppingTDCIRatio_when_samples_are_provided"/>
    <testcase time="0.0139999999999958" classname="Rules_methods" name="stopTrial_works_correctly_for_StoppingTDCIRatio_when_samples_are_provided"/>
    <testcase time="0.0129999999999981" classname="Rules_methods" name="stopTrial_works_correctly_for_StoppingTDCIRatio_when_samples_are_provided"/>
    <testcase time="0.0140000000000029" classname="Rules_methods" name="stopTrial_works_correctly_for_StoppingTDCIRatio_when_samples_are_provided"/>
    <testcase time="0.0129999999999981" classname="Rules_methods" name="stopTrial_works_correctly_for_StoppingTDCIRatio_when_samples_are_provided"/>
    <testcase time="0.0269999999999939" classname="Rules_methods" name="stopTrial_works_correctly_for_StoppingTDCIRatio_when_samples_are_provided"/>
    <testcase time="0.0140000000000029" classname="Rules_methods" name="stopTrial_works_correctly_for_StoppingTDCIRatio_when_samples_are_provided"/>
    <testcase time="0.0140000000000029" classname="Rules_methods" name="stopTrial_works_correctly_for_StoppingTDCIRatio_when_samples_are_provided"/>
    <testcase time="0.0129999999999981" classname="Rules_methods" name="stopTrial_works_correctly_for_StoppingTDCIRatio_when_samples_are_provided"/>
    <testcase time="0.0120000000000005" classname="Rules_methods" name="stopTrial_works_correctly_for_StoppingTDCIRatio_when_samples_are_provided"/>
    <testcase time="0.0129999999999981" classname="Rules_methods" name="stopTrial_works_correctly_for_StoppingTDCIRatio_when_samples_are_provided"/>
    <testcase time="0.0140000000000029" classname="Rules_methods" name="stopTrial_works_correctly_for_StoppingTDCIRatio_when_samples_are_provided"/>
    <testcase time="0.0139999999999958" classname="Rules_methods" name="stopTrial_works_correctly_for_StoppingTDCIRatio_when_samples_are_provided"/>
    <testcase time="0.0140000000000029" classname="Rules_methods" name="stopTrial_works_correctly_for_StoppingTDCIRatio_when_samples_are_provided"/>
    <testcase time="0.0139999999999958" classname="Rules_methods" name="stopTrial_works_correctly_for_StoppingTDCIRatio_when_samples_are_provided"/>
    <testcase time="0.0140000000000029" classname="Rules_methods" name="stopTrial_works_correctly_for_StoppingTDCIRatio_when_samples_are_provided"/>
    <testcase time="0.0129999999999981" classname="Rules_methods" name="stopTrial_works_correctly_for_StoppingTDCIRatio_when_samples_are_provided"/>
    <testcase time="0.0140000000000029" classname="Rules_methods" name="stopTrial_works_correctly_for_StoppingTDCIRatio_when_samples_are_provided"/>
    <testcase time="0.0219999999999985" classname="Rules_methods" name="stopTrial_works_correctly_for_StoppingTDCIRatio_when_samples_are_provided"/>
    <testcase time="0.0200000000000031" classname="Rules_methods" name="stopTrial_works_correctly_for_StoppingTDCIRatio_when_samples_are_provided"/>
    <testcase time="0.0139999999999958" classname="Rules_methods" name="stopTrial_works_correctly_for_StoppingTDCIRatio_when_samples_are_provided"/>
    <testcase time="0.0130000000000052" classname="Rules_methods" name="stopTrial_works_correctly_for_StoppingTDCIRatio_when_samples_are_provided"/>
    <testcase time="0.0139999999999958" classname="Rules_methods" name="stopTrial_works_correctly_for_StoppingTDCIRatio_when_samples_are_provided"/>
    <testcase time="0.0140000000000029" classname="Rules_methods" name="stopTrial_works_correctly_for_StoppingTDCIRatio_when_samples_are_provided"/>
    <testcase time="0.0139999999999958" classname="Rules_methods" name="stopTrial_works_correctly_for_StoppingTDCIRatio_when_samples_are_provided"/>
    <testcase time="0.0140000000000029" classname="Rules_methods" name="stopTrial_works_correctly_for_StoppingTDCIRatio_when_samples_are_provided"/>
    <testcase time="0.0140000000000029" classname="Rules_methods" name="stopTrial_works_correctly_for_StoppingTDCIRatio_when_samples_are_provided"/>
    <testcase time="0.0139999999999958" classname="Rules_methods" name="stopTrial_works_correctly_for_StoppingTDCIRatio_when_samples_are_provided"/>
    <testcase time="0.0140000000000029" classname="Rules_methods" name="stopTrial_works_correctly_for_StoppingTDCIRatio_when_samples_are_provided"/>
    <testcase time="0.0139999999999958" classname="Rules_methods" name="stopTrial_works_correctly_for_StoppingTDCIRatio_when_samples_are_provided"/>
    <testcase time="0.0140000000000029" classname="Rules_methods" name="stopTrial_works_correctly_for_StoppingTDCIRatio_when_samples_are_provided"/>
    <testcase time="0.0139999999999958" classname="Rules_methods" name="stopTrial_works_correctly_for_StoppingTDCIRatio_when_samples_are_provided"/>
    <testcase time="0.0240000000000009" classname="Rules_methods" name="stopTrial_works_correctly_for_StoppingTDCIRatio_when_samples_are_provided"/>
    <testcase time="0.0190000000000055" classname="Rules_methods" name="stopTrial_works_correctly_for_StoppingTDCIRatio_when_samples_are_provided"/>
    <testcase time="0.0139999999999958" classname="Rules_methods" name="stopTrial_works_correctly_for_StoppingTDCIRatio_when_samples_are_provided"/>
    <testcase time="0.0129999999999981" classname="Rules_methods" name="stopTrial_works_correctly_for_StoppingTDCIRatio_when_samples_are_provided"/>
    <testcase time="0.0130000000000052" classname="Rules_methods" name="stopTrial_works_correctly_for_StoppingTDCIRatio_when_samples_are_provided"/>
    <testcase time="0.0129999999999981" classname="Rules_methods" name="stopTrial_works_correctly_for_StoppingTDCIRatio_when_samples_are_provided"/>
    <testcase time="0.0150000000000006" classname="Rules_methods" name="stopTrial_works_correctly_for_StoppingTDCIRatio_when_samples_are_provided"/>
    <testcase time="0.0140000000000029" classname="Rules_methods" name="stopTrial_works_correctly_for_StoppingTDCIRatio_when_samples_are_provided"/>
    <testcase time="0.0150000000000006" classname="Rules_methods" name="stopTrial_works_correctly_for_StoppingTDCIRatio_when_samples_are_provided"/>
    <testcase time="0.0139999999999958" classname="Rules_methods" name="stopTrial_works_correctly_for_StoppingTDCIRatio_when_samples_are_provided"/>
    <testcase time="0.0140000000000029" classname="Rules_methods" name="stopTrial_works_correctly_for_StoppingTDCIRatio_when_samples_are_provided"/>
    <testcase time="0.0139999999999958" classname="Rules_methods" name="stopTrial_works_correctly_for_StoppingTDCIRatio_when_samples_are_provided"/>
    <testcase time="0.0130000000000052" classname="Rules_methods" name="stopTrial_works_correctly_for_StoppingTDCIRatio_when_samples_are_provided"/>
    <testcase time="0.0139999999999958" classname="Rules_methods" name="stopTrial_works_correctly_for_StoppingTDCIRatio_when_samples_are_provided"/>
    <testcase time="0.0260000000000034" classname="Rules_methods" name="stopTrial_works_correctly_for_StoppingTDCIRatio_when_samples_are_provided"/>
    <testcase time="0.0150000000000006" classname="Rules_methods" name="stopTrial_works_correctly_for_StoppingTDCIRatio_when_samples_are_provided"/>
    <testcase time="0.0139999999999958" classname="Rules_methods" name="stopTrial_works_correctly_for_StoppingTDCIRatio_when_samples_are_provided"/>
    <testcase time="0.0130000000000052" classname="Rules_methods" name="stopTrial_works_correctly_for_StoppingTDCIRatio_when_samples_are_provided"/>
    <testcase time="0.0139999999999958" classname="Rules_methods" name="stopTrial_works_correctly_for_StoppingTDCIRatio_when_samples_are_provided"/>
    <testcase time="0.0130000000000052" classname="Rules_methods" name="stopTrial_works_correctly_for_StoppingTDCIRatio_when_samples_are_provided"/>
    <testcase time="0.0129999999999981" classname="Rules_methods" name="stopTrial_works_correctly_for_StoppingTDCIRatio_when_samples_are_provided"/>
    <testcase time="0.0129999999999981" classname="Rules_methods" name="stopTrial_works_correctly_for_StoppingTDCIRatio_when_samples_are_provided"/>
    <testcase time="0.0129999999999981" classname="Rules_methods" name="stopTrial_works_correctly_for_StoppingTDCIRatio_when_samples_are_provided"/>
    <testcase time="0.0140000000000029" classname="Rules_methods" name="stopTrial_works_correctly_for_StoppingTDCIRatio_when_samples_are_provided"/>
    <testcase time="0.0129999999999981" classname="Rules_methods" name="stopTrial_works_correctly_for_StoppingTDCIRatio_when_samples_are_provided"/>
    <testcase time="0.0120000000000005" classname="Rules_methods" name="stopTrial_works_correctly_for_StoppingTDCIRatio_when_samples_are_provided"/>
    <testcase time="0.0129999999999981" classname="Rules_methods" name="stopTrial_works_correctly_for_StoppingTDCIRatio_when_samples_are_provided"/>
    <testcase time="0.0230000000000032" classname="Rules_methods" name="stopTrial_works_correctly_for_StoppingTDCIRatio_when_samples_are_provided"/>
    <testcase time="0.0180000000000007" classname="Rules_methods" name="stopTrial_works_correctly_for_StoppingTDCIRatio_when_samples_are_provided"/>
    <testcase time="0.0129999999999981" classname="Rules_methods" name="stopTrial_works_correctly_for_StoppingTDCIRatio_when_samples_are_provided"/>
    <testcase time="0.0140000000000029" classname="Rules_methods" name="stopTrial_works_correctly_for_StoppingTDCIRatio_when_samples_are_provided"/>
    <testcase time="0.0129999999999981" classname="Rules_methods" name="stopTrial_works_correctly_for_StoppingTDCIRatio_when_samples_are_provided"/>
    <testcase time="0.0129999999999981" classname="Rules_methods" name="stopTrial_works_correctly_for_StoppingTDCIRatio_when_samples_are_provided"/>
    <testcase time="0.0120000000000005" classname="Rules_methods" name="stopTrial_works_correctly_for_StoppingTDCIRatio_when_samples_are_provided"/>
    <testcase time="0.0120000000000005" classname="Rules_methods" name="stopTrial_works_correctly_for_StoppingTDCIRatio_when_samples_are_provided"/>
    <testcase time="0.0140000000000029" classname="Rules_methods" name="stopTrial_works_correctly_for_StoppingTDCIRatio_when_samples_are_provided"/>
    <testcase time="0.0129999999999981" classname="Rules_methods" name="stopTrial_works_correctly_for_StoppingTDCIRatio_when_samples_are_provided"/>
    <testcase time="0.0140000000000029" classname="Rules_methods" name="stopTrial_works_correctly_for_StoppingTDCIRatio_when_samples_are_provided"/>
    <testcase time="0.0129999999999981" classname="Rules_methods" name="stopTrial_works_correctly_for_StoppingTDCIRatio_when_samples_are_provided"/>
    <testcase time="0.0139999999999958" classname="Rules_methods" name="stopTrial_works_correctly_for_StoppingTDCIRatio_when_samples_are_provided"/>
    <testcase time="0.0210000000000008" classname="Rules_methods" name="stopTrial_works_correctly_for_StoppingTDCIRatio_when_samples_are_provided"/>
    <testcase time="0.0200000000000031" classname="Rules_methods" name="stopTrial_works_correctly_for_StoppingTDCIRatio_when_samples_are_provided"/>
    <testcase time="0.0139999999999958" classname="Rules_methods" name="stopTrial_works_correctly_for_StoppingTDCIRatio_when_samples_are_provided"/>
    <testcase time="0.0140000000000029" classname="Rules_methods" name="stopTrial_works_correctly_for_StoppingTDCIRatio_when_samples_are_provided"/>
    <testcase time="0.0140000000000029" classname="Rules_methods" name="stopTrial_works_correctly_for_StoppingTDCIRatio_when_samples_are_provided"/>
    <testcase time="0.0139999999999958" classname="Rules_methods" name="stopTrial_works_correctly_for_StoppingTDCIRatio_when_samples_are_provided"/>
    <testcase time="0.0129999999999981" classname="Rules_methods" name="stopTrial_works_correctly_for_StoppingTDCIRatio_when_samples_are_provided"/>
    <testcase time="0.0140000000000029" classname="Rules_methods" name="stopTrial_works_correctly_for_StoppingTDCIRatio_when_samples_are_provided"/>
    <testcase time="0.0150000000000006" classname="Rules_methods" name="stopTrial_works_correctly_for_StoppingTDCIRatio_when_samples_are_provided"/>
    <testcase time="0.0129999999999981" classname="Rules_methods" name="stopTrial_works_correctly_for_StoppingTDCIRatio_when_samples_are_provided"/>
    <testcase time="0.0140000000000029" classname="Rules_methods" name="stopTrial_works_correctly_for_StoppingTDCIRatio_when_samples_are_provided"/>
    <testcase time="0.0150000000000006" classname="Rules_methods" name="stopTrial_works_correctly_for_StoppingTDCIRatio_when_samples_are_provided"/>
    <testcase time="0.0139999999999958" classname="Rules_methods" name="stopTrial_works_correctly_for_StoppingTDCIRatio_when_samples_are_provided"/>
    <testcase time="0.0140000000000029" classname="Rules_methods" name="stopTrial_works_correctly_for_StoppingTDCIRatio_when_samples_are_provided"/>
    <testcase time="0.0450000000000017" classname="Rules_methods" name="stopTrial_works_correctly_for_StoppingTDCIRatio_when_samples_are_provided"/>
    <testcase time="0.0159999999999982" classname="Rules_methods" name="stopTrial_works_correctly_for_StoppingTDCIRatio_when_samples_are_provided"/>
    <testcase time="0.0150000000000006" classname="Rules_methods" name="stopTrial_works_correctly_for_StoppingTDCIRatio_when_samples_are_provided"/>
    <testcase time="0.0150000000000006" classname="Rules_methods" name="stopTrial_works_correctly_for_StoppingTDCIRatio_when_samples_are_provided"/>
    <testcase time="0.0140000000000029" classname="Rules_methods" name="stopTrial_works_correctly_for_StoppingTDCIRatio_when_samples_are_provided"/>
    <testcase time="0.0150000000000006" classname="Rules_methods" name="stopTrial_works_correctly_for_StoppingTDCIRatio_when_samples_are_provided"/>
    <testcase time="0.0129999999999981" classname="Rules_methods" name="stopTrial_works_correctly_for_StoppingTDCIRatio_when_samples_are_provided"/>
    <testcase time="0.0139999999999958" classname="Rules_methods" name="stopTrial_works_correctly_for_StoppingTDCIRatio_when_samples_are_provided"/>
    <testcase time="0.0140000000000029" classname="Rules_methods" name="stopTrial_works_correctly_for_StoppingTDCIRatio_when_samples_are_provided"/>
    <testcase time="0.0140000000000029" classname="Rules_methods" name="stopTrial_works_correctly_for_StoppingTDCIRatio_when_samples_are_provided"/>
    <testcase time="0.0150000000000006" classname="Rules_methods" name="stopTrial_works_correctly_for_StoppingTDCIRatio_when_samples_are_provided"/>
    <testcase time="0.0149999999999935" classname="Rules_methods" name="stopTrial_works_correctly_for_StoppingTDCIRatio_when_samples_are_provided"/>
    <testcase time="0.0140000000000029" classname="Rules_methods" name="stopTrial_works_correctly_for_StoppingTDCIRatio_when_samples_are_provided"/>
    <testcase time="0.0220000000000056" classname="Rules_methods" name="stopTrial_works_correctly_for_StoppingTDCIRatio_when_samples_are_provided"/>
    <testcase time="0.019999999999996" classname="Rules_methods" name="stopTrial_works_correctly_for_StoppingTDCIRatio_when_samples_are_provided"/>
    <testcase time="0.0140000000000029" classname="Rules_methods" name="stopTrial_works_correctly_for_StoppingTDCIRatio_when_samples_are_provided"/>
    <testcase time="0.0139999999999958" classname="Rules_methods" name="stopTrial_works_correctly_for_StoppingTDCIRatio_when_samples_are_provided"/>
    <testcase time="0.0130000000000052" classname="Rules_methods" name="stopTrial_works_correctly_for_StoppingTDCIRatio_when_samples_are_provided"/>
    <testcase time="0.0129999999999981" classname="Rules_methods" name="stopTrial_works_correctly_for_StoppingTDCIRatio_when_samples_are_provided"/>
    <testcase time="0.0139999999999958" classname="Rules_methods" name="stopTrial_works_correctly_for_StoppingTDCIRatio_when_samples_are_provided"/>
    <testcase time="0.0130000000000052" classname="Rules_methods" name="stopTrial_works_correctly_for_StoppingTDCIRatio_when_samples_are_provided"/>
    <testcase time="0.0139999999999958" classname="Rules_methods" name="stopTrial_works_correctly_for_StoppingTDCIRatio_when_samples_are_provided"/>
    <testcase time="0.0130000000000052" classname="Rules_methods" name="stopTrial_works_correctly_for_StoppingTDCIRatio_when_samples_are_provided"/>
    <testcase time="0.0129999999999981" classname="Rules_methods" name="stopTrial_works_correctly_for_StoppingTDCIRatio_when_samples_are_provided"/>
    <testcase time="0.0279999999999987" classname="Rules_methods" name="stopTrial_works_correctly_for_StoppingTDCIRatio_when_samples_are_not_provided"/>
    <testcase time="0.0140000000000029" classname="Rules_methods" name="stopTrial_works_correctly_for_StoppingTDCIRatio_when_samples_are_not_provided"/>
    <testcase time="0.0229999999999961" classname="Rules_methods" name="stopTrial_works_correctly_for_StoppingTDCIRatio_when_samples_are_not_provided"/>
    <testcase time="0.0189999999999984" classname="Rules_methods" name="stopTrial_works_correctly_for_StoppingTDCIRatio_when_samples_are_not_provided"/>
    <testcase time="0.0150000000000006" classname="Rules_methods" name="stopTrial_works_correctly_for_StoppingTDCIRatio_when_samples_are_not_provided"/>
    <testcase time="0.0150000000000006" classname="Rules_methods" name="stopTrial_works_correctly_for_StoppingTDCIRatio_when_samples_are_not_provided"/>
    <testcase time="0.0160000000000053" classname="Rules_methods" name="stopTrial_works_correctly_for_StoppingTDCIRatio_when_samples_are_not_provided"/>
    <testcase time="0.0149999999999935" classname="Rules_methods" name="stopTrial_works_correctly_for_StoppingTDCIRatio_when_samples_are_not_provided"/>
    <testcase time="0.0140000000000029" classname="Rules_methods" name="stopTrial_works_correctly_for_StoppingTDCIRatio_when_samples_are_not_provided"/>
    <testcase time="0.0159999999999982" classname="Rules_methods" name="stopTrial_works_correctly_for_StoppingTDCIRatio_when_samples_are_not_provided"/>
    <testcase time="0.0140000000000029" classname="Rules_methods" name="stopTrial_works_correctly_for_StoppingTDCIRatio_when_samples_are_not_provided"/>
    <testcase time="0.0159999999999982" classname="Rules_methods" name="stopTrial_works_correctly_for_StoppingTDCIRatio_when_samples_are_not_provided"/>
    <testcase time="0.0150000000000006" classname="Rules_methods" name="stopTrial_works_correctly_for_StoppingTDCIRatio_when_samples_are_not_provided"/>
    <testcase time="0.0140000000000029" classname="Rules_methods" name="stopTrial_works_correctly_for_StoppingTDCIRatio_when_samples_are_not_provided"/>
    <testcase time="0.0150000000000006" classname="Rules_methods" name="stopTrial_works_correctly_for_StoppingTDCIRatio_when_samples_are_not_provided"/>
    <testcase time="0.0259999999999962" classname="Rules_methods" name="stopTrial_works_correctly_for_StoppingTDCIRatio_when_samples_are_not_provided"/>
    <testcase time="0.017000000000003" classname="Rules_methods" name="stopTrial_works_correctly_for_StoppingTDCIRatio_when_samples_are_not_provided"/>
    <testcase time="0.0159999999999982" classname="Rules_methods" name="stopTrial_works_correctly_for_StoppingTDCIRatio_when_samples_are_not_provided"/>
    <testcase time="0.0150000000000006" classname="Rules_methods" name="stopTrial_works_correctly_for_StoppingTDCIRatio_when_samples_are_not_provided"/>
    <testcase time="0.0150000000000006" classname="Rules_methods" name="stopTrial_works_correctly_for_StoppingTDCIRatio_when_samples_are_not_provided"/>
    <testcase time="0.0150000000000006" classname="Rules_methods" name="stopTrial_works_correctly_for_StoppingTDCIRatio_when_samples_are_not_provided"/>
    <testcase time="0.0140000000000029" classname="Rules_methods" name="stopTrial_works_correctly_for_StoppingTDCIRatio_when_samples_are_not_provided"/>
    <testcase time="0.0149999999999935" classname="Rules_methods" name="stopTrial_works_correctly_for_StoppingTDCIRatio_when_samples_are_not_provided"/>
    <testcase time="0.0140000000000029" classname="Rules_methods" name="stopTrial_works_correctly_for_StoppingTDCIRatio_when_samples_are_not_provided"/>
    <testcase time="0.0159999999999982" classname="Rules_methods" name="stopTrial_works_correctly_for_StoppingTDCIRatio_when_samples_are_not_provided"/>
    <testcase time="0.0150000000000006" classname="Rules_methods" name="stopTrial_works_correctly_for_StoppingTDCIRatio_when_samples_are_not_provided"/>
    <testcase time="0.0150000000000006" classname="Rules_methods" name="stopTrial_works_correctly_for_StoppingTDCIRatio_when_samples_are_not_provided"/>
    <testcase time="0.0150000000000006" classname="Rules_methods" name="stopTrial_works_correctly_for_StoppingTDCIRatio_when_samples_are_not_provided"/>
    <testcase time="0.0279999999999987" classname="Rules_methods" name="stopTrial_works_correctly_for_StoppingTDCIRatio_when_samples_are_not_provided"/>
    <testcase time="0.0150000000000006" classname="Rules_methods" name="stopTrial_works_correctly_for_StoppingTDCIRatio_when_samples_are_not_provided"/>
    <testcase time="0.0159999999999982" classname="Rules_methods" name="stopTrial_works_correctly_for_StoppingTDCIRatio_when_samples_are_not_provided"/>
    <testcase time="0.0160000000000053" classname="Rules_methods" name="stopTrial_works_correctly_for_StoppingTDCIRatio_when_samples_are_not_provided"/>
    <testcase time="0.0159999999999982" classname="Rules_methods" name="stopTrial_works_correctly_for_StoppingTDCIRatio_when_samples_are_not_provided"/>
    <testcase time="0.0150000000000006" classname="Rules_methods" name="stopTrial_works_correctly_for_StoppingTDCIRatio_when_samples_are_not_provided"/>
    <testcase time="0.0159999999999982" classname="Rules_methods" name="stopTrial_works_correctly_for_StoppingTDCIRatio_when_samples_are_not_provided"/>
    <testcase time="0.0150000000000006" classname="Rules_methods" name="stopTrial_works_correctly_for_StoppingTDCIRatio_when_samples_are_not_provided"/>
    <testcase time="0.0159999999999982" classname="Rules_methods" name="stopTrial_works_correctly_for_StoppingTDCIRatio_when_samples_are_not_provided"/>
    <testcase time="0.0150000000000006" classname="Rules_methods" name="stopTrial_works_correctly_for_StoppingTDCIRatio_when_samples_are_not_provided"/>
    <testcase time="0.0150000000000006" classname="Rules_methods" name="stopTrial_works_correctly_for_StoppingTDCIRatio_when_samples_are_not_provided"/>
    <testcase time="0.0150000000000006" classname="Rules_methods" name="stopTrial_works_correctly_for_StoppingTDCIRatio_when_samples_are_not_provided"/>
    <testcase time="0.027000000000001" classname="Rules_methods" name="stopTrial_works_correctly_for_StoppingTDCIRatio_when_samples_are_not_provided"/>
    <testcase time="0.0189999999999984" classname="Rules_methods" name="stopTrial_works_correctly_for_StoppingTDCIRatio_when_samples_are_not_provided"/>
    <testcase time="0.0159999999999982" classname="Rules_methods" name="stopTrial_works_correctly_for_StoppingTDCIRatio_when_samples_are_not_provided"/>
    <testcase time="0.0160000000000053" classname="Rules_methods" name="stopTrial_works_correctly_for_StoppingTDCIRatio_when_samples_are_not_provided"/>
    <testcase time="0.0150000000000006" classname="Rules_methods" name="stopTrial_works_correctly_for_StoppingTDCIRatio_when_samples_are_not_provided"/>
    <testcase time="0.0159999999999982" classname="Rules_methods" name="stopTrial_works_correctly_for_StoppingTDCIRatio_when_samples_are_not_provided"/>
    <testcase time="0.0159999999999982" classname="Rules_methods" name="stopTrial_works_correctly_for_StoppingTDCIRatio_when_samples_are_not_provided"/>
    <testcase time="0.0150000000000006" classname="Rules_methods" name="stopTrial_works_correctly_for_StoppingTDCIRatio_when_samples_are_not_provided"/>
    <testcase time="0.0159999999999982" classname="Rules_methods" name="stopTrial_works_correctly_for_StoppingTDCIRatio_when_samples_are_not_provided"/>
    <testcase time="0.0150000000000006" classname="Rules_methods" name="stopTrial_works_correctly_for_StoppingTDCIRatio_when_samples_are_not_provided"/>
    <testcase time="0.0159999999999982" classname="Rules_methods" name="stopTrial_works_correctly_for_StoppingTDCIRatio_when_samples_are_not_provided"/>
    <testcase time="0.0150000000000006" classname="Rules_methods" name="stopTrial_works_correctly_for_StoppingTDCIRatio_when_samples_are_not_provided"/>
    <testcase time="0.0230000000000032" classname="Rules_methods" name="stopTrial_works_correctly_for_StoppingTDCIRatio_when_samples_are_not_provided"/>
    <testcase time="0.0210000000000008" classname="Rules_methods" name="stopTrial_works_correctly_for_StoppingTDCIRatio_when_samples_are_not_provided"/>
    <testcase time="0.0159999999999982" classname="Rules_methods" name="stopTrial_works_correctly_for_StoppingTDCIRatio_when_samples_are_not_provided"/>
    <testcase time="0.0159999999999982" classname="Rules_methods" name="stopTrial_works_correctly_for_StoppingTDCIRatio_when_samples_are_not_provided"/>
    <testcase time="0.0150000000000006" classname="Rules_methods" name="stopTrial_works_correctly_for_StoppingTDCIRatio_when_samples_are_not_provided"/>
    <testcase time="0.0150000000000006" classname="Rules_methods" name="stopTrial_works_correctly_for_StoppingTDCIRatio_when_samples_are_not_provided"/>
    <testcase time="0.0159999999999982" classname="Rules_methods" name="stopTrial_works_correctly_for_StoppingTDCIRatio_when_samples_are_not_provided"/>
    <testcase time="0.0150000000000006" classname="Rules_methods" name="stopTrial_works_correctly_for_StoppingTDCIRatio_when_samples_are_not_provided"/>
    <testcase time="0.0159999999999982" classname="Rules_methods" name="stopTrial_works_correctly_for_StoppingTDCIRatio_when_samples_are_not_provided"/>
    <testcase time="0.0160000000000053" classname="Rules_methods" name="stopTrial_works_correctly_for_StoppingTDCIRatio_when_samples_are_not_provided"/>
    <testcase time="0.0150000000000006" classname="Rules_methods" name="stopTrial_works_correctly_for_StoppingTDCIRatio_when_samples_are_not_provided"/>
    <testcase time="0.0150000000000006" classname="Rules_methods" name="stopTrial_works_correctly_for_StoppingTDCIRatio_when_samples_are_not_provided"/>
    <testcase time="0.0139999999999958" classname="Rules_methods" name="stopTrial_works_correctly_for_StoppingTDCIRatio_when_samples_are_not_provided"/>
    <testcase time="0.027000000000001" classname="Rules_methods" name="stopTrial_works_correctly_for_StoppingTDCIRatio_when_samples_are_not_provided"/>
    <testcase time="0.0150000000000006" classname="Rules_methods" name="stopTrial_works_correctly_for_StoppingTDCIRatio_when_samples_are_not_provided"/>
    <testcase time="0.0150000000000006" classname="Rules_methods" name="stopTrial_works_correctly_for_StoppingTDCIRatio_when_samples_are_not_provided"/>
    <testcase time="0.0150000000000006" classname="Rules_methods" name="stopTrial_works_correctly_for_StoppingTDCIRatio_when_samples_are_not_provided"/>
    <testcase time="0.0150000000000006" classname="Rules_methods" name="stopTrial_works_correctly_for_StoppingTDCIRatio_when_samples_are_not_provided"/>
    <testcase time="0.0140000000000029" classname="Rules_methods" name="stopTrial_works_correctly_for_StoppingTDCIRatio_when_samples_are_not_provided"/>
    <testcase time="0.0139999999999958" classname="Rules_methods" name="stopTrial_works_correctly_for_StoppingTDCIRatio_when_samples_are_not_provided"/>
    <testcase time="0.0150000000000006" classname="Rules_methods" name="stopTrial_works_correctly_for_StoppingTDCIRatio_when_samples_are_not_provided"/>
    <testcase time="0.0150000000000006" classname="Rules_methods" name="stopTrial_works_correctly_for_StoppingTDCIRatio_when_samples_are_not_provided"/>
    <testcase time="0.0140000000000029" classname="Rules_methods" name="stopTrial_works_correctly_for_StoppingTDCIRatio_when_samples_are_not_provided"/>
    <testcase time="0.0150000000000006" classname="Rules_methods" name="stopTrial_works_correctly_for_StoppingTDCIRatio_when_samples_are_not_provided"/>
    <testcase time="0.0149999999999935" classname="Rules_methods" name="stopTrial_works_correctly_for_StoppingTDCIRatio_when_samples_are_not_provided"/>
    <testcase time="0.0280000000000058" classname="Rules_methods" name="stopTrial_works_correctly_for_StoppingTDCIRatio_when_samples_are_not_provided"/>
    <testcase time="0.0150000000000006" classname="Rules_methods" name="stopTrial_works_correctly_for_StoppingTDCIRatio_when_samples_are_not_provided"/>
    <testcase time="0.0159999999999982" classname="Rules_methods" name="stopTrial_works_correctly_for_StoppingTDCIRatio_when_samples_are_not_provided"/>
    <testcase time="0.0150000000000006" classname="Rules_methods" name="stopTrial_works_correctly_for_StoppingTDCIRatio_when_samples_are_not_provided"/>
    <testcase time="0.0150000000000006" classname="Rules_methods" name="stopTrial_works_correctly_for_StoppingTDCIRatio_when_samples_are_not_provided"/>
    <testcase time="0.0150000000000006" classname="Rules_methods" name="stopTrial_works_correctly_for_StoppingTDCIRatio_when_samples_are_not_provided"/>
    <testcase time="0.0159999999999982" classname="Rules_methods" name="stopTrial_works_correctly_for_StoppingTDCIRatio_when_samples_are_not_provided"/>
    <testcase time="0.0150000000000006" classname="Rules_methods" name="stopTrial_works_correctly_for_StoppingTDCIRatio_when_samples_are_not_provided"/>
    <testcase time="0.0150000000000006" classname="Rules_methods" name="stopTrial_works_correctly_for_StoppingTDCIRatio_when_samples_are_not_provided"/>
    <testcase time="0.0159999999999982" classname="Rules_methods" name="stopTrial_works_correctly_for_StoppingTDCIRatio_when_samples_are_not_provided"/>
    <testcase time="0.0150000000000006" classname="Rules_methods" name="stopTrial_works_correctly_for_StoppingTDCIRatio_when_samples_are_not_provided"/>
    <testcase time="0.0159999999999982" classname="Rules_methods" name="stopTrial_works_correctly_for_StoppingTDCIRatio_when_samples_are_not_provided"/>
    <testcase time="0.0279999999999987" classname="Rules_methods" name="stopTrial_works_correctly_for_StoppingTDCIRatio_when_samples_are_not_provided"/>
    <testcase time="0.0140000000000029" classname="Rules_methods" name="stopTrial_works_correctly_for_StoppingTDCIRatio_when_samples_are_not_provided"/>
    <testcase time="0.0159999999999982" classname="Rules_methods" name="stopTrial_works_correctly_for_StoppingTDCIRatio_when_samples_are_not_provided"/>
    <testcase time="0.0159999999999982" classname="Rules_methods" name="stopTrial_works_correctly_for_StoppingTDCIRatio_when_samples_are_not_provided"/>
    <testcase time="0.017000000000003" classname="Rules_methods" name="stopTrial_works_correctly_for_StoppingTDCIRatio_when_samples_are_not_provided"/>
    <testcase time="0.0159999999999982" classname="Rules_methods" name="stopTrial_works_correctly_for_StoppingTDCIRatio_when_samples_are_not_provided"/>
    <testcase time="0.017000000000003" classname="Rules_methods" name="stopTrial_works_correctly_for_StoppingTDCIRatio_when_samples_are_not_provided"/>
    <testcase time="0.0169999999999959" classname="Rules_methods" name="stopTrial_works_correctly_for_StoppingTDCIRatio_when_samples_are_not_provided"/>
    <testcase time="0.0150000000000006" classname="Rules_methods" name="stopTrial_works_correctly_for_StoppingTDCIRatio_when_samples_are_not_provided"/>
    <testcase time="0.017000000000003" classname="Rules_methods" name="stopTrial_works_correctly_for_StoppingTDCIRatio_when_samples_are_not_provided"/>
    <testcase time="0.0159999999999982" classname="Rules_methods" name="stopTrial_works_correctly_for_StoppingTDCIRatio_when_samples_are_not_provided"/>
    <testcase time="0.0159999999999982" classname="Rules_methods" name="stopTrial_works_correctly_for_StoppingTDCIRatio_when_samples_are_not_provided"/>
    <testcase time="0.0300000000000011" classname="Rules_methods" name="stopTrial_works_correctly_for_StoppingTDCIRatio_when_samples_are_not_provided"/>
    <testcase time="0.0159999999999982" classname="Rules_methods" name="stopTrial_works_correctly_for_StoppingTDCIRatio_when_samples_are_not_provided"/>
    <testcase time="0.017000000000003" classname="Rules_methods" name="stopTrial_works_correctly_for_StoppingTDCIRatio_when_samples_are_not_provided"/>
    <testcase time="0.0159999999999982" classname="Rules_methods" name="stopTrial_works_correctly_for_StoppingTDCIRatio_when_samples_are_not_provided"/>
    <testcase time="0.0150000000000006" classname="Rules_methods" name="stopTrial_works_correctly_for_StoppingTDCIRatio_when_samples_are_not_provided"/>
    <testcase time="0.0150000000000006" classname="Rules_methods" name="stopTrial_works_correctly_for_StoppingTDCIRatio_when_samples_are_not_provided"/>
    <testcase time="0.0160000000000053" classname="Rules_methods" name="stopTrial_works_correctly_for_StoppingTDCIRatio_when_samples_are_not_provided"/>
    <testcase time="0.0169999999999959" classname="Rules_methods" name="stopTrial_works_correctly_for_StoppingTDCIRatio_when_samples_are_not_provided"/>
    <testcase time="0.0159999999999982" classname="Rules_methods" name="stopTrial_works_correctly_for_StoppingTDCIRatio_when_samples_are_not_provided"/>
    <testcase time="0.0160000000000053" classname="Rules_methods" name="stopTrial_works_correctly_for_StoppingTDCIRatio_when_samples_are_not_provided"/>
    <testcase time="0.0159999999999982" classname="Rules_methods" name="stopTrial_works_correctly_for_StoppingTDCIRatio_when_samples_are_not_provided"/>
    <testcase time="0.0240000000000009" classname="Rules_methods" name="stopTrial_works_correctly_for_StoppingTDCIRatio_when_samples_are_not_provided"/>
    <testcase time="0.0219999999999985" classname="Rules_methods" name="stopTrial_works_correctly_for_StoppingTDCIRatio_when_samples_are_not_provided"/>
    <testcase time="0.017000000000003" classname="Rules_methods" name="stopTrial_works_correctly_for_StoppingTDCIRatio_when_samples_are_not_provided"/>
    <testcase time="0.0159999999999982" classname="Rules_methods" name="stopTrial_works_correctly_for_StoppingTDCIRatio_when_samples_are_not_provided"/>
    <testcase time="0.0150000000000006" classname="Rules_methods" name="stopTrial_works_correctly_for_StoppingTDCIRatio_when_samples_are_not_provided"/>
    <testcase time="0.0159999999999982" classname="Rules_methods" name="stopTrial_works_correctly_for_StoppingTDCIRatio_when_samples_are_not_provided"/>
    <testcase time="0.0159999999999982" classname="Rules_methods" name="stopTrial_works_correctly_for_StoppingTDCIRatio_when_samples_are_not_provided"/>
    <testcase time="0.0160000000000053" classname="Rules_methods" name="stopTrial_works_correctly_for_StoppingTDCIRatio_when_samples_are_not_provided"/>
    <testcase time="0.0159999999999982" classname="Rules_methods" name="stopTrial_works_correctly_for_StoppingTDCIRatio_when_samples_are_not_provided"/>
    <testcase time="0.0169999999999959" classname="Rules_methods" name="stopTrial_works_correctly_for_StoppingTDCIRatio_when_samples_are_not_provided"/>
    <testcase time="0.0160000000000053" classname="Rules_methods" name="stopTrial_works_correctly_for_StoppingTDCIRatio_when_samples_are_not_provided"/>
    <testcase time="0.0159999999999982" classname="Rules_methods" name="stopTrial_works_correctly_for_StoppingTDCIRatio_when_samples_are_not_provided"/>
    <testcase time="0.0259999999999962" classname="Rules_methods" name="stopTrial_works_correctly_for_StoppingTDCIRatio_when_samples_are_not_provided"/>
    <testcase time="0.0180000000000007" classname="Rules_methods" name="stopTrial_works_correctly_for_StoppingTDCIRatio_when_samples_are_not_provided"/>
    <testcase time="0.017000000000003" classname="Rules_methods" name="stopTrial_works_correctly_for_StoppingTDCIRatio_when_samples_are_not_provided"/>
    <testcase time="0.0159999999999982" classname="Rules_methods" name="stopTrial_works_correctly_for_StoppingTDCIRatio_when_samples_are_not_provided"/>
    <testcase time="0.0150000000000006" classname="Rules_methods" name="stopTrial_works_correctly_for_StoppingTDCIRatio_when_samples_are_not_provided"/>
    <testcase time="0.0140000000000029" classname="Rules_methods" name="stopTrial_works_correctly_for_StoppingTDCIRatio_when_samples_are_not_provided"/>
    <testcase time="0.0159999999999982" classname="Rules_methods" name="stopTrial_works_correctly_for_StoppingTDCIRatio_when_samples_are_not_provided"/>
    <testcase time="0.0150000000000006" classname="Rules_methods" name="stopTrial_works_correctly_for_StoppingTDCIRatio_when_samples_are_not_provided"/>
    <testcase time="0.0150000000000006" classname="Rules_methods" name="stopTrial_works_correctly_for_StoppingTDCIRatio_when_samples_are_not_provided"/>
    <testcase time="0.0159999999999982" classname="Rules_methods" name="stopTrial_works_correctly_for_StoppingTDCIRatio_when_samples_are_not_provided"/>
    <testcase time="0.0159999999999982" classname="Rules_methods" name="stopTrial_works_correctly_for_StoppingTDCIRatio_when_samples_are_not_provided"/>
    <testcase time="0.0159999999999982" classname="Rules_methods" name="stopTrial_works_correctly_for_StoppingTDCIRatio_when_samples_are_not_provided"/>
    <testcase time="0.0290000000000035" classname="Rules_methods" name="stopTrial_works_correctly_for_StoppingTDCIRatio_when_samples_are_not_provided"/>
    <testcase time="0.0150000000000006" classname="Rules_methods" name="stopTrial_works_correctly_for_StoppingTDCIRatio_when_samples_are_not_provided"/>
    <testcase time="0.0159999999999982" classname="Rules_methods" name="stopTrial_works_correctly_for_StoppingTDCIRatio_when_samples_are_not_provided"/>
    <testcase time="0.0159999999999982" classname="Rules_methods" name="stopTrial_works_correctly_for_StoppingTDCIRatio_when_samples_are_not_provided"/>
    <testcase time="0.0160000000000053" classname="Rules_methods" name="stopTrial_works_correctly_for_StoppingTDCIRatio_when_samples_are_not_provided"/>
    <testcase time="0.0150000000000006" classname="Rules_methods" name="stopTrial_works_correctly_for_StoppingTDCIRatio_when_samples_are_not_provided"/>
    <testcase time="0.0159999999999982" classname="Rules_methods" name="stopTrial_works_correctly_for_StoppingTDCIRatio_when_samples_are_not_provided"/>
    <testcase time="0.0159999999999982" classname="Rules_methods" name="stopTrial_works_correctly_for_StoppingTDCIRatio_when_samples_are_not_provided"/>
    <testcase time="0.0150000000000006" classname="Rules_methods" name="stopTrial_works_correctly_for_StoppingTDCIRatio_when_samples_are_not_provided"/>
    <testcase time="0.0159999999999982" classname="Rules_methods" name="stopTrial_works_correctly_for_StoppingTDCIRatio_when_samples_are_not_provided"/>
    <testcase time="0.0159999999999982" classname="Rules_methods" name="stopTrial_works_correctly_for_StoppingTDCIRatio_when_samples_are_not_provided"/>
    <testcase time="0.027000000000001" classname="Rules_methods" name="stopTrial_works_correctly_for_StoppingTDCIRatio_when_samples_are_not_provided"/>
    <testcase time="0.0190000000000055" classname="Rules_methods" name="stopTrial_works_correctly_for_StoppingTDCIRatio_when_samples_are_not_provided"/>
    <testcase time="0.0169999999999959" classname="Rules_methods" name="stopTrial_works_correctly_for_StoppingTDCIRatio_when_samples_are_not_provided"/>
    <testcase time="0.017000000000003" classname="Rules_methods" name="stopTrial_works_correctly_for_StoppingTDCIRatio_when_samples_are_not_provided"/>
    <testcase time="0.0169999999999959" classname="Rules_methods" name="stopTrial_works_correctly_for_StoppingTDCIRatio_when_samples_are_not_provided"/>
    <testcase time="0.017000000000003" classname="Rules_methods" name="stopTrial_works_correctly_for_StoppingTDCIRatio_when_samples_are_not_provided"/>
    <testcase time="0.0169999999999959" classname="Rules_methods" name="stopTrial_works_correctly_for_StoppingTDCIRatio_when_samples_are_not_provided"/>
    <testcase time="0.0160000000000053" classname="Rules_methods" name="stopTrial_works_correctly_for_StoppingTDCIRatio_when_samples_are_not_provided"/>
    <testcase time="0.0169999999999959" classname="Rules_methods" name="stopTrial_works_correctly_for_StoppingTDCIRatio_when_samples_are_not_provided"/>
    <testcase time="0.017000000000003" classname="Rules_methods" name="stopTrial_works_correctly_for_StoppingTDCIRatio_when_samples_are_not_provided"/>
    <testcase time="0.0169999999999959" classname="Rules_methods" name="stopTrial_works_correctly_for_StoppingTDCIRatio_when_samples_are_not_provided"/>
    <testcase time="0.017000000000003" classname="Rules_methods" name="stopTrial_works_correctly_for_StoppingTDCIRatio_when_samples_are_not_provided"/>
    <testcase time="0.0320000000000036" classname="Rules_methods" name="stopTrial_works_correctly_for_StoppingTDCIRatio_when_samples_are_not_provided"/>
    <testcase time="0.0169999999999959" classname="Rules_methods" name="stopTrial_works_correctly_for_StoppingTDCIRatio_when_samples_are_not_provided"/>
    <testcase time="0.017000000000003" classname="Rules_methods" name="stopTrial_works_correctly_for_StoppingTDCIRatio_when_samples_are_not_provided"/>
    <testcase time="0.017000000000003" classname="Rules_methods" name="stopTrial_works_correctly_for_StoppingTDCIRatio_when_samples_are_not_provided"/>
    <testcase time="0.0169999999999959" classname="Rules_methods" name="stopTrial_works_correctly_for_StoppingTDCIRatio_when_samples_are_not_provided"/>
    <testcase time="0.017000000000003" classname="Rules_methods" name="stopTrial_works_correctly_for_StoppingTDCIRatio_when_samples_are_not_provided"/>
    <testcase time="0.017000000000003" classname="Rules_methods" name="stopTrial_works_correctly_for_StoppingTDCIRatio_when_samples_are_not_provided"/>
    <testcase time="0.0169999999999959" classname="Rules_methods" name="stopTrial_works_correctly_for_StoppingTDCIRatio_when_samples_are_not_provided"/>
    <testcase time="0.0180000000000007" classname="Rules_methods" name="stopTrial_works_correctly_for_StoppingTDCIRatio_when_samples_are_not_provided"/>
    <testcase time="0.017000000000003" classname="Rules_methods" name="stopTrial_works_correctly_for_StoppingTDCIRatio_when_samples_are_not_provided"/>
    <testcase time="0.0180000000000007" classname="Rules_methods" name="stopTrial_works_correctly_for_StoppingTDCIRatio_when_samples_are_not_provided"/>
    <testcase time="0.0309999999999988" classname="Rules_methods" name="stopTrial_works_correctly_for_StoppingTDCIRatio_when_samples_are_not_provided"/>
    <testcase time="0.0180000000000007" classname="Rules_methods" name="stopTrial_works_correctly_for_StoppingTDCIRatio_when_samples_are_not_provided"/>
    <testcase time="0.0189999999999984" classname="Rules_methods" name="stopTrial_works_correctly_for_StoppingTDCIRatio_when_samples_are_not_provided"/>
    <testcase time="0.0169999999999959" classname="Rules_methods" name="stopTrial_works_correctly_for_StoppingTDCIRatio_when_samples_are_not_provided"/>
    <testcase time="0.0180000000000007" classname="Rules_methods" name="stopTrial_works_correctly_for_StoppingTDCIRatio_when_samples_are_not_provided"/>
    <testcase time="0.017000000000003" classname="Rules_methods" name="stopTrial_works_correctly_for_StoppingTDCIRatio_when_samples_are_not_provided"/>
    <testcase time="0.017000000000003" classname="Rules_methods" name="stopTrial_works_correctly_for_StoppingTDCIRatio_when_samples_are_not_provided"/>
    <testcase time="0.0169999999999959" classname="Rules_methods" name="stopTrial_works_correctly_for_StoppingTDCIRatio_when_samples_are_not_provided"/>
    <testcase time="0.0180000000000007" classname="Rules_methods" name="stopTrial_works_correctly_for_StoppingTDCIRatio_when_samples_are_not_provided"/>
    <testcase time="0.017000000000003" classname="Rules_methods" name="stopTrial_works_correctly_for_StoppingTDCIRatio_when_samples_are_not_provided"/>
    <testcase time="0.0179999999999936" classname="Rules_methods" name="stopTrial_works_correctly_for_StoppingTDCIRatio_when_samples_are_not_provided"/>
    <testcase time="0.0280000000000058" classname="Rules_methods" name="stopTrial_works_correctly_for_StoppingTDCIRatio_when_samples_are_not_provided"/>
    <testcase time="0.0189999999999984" classname="Rules_methods" name="stopTrial_works_correctly_for_StoppingTDCIRatio_when_samples_are_not_provided"/>
    <testcase time="0.0180000000000007" classname="Rules_methods" name="stopTrial_works_correctly_for_StoppingTDCIRatio_when_samples_are_not_provided"/>
    <testcase time="0.0169999999999959" classname="Rules_methods" name="stopTrial_works_correctly_for_StoppingTDCIRatio_when_samples_are_not_provided"/>
    <testcase time="0.017000000000003" classname="Rules_methods" name="stopTrial_works_correctly_for_StoppingTDCIRatio_when_samples_are_not_provided"/>
    <testcase time="0.0180000000000007" classname="Rules_methods" name="stopTrial_works_correctly_for_StoppingTDCIRatio_when_samples_are_not_provided"/>
    <testcase time="0.0180000000000007" classname="Rules_methods" name="stopTrial_works_correctly_for_StoppingTDCIRatio_when_samples_are_not_provided"/>
    <testcase time="0.0169999999999959" classname="Rules_methods" name="stopTrial_works_correctly_for_StoppingTDCIRatio_when_samples_are_not_provided"/>
    <testcase time="0.0150000000000006" classname="Rules_methods" name="stopTrial_works_correctly_for_StoppingTDCIRatio_when_samples_are_not_provided"/>
    <testcase time="0.0150000000000006" classname="Rules_methods" name="stopTrial_works_correctly_for_StoppingTDCIRatio_when_samples_are_not_provided"/>
    <testcase time="0.0159999999999911" classname="Rules_methods" name="stopTrial_works_correctly_for_StoppingTDCIRatio_when_samples_are_not_provided"/>
    <testcase time="0.0260000000000105" classname="Rules_methods" name="stopTrial_works_correctly_for_StoppingTDCIRatio_when_samples_are_not_provided"/>
    <testcase time="0.019999999999996" classname="Rules_methods" name="stopTrial_works_correctly_for_StoppingTDCIRatio_when_samples_are_not_provided"/>
    <testcase time="0.0180000000000007" classname="Rules_methods" name="stopTrial_works_correctly_for_StoppingTDCIRatio_when_samples_are_not_provided"/>
    <testcase time="0.0159999999999911" classname="Rules_methods" name="stopTrial_works_correctly_for_StoppingTDCIRatio_when_samples_are_not_provided"/>
    <testcase time="0.0160000000000053" classname="Rules_methods" name="stopTrial_works_correctly_for_StoppingTDCIRatio_when_samples_are_not_provided"/>
    <testcase time="0.0160000000000053" classname="Rules_methods" name="stopTrial_works_correctly_for_StoppingTDCIRatio_when_samples_are_not_provided"/>
    <testcase time="0.0169999999999959" classname="Rules_methods" name="stopTrial_works_correctly_for_StoppingTDCIRatio_when_samples_are_not_provided"/>
    <testcase time="0.0169999999999959" classname="Rules_methods" name="stopTrial_works_correctly_for_StoppingTDCIRatio_when_samples_are_not_provided"/>
    <testcase time="0.0160000000000053" classname="Rules_methods" name="stopTrial_works_correctly_for_StoppingTDCIRatio_when_samples_are_not_provided"/>
    <testcase time="0.0150000000000006" classname="Rules_methods" name="stopTrial_works_correctly_for_StoppingTDCIRatio_when_samples_are_not_provided"/>
    <testcase time="0.0160000000000053" classname="Rules_methods" name="stopTrial_works_correctly_for_StoppingTDCIRatio_when_samples_are_not_provided"/>
    <testcase time="0.0259999999999962" classname="Rules_methods" name="stopTrial_works_correctly_for_StoppingTDCIRatio_when_samples_are_not_provided"/>
    <testcase time="0.0189999999999912" classname="Rules_methods" name="stopTrial_works_correctly_for_StoppingTDCIRatio_when_samples_are_not_provided"/>
    <testcase time="0.0250000000000057" classname="Rules_methods" name="stopTrial_works_correctly_for_StoppingTDCIRatio_when_samples_are_not_provided"/>
    <testcase time="0.0180000000000007" classname="Rules_methods" name="stopTrial_works_correctly_for_StoppingTDCIRatio_when_samples_are_not_provided"/>
    <testcase time="0.0160000000000053" classname="Rules_methods" name="stopTrial_works_correctly_for_StoppingTDCIRatio_when_samples_are_not_provided"/>
    <testcase time="0.0169999999999959" classname="Rules_methods" name="stopTrial_works_correctly_for_StoppingTDCIRatio_when_samples_are_not_provided"/>
    <testcase time="0.0159999999999911" classname="Rules_methods" name="stopTrial_works_correctly_for_StoppingTDCIRatio_when_samples_are_not_provided"/>
    <testcase time="0.0170000000000101" classname="Rules_methods" name="stopTrial_works_correctly_for_StoppingTDCIRatio_when_samples_are_not_provided"/>
    <testcase time="0.0180000000000007" classname="Rules_methods" name="stopTrial_works_correctly_for_StoppingTDCIRatio_when_samples_are_not_provided"/>
    <testcase time="0.0159999999999911" classname="Rules_methods" name="stopTrial_works_correctly_for_StoppingTDCIRatio_when_samples_are_not_provided"/>
    <testcase time="0.0180000000000007" classname="Rules_methods" name="stopTrial_works_correctly_for_StoppingTDCIRatio_when_samples_are_not_provided"/>
    <testcase time="0.027000000000001" classname="Rules_methods" name="stopTrial_works_correctly_for_StoppingTDCIRatio_when_samples_are_not_provided"/>
    <testcase time="0.0200000000000102" classname="Rules_methods" name="stopTrial_works_correctly_for_StoppingTDCIRatio_when_samples_are_not_provided"/>
    <testcase time="0.0179999999999865" classname="Rules_methods" name="stopTrial_works_correctly_for_StoppingTDCIRatio_when_samples_are_not_provided"/>
    <testcase time="0.0150000000000006" classname="Rules_methods" name="stopTrial_works_correctly_for_StoppingTDCIRatio_when_samples_are_not_provided"/>
    <testcase time="0.0160000000000053" classname="Rules_methods" name="stopTrial_works_correctly_for_StoppingTDCIRatio_when_samples_are_not_provided"/>
    <testcase time="0.0160000000000053" classname="Rules_methods" name="stopTrial_works_correctly_for_StoppingTDCIRatio_when_samples_are_not_provided"/>
    <testcase time="0.0169999999999959" classname="Rules_methods" name="stopTrial_works_correctly_for_StoppingTDCIRatio_when_samples_are_not_provided"/>
    <testcase time="0.0160000000000053" classname="Rules_methods" name="stopTrial_works_correctly_for_StoppingTDCIRatio_when_samples_are_not_provided"/>
    <testcase time="0.0169999999999959" classname="Rules_methods" name="stopTrial_works_correctly_for_StoppingTDCIRatio_when_samples_are_not_provided"/>
    <testcase time="0.0160000000000053" classname="Rules_methods" name="stopTrial_works_correctly_for_StoppingTDCIRatio_when_samples_are_not_provided"/>
    <testcase time="0.0169999999999959" classname="Rules_methods" name="stopTrial_works_correctly_for_StoppingTDCIRatio_when_samples_are_not_provided"/>
    <testcase time="0.281999999999996" classname="Rules_methods" name="stopTrial_works_correctly_for_StoppingTDCIRatio_when_samples_are_not_provided"/>
    <testcase time="0.0150000000000006" classname="Rules_methods" name="stopTrial_works_correctly_for_StoppingTDCIRatio_when_samples_are_not_provided"/>
    <testcase time="0.0139999999999958" classname="Rules_methods" name="stopTrial_works_correctly_for_StoppingTDCIRatio_when_samples_are_not_provided"/>
    <testcase time="0.01400000000001" classname="Rules_methods" name="stopTrial_works_correctly_for_StoppingTDCIRatio_when_samples_are_not_provided"/>
    <testcase time="0.0139999999999958" classname="Rules_methods" name="stopTrial_works_correctly_for_StoppingTDCIRatio_when_samples_are_not_provided"/>
    <testcase time="0.0139999999999958" classname="Rules_methods" name="stopTrial_works_correctly_for_StoppingTDCIRatio_when_samples_are_not_provided"/>
    <testcase time="0.0139999999999958" classname="Rules_methods" name="stopTrial_works_correctly_for_StoppingTDCIRatio_when_samples_are_not_provided"/>
    <testcase time="0.0150000000000006" classname="Rules_methods" name="stopTrial_works_correctly_for_StoppingTDCIRatio_when_samples_are_not_provided"/>
    <testcase time="0.0150000000000006" classname="Rules_methods" name="stopTrial_works_correctly_for_StoppingTDCIRatio_when_samples_are_not_provided"/>
    <testcase time="0.0150000000000006" classname="Rules_methods" name="stopTrial_works_correctly_for_StoppingTDCIRatio_when_samples_are_not_provided"/>
    <testcase time="0.0150000000000006" classname="Rules_methods" name="stopTrial_works_correctly_for_StoppingTDCIRatio_when_samples_are_not_provided"/>
    <testcase time="0.0150000000000006" classname="Rules_methods" name="stopTrial_works_correctly_for_StoppingTDCIRatio_when_samples_are_not_provided"/>
    <testcase time="0.0210000000000008" classname="Rules_methods" name="stopTrial_works_correctly_for_StoppingTDCIRatio_when_samples_are_not_provided"/>
    <testcase time="0.0150000000000006" classname="Rules_methods" name="stopTrial_works_correctly_for_StoppingTDCIRatio_when_samples_are_not_provided"/>
    <testcase time="0.0150000000000006" classname="Rules_methods" name="stopTrial_works_correctly_for_StoppingTDCIRatio_when_samples_are_not_provided"/>
    <testcase time="0.0159999999999911" classname="Rules_methods" name="stopTrial_works_correctly_for_StoppingTDCIRatio_when_samples_are_not_provided"/>
    <testcase time="0.0150000000000006" classname="Rules_methods" name="stopTrial_works_correctly_for_StoppingTDCIRatio_when_samples_are_not_provided"/>
    <testcase time="0.0160000000000053" classname="Rules_methods" name="stopTrial_works_correctly_for_StoppingTDCIRatio_when_samples_are_not_provided"/>
    <testcase time="0.0150000000000006" classname="Rules_methods" name="stopTrial_works_correctly_for_StoppingTDCIRatio_when_samples_are_not_provided"/>
    <testcase time="0.0160000000000053" classname="Rules_methods" name="stopTrial_works_correctly_for_StoppingTDCIRatio_when_samples_are_not_provided"/>
    <testcase time="0.0139999999999958" classname="Rules_methods" name="stopTrial_works_correctly_for_StoppingTDCIRatio_when_samples_are_not_provided"/>
    <testcase time="0.0150000000000006" classname="Rules_methods" name="stopTrial_works_correctly_for_StoppingTDCIRatio_when_samples_are_not_provided"/>
    <testcase time="0.0169999999999959" classname="Rules_methods" name="stopTrial_works_correctly_for_StoppingTDCIRatio_when_samples_are_not_provided"/>
    <testcase time="0.0160000000000053" classname="Rules_methods" name="stopTrial_works_correctly_for_StoppingTDCIRatio_when_samples_are_not_provided"/>
    <testcase time="0.0219999999999914" classname="Rules_methods" name="stopTrial_works_correctly_for_StoppingTDCIRatio_when_samples_are_not_provided"/>
    <testcase time="0.0180000000000007" classname="Rules_methods" name="stopTrial_works_correctly_for_StoppingTDCIRatio_when_samples_are_not_provided"/>
    <testcase time="0.0160000000000053" classname="Rules_methods" name="stopTrial_works_correctly_for_StoppingTDCIRatio_when_samples_are_not_provided"/>
    <testcase time="0.0160000000000053" classname="Rules_methods" name="stopTrial_works_correctly_for_StoppingTDCIRatio_when_samples_are_not_provided"/>
    <testcase time="0.0150000000000006" classname="Rules_methods" name="stopTrial_works_correctly_for_StoppingTDCIRatio_when_samples_are_not_provided"/>
    <testcase time="0.0159999999999911" classname="Rules_methods" name="stopTrial_works_correctly_for_StoppingTDCIRatio_when_samples_are_not_provided"/>
    <testcase time="0.0160000000000053" classname="Rules_methods" name="stopTrial_works_correctly_for_StoppingTDCIRatio_when_samples_are_not_provided"/>
    <testcase time="0.0159999999999911" classname="Rules_methods" name="stopTrial_works_correctly_for_StoppingTDCIRatio_when_samples_are_not_provided"/>
    <testcase time="0.0150000000000006" classname="Rules_methods" name="stopTrial_works_correctly_for_StoppingTDCIRatio_when_samples_are_not_provided"/>
    <testcase time="0.0160000000000053" classname="Rules_methods" name="stopTrial_works_correctly_for_StoppingTDCIRatio_when_samples_are_not_provided"/>
    <testcase time="0.0169999999999959" classname="Rules_methods" name="stopTrial_works_correctly_for_StoppingTDCIRatio_when_samples_are_not_provided"/>
    <testcase time="0.0220000000000056" classname="Rules_methods" name="stopTrial_works_correctly_for_StoppingTDCIRatio_when_samples_are_not_provided"/>
    <testcase time="0.0150000000000006" classname="Rules_methods" name="stopTrial_works_correctly_for_StoppingTDCIRatio_when_samples_are_not_provided"/>
    <testcase time="0.0169999999999959" classname="Rules_methods" name="stopTrial_works_correctly_for_StoppingTDCIRatio_when_samples_are_not_provided"/>
    <testcase time="0.0160000000000053" classname="Rules_methods" name="stopTrial_works_correctly_for_StoppingTDCIRatio_when_samples_are_not_provided"/>
    <testcase time="0.0159999999999911" classname="Rules_methods" name="stopTrial_works_correctly_for_StoppingTDCIRatio_when_samples_are_not_provided"/>
    <testcase time="0.0160000000000053" classname="Rules_methods" name="stopTrial_works_correctly_for_StoppingTDCIRatio_when_samples_are_not_provided"/>
    <testcase time="0.0150000000000006" classname="Rules_methods" name="stopTrial_works_correctly_for_StoppingTDCIRatio_when_samples_are_not_provided"/>
    <testcase time="0.0169999999999959" classname="Rules_methods" name="stopTrial_works_correctly_for_StoppingTDCIRatio_when_samples_are_not_provided"/>
    <testcase time="0.0170000000000101" classname="Rules_methods" name="stopTrial_works_correctly_for_StoppingTDCIRatio_when_samples_are_not_provided"/>
    <testcase time="0.0159999999999911" classname="Rules_methods" name="stopTrial_works_correctly_for_StoppingTDCIRatio_when_samples_are_not_provided"/>
    <testcase time="0.0169999999999959" classname="Rules_methods" name="stopTrial_works_correctly_for_StoppingTDCIRatio_when_samples_are_not_provided"/>
    <testcase time="0.0170000000000101" classname="Rules_methods" name="stopTrial_works_correctly_for_StoppingTDCIRatio_when_samples_are_not_provided"/>
    <testcase time="0.0219999999999914" classname="Rules_methods" name="stopTrial_works_correctly_for_StoppingTDCIRatio_when_samples_are_not_provided"/>
    <testcase time="0.0160000000000053" classname="Rules_methods" name="stopTrial_works_correctly_for_StoppingTDCIRatio_when_samples_are_not_provided"/>
    <testcase time="0.0150000000000006" classname="Rules_methods" name="stopTrial_works_correctly_for_StoppingTDCIRatio_when_samples_are_not_provided"/>
    <testcase time="0.0159999999999911" classname="Rules_methods" name="stopTrial_works_correctly_for_StoppingTDCIRatio_when_samples_are_not_provided"/>
    <testcase time="0.0160000000000053" classname="Rules_methods" name="stopTrial_works_correctly_for_StoppingTDCIRatio_when_samples_are_not_provided"/>
    <testcase time="0.0150000000000006" classname="Rules_methods" name="stopTrial_works_correctly_for_StoppingTDCIRatio_when_samples_are_not_provided"/>
    <testcase time="0.0150000000000006" classname="Rules_methods" name="stopTrial_works_correctly_for_StoppingTDCIRatio_when_samples_are_not_provided"/>
    <testcase time="0.0150000000000006" classname="Rules_methods" name="stopTrial_works_correctly_for_StoppingTDCIRatio_when_samples_are_not_provided"/>
    <testcase time="0.0150000000000006" classname="Rules_methods" name="stopTrial_works_correctly_for_StoppingTDCIRatio_when_samples_are_not_provided"/>
    <testcase time="0.0159999999999911" classname="Rules_methods" name="stopTrial_works_correctly_for_StoppingTDCIRatio_when_samples_are_not_provided"/>
    <testcase time="0.0160000000000053" classname="Rules_methods" name="stopTrial_works_correctly_for_StoppingTDCIRatio_when_samples_are_not_provided"/>
    <testcase time="0.0220000000000056" classname="Rules_methods" name="stopTrial_works_correctly_for_StoppingTDCIRatio_when_samples_are_not_provided"/>
    <testcase time="0.0150000000000006" classname="Rules_methods" name="stopTrial_works_correctly_for_StoppingTDCIRatio_when_samples_are_not_provided"/>
    <testcase time="0.0139999999999958" classname="Rules_methods" name="stopTrial_works_correctly_for_StoppingTDCIRatio_when_samples_are_not_provided"/>
    <testcase time="0.0159999999999911" classname="Rules_methods" name="stopTrial_works_correctly_for_StoppingTDCIRatio_when_samples_are_not_provided"/>
    <testcase time="0.0150000000000006" classname="Rules_methods" name="stopTrial_works_correctly_for_StoppingTDCIRatio_when_samples_are_not_provided"/>
    <testcase time="0.0150000000000006" classname="Rules_methods" name="stopTrial_works_correctly_for_StoppingTDCIRatio_when_samples_are_not_provided"/>
    <testcase time="0.0160000000000053" classname="Rules_methods" name="stopTrial_works_correctly_for_StoppingTDCIRatio_when_samples_are_not_provided"/>
    <testcase time="0.0150000000000006" classname="Rules_methods" name="stopTrial_works_correctly_for_StoppingTDCIRatio_when_samples_are_not_provided"/>
    <testcase time="0.0150000000000006" classname="Rules_methods" name="stopTrial_works_correctly_for_StoppingTDCIRatio_when_samples_are_not_provided"/>
    <testcase time="0.0150000000000006" classname="Rules_methods" name="stopTrial_works_correctly_for_StoppingTDCIRatio_when_samples_are_not_provided"/>
    <testcase time="0.0159999999999911" classname="Rules_methods" name="stopTrial_works_correctly_for_StoppingTDCIRatio_when_samples_are_not_provided"/>
    <testcase time="0.0150000000000006" classname="Rules_methods" name="stopTrial_works_correctly_for_StoppingTDCIRatio_when_samples_are_not_provided"/>
    <testcase time="0.0200000000000102" classname="Rules_methods" name="stopTrial_works_correctly_for_StoppingTDCIRatio_when_samples_are_not_provided"/>
    <testcase time="0.0150000000000006" classname="Rules_methods" name="stopTrial_works_correctly_for_StoppingTDCIRatio_when_samples_are_not_provided"/>
    <testcase time="0.0150000000000006" classname="Rules_methods" name="stopTrial_works_correctly_for_StoppingTDCIRatio_when_samples_are_not_provided"/>
    <testcase time="0.0150000000000006" classname="Rules_methods" name="stopTrial_works_correctly_for_StoppingTDCIRatio_when_samples_are_not_provided"/>
    <testcase time="0.0159999999999911" classname="Rules_methods" name="stopTrial_works_correctly_for_StoppingTDCIRatio_when_samples_are_not_provided"/>
    <testcase time="0.0160000000000053" classname="Rules_methods" name="stopTrial_works_correctly_for_StoppingTDCIRatio_when_samples_are_not_provided"/>
    <testcase time="0.0159999999999911" classname="Rules_methods" name="stopTrial_works_correctly_for_StoppingTDCIRatio_when_samples_are_not_provided"/>
    <testcase time="0.0160000000000053" classname="Rules_methods" name="stopTrial_works_correctly_for_StoppingTDCIRatio_when_samples_are_not_provided"/>
    <testcase time="0.0160000000000053" classname="Rules_methods" name="stopTrial_works_correctly_for_StoppingTDCIRatio_when_samples_are_not_provided"/>
    <testcase time="0.0159999999999911" classname="Rules_methods" name="stopTrial_works_correctly_for_StoppingTDCIRatio_when_samples_are_not_provided"/>
    <testcase time="0.0160000000000053" classname="Rules_methods" name="stopTrial_works_correctly_for_StoppingTDCIRatio_when_samples_are_not_provided"/>
    <testcase time="0.0220000000000056" classname="Rules_methods" name="stopTrial_works_correctly_for_StoppingTDCIRatio_when_samples_are_not_provided"/>
    <testcase time="0.0159999999999911" classname="Rules_methods" name="stopTrial_works_correctly_for_StoppingTDCIRatio_when_samples_are_not_provided"/>
    <testcase time="0.0169999999999959" classname="Rules_methods" name="stopTrial_works_correctly_for_StoppingTDCIRatio_when_samples_are_not_provided"/>
    <testcase time="0.0160000000000053" classname="Rules_methods" name="stopTrial_works_correctly_for_StoppingTDCIRatio_when_samples_are_not_provided"/>
    <testcase time="0.0160000000000053" classname="Rules_methods" name="stopTrial_works_correctly_for_StoppingTDCIRatio_when_samples_are_not_provided"/>
    <testcase time="0.0169999999999959" classname="Rules_methods" name="stopTrial_works_correctly_for_StoppingTDCIRatio_when_samples_are_not_provided"/>
    <testcase time="0.0180000000000007" classname="Rules_methods" name="stopTrial_works_correctly_for_StoppingTDCIRatio_when_samples_are_not_provided"/>
    <testcase time="0.0160000000000053" classname="Rules_methods" name="stopTrial_works_correctly_for_StoppingTDCIRatio_when_samples_are_not_provided"/>
    <testcase time="0.0159999999999911" classname="Rules_methods" name="stopTrial_works_correctly_for_StoppingTDCIRatio_when_samples_are_not_provided"/>
    <testcase time="0.0160000000000053" classname="Rules_methods" name="stopTrial_works_correctly_for_StoppingTDCIRatio_when_samples_are_not_provided"/>
    <testcase time="0.0169999999999959" classname="Rules_methods" name="stopTrial_works_correctly_for_StoppingTDCIRatio_when_samples_are_not_provided"/>
    <testcase time="0.0210000000000008" classname="Rules_methods" name="stopTrial_works_correctly_for_StoppingTDCIRatio_when_samples_are_not_provided"/>
    <testcase time="0.0169999999999959" classname="Rules_methods" name="stopTrial_works_correctly_for_StoppingTDCIRatio_when_samples_are_not_provided"/>
    <testcase time="0.0160000000000053" classname="Rules_methods" name="stopTrial_works_correctly_for_StoppingTDCIRatio_when_samples_are_not_provided"/>
    <testcase time="0.0160000000000053" classname="Rules_methods" name="stopTrial_works_correctly_for_StoppingTDCIRatio_when_samples_are_not_provided"/>
    <testcase time="0.0159999999999911" classname="Rules_methods" name="stopTrial_works_correctly_for_StoppingTDCIRatio_when_samples_are_not_provided"/>
    <testcase time="0.0150000000000006" classname="Rules_methods" name="stopTrial_works_correctly_for_StoppingTDCIRatio_when_samples_are_not_provided"/>
    <testcase time="0.0160000000000053" classname="Rules_methods" name="stopTrial_works_correctly_for_StoppingTDCIRatio_when_samples_are_not_provided"/>
    <testcase time="0.0139999999999958" classname="Rules_methods" name="stopTrial_works_correctly_for_StoppingTDCIRatio_when_samples_are_not_provided"/>
    <testcase time="0.0150000000000006" classname="Rules_methods" name="stopTrial_works_correctly_for_StoppingTDCIRatio_when_samples_are_not_provided"/>
    <testcase time="0.0160000000000053" classname="Rules_methods" name="stopTrial_works_correctly_for_StoppingTDCIRatio_when_samples_are_not_provided"/>
    <testcase time="0.0169999999999959" classname="Rules_methods" name="stopTrial_works_correctly_for_StoppingTDCIRatio_when_samples_are_not_provided"/>
    <testcase time="0.0220000000000056" classname="Rules_methods" name="stopTrial_works_correctly_for_StoppingTDCIRatio_when_samples_are_not_provided"/>
    <testcase time="0.0169999999999959" classname="Rules_methods" name="stopTrial_works_correctly_for_StoppingTDCIRatio_when_samples_are_not_provided"/>
    <testcase time="0.0160000000000053" classname="Rules_methods" name="stopTrial_works_correctly_for_StoppingTDCIRatio_when_samples_are_not_provided"/>
    <testcase time="0.0160000000000053" classname="Rules_methods" name="stopTrial_works_correctly_for_StoppingTDCIRatio_when_samples_are_not_provided"/>
    <testcase time="0.0150000000000006" classname="Rules_methods" name="stopTrial_works_correctly_for_StoppingTDCIRatio_when_samples_are_not_provided"/>
    <testcase time="0.0150000000000006" classname="Rules_methods" name="stopTrial_works_correctly_for_StoppingTDCIRatio_when_samples_are_not_provided"/>
    <testcase time="0.0159999999999911" classname="Rules_methods" name="stopTrial_works_correctly_for_StoppingTDCIRatio_when_samples_are_not_provided"/>
    <testcase time="0.0160000000000053" classname="Rules_methods" name="stopTrial_works_correctly_for_StoppingTDCIRatio_when_samples_are_not_provided"/>
    <testcase time="0.0160000000000053" classname="Rules_methods" name="stopTrial_works_correctly_for_StoppingTDCIRatio_when_samples_are_not_provided"/>
    <testcase time="0.0169999999999959" classname="Rules_methods" name="stopTrial_works_correctly_for_StoppingTDCIRatio_when_samples_are_not_provided"/>
    <testcase time="0.0169999999999959" classname="Rules_methods" name="stopTrial_works_correctly_for_StoppingTDCIRatio_when_samples_are_not_provided"/>
    <testcase time="0.0229999999999961" classname="Rules_methods" name="stopTrial_works_correctly_for_StoppingTDCIRatio_when_samples_are_not_provided"/>
    <testcase time="0.0170000000000101" classname="Rules_methods" name="stopTrial_works_correctly_for_StoppingTDCIRatio_when_samples_are_not_provided"/>
    <testcase time="0.0180000000000007" classname="Rules_methods" name="stopTrial_works_correctly_for_StoppingTDCIRatio_when_samples_are_not_provided"/>
    <testcase time="0.0169999999999959" classname="Rules_methods" name="stopTrial_works_correctly_for_StoppingTDCIRatio_when_samples_are_not_provided"/>
    <testcase time="0.0169999999999959" classname="Rules_methods" name="stopTrial_works_correctly_for_StoppingTDCIRatio_when_samples_are_not_provided"/>
    <testcase time="0.0170000000000101" classname="Rules_methods" name="stopTrial_works_correctly_for_StoppingTDCIRatio_when_samples_are_not_provided"/>
    <testcase time="0.0159999999999911" classname="Rules_methods" name="stopTrial_works_correctly_for_StoppingTDCIRatio_when_samples_are_not_provided"/>
    <testcase time="0.0169999999999959" classname="Rules_methods" name="stopTrial_works_correctly_for_StoppingTDCIRatio_when_samples_are_not_provided"/>
    <testcase time="0.0170000000000101" classname="Rules_methods" name="stopTrial_works_correctly_for_StoppingTDCIRatio_when_samples_are_not_provided"/>
    <testcase time="0.0169999999999959" classname="Rules_methods" name="stopTrial_works_correctly_for_StoppingTDCIRatio_when_samples_are_not_provided"/>
    <testcase time="0.0160000000000053" classname="Rules_methods" name="stopTrial_works_correctly_for_StoppingTDCIRatio_when_samples_are_not_provided"/>
    <testcase time="0.0219999999999914" classname="Rules_methods" name="stopTrial_works_correctly_for_StoppingTDCIRatio_when_samples_are_not_provided"/>
    <testcase time="0.0150000000000006" classname="Rules_methods" name="stopTrial_works_correctly_for_StoppingTDCIRatio_when_samples_are_not_provided"/>
    <testcase time="0.0160000000000053" classname="Rules_methods" name="stopTrial_works_correctly_for_StoppingTDCIRatio_when_samples_are_not_provided"/>
    <testcase time="0.0159999999999911" classname="Rules_methods" name="stopTrial_works_correctly_for_StoppingTDCIRatio_when_samples_are_not_provided"/>
    <testcase time="0.0160000000000053" classname="Rules_methods" name="stopTrial_works_correctly_for_StoppingTDCIRatio_when_samples_are_not_provided"/>
    <testcase time="0.0160000000000053" classname="Rules_methods" name="stopTrial_works_correctly_for_StoppingTDCIRatio_when_samples_are_not_provided"/>
    <testcase time="0.0150000000000006" classname="Rules_methods" name="stopTrial_works_correctly_for_StoppingTDCIRatio_when_samples_are_not_provided"/>
    <testcase time="0.0159999999999911" classname="Rules_methods" name="stopTrial_works_correctly_for_StoppingTDCIRatio_when_samples_are_not_provided"/>
    <testcase time="0.0150000000000006" classname="Rules_methods" name="stopTrial_works_correctly_for_StoppingTDCIRatio_when_samples_are_not_provided"/>
    <testcase time="0.0160000000000053" classname="Rules_methods" name="stopTrial_works_correctly_for_StoppingTDCIRatio_when_samples_are_not_provided"/>
    <testcase time="0.0169999999999959" classname="Rules_methods" name="stopTrial_works_correctly_for_StoppingTDCIRatio_when_samples_are_not_provided"/>
    <testcase time="0.0220000000000056" classname="Rules_methods" name="stopTrial_works_correctly_for_StoppingTDCIRatio_when_samples_are_not_provided"/>
    <testcase time="0.0159999999999911" classname="Rules_methods" name="stopTrial_works_correctly_for_StoppingTDCIRatio_when_samples_are_not_provided"/>
    <testcase time="0.0160000000000053" classname="Rules_methods" name="stopTrial_works_correctly_for_StoppingTDCIRatio_when_samples_are_not_provided"/>
    <testcase time="0.0169999999999959" classname="Rules_methods" name="stopTrial_works_correctly_for_StoppingTDCIRatio_when_samples_are_not_provided"/>
    <testcase time="0.0160000000000053" classname="Rules_methods" name="stopTrial_works_correctly_for_StoppingTDCIRatio_when_samples_are_not_provided"/>
    <testcase time="0.0160000000000053" classname="Rules_methods" name="stopTrial_works_correctly_for_StoppingTDCIRatio_when_samples_are_not_provided"/>
    <testcase time="0.0159999999999911" classname="Rules_methods" name="stopTrial_works_correctly_for_StoppingTDCIRatio_when_samples_are_not_provided"/>
    <testcase time="0.0160000000000053" classname="Rules_methods" name="stopTrial_works_correctly_for_StoppingTDCIRatio_when_samples_are_not_provided"/>
    <testcase time="0.0159999999999911" classname="Rules_methods" name="stopTrial_works_correctly_for_StoppingTDCIRatio_when_samples_are_not_provided"/>
    <testcase time="0.0170000000000101" classname="Rules_methods" name="stopTrial_works_correctly_for_StoppingTDCIRatio_when_samples_are_not_provided"/>
    <testcase time="0.0189999999999912" classname="Rules_methods" name="stopTrial_works_correctly_for_StoppingTDCIRatio_when_samples_are_not_provided"/>
    <testcase time="0.0240000000000009" classname="Rules_methods" name="stopTrial_works_correctly_for_StoppingTDCIRatio_when_samples_are_not_provided"/>
    <testcase time="0.0170000000000101" classname="Rules_methods" name="stopTrial_works_correctly_for_StoppingTDCIRatio_when_samples_are_not_provided"/>
    <testcase time="0.0169999999999959" classname="Rules_methods" name="stopTrial_works_correctly_for_StoppingTDCIRatio_when_samples_are_not_provided"/>
    <testcase time="0.0169999999999959" classname="Rules_methods" name="stopTrial_works_correctly_for_StoppingTDCIRatio_when_samples_are_not_provided"/>
    <testcase time="0.0169999999999959" classname="Rules_methods" name="stopTrial_works_correctly_for_StoppingTDCIRatio_when_samples_are_not_provided"/>
    <testcase time="0.0170000000000101" classname="Rules_methods" name="stopTrial_works_correctly_for_StoppingTDCIRatio_when_samples_are_not_provided"/>
    <testcase time="0.0180000000000007" classname="Rules_methods" name="stopTrial_works_correctly_for_StoppingTDCIRatio_when_samples_are_not_provided"/>
    <testcase time="0.0189999999999912" classname="Rules_methods" name="stopTrial_works_correctly_for_StoppingTDCIRatio_when_samples_are_not_provided"/>
    <testcase time="0.0170000000000101" classname="Rules_methods" name="stopTrial_works_correctly_for_StoppingTDCIRatio_when_samples_are_not_provided"/>
    <testcase time="0.0180000000000007" classname="Rules_methods" name="stopTrial_works_correctly_for_StoppingTDCIRatio_when_samples_are_not_provided"/>
    <testcase time="0.0179999999999865" classname="Rules_methods" name="stopTrial_works_correctly_for_StoppingTDCIRatio_when_samples_are_not_provided"/>
    <testcase time="0.0230000000000103" classname="Rules_methods" name="stopTrial_works_correctly_for_StoppingTDCIRatio_when_samples_are_not_provided"/>
    <testcase time="0.0169999999999959" classname="Rules_methods" name="stopTrial_works_correctly_for_StoppingTDCIRatio_when_samples_are_not_provided"/>
    <testcase time="0.0169999999999959" classname="Rules_methods" name="stopTrial_works_correctly_for_StoppingTDCIRatio_when_samples_are_not_provided"/>
    <testcase time="0.0170000000000101" classname="Rules_methods" name="stopTrial_works_correctly_for_StoppingTDCIRatio_when_samples_are_not_provided"/>
    <testcase time="0.0150000000000006" classname="Rules_methods" name="stopTrial_works_correctly_for_StoppingTDCIRatio_when_samples_are_not_provided"/>
    <testcase time="0.0160000000000053" classname="Rules_methods" name="stopTrial_works_correctly_for_StoppingTDCIRatio_when_samples_are_not_provided"/>
    <testcase time="0.0169999999999959" classname="Rules_methods" name="stopTrial_works_correctly_for_StoppingTDCIRatio_when_samples_are_not_provided"/>
    <testcase time="0.0169999999999959" classname="Rules_methods" name="stopTrial_works_correctly_for_StoppingTDCIRatio_when_samples_are_not_provided"/>
    <testcase time="0.0170000000000101" classname="Rules_methods" name="stopTrial_works_correctly_for_StoppingTDCIRatio_when_samples_are_not_provided"/>
    <testcase time="0.0169999999999959" classname="Rules_methods" name="stopTrial_works_correctly_for_StoppingTDCIRatio_when_samples_are_not_provided"/>
    <testcase time="0.0180000000000007" classname="Rules_methods" name="stopTrial_works_correctly_for_StoppingTDCIRatio_when_samples_are_not_provided"/>
    <testcase time="0.0220000000000056" classname="Rules_methods" name="stopTrial_works_correctly_for_StoppingTDCIRatio_when_samples_are_not_provided"/>
    <testcase time="0.0180000000000007" classname="Rules_methods" name="stopTrial_works_correctly_for_StoppingTDCIRatio_when_samples_are_not_provided"/>
    <testcase time="0.0169999999999959" classname="Rules_methods" name="stopTrial_works_correctly_for_StoppingTDCIRatio_when_samples_are_not_provided"/>
    <testcase time="0.0150000000000006" classname="Rules_methods" name="stopTrial_works_correctly_for_StoppingTDCIRatio_when_samples_are_not_provided"/>
    <testcase time="0.0159999999999911" classname="Rules_methods" name="stopTrial_works_correctly_for_StoppingTDCIRatio_when_samples_are_not_provided"/>
    <testcase time="0.0160000000000053" classname="Rules_methods" name="stopTrial_works_correctly_for_StoppingTDCIRatio_when_samples_are_not_provided"/>
    <testcase time="0.0150000000000006" classname="Rules_methods" name="stopTrial_works_correctly_for_StoppingTDCIRatio_when_samples_are_not_provided"/>
    <testcase time="0.0160000000000053" classname="Rules_methods" name="stopTrial_works_correctly_for_StoppingTDCIRatio_when_samples_are_not_provided"/>
    <testcase time="0.0169999999999959" classname="Rules_methods" name="stopTrial_works_correctly_for_StoppingTDCIRatio_when_samples_are_not_provided"/>
    <testcase time="0.0169999999999959" classname="Rules_methods" name="stopTrial_works_correctly_for_StoppingTDCIRatio_when_samples_are_not_provided"/>
    <testcase time="0.0160000000000053" classname="Rules_methods" name="stopTrial_works_correctly_for_StoppingTDCIRatio_when_samples_are_not_provided"/>
    <testcase time="0.0219999999999914" classname="Rules_methods" name="stopTrial_works_correctly_for_StoppingTDCIRatio_when_samples_are_not_provided"/>
    <testcase time="0.0160000000000053" classname="Rules_methods" name="stopTrial_works_correctly_for_StoppingTDCIRatio_when_samples_are_not_provided"/>
    <testcase time="0.0150000000000006" classname="Rules_methods" name="stopTrial_works_correctly_for_StoppingTDCIRatio_when_samples_are_not_provided"/>
    <testcase time="0.0150000000000006" classname="Rules_methods" name="stopTrial_works_correctly_for_StoppingTDCIRatio_when_samples_are_not_provided"/>
    <testcase time="0.0150000000000006" classname="Rules_methods" name="stopTrial_works_correctly_for_StoppingTDCIRatio_when_samples_are_not_provided"/>
    <testcase time="0.0160000000000053" classname="Rules_methods" name="stopTrial_works_correctly_for_StoppingTDCIRatio_when_samples_are_not_provided"/>
    <testcase time="0.0159999999999911" classname="Rules_methods" name="stopTrial_works_correctly_for_StoppingTDCIRatio_when_samples_are_not_provided"/>
    <testcase time="0.0160000000000053" classname="Rules_methods" name="stopTrial_works_correctly_for_StoppingTDCIRatio_when_samples_are_not_provided"/>
    <testcase time="0.0180000000000007" classname="Rules_methods" name="stopTrial_works_correctly_for_StoppingTDCIRatio_when_samples_are_not_provided"/>
    <testcase time="0.0180000000000007" classname="Rules_methods" name="stopTrial_works_correctly_for_StoppingTDCIRatio_when_samples_are_not_provided"/>
    <testcase time="0.0240000000000009" classname="Rules_methods" name="stopTrial_works_correctly_for_StoppingTDCIRatio_when_samples_are_not_provided"/>
    <testcase time="0.0169999999999959" classname="Rules_methods" name="stopTrial_works_correctly_for_StoppingTDCIRatio_when_samples_are_not_provided"/>
    <testcase time="0.0169999999999959" classname="Rules_methods" name="stopTrial_works_correctly_for_StoppingTDCIRatio_when_samples_are_not_provided"/>
    <testcase time="0.0160000000000053" classname="Rules_methods" name="stopTrial_works_correctly_for_StoppingTDCIRatio_when_samples_are_not_provided"/>
    <testcase time="0.0169999999999959" classname="Rules_methods" name="stopTrial_works_correctly_for_StoppingTDCIRatio_when_samples_are_not_provided"/>
    <testcase time="0.0160000000000053" classname="Rules_methods" name="stopTrial_works_correctly_for_StoppingTDCIRatio_when_samples_are_not_provided"/>
    <testcase time="0.0169999999999959" classname="Rules_methods" name="stopTrial_works_correctly_for_StoppingTDCIRatio_when_samples_are_not_provided"/>
    <testcase time="0.0160000000000053" classname="Rules_methods" name="stopTrial_works_correctly_for_StoppingTDCIRatio_when_samples_are_not_provided"/>
    <testcase time="0.0169999999999959" classname="Rules_methods" name="stopTrial_works_correctly_for_StoppingTDCIRatio_when_samples_are_not_provided"/>
    <testcase time="0.0169999999999959" classname="Rules_methods" name="stopTrial_works_correctly_for_StoppingTDCIRatio_when_samples_are_not_provided"/>
    <testcase time="0.0180000000000007" classname="Rules_methods" name="stopTrial_works_correctly_for_StoppingTDCIRatio_when_samples_are_not_provided"/>
    <testcase time="0.0210000000000008" classname="Rules_methods" name="stopTrial_works_correctly_for_StoppingTDCIRatio_when_samples_are_not_provided"/>
    <testcase time="0.0160000000000053" classname="Rules_methods" name="stopTrial_works_correctly_for_StoppingTDCIRatio_when_samples_are_not_provided"/>
    <testcase time="0.0169999999999959" classname="Rules_methods" name="stopTrial_works_correctly_for_StoppingTDCIRatio_when_samples_are_not_provided"/>
    <testcase time="0.0180000000000007" classname="Rules_methods" name="stopTrial_works_correctly_for_StoppingTDCIRatio_when_samples_are_not_provided"/>
    <testcase time="0.0169999999999959" classname="Rules_methods" name="stopTrial_works_correctly_for_StoppingTDCIRatio_when_samples_are_not_provided"/>
    <testcase time="0.0170000000000101" classname="Rules_methods" name="stopTrial_works_correctly_for_StoppingTDCIRatio_when_samples_are_not_provided"/>
    <testcase time="0.0169999999999959" classname="Rules_methods" name="stopTrial_works_correctly_for_StoppingTDCIRatio_when_samples_are_not_provided"/>
    <testcase time="0.0159999999999911" classname="Rules_methods" name="stopTrial_works_correctly_for_StoppingTDCIRatio_when_samples_are_not_provided"/>
    <testcase time="0.0170000000000101" classname="Rules_methods" name="stopTrial_works_correctly_for_StoppingTDCIRatio_when_samples_are_not_provided"/>
    <testcase time="0.0189999999999912" classname="Rules_methods" name="stopTrial_works_correctly_for_StoppingTDCIRatio_when_samples_are_not_provided"/>
    <testcase time="0.0230000000000103" classname="Rules_methods" name="stopTrial_works_correctly_for_StoppingTDCIRatio_when_samples_are_not_provided"/>
    <testcase time="0.0169999999999959" classname="Rules_methods" name="stopTrial_works_correctly_for_StoppingTDCIRatio_when_samples_are_not_provided"/>
    <testcase time="0.0150000000000006" classname="Rules_methods" name="stopTrial_works_correctly_for_StoppingTDCIRatio_when_samples_are_not_provided"/>
    <testcase time="0.0169999999999959" classname="Rules_methods" name="stopTrial_works_correctly_for_StoppingTDCIRatio_when_samples_are_not_provided"/>
    <testcase time="0.0160000000000053" classname="Rules_methods" name="stopTrial_works_correctly_for_StoppingTDCIRatio_when_samples_are_not_provided"/>
    <testcase time="0.0169999999999959" classname="Rules_methods" name="stopTrial_works_correctly_for_StoppingTDCIRatio_when_samples_are_not_provided"/>
    <testcase time="0.0169999999999959" classname="Rules_methods" name="stopTrial_works_correctly_for_StoppingTDCIRatio_when_samples_are_not_provided"/>
    <testcase time="0.0170000000000101" classname="Rules_methods" name="stopTrial_works_correctly_for_StoppingTDCIRatio_when_samples_are_not_provided"/>
    <testcase time="0.0169999999999959" classname="Rules_methods" name="stopTrial_works_correctly_for_StoppingTDCIRatio_when_samples_are_not_provided"/>
    <testcase time="0.0190000000000055" classname="Rules_methods" name="stopTrial_works_correctly_for_StoppingTDCIRatio_when_samples_are_not_provided"/>
    <testcase time="0.0240000000000009" classname="Rules_methods" name="stopTrial_works_correctly_for_StoppingTDCIRatio_when_samples_are_not_provided"/>
    <testcase time="0.0169999999999959" classname="Rules_methods" name="stopTrial_works_correctly_for_StoppingTDCIRatio_when_samples_are_not_provided"/>
    <testcase time="0.0169999999999959" classname="Rules_methods" name="stopTrial_works_correctly_for_StoppingTDCIRatio_when_samples_are_not_provided"/>
    <testcase time="0.0160000000000053" classname="Rules_methods" name="stopTrial_works_correctly_for_StoppingTDCIRatio_when_samples_are_not_provided"/>
    <testcase time="0.0169999999999959" classname="Rules_methods" name="stopTrial_works_correctly_for_StoppingTDCIRatio_when_samples_are_not_provided"/>
    <testcase time="0.0150000000000006" classname="Rules_methods" name="stopTrial_works_correctly_for_StoppingTDCIRatio_when_samples_are_not_provided"/>
    <testcase time="0.0160000000000053" classname="Rules_methods" name="stopTrial_works_correctly_for_StoppingTDCIRatio_when_samples_are_not_provided"/>
    <testcase time="0.0159999999999911" classname="Rules_methods" name="stopTrial_works_correctly_for_StoppingTDCIRatio_when_samples_are_not_provided"/>
    <testcase time="0.0170000000000101" classname="Rules_methods" name="stopTrial_works_correctly_for_StoppingTDCIRatio_when_samples_are_not_provided"/>
    <testcase time="0.0179999999999865" classname="Rules_methods" name="stopTrial_works_correctly_for_StoppingTDCIRatio_when_samples_are_not_provided"/>
    <testcase time="0.0400000000000063" classname="Rules_methods" name="stopTrial_works_correctly_for_StoppingTDCIRatio_when_samples_are_not_provided"/>
    <testcase time="0.0169999999999959" classname="Rules_methods" name="stopTrial_works_correctly_for_StoppingTDCIRatio_when_samples_are_not_provided"/>
    <testcase time="0.0160000000000053" classname="Rules_methods" name="stopTrial_works_correctly_for_StoppingTDCIRatio_when_samples_are_not_provided"/>
    <testcase time="0.0160000000000053" classname="Rules_methods" name="stopTrial_works_correctly_for_StoppingTDCIRatio_when_samples_are_not_provided"/>
    <testcase time="0.0159999999999911" classname="Rules_methods" name="stopTrial_works_correctly_for_StoppingTDCIRatio_when_samples_are_not_provided"/>
    <testcase time="0.0160000000000053" classname="Rules_methods" name="stopTrial_works_correctly_for_StoppingTDCIRatio_when_samples_are_not_provided"/>
    <testcase time="0.0150000000000006" classname="Rules_methods" name="stopTrial_works_correctly_for_StoppingTDCIRatio_when_samples_are_not_provided"/>
    <testcase time="0.0169999999999959" classname="Rules_methods" name="stopTrial_works_correctly_for_StoppingTDCIRatio_when_samples_are_not_provided"/>
    <testcase time="0.0180000000000007" classname="Rules_methods" name="stopTrial_works_correctly_for_StoppingTDCIRatio_when_samples_are_not_provided"/>
    <testcase time="0.0169999999999959" classname="Rules_methods" name="stopTrial_works_correctly_for_StoppingTDCIRatio_when_samples_are_not_provided"/>
    <testcase time="0.0160000000000053" classname="Rules_methods" name="stopTrial_works_correctly_for_StoppingTDCIRatio_when_samples_are_not_provided"/>
    <testcase time="0.0240000000000009" classname="Rules_methods" name="stopTrial_works_correctly_for_StoppingTDCIRatio_when_samples_are_not_provided"/>
    <testcase time="0.0180000000000007" classname="Rules_methods" name="stopTrial_works_correctly_for_StoppingTDCIRatio_when_samples_are_not_provided"/>
    <testcase time="0.0169999999999959" classname="Rules_methods" name="stopTrial_works_correctly_for_StoppingTDCIRatio_when_samples_are_not_provided"/>
    <testcase time="0.0180000000000007" classname="Rules_methods" name="stopTrial_works_correctly_for_StoppingTDCIRatio_when_samples_are_not_provided"/>
    <testcase time="0.0160000000000053" classname="Rules_methods" name="stopTrial_works_correctly_for_StoppingTDCIRatio_when_samples_are_not_provided"/>
    <testcase time="0.0159999999999911" classname="Rules_methods" name="stopTrial_works_correctly_for_StoppingTDCIRatio_when_samples_are_not_provided"/>
    <testcase time="0.0160000000000053" classname="Rules_methods" name="stopTrial_works_correctly_for_StoppingTDCIRatio_when_samples_are_not_provided"/>
    <testcase time="0.0169999999999959" classname="Rules_methods" name="stopTrial_works_correctly_for_StoppingTDCIRatio_when_samples_are_not_provided"/>
    <testcase time="0.0169999999999959" classname="Rules_methods" name="stopTrial_works_correctly_for_StoppingTDCIRatio_when_samples_are_not_provided"/>
    <testcase time="0.0170000000000101" classname="Rules_methods" name="stopTrial_works_correctly_for_StoppingTDCIRatio_when_samples_are_not_provided"/>
    <testcase time="0.0180000000000007" classname="Rules_methods" name="stopTrial_works_correctly_for_StoppingTDCIRatio_when_samples_are_not_provided"/>
    <testcase time="0.0259999999999962" classname="Rules_methods" name="stopTrial_works_correctly_for_StoppingTDCIRatio_when_samples_are_not_provided"/>
    <testcase time="0.0180000000000007" classname="Rules_methods" name="stopTrial_works_correctly_for_StoppingTDCIRatio_when_samples_are_not_provided"/>
    <testcase time="0.0229999999999961" classname="Rules_methods" name="size_works_as_expected_for_CohortSizeDLT"/>
    <testcase time="0.0180000000000007" classname="Rules_methods" name="size_works_as_expected_for_CohortSizeDLT"/>
    <testcase time="0.0180000000000007" classname="Rules_methods" name="size_works_as_expected_for_CohortSizeDLT"/>
    <testcase time="0.0180000000000007" classname="Rules_methods" name="size_works_as_expected_for_CohortSizeDLT"/>
    <testcase time="0.019999999999996" classname="Rules_methods" name="size_works_as_expected_for_CohortSizeDLT"/>
    <testcase time="0.0210000000000008" classname="Rules_methods" name="size_works_as_expected_for_CohortSizeDLT"/>
    <testcase time="0.0200000000000102" classname="Rules_methods" name="size_works_as_expected_for_CohortSizeDLT"/>
    <testcase time="0.019999999999996" classname="Rules_methods" name="size_works_as_expected_for_CohortSizeDLT"/>
    <testcase time="0.019999999999996" classname="Rules_methods" name="size_works_as_expected_for_CohortSizeDLT"/>
    <testcase time="0.027000000000001" classname="Rules_methods" name="size_works_as_expected_for_CohortSizeDLT"/>
    <testcase time="0.027000000000001" classname="Rules_methods" name="size_works_as_expected_for_CohortSizeConst"/>
    <testcase time="0.0160000000000053" classname="Rules_methods" name="size_works_as_expected_for_CohortSizeConst"/>
    <testcase time="0.0159999999999911" classname="Rules_methods" name="size_works_as_expected_for_CohortSizeConst"/>
    <testcase time="0.0160000000000053" classname="Rules_methods" name="size_works_as_expected_for_CohortSizeConst"/>
    <testcase time="0.0150000000000006" classname="Rules_methods" name="size_works_as_expected_for_CohortSizeConst"/>
    <testcase time="0.0169999999999959" classname="Rules_methods" name="size_works_as_expected_for_CohortSizeConst"/>
    <testcase time="0.027000000000001" classname="Rules_methods" name="size_works_as_expected_for_CohortSizeRange"/>
    <testcase time="0.0160000000000053" classname="Rules_methods" name="size_works_as_expected_for_CohortSizeRange"/>
    <testcase time="0.0160000000000053" classname="Rules_methods" name="size_works_as_expected_for_CohortSizeRange"/>
    <testcase time="0.0169999999999959" classname="Rules_methods" name="size_works_as_expected_for_CohortSizeRange"/>
    <testcase time="0.0250000000000057" classname="Rules_methods" name="size_works_as_expected_for_CohortSizeRange"/>
    <testcase time="0.0159999999999911" classname="Rules_methods" name="size_works_as_expected_for_CohortSizeRange"/>
    <testcase time="0.0160000000000053" classname="Rules_methods" name="size_works_as_expected_for_CohortSizeRange"/>
    <testcase time="0.0150000000000006" classname="Rules_methods" name="size_works_as_expected_for_CohortSizeRange"/>
    <testcase time="0.0169999999999959" classname="Rules_methods" name="size_works_as_expected_for_CohortSizeRange"/>
    <testcase time="0.0160000000000053" classname="Rules_methods" name="size_works_as_expected_for_CohortSizeRange"/>
    <testcase time="0.0169999999999959" classname="Rules_methods" name="size_works_as_expected_for_CohortSizeRange"/>
    <testcase time="0.0349999999999966" classname="Rules_methods" name="size_works_as_expected_for_CohortSizeMax"/>
    <testcase time="0.0160000000000053" classname="Rules_methods" name="size_works_as_expected_for_CohortSizeMax"/>
    <testcase time="0.0160000000000053" classname="Rules_methods" name="size_works_as_expected_for_CohortSizeMax"/>
    <testcase time="0.0229999999999961" classname="Rules_methods" name="size_works_as_expected_for_CohortSizeMax"/>
    <testcase time="0.0169999999999959" classname="Rules_methods" name="size_works_as_expected_for_CohortSizeMax"/>
    <testcase time="0.0160000000000053" classname="Rules_methods" name="size_works_as_expected_for_CohortSizeMax"/>
    <testcase time="0.0139999999999958" classname="Rules_methods" name="size_works_as_expected_for_CohortSizeMax"/>
    <testcase time="0.0150000000000006" classname="Rules_methods" name="size_works_as_expected_for_CohortSizeMax"/>
    <testcase time="0.0150000000000006" classname="Rules_methods" name="size_works_as_expected_for_CohortSizeMax"/>
    <testcase time="0.0150000000000006" classname="Rules_methods" name="size_works_as_expected_for_CohortSizeMax"/>
    <testcase time="0.0159999999999911" classname="Rules_methods" name="size_works_as_expected_for_CohortSizeMax"/>
    <testcase time="0.0150000000000006" classname="Rules_methods" name="size_works_as_expected_for_CohortSizeMax"/>
    <testcase time="0.0160000000000053" classname="Rules_methods" name="size_works_as_expected_for_CohortSizeMax"/>
    <testcase time="0.0160000000000053" classname="Rules_methods" name="size_works_as_expected_for_CohortSizeMax"/>
    <testcase time="0.0150000000000006" classname="Rules_methods" name="size_works_as_expected_for_CohortSizeMax"/>
    <testcase time="0.0239999999999867" classname="Rules_methods" name="size_works_as_expected_for_CohortSizeMax"/>
    <testcase time="0.0150000000000006" classname="Rules_methods" name="size_works_as_expected_for_CohortSizeMax"/>
    <testcase time="0.0150000000000006" classname="Rules_methods" name="size_works_as_expected_for_CohortSizeMax"/>
    <testcase time="0.0150000000000006" classname="Rules_methods" name="size_works_as_expected_for_CohortSizeMax"/>
    <testcase time="0.0160000000000053" classname="Rules_methods" name="size_works_as_expected_for_CohortSizeMax"/>
    <testcase time="0.0150000000000006" classname="Rules_methods" name="size_works_as_expected_for_CohortSizeMax"/>
    <testcase time="0.0240000000000009" classname="Rules_methods" name="maxSize_works_as_expected"/>
    <testcase time="0.0360000000000014" classname="Rules_methods" name="size_works_as_expected_for_CohortSizeMin"/>
    <testcase time="0.0159999999999911" classname="Rules_methods" name="size_works_as_expected_for_CohortSizeMin"/>
    <testcase time="0.0160000000000053" classname="Rules_methods" name="size_works_as_expected_for_CohortSizeMin"/>
    <testcase time="0.0240000000000009" classname="Rules_methods" name="size_works_as_expected_for_CohortSizeMin"/>
    <testcase time="0.0169999999999959" classname="Rules_methods" name="size_works_as_expected_for_CohortSizeMin"/>
    <testcase time="0.0160000000000053" classname="Rules_methods" name="size_works_as_expected_for_CohortSizeMin"/>
    <testcase time="0.0150000000000006" classname="Rules_methods" name="size_works_as_expected_for_CohortSizeMin"/>
    <testcase time="0.0159999999999911" classname="Rules_methods" name="size_works_as_expected_for_CohortSizeMin"/>
    <testcase time="0.0150000000000006" classname="Rules_methods" name="size_works_as_expected_for_CohortSizeMin"/>
    <testcase time="0.0160000000000053" classname="Rules_methods" name="size_works_as_expected_for_CohortSizeMin"/>
    <testcase time="0.0180000000000007" classname="Rules_methods" name="size_works_as_expected_for_CohortSizeMin"/>
    <testcase time="0.0180000000000007" classname="Rules_methods" name="size_works_as_expected_for_CohortSizeMin"/>
    <testcase time="0.0180000000000007" classname="Rules_methods" name="size_works_as_expected_for_CohortSizeMin"/>
    <testcase time="0.0160000000000053" classname="Rules_methods" name="size_works_as_expected_for_CohortSizeMin"/>
    <testcase time="0.0159999999999911" classname="Rules_methods" name="size_works_as_expected_for_CohortSizeMin"/>
    <testcase time="0.0250000000000057" classname="Rules_methods" name="size_works_as_expected_for_CohortSizeMin"/>
    <testcase time="0.0159999999999911" classname="Rules_methods" name="size_works_as_expected_for_CohortSizeMin"/>
    <testcase time="0.0160000000000053" classname="Rules_methods" name="size_works_as_expected_for_CohortSizeMin"/>
    <testcase time="0.0150000000000006" classname="Rules_methods" name="size_works_as_expected_for_CohortSizeMin"/>
    <testcase time="0.0150000000000006" classname="Rules_methods" name="size_works_as_expected_for_CohortSizeMin"/>
    <testcase time="0.0169999999999959" classname="Rules_methods" name="size_works_as_expected_for_CohortSizeMin"/>
    <testcase time="0.0229999999999961" classname="Rules_methods" name="size_works_as_expected_for_CohortSizeMin"/>
    <testcase time="0.0170000000000101" classname="Rules_methods" name="size_works_as_expected_for_CohortSizeMin"/>
    <testcase time="0.0229999999999961" classname="Rules_methods" name="size_works_as_expected_for_CohortSizeMin"/>
    <testcase time="0.0220000000000056" classname="Rules_methods" name="size_works_as_expected_for_CohortSizeMin"/>
    <testcase time="0.0300000000000011" classname="Rules_methods" name="size_works_as_expected_for_CohortSizeMin"/>
    <testcase time="0.0210000000000008" classname="Rules_methods" name="size_works_as_expected_for_CohortSizeMin"/>
    <testcase time="0.0219999999999914" classname="Rules_methods" name="size_works_as_expected_for_CohortSizeMin"/>
    <testcase time="0.0220000000000056" classname="Rules_methods" name="size_works_as_expected_for_CohortSizeMin"/>
    <testcase time="0.0219999999999914" classname="Rules_methods" name="size_works_as_expected_for_CohortSizeMin"/>
    <testcase time="0.0220000000000056" classname="Rules_methods" name="size_works_as_expected_for_CohortSizeMin"/>
    <testcase time="0.0240000000000009" classname="Rules_methods" name="size_works_as_expected_for_CohortSizeMin"/>
    <testcase time="0.0229999999999961" classname="Rules_methods" name="size_works_as_expected_for_CohortSizeMin"/>
    <testcase time="0.180999999999997" classname="Rules_methods" name="stopTrial_works_for_StoppingTargetBiomarker"/>
    <testcase time="0.027000000000001" classname="Rules_methods" name="stopTrial_works_for_StoppingTargetBiomarker"/>
    <testcase time="0.0280000000000058" classname="Rules_methods" name="stopTrial_works_for_StoppingTargetBiomarker"/>
    <testcase time="0.0289999999999964" classname="Rules_methods" name="stopTrial_works_for_StoppingTargetBiomarker"/>
    <testcase time="0.0289999999999964" classname="Rules_methods" name="stopTrial_works_for_StoppingTargetBiomarker"/>
    <testcase time="0.0379999999999967" classname="Rules_methods" name="stopTrial_works_for_StoppingTargetBiomarker"/>
    <testcase time="0.0260000000000105" classname="Rules_methods" name="stopTrial_works_for_StoppingTargetBiomarker"/>
    <testcase time="0.0250000000000057" classname="Rules_methods" name="stopTrial_works_for_StoppingTargetBiomarker"/>
    <testcase time="0.0259999999999962" classname="Rules_methods" name="stopTrial_works_for_StoppingTargetBiomarker"/>
    <testcase time="0.0259999999999962" classname="Rules_methods" name="stopTrial_works_for_StoppingTargetBiomarker"/>
    <testcase time="0.0250000000000057" classname="Rules_methods" name="stopTrial_works_for_StoppingTargetBiomarker"/>
    <testcase time="0.0349999999999966" classname="Rules_methods" name="stopTrial_works_for_StoppingTargetBiomarker"/>
    <testcase time="0.0240000000000009" classname="Rules_methods" name="stopTrial_works_for_StoppingTargetBiomarker"/>
    <testcase time="0.0259999999999962" classname="Rules_methods" name="stopTrial_works_for_StoppingTargetBiomarker"/>
    <testcase time="0.027000000000001" classname="Rules_methods" name="stopTrial_works_for_StoppingTargetBiomarker"/>
    <testcase time="0.0260000000000105" classname="Rules_methods" name="stopTrial_works_for_StoppingTargetBiomarker"/>
    <testcase time="0.0269999999999868" classname="Rules_methods" name="stopTrial_works_for_StoppingTargetBiomarker"/>
    <testcase time="0.0260000000000105" classname="Rules_methods" name="stopTrial_works_for_StoppingTargetBiomarker"/>
    <testcase time="0.0360000000000014" classname="Rules_methods" name="stopTrial_works_for_StoppingTargetBiomarker"/>
    <testcase time="0.0259999999999962" classname="Rules_methods" name="stopTrial_works_for_StoppingTargetBiomarker"/>
    <testcase time="0.0259999999999962" classname="Rules_methods" name="stopTrial_works_for_StoppingTargetBiomarker"/>
    <testcase time="0.0250000000000057" classname="Rules_methods" name="stopTrial_works_for_StoppingTargetBiomarker"/>
    <testcase time="0.0279999999999916" classname="Rules_methods" name="stopTrial_works_for_StoppingTargetBiomarker"/>
    <testcase time="0.027000000000001" classname="Rules_methods" name="stopTrial_works_for_StoppingTargetBiomarker"/>
    <testcase time="0.0370000000000061" classname="Rules_methods" name="stopTrial_works_for_StoppingTargetBiomarker"/>
    <testcase time="0.0249999999999915" classname="Rules_methods" name="stopTrial_works_for_StoppingTargetBiomarker"/>
    <testcase time="0.0250000000000057" classname="Rules_methods" name="stopTrial_works_for_StoppingTargetBiomarker"/>
    <testcase time="0.0250000000000057" classname="Rules_methods" name="stopTrial_works_for_StoppingTargetBiomarker"/>
    <testcase time="0.0259999999999962" classname="Rules_methods" name="stopTrial_works_for_StoppingTargetBiomarker"/>
    <testcase time="0.0259999999999962" classname="Rules_methods" name="stopTrial_works_for_StoppingTargetBiomarker"/>
    <testcase time="0.0349999999999966" classname="Rules_methods" name="stopTrial_works_for_StoppingTargetBiomarker"/>
    <testcase time="0.0260000000000105" classname="Rules_methods" name="stopTrial_works_for_StoppingTargetBiomarker"/>
    <testcase time="0.0240000000000009" classname="Rules_methods" name="stopTrial_works_for_StoppingTargetBiomarker"/>
    <testcase time="0.0240000000000009" classname="Rules_methods" name="stopTrial_works_for_StoppingTargetBiomarker"/>
    <testcase time="0.0259999999999962" classname="Rules_methods" name="stopTrial_works_for_StoppingTargetBiomarker"/>
    <testcase time="0.027000000000001" classname="Rules_methods" name="stopTrial_works_for_StoppingTargetBiomarker"/>
    <testcase time="0.0339999999999918" classname="Rules_methods" name="stopTrial_works_for_StoppingTargetBiomarker"/>
    <testcase time="0.0250000000000057" classname="Rules_methods" name="stopTrial_works_for_StoppingTargetBiomarker"/>
    <testcase time="0.0229999999999961" classname="Rules_methods" name="stopTrial_works_for_StoppingTargetBiomarker"/>
    <testcase time="0.0240000000000009" classname="Rules_methods" name="stopTrial_works_for_StoppingTargetBiomarker"/>
    <testcase time="0.0250000000000057" classname="Rules_methods" name="stopTrial_works_for_StoppingTargetBiomarker"/>
    <testcase time="0.0229999999999961" classname="Rules_methods" name="maxSize_works_as_expected"/>
    <testcase time="0.0250000000000057" classname="Rules_methods" name="minSize_works_as_expected"/>
    <testcase time="0.0420000000000016" classname="Rules_methods" name="stopTrial_works_correctly_for_StoppingTDCIRatio_when_samples_are_provided"/>
    <testcase time="0.0159999999999911" classname="Rules_methods" name="stopTrial_works_correctly_for_StoppingTDCIRatio_when_samples_are_provided"/>
    <testcase time="0.0160000000000053" classname="Rules_methods" name="stopTrial_works_correctly_for_StoppingTDCIRatio_when_samples_are_provided"/>
    <testcase time="0.0159999999999911" classname="Rules_methods" name="stopTrial_works_correctly_for_StoppingTDCIRatio_when_samples_are_provided"/>
    <testcase time="0.0170000000000101" classname="Rules_methods" name="stopTrial_works_correctly_for_StoppingTDCIRatio_when_samples_are_provided"/>
    <testcase time="0.0159999999999911" classname="Rules_methods" name="stopTrial_works_correctly_for_StoppingTDCIRatio_when_samples_are_provided"/>
    <testcase time="0.0170000000000101" classname="Rules_methods" name="stopTrial_works_correctly_for_StoppingTDCIRatio_when_samples_are_provided"/>
    <testcase time="0.0159999999999911" classname="Rules_methods" name="stopTrial_works_correctly_for_StoppingTDCIRatio_when_samples_are_provided"/>
    <testcase time="0.0180000000000007" classname="Rules_methods" name="stopTrial_works_correctly_for_StoppingTDCIRatio_when_samples_are_provided"/>
    <testcase time="0.0169999999999959" classname="Rules_methods" name="stopTrial_works_correctly_for_StoppingTDCIRatio_when_samples_are_provided"/>
    <testcase time="0.0240000000000009" classname="Rules_methods" name="stopTrial_works_correctly_for_StoppingTDCIRatio_when_samples_are_provided"/>
    <testcase time="0.0180000000000007" classname="Rules_methods" name="stopTrial_works_correctly_for_StoppingTDCIRatio_when_samples_are_provided"/>
    <testcase time="0.0190000000000055" classname="Rules_methods" name="stopTrial_works_correctly_for_StoppingTDCIRatio_when_samples_are_provided"/>
    <testcase time="0.0169999999999959" classname="Rules_methods" name="stopTrial_works_correctly_for_StoppingTDCIRatio_when_samples_are_provided"/>
    <testcase time="0.0180000000000007" classname="Rules_methods" name="stopTrial_works_correctly_for_StoppingTDCIRatio_when_samples_are_provided"/>
    <testcase time="0.0169999999999959" classname="Rules_methods" name="stopTrial_works_correctly_for_StoppingTDCIRatio_when_samples_are_provided"/>
    <testcase time="0.0160000000000053" classname="Rules_methods" name="stopTrial_works_correctly_for_StoppingTDCIRatio_when_samples_are_provided"/>
    <testcase time="0.0169999999999959" classname="Rules_methods" name="stopTrial_works_correctly_for_StoppingTDCIRatio_when_samples_are_provided"/>
    <testcase time="0.0170000000000101" classname="Rules_methods" name="stopTrial_works_correctly_for_StoppingTDCIRatio_when_samples_are_provided"/>
    <testcase time="0.0169999999999959" classname="Rules_methods" name="stopTrial_works_correctly_for_StoppingTDCIRatio_when_samples_are_provided"/>
    <testcase time="0.0229999999999961" classname="Rules_methods" name="stopTrial_works_correctly_for_StoppingTDCIRatio_when_samples_are_provided"/>
    <testcase time="0.0160000000000053" classname="Rules_methods" name="stopTrial_works_correctly_for_StoppingTDCIRatio_when_samples_are_provided"/>
    <testcase time="0.0159999999999911" classname="Rules_methods" name="stopTrial_works_correctly_for_StoppingTDCIRatio_when_samples_are_provided"/>
    <testcase time="0.0150000000000006" classname="Rules_methods" name="stopTrial_works_correctly_for_StoppingTDCIRatio_when_samples_are_provided"/>
    <testcase time="0.0170000000000101" classname="Rules_methods" name="stopTrial_works_correctly_for_StoppingTDCIRatio_when_samples_are_provided"/>
    <testcase time="0.0159999999999911" classname="Rules_methods" name="stopTrial_works_correctly_for_StoppingTDCIRatio_when_samples_are_provided"/>
    <testcase time="0.0160000000000053" classname="Rules_methods" name="stopTrial_works_correctly_for_StoppingTDCIRatio_when_samples_are_provided"/>
    <testcase time="0.0169999999999959" classname="Rules_methods" name="stopTrial_works_correctly_for_StoppingTDCIRatio_when_samples_are_provided"/>
    <testcase time="0.0160000000000053" classname="Rules_methods" name="stopTrial_works_correctly_for_StoppingTDCIRatio_when_samples_are_provided"/>
    <testcase time="0.0160000000000053" classname="Rules_methods" name="stopTrial_works_correctly_for_StoppingTDCIRatio_when_samples_are_provided"/>
    <testcase time="0.0219999999999914" classname="Rules_methods" name="stopTrial_works_correctly_for_StoppingTDCIRatio_when_samples_are_provided"/>
    <testcase time="0.0180000000000007" classname="Rules_methods" name="stopTrial_works_correctly_for_StoppingTDCIRatio_when_samples_are_provided"/>
    <testcase time="0.0160000000000053" classname="Rules_methods" name="stopTrial_works_correctly_for_StoppingTDCIRatio_when_samples_are_provided"/>
    <testcase time="0.0159999999999911" classname="Rules_methods" name="stopTrial_works_correctly_for_StoppingTDCIRatio_when_samples_are_provided"/>
    <testcase time="0.0170000000000101" classname="Rules_methods" name="stopTrial_works_correctly_for_StoppingTDCIRatio_when_samples_are_provided"/>
    <testcase time="0.0159999999999911" classname="Rules_methods" name="stopTrial_works_correctly_for_StoppingTDCIRatio_when_samples_are_provided"/>
    <testcase time="0.0180000000000007" classname="Rules_methods" name="stopTrial_works_correctly_for_StoppingTDCIRatio_when_samples_are_provided"/>
    <testcase time="0.0180000000000007" classname="Rules_methods" name="stopTrial_works_correctly_for_StoppingTDCIRatio_when_samples_are_provided"/>
    <testcase time="0.0169999999999959" classname="Rules_methods" name="stopTrial_works_correctly_for_StoppingTDCIRatio_when_samples_are_provided"/>
    <testcase time="0.0180000000000007" classname="Rules_methods" name="stopTrial_works_correctly_for_StoppingTDCIRatio_when_samples_are_provided"/>
    <testcase time="0.0300000000000011" classname="Rules_methods" name="stopTrial_works_correctly_for_StoppingTDCIRatio_when_samples_are_provided"/>
    <testcase time="0.0219999999999914" classname="Rules_methods" name="stopTrial_works_correctly_for_StoppingTDCIRatio_when_samples_are_provided"/>
    <testcase time="0.0170000000000101" classname="Rules_methods" name="stopTrial_works_correctly_for_StoppingTDCIRatio_when_samples_are_provided"/>
    <testcase time="0.0159999999999911" classname="Rules_methods" name="stopTrial_works_correctly_for_StoppingTDCIRatio_when_samples_are_provided"/>
    <testcase time="0.0160000000000053" classname="Rules_methods" name="stopTrial_works_correctly_for_StoppingTDCIRatio_when_samples_are_provided"/>
    <testcase time="0.0169999999999959" classname="Rules_methods" name="stopTrial_works_correctly_for_StoppingTDCIRatio_when_samples_are_provided"/>
    <testcase time="0.0169999999999959" classname="Rules_methods" name="stopTrial_works_correctly_for_StoppingTDCIRatio_when_samples_are_provided"/>
    <testcase time="0.0160000000000053" classname="Rules_methods" name="stopTrial_works_correctly_for_StoppingTDCIRatio_when_samples_are_provided"/>
    <testcase time="0.0169999999999959" classname="Rules_methods" name="stopTrial_works_correctly_for_StoppingTDCIRatio_when_samples_are_provided"/>
    <testcase time="0.0170000000000101" classname="Rules_methods" name="stopTrial_works_correctly_for_StoppingTDCIRatio_when_samples_are_provided"/>
    <testcase time="0.0169999999999959" classname="Rules_methods" name="stopTrial_works_correctly_for_StoppingTDCIRatio_when_samples_are_provided"/>
    <testcase time="0.0229999999999961" classname="Rules_methods" name="stopTrial_works_correctly_for_StoppingTDCIRatio_when_samples_are_provided"/>
    <testcase time="0.019999999999996" classname="Rules_methods" name="stopTrial_works_correctly_for_StoppingTDCIRatio_when_samples_are_provided"/>
    <testcase time="0.0160000000000053" classname="Rules_methods" name="stopTrial_works_correctly_for_StoppingTDCIRatio_when_samples_are_provided"/>
    <testcase time="0.0160000000000053" classname="Rules_methods" name="stopTrial_works_correctly_for_StoppingTDCIRatio_when_samples_are_provided"/>
    <testcase time="0.0159999999999911" classname="Rules_methods" name="stopTrial_works_correctly_for_StoppingTDCIRatio_when_samples_are_provided"/>
    <testcase time="0.0160000000000053" classname="Rules_methods" name="stopTrial_works_correctly_for_StoppingTDCIRatio_when_samples_are_provided"/>
    <testcase time="0.0160000000000053" classname="Rules_methods" name="stopTrial_works_correctly_for_StoppingTDCIRatio_when_samples_are_provided"/>
    <testcase time="0.0159999999999911" classname="Rules_methods" name="stopTrial_works_correctly_for_StoppingTDCIRatio_when_samples_are_provided"/>
    <testcase time="0.0169999999999959" classname="Rules_methods" name="stopTrial_works_correctly_for_StoppingTDCIRatio_when_samples_are_provided"/>
    <testcase time="0.0180000000000007" classname="Rules_methods" name="stopTrial_works_correctly_for_StoppingTDCIRatio_when_samples_are_provided"/>
    <testcase time="0.0170000000000101" classname="Rules_methods" name="stopTrial_works_correctly_for_StoppingTDCIRatio_when_samples_are_provided"/>
    <testcase time="0.0259999999999962" classname="Rules_methods" name="stopTrial_works_correctly_for_StoppingTDCIRatio_when_samples_are_provided"/>
    <testcase time="0.0180000000000007" classname="Rules_methods" name="stopTrial_works_correctly_for_StoppingTDCIRatio_when_samples_are_provided"/>
    <testcase time="0.0169999999999959" classname="Rules_methods" name="stopTrial_works_correctly_for_StoppingTDCIRatio_when_samples_are_provided"/>
    <testcase time="0.0169999999999959" classname="Rules_methods" name="stopTrial_works_correctly_for_StoppingTDCIRatio_when_samples_are_provided"/>
    <testcase time="0.0170000000000101" classname="Rules_methods" name="stopTrial_works_correctly_for_StoppingTDCIRatio_when_samples_are_provided"/>
    <testcase time="0.0180000000000007" classname="Rules_methods" name="stopTrial_works_correctly_for_StoppingTDCIRatio_when_samples_are_provided"/>
    <testcase time="0.0180000000000007" classname="Rules_methods" name="stopTrial_works_correctly_for_StoppingTDCIRatio_when_samples_are_provided"/>
    <testcase time="0.0180000000000007" classname="Rules_methods" name="stopTrial_works_correctly_for_StoppingTDCIRatio_when_samples_are_provided"/>
    <testcase time="0.0180000000000007" classname="Rules_methods" name="stopTrial_works_correctly_for_StoppingTDCIRatio_when_samples_are_provided"/>
    <testcase time="0.0180000000000007" classname="Rules_methods" name="stopTrial_works_correctly_for_StoppingTDCIRatio_when_samples_are_provided"/>
    <testcase time="0.0189999999999912" classname="Rules_methods" name="stopTrial_works_correctly_for_StoppingTDCIRatio_when_samples_are_provided"/>
    <testcase time="0.0300000000000011" classname="Rules_methods" name="stopTrial_works_correctly_for_StoppingTDCIRatio_when_samples_are_provided"/>
    <testcase time="0.0160000000000053" classname="Rules_methods" name="stopTrial_works_correctly_for_StoppingTDCIRatio_when_samples_are_provided"/>
    <testcase time="0.0159999999999911" classname="Rules_methods" name="stopTrial_works_correctly_for_StoppingTDCIRatio_when_samples_are_provided"/>
    <testcase time="0.0170000000000101" classname="Rules_methods" name="stopTrial_works_correctly_for_StoppingTDCIRatio_when_samples_are_provided"/>
    <testcase time="0.0159999999999911" classname="Rules_methods" name="stopTrial_works_correctly_for_StoppingTDCIRatio_when_samples_are_provided"/>
    <testcase time="0.0169999999999959" classname="Rules_methods" name="stopTrial_works_correctly_for_StoppingTDCIRatio_when_samples_are_provided"/>
    <testcase time="0.0170000000000101" classname="Rules_methods" name="stopTrial_works_correctly_for_StoppingTDCIRatio_when_samples_are_provided"/>
    <testcase time="0.0169999999999959" classname="Rules_methods" name="stopTrial_works_correctly_for_StoppingTDCIRatio_when_samples_are_provided"/>
    <testcase time="0.0180000000000007" classname="Rules_methods" name="stopTrial_works_correctly_for_StoppingTDCIRatio_when_samples_are_provided"/>
    <testcase time="0.0180000000000007" classname="Rules_methods" name="stopTrial_works_correctly_for_StoppingTDCIRatio_when_samples_are_provided"/>
    <testcase time="0.0240000000000009" classname="Rules_methods" name="stopTrial_works_correctly_for_StoppingTDCIRatio_when_samples_are_provided"/>
    <testcase time="0.0210000000000008" classname="Rules_methods" name="stopTrial_works_correctly_for_StoppingTDCIRatio_when_samples_are_provided"/>
    <testcase time="0.0169999999999959" classname="Rules_methods" name="stopTrial_works_correctly_for_StoppingTDCIRatio_when_samples_are_provided"/>
    <testcase time="0.0160000000000053" classname="Rules_methods" name="stopTrial_works_correctly_for_StoppingTDCIRatio_when_samples_are_provided"/>
    <testcase time="0.0159999999999911" classname="Rules_methods" name="stopTrial_works_correctly_for_StoppingTDCIRatio_when_samples_are_provided"/>
    <testcase time="0.0160000000000053" classname="Rules_methods" name="stopTrial_works_correctly_for_StoppingTDCIRatio_when_samples_are_provided"/>
    <testcase time="0.0160000000000053" classname="Rules_methods" name="stopTrial_works_correctly_for_StoppingTDCIRatio_when_samples_are_provided"/>
    <testcase time="0.0169999999999959" classname="Rules_methods" name="stopTrial_works_correctly_for_StoppingTDCIRatio_when_samples_are_provided"/>
    <testcase time="0.0169999999999959" classname="Rules_methods" name="stopTrial_works_correctly_for_StoppingTDCIRatio_when_samples_are_provided"/>
    <testcase time="0.0170000000000101" classname="Rules_methods" name="stopTrial_works_correctly_for_StoppingTDCIRatio_when_samples_are_provided"/>
    <testcase time="0.0169999999999959" classname="Rules_methods" name="stopTrial_works_correctly_for_StoppingTDCIRatio_when_samples_are_provided"/>
    <testcase time="0.0279999999999916" classname="Rules_methods" name="stopTrial_works_correctly_for_StoppingTDCIRatio_when_samples_are_provided"/>
    <testcase time="0.0170000000000101" classname="Rules_methods" name="stopTrial_works_correctly_for_StoppingTDCIRatio_when_samples_are_provided"/>
    <testcase time="0.0169999999999959" classname="Rules_methods" name="stopTrial_works_correctly_for_StoppingTDCIRatio_when_samples_are_provided"/>
    <testcase time="0.0160000000000053" classname="Rules_methods" name="stopTrial_works_correctly_for_StoppingTDCIRatio_when_samples_are_provided"/>
    <testcase time="0.0150000000000006" classname="Rules_methods" name="stopTrial_works_correctly_for_StoppingTDCIRatio_when_samples_are_provided"/>
    <testcase time="0.0159999999999911" classname="Rules_methods" name="stopTrial_works_correctly_for_StoppingTDCIRatio_when_samples_are_provided"/>
    <testcase time="0.0169999999999959" classname="Rules_methods" name="stopTrial_works_correctly_for_StoppingTDCIRatio_when_samples_are_provided"/>
    <testcase time="0.0180000000000007" classname="Rules_methods" name="stopTrial_works_correctly_for_StoppingTDCIRatio_when_samples_are_provided"/>
    <testcase time="0.0190000000000055" classname="Rules_methods" name="stopTrial_works_correctly_for_StoppingTDCIRatio_when_samples_are_provided"/>
    <testcase time="0.0180000000000007" classname="Rules_methods" name="stopTrial_works_correctly_for_StoppingTDCIRatio_when_samples_are_provided"/>
    <testcase time="0.0250000000000057" classname="Rules_methods" name="stopTrial_works_correctly_for_StoppingTDCIRatio_when_samples_are_provided"/>
    <testcase time="0.0189999999999912" classname="Rules_methods" name="stopTrial_works_correctly_for_StoppingTDCIRatio_when_samples_are_provided"/>
    <testcase time="0.0169999999999959" classname="Rules_methods" name="stopTrial_works_correctly_for_StoppingTDCIRatio_when_samples_are_provided"/>
    <testcase time="0.0160000000000053" classname="Rules_methods" name="stopTrial_works_correctly_for_StoppingTDCIRatio_when_samples_are_provided"/>
    <testcase time="0.0169999999999959" classname="Rules_methods" name="stopTrial_works_correctly_for_StoppingTDCIRatio_when_samples_are_provided"/>
    <testcase time="0.0160000000000053" classname="Rules_methods" name="stopTrial_works_correctly_for_StoppingTDCIRatio_when_samples_are_provided"/>
    <testcase time="0.0169999999999959" classname="Rules_methods" name="stopTrial_works_correctly_for_StoppingTDCIRatio_when_samples_are_provided"/>
    <testcase time="0.0180000000000007" classname="Rules_methods" name="stopTrial_works_correctly_for_StoppingTDCIRatio_when_samples_are_provided"/>
    <testcase time="0.0180000000000007" classname="Rules_methods" name="stopTrial_works_correctly_for_StoppingTDCIRatio_when_samples_are_provided"/>
    <testcase time="0.0180000000000007" classname="Rules_methods" name="stopTrial_works_correctly_for_StoppingTDCIRatio_when_samples_are_provided"/>
    <testcase time="0.0169999999999959" classname="Rules_methods" name="stopTrial_works_correctly_for_StoppingTDCIRatio_when_samples_are_provided"/>
    <testcase time="0.0290000000000106" classname="Rules_methods" name="stopTrial_works_correctly_for_StoppingTDCIRatio_when_samples_are_provided"/>
    <testcase time="0.0169999999999959" classname="Rules_methods" name="stopTrial_works_correctly_for_StoppingTDCIRatio_when_samples_are_provided"/>
    <testcase time="0.019999999999996" classname="Rules_methods" name="stopTrial_works_correctly_for_StoppingTDCIRatio_when_samples_are_provided"/>
    <testcase time="0.0169999999999959" classname="Rules_methods" name="stopTrial_works_correctly_for_StoppingTDCIRatio_when_samples_are_provided"/>
    <testcase time="0.0160000000000053" classname="Rules_methods" name="stopTrial_works_correctly_for_StoppingTDCIRatio_when_samples_are_provided"/>
    <testcase time="0.0169999999999959" classname="Rules_methods" name="stopTrial_works_correctly_for_StoppingTDCIRatio_when_samples_are_provided"/>
    <testcase time="0.0169999999999959" classname="Rules_methods" name="stopTrial_works_correctly_for_StoppingTDCIRatio_when_samples_are_provided"/>
    <testcase time="0.0190000000000055" classname="Rules_methods" name="stopTrial_works_correctly_for_StoppingTDCIRatio_when_samples_are_provided"/>
    <testcase time="0.0190000000000055" classname="Rules_methods" name="stopTrial_works_correctly_for_StoppingTDCIRatio_when_samples_are_provided"/>
    <testcase time="0.0189999999999912" classname="Rules_methods" name="stopTrial_works_correctly_for_StoppingTDCIRatio_when_samples_are_provided"/>
    <testcase time="0.0290000000000106" classname="Rules_methods" name="stopTrial_works_correctly_for_StoppingTDCIRatio_when_samples_are_provided"/>
    <testcase time="0.0169999999999959" classname="Rules_methods" name="stopTrial_works_correctly_for_StoppingTDCIRatio_when_samples_are_provided"/>
    <testcase time="0.0180000000000007" classname="Rules_methods" name="stopTrial_works_correctly_for_StoppingTDCIRatio_when_samples_are_provided"/>
    <testcase time="0.0169999999999959" classname="Rules_methods" name="stopTrial_works_correctly_for_StoppingTDCIRatio_when_samples_are_provided"/>
    <testcase time="0.0180000000000007" classname="Rules_methods" name="stopTrial_works_correctly_for_StoppingTDCIRatio_when_samples_are_provided"/>
    <testcase time="0.0169999999999959" classname="Rules_methods" name="stopTrial_works_correctly_for_StoppingTDCIRatio_when_samples_are_provided"/>
    <testcase time="0.0170000000000101" classname="Rules_methods" name="stopTrial_works_correctly_for_StoppingTDCIRatio_when_samples_are_provided"/>
    <testcase time="0.0189999999999912" classname="Rules_methods" name="stopTrial_works_correctly_for_StoppingTDCIRatio_when_samples_are_provided"/>
    <testcase time="0.0180000000000007" classname="Rules_methods" name="stopTrial_works_correctly_for_StoppingTDCIRatio_when_samples_are_provided"/>
    <testcase time="0.019999999999996" classname="Rules_methods" name="stopTrial_works_correctly_for_StoppingTDCIRatio_when_samples_are_provided"/>
    <testcase time="0.034000000000006" classname="Rules_methods" name="stopTrial_works_correctly_for_StoppingTDCIRatio_when_samples_are_provided"/>
    <testcase time="0.0210000000000008" classname="Rules_methods" name="stopTrial_works_correctly_for_StoppingTDCIRatio_when_samples_are_provided"/>
    <testcase time="0.0180000000000007" classname="Rules_methods" name="stopTrial_works_correctly_for_StoppingTDCIRatio_when_samples_are_provided"/>
    <testcase time="0.0180000000000007" classname="Rules_methods" name="stopTrial_works_correctly_for_StoppingTDCIRatio_when_samples_are_provided"/>
    <testcase time="0.0169999999999959" classname="Rules_methods" name="stopTrial_works_correctly_for_StoppingTDCIRatio_when_samples_are_provided"/>
    <testcase time="0.0160000000000053" classname="Rules_methods" name="stopTrial_works_correctly_for_StoppingTDCIRatio_when_samples_are_provided"/>
    <testcase time="0.0159999999999911" classname="Rules_methods" name="stopTrial_works_correctly_for_StoppingTDCIRatio_when_samples_are_provided"/>
    <testcase time="0.0180000000000007" classname="Rules_methods" name="stopTrial_works_correctly_for_StoppingTDCIRatio_when_samples_are_provided"/>
    <testcase time="0.0180000000000007" classname="Rules_methods" name="stopTrial_works_correctly_for_StoppingTDCIRatio_when_samples_are_provided"/>
    <testcase time="0.0190000000000055" classname="Rules_methods" name="stopTrial_works_correctly_for_StoppingTDCIRatio_when_samples_are_provided"/>
    <testcase time="0.0289999999999964" classname="Rules_methods" name="stopTrial_works_correctly_for_StoppingTDCIRatio_when_samples_are_provided"/>
    <testcase time="0.0180000000000007" classname="Rules_methods" name="stopTrial_works_correctly_for_StoppingTDCIRatio_when_samples_are_provided"/>
    <testcase time="0.0180000000000007" classname="Rules_methods" name="stopTrial_works_correctly_for_StoppingTDCIRatio_when_samples_are_provided"/>
    <testcase time="0.0180000000000007" classname="Rules_methods" name="stopTrial_works_correctly_for_StoppingTDCIRatio_when_samples_are_provided"/>
    <testcase time="0.0169999999999959" classname="Rules_methods" name="stopTrial_works_correctly_for_StoppingTDCIRatio_when_samples_are_provided"/>
    <testcase time="0.0160000000000053" classname="Rules_methods" name="stopTrial_works_correctly_for_StoppingTDCIRatio_when_samples_are_provided"/>
    <testcase time="0.0169999999999959" classname="Rules_methods" name="stopTrial_works_correctly_for_StoppingTDCIRatio_when_samples_are_provided"/>
    <testcase time="0.0180000000000007" classname="Rules_methods" name="stopTrial_works_correctly_for_StoppingTDCIRatio_when_samples_are_provided"/>
    <testcase time="0.0180000000000007" classname="Rules_methods" name="stopTrial_works_correctly_for_StoppingTDCIRatio_when_samples_are_provided"/>
    <testcase time="0.0180000000000007" classname="Rules_methods" name="stopTrial_works_correctly_for_StoppingTDCIRatio_when_samples_are_provided"/>
    <testcase time="0.0280000000000058" classname="Rules_methods" name="stopTrial_works_correctly_for_StoppingTDCIRatio_when_samples_are_provided"/>
    <testcase time="0.0150000000000006" classname="Rules_methods" name="stopTrial_works_correctly_for_StoppingTDCIRatio_when_samples_are_provided"/>
    <testcase time="0.0159999999999911" classname="Rules_methods" name="stopTrial_works_correctly_for_StoppingTDCIRatio_when_samples_are_provided"/>
    <testcase time="0.0170000000000101" classname="Rules_methods" name="stopTrial_works_correctly_for_StoppingTDCIRatio_when_samples_are_provided"/>
    <testcase time="0.0159999999999911" classname="Rules_methods" name="stopTrial_works_correctly_for_StoppingTDCIRatio_when_samples_are_provided"/>
    <testcase time="0.0169999999999959" classname="Rules_methods" name="stopTrial_works_correctly_for_StoppingTDCIRatio_when_samples_are_provided"/>
    <testcase time="0.0160000000000053" classname="Rules_methods" name="stopTrial_works_correctly_for_StoppingTDCIRatio_when_samples_are_provided"/>
    <testcase time="0.0180000000000007" classname="Rules_methods" name="stopTrial_works_correctly_for_StoppingTDCIRatio_when_samples_are_provided"/>
    <testcase time="0.0190000000000055" classname="Rules_methods" name="stopTrial_works_correctly_for_StoppingTDCIRatio_when_samples_are_provided"/>
    <testcase time="0.0159999999999911" classname="Rules_methods" name="stopTrial_works_correctly_for_StoppingTDCIRatio_when_samples_are_provided"/>
    <testcase time="0.0320000000000107" classname="Rules_methods" name="stopTrial_works_correctly_for_StoppingTDCIRatio_when_samples_are_provided"/>
    <testcase time="0.0169999999999959" classname="Rules_methods" name="stopTrial_works_correctly_for_StoppingTDCIRatio_when_samples_are_provided"/>
    <testcase time="0.0169999999999959" classname="Rules_methods" name="stopTrial_works_correctly_for_StoppingTDCIRatio_when_samples_are_provided"/>
    <testcase time="0.0169999999999959" classname="Rules_methods" name="stopTrial_works_correctly_for_StoppingTDCIRatio_when_samples_are_provided"/>
    <testcase time="0.0170000000000101" classname="Rules_methods" name="stopTrial_works_correctly_for_StoppingTDCIRatio_when_samples_are_provided"/>
    <testcase time="0.0169999999999959" classname="Rules_methods" name="stopTrial_works_correctly_for_StoppingTDCIRatio_when_samples_are_provided"/>
    <testcase time="0.0169999999999959" classname="Rules_methods" name="stopTrial_works_correctly_for_StoppingTDCIRatio_when_samples_are_provided"/>
    <testcase time="0.0180000000000007" classname="Rules_methods" name="stopTrial_works_correctly_for_StoppingTDCIRatio_when_samples_are_provided"/>
    <testcase time="0.0180000000000007" classname="Rules_methods" name="stopTrial_works_correctly_for_StoppingTDCIRatio_when_samples_are_provided"/>
    <testcase time="0.0190000000000055" classname="Rules_methods" name="stopTrial_works_correctly_for_StoppingTDCIRatio_when_samples_are_provided"/>
    <testcase time="0.0309999999999917" classname="Rules_methods" name="stopTrial_works_correctly_for_StoppingTDCIRatio_when_samples_are_provided"/>
    <testcase time="0.0190000000000055" classname="Rules_methods" name="stopTrial_works_correctly_for_StoppingTDCIRatio_when_samples_are_provided"/>
    <testcase time="0.0180000000000007" classname="Rules_methods" name="stopTrial_works_correctly_for_StoppingTDCIRatio_when_samples_are_provided"/>
    <testcase time="0.0180000000000007" classname="Rules_methods" name="stopTrial_works_correctly_for_StoppingTDCIRatio_when_samples_are_provided"/>
    <testcase time="0.0169999999999959" classname="Rules_methods" name="stopTrial_works_correctly_for_StoppingTDCIRatio_when_samples_are_provided"/>
    <testcase time="0.0190000000000055" classname="Rules_methods" name="stopTrial_works_correctly_for_StoppingTDCIRatio_when_samples_are_provided"/>
    <testcase time="0.0189999999999912" classname="Rules_methods" name="stopTrial_works_correctly_for_StoppingTDCIRatio_when_samples_are_provided"/>
    <testcase time="0.0200000000000102" classname="Rules_methods" name="stopTrial_works_correctly_for_StoppingTDCIRatio_when_samples_are_provided"/>
    <testcase time="0.0180000000000007" classname="Rules_methods" name="stopTrial_works_correctly_for_StoppingTDCIRatio_when_samples_are_provided"/>
    <testcase time="0.027000000000001" classname="Rules_methods" name="stopTrial_works_correctly_for_StoppingTDCIRatio_when_samples_are_provided"/>
    <testcase time="0.019999999999996" classname="Rules_methods" name="stopTrial_works_correctly_for_StoppingTDCIRatio_when_samples_are_provided"/>
    <testcase time="0.0169999999999959" classname="Rules_methods" name="stopTrial_works_correctly_for_StoppingTDCIRatio_when_samples_are_provided"/>
    <testcase time="0.0180000000000007" classname="Rules_methods" name="stopTrial_works_correctly_for_StoppingTDCIRatio_when_samples_are_provided"/>
    <testcase time="0.0160000000000053" classname="Rules_methods" name="stopTrial_works_correctly_for_StoppingTDCIRatio_when_samples_are_provided"/>
    <testcase time="0.0169999999999959" classname="Rules_methods" name="stopTrial_works_correctly_for_StoppingTDCIRatio_when_samples_are_provided"/>
    <testcase time="0.0180000000000007" classname="Rules_methods" name="stopTrial_works_correctly_for_StoppingTDCIRatio_when_samples_are_provided"/>
    <testcase time="0.0190000000000055" classname="Rules_methods" name="stopTrial_works_correctly_for_StoppingTDCIRatio_when_samples_are_provided"/>
    <testcase time="0.0180000000000007" classname="Rules_methods" name="stopTrial_works_correctly_for_StoppingTDCIRatio_when_samples_are_provided"/>
    <testcase time="0.0189999999999912" classname="Rules_methods" name="stopTrial_works_correctly_for_StoppingTDCIRatio_when_samples_are_provided"/>
    <testcase time="0.0289999999999964" classname="Rules_methods" name="stopTrial_works_correctly_for_StoppingTDCIRatio_when_samples_are_provided"/>
    <testcase time="0.0180000000000007" classname="Rules_methods" name="stopTrial_works_correctly_for_StoppingTDCIRatio_when_samples_are_provided"/>
    <testcase time="0.0180000000000007" classname="Rules_methods" name="stopTrial_works_correctly_for_StoppingTDCIRatio_when_samples_are_provided"/>
    <testcase time="0.0190000000000055" classname="Rules_methods" name="stopTrial_works_correctly_for_StoppingTDCIRatio_when_samples_are_provided"/>
    <testcase time="0.0190000000000055" classname="Rules_methods" name="stopTrial_works_correctly_for_StoppingTDCIRatio_when_samples_are_provided"/>
    <testcase time="0.0179999999999865" classname="Rules_methods" name="stopTrial_works_correctly_for_StoppingTDCIRatio_when_samples_are_provided"/>
    <testcase time="0.0190000000000055" classname="Rules_methods" name="stopTrial_works_correctly_for_StoppingTDCIRatio_when_samples_are_provided"/>
    <testcase time="0.019999999999996" classname="Rules_methods" name="stopTrial_works_correctly_for_StoppingTDCIRatio_when_samples_are_provided"/>
    <testcase time="0.0200000000000102" classname="Rules_methods" name="stopTrial_works_correctly_for_StoppingTDCIRatio_when_samples_are_provided"/>
    <testcase time="0.0259999999999962" classname="Rules_methods" name="stopTrial_works_correctly_for_StoppingTDCIRatio_when_samples_are_provided"/>
    <testcase time="0.0220000000000056" classname="Rules_methods" name="stopTrial_works_correctly_for_StoppingTDCIRatio_when_samples_are_provided"/>
    <testcase time="0.0179999999999865" classname="Rules_methods" name="stopTrial_works_correctly_for_StoppingTDCIRatio_when_samples_are_provided"/>
    <testcase time="0.0170000000000101" classname="Rules_methods" name="stopTrial_works_correctly_for_StoppingTDCIRatio_when_samples_are_provided"/>
    <testcase time="0.0169999999999959" classname="Rules_methods" name="stopTrial_works_correctly_for_StoppingTDCIRatio_when_samples_are_provided"/>
    <testcase time="0.0169999999999959" classname="Rules_methods" name="stopTrial_works_correctly_for_StoppingTDCIRatio_when_samples_are_provided"/>
    <testcase time="0.0160000000000053" classname="Rules_methods" name="stopTrial_works_correctly_for_StoppingTDCIRatio_when_samples_are_provided"/>
    <testcase time="0.0180000000000007" classname="Rules_methods" name="stopTrial_works_correctly_for_StoppingTDCIRatio_when_samples_are_provided"/>
    <testcase time="0.0190000000000055" classname="Rules_methods" name="stopTrial_works_correctly_for_StoppingTDCIRatio_when_samples_are_provided"/>
    <testcase time="0.0169999999999959" classname="Rules_methods" name="stopTrial_works_correctly_for_StoppingTDCIRatio_when_samples_are_provided"/>
    <testcase time="0.0289999999999964" classname="Rules_methods" name="stopTrial_works_correctly_for_StoppingTDCIRatio_when_samples_are_provided"/>
    <testcase time="0.0169999999999959" classname="Rules_methods" name="stopTrial_works_correctly_for_StoppingTDCIRatio_when_samples_are_provided"/>
    <testcase time="0.0170000000000101" classname="Rules_methods" name="stopTrial_works_correctly_for_StoppingTDCIRatio_when_samples_are_provided"/>
    <testcase time="0.0180000000000007" classname="Rules_methods" name="stopTrial_works_correctly_for_StoppingTDCIRatio_when_samples_are_provided"/>
    <testcase time="0.0180000000000007" classname="Rules_methods" name="stopTrial_works_correctly_for_StoppingTDCIRatio_when_samples_are_provided"/>
    <testcase time="0.0169999999999959" classname="Rules_methods" name="stopTrial_works_correctly_for_StoppingTDCIRatio_when_samples_are_provided"/>
    <testcase time="0.0189999999999912" classname="Rules_methods" name="stopTrial_works_correctly_for_StoppingTDCIRatio_when_samples_are_provided"/>
    <testcase time="0.0190000000000055" classname="Rules_methods" name="stopTrial_works_correctly_for_StoppingTDCIRatio_when_samples_are_provided"/>
    <testcase time="0.0190000000000055" classname="Rules_methods" name="stopTrial_works_correctly_for_StoppingTDCIRatio_when_samples_are_provided"/>
    <testcase time="0.0289999999999964" classname="Rules_methods" name="stopTrial_works_correctly_for_StoppingTDCIRatio_when_samples_are_provided"/>
    <testcase time="0.0190000000000055" classname="Rules_methods" name="stopTrial_works_correctly_for_StoppingTDCIRatio_when_samples_are_provided"/>
    <testcase time="0.0160000000000053" classname="Rules_methods" name="stopTrial_works_correctly_for_StoppingTDCIRatio_when_samples_are_provided"/>
    <testcase time="0.0149999999999864" classname="Rules_methods" name="stopTrial_works_correctly_for_StoppingTDCIRatio_when_samples_are_provided"/>
    <testcase time="0.0170000000000101" classname="Rules_methods" name="stopTrial_works_correctly_for_StoppingTDCIRatio_when_samples_are_provided"/>
    <testcase time="0.0180000000000007" classname="Rules_methods" name="stopTrial_works_correctly_for_StoppingTDCIRatio_when_samples_are_provided"/>
    <testcase time="0.0180000000000007" classname="Rules_methods" name="stopTrial_works_correctly_for_StoppingTDCIRatio_when_samples_are_provided"/>
    <testcase time="0.0189999999999912" classname="Rules_methods" name="stopTrial_works_correctly_for_StoppingTDCIRatio_when_samples_are_provided"/>
    <testcase time="0.0180000000000007" classname="Rules_methods" name="stopTrial_works_correctly_for_StoppingTDCIRatio_when_samples_are_provided"/>
    <testcase time="0.0240000000000009" classname="Rules_methods" name="stopTrial_works_correctly_for_StoppingTDCIRatio_when_samples_are_provided"/>
    <testcase time="0.0210000000000008" classname="Rules_methods" name="stopTrial_works_correctly_for_StoppingTDCIRatio_when_samples_are_provided"/>
    <testcase time="0.0180000000000007" classname="Rules_methods" name="stopTrial_works_correctly_for_StoppingTDCIRatio_when_samples_are_provided"/>
    <testcase time="0.0180000000000007" classname="Rules_methods" name="stopTrial_works_correctly_for_StoppingTDCIRatio_when_samples_are_provided"/>
    <testcase time="0.0169999999999959" classname="Rules_methods" name="stopTrial_works_correctly_for_StoppingTDCIRatio_when_samples_are_provided"/>
    <testcase time="0.0170000000000101" classname="Rules_methods" name="stopTrial_works_correctly_for_StoppingTDCIRatio_when_samples_are_provided"/>
    <testcase time="0.0159999999999911" classname="Rules_methods" name="stopTrial_works_correctly_for_StoppingTDCIRatio_when_samples_are_provided"/>
    <testcase time="0.0169999999999959" classname="Rules_methods" name="stopTrial_works_correctly_for_StoppingTDCIRatio_when_samples_are_provided"/>
    <testcase time="0.0170000000000101" classname="Rules_methods" name="stopTrial_works_correctly_for_StoppingTDCIRatio_when_samples_are_provided"/>
    <testcase time="0.0189999999999912" classname="Rules_methods" name="stopTrial_works_correctly_for_StoppingTDCIRatio_when_samples_are_provided"/>
    <testcase time="0.0280000000000058" classname="Rules_methods" name="stopTrial_works_correctly_for_StoppingTDCIRatio_when_samples_are_provided"/>
    <testcase time="0.0180000000000007" classname="Rules_methods" name="stopTrial_works_correctly_for_StoppingTDCIRatio_when_samples_are_provided"/>
    <testcase time="0.0159999999999911" classname="Rules_methods" name="stopTrial_works_correctly_for_StoppingTDCIRatio_when_samples_are_provided"/>
    <testcase time="0.0170000000000101" classname="Rules_methods" name="stopTrial_works_correctly_for_StoppingTDCIRatio_when_samples_are_provided"/>
    <testcase time="0.0169999999999959" classname="Rules_methods" name="stopTrial_works_correctly_for_StoppingTDCIRatio_when_samples_are_provided"/>
    <testcase time="0.0159999999999911" classname="Rules_methods" name="stopTrial_works_correctly_for_StoppingTDCIRatio_when_samples_are_provided"/>
    <testcase time="0.0180000000000007" classname="Rules_methods" name="stopTrial_works_correctly_for_StoppingTDCIRatio_when_samples_are_provided"/>
    <testcase time="0.0170000000000101" classname="Rules_methods" name="stopTrial_works_correctly_for_StoppingTDCIRatio_when_samples_are_provided"/>
    <testcase time="0.0159999999999911" classname="Rules_methods" name="stopTrial_works_correctly_for_StoppingTDCIRatio_when_samples_are_provided"/>
    <testcase time="0.0499999999999972" classname="Rules_methods" name="stopTrial_works_correctly_for_StoppingTDCIRatio_when_samples_are_provided"/>
    <testcase time="0.0180000000000007" classname="Rules_methods" name="stopTrial_works_correctly_for_StoppingTDCIRatio_when_samples_are_provided"/>
    <testcase time="0.0190000000000055" classname="Rules_methods" name="stopTrial_works_correctly_for_StoppingTDCIRatio_when_samples_are_provided"/>
    <testcase time="0.0180000000000007" classname="Rules_methods" name="stopTrial_works_correctly_for_StoppingTDCIRatio_when_samples_are_provided"/>
    <testcase time="0.0180000000000007" classname="Rules_methods" name="stopTrial_works_correctly_for_StoppingTDCIRatio_when_samples_are_provided"/>
    <testcase time="0.0180000000000007" classname="Rules_methods" name="stopTrial_works_correctly_for_StoppingTDCIRatio_when_samples_are_provided"/>
    <testcase time="0.0190000000000055" classname="Rules_methods" name="stopTrial_works_correctly_for_StoppingTDCIRatio_when_samples_are_provided"/>
    <testcase time="0.0189999999999912" classname="Rules_methods" name="stopTrial_works_correctly_for_StoppingTDCIRatio_when_samples_are_provided"/>
    <testcase time="0.0210000000000008" classname="Rules_methods" name="stopTrial_works_correctly_for_StoppingTDCIRatio_when_samples_are_provided"/>
    <testcase time="0.0190000000000055" classname="Rules_methods" name="stopTrial_works_correctly_for_StoppingTDCIRatio_when_samples_are_provided"/>
    <testcase time="0.0300000000000011" classname="Rules_methods" name="stopTrial_works_correctly_for_StoppingTDCIRatio_when_samples_are_provided"/>
    <testcase time="0.0169999999999959" classname="Rules_methods" name="stopTrial_works_correctly_for_StoppingTDCIRatio_when_samples_are_provided"/>
    <testcase time="0.0169999999999959" classname="Rules_methods" name="stopTrial_works_correctly_for_StoppingTDCIRatio_when_samples_are_provided"/>
    <testcase time="0.0180000000000007" classname="Rules_methods" name="stopTrial_works_correctly_for_StoppingTDCIRatio_when_samples_are_provided"/>
    <testcase time="0.0169999999999959" classname="Rules_methods" name="stopTrial_works_correctly_for_StoppingTDCIRatio_when_samples_are_provided"/>
    <testcase time="0.0170000000000101" classname="Rules_methods" name="stopTrial_works_correctly_for_StoppingTDCIRatio_when_samples_are_provided"/>
    <testcase time="0.0180000000000007" classname="Rules_methods" name="stopTrial_works_correctly_for_StoppingTDCIRatio_when_samples_are_provided"/>
    <testcase time="0.0180000000000007" classname="Rules_methods" name="stopTrial_works_correctly_for_StoppingTDCIRatio_when_samples_are_provided"/>
    <testcase time="0.019999999999996" classname="Rules_methods" name="stopTrial_works_correctly_for_StoppingTDCIRatio_when_samples_are_provided"/>
    <testcase time="0.0180000000000007" classname="Rules_methods" name="stopTrial_works_correctly_for_StoppingTDCIRatio_when_samples_are_provided"/>
    <testcase time="0.0300000000000011" classname="Rules_methods" name="stopTrial_works_correctly_for_StoppingTDCIRatio_when_samples_are_provided"/>
    <testcase time="0.0189999999999912" classname="Rules_methods" name="stopTrial_works_correctly_for_StoppingTDCIRatio_when_samples_are_provided"/>
    <testcase time="0.0170000000000101" classname="Rules_methods" name="stopTrial_works_correctly_for_StoppingTDCIRatio_when_samples_are_provided"/>
    <testcase time="0.0189999999999912" classname="Rules_methods" name="stopTrial_works_correctly_for_StoppingTDCIRatio_when_samples_are_provided"/>
    <testcase time="0.0180000000000007" classname="Rules_methods" name="stopTrial_works_correctly_for_StoppingTDCIRatio_when_samples_are_provided"/>
    <testcase time="0.0170000000000101" classname="Rules_methods" name="stopTrial_works_correctly_for_StoppingTDCIRatio_when_samples_are_provided"/>
    <testcase time="0.0189999999999912" classname="Rules_methods" name="stopTrial_works_correctly_for_StoppingTDCIRatio_when_samples_are_provided"/>
    <testcase time="0.019999999999996" classname="Rules_methods" name="stopTrial_works_correctly_for_StoppingTDCIRatio_when_samples_are_provided"/>
    <testcase time="0.0200000000000102" classname="Rules_methods" name="stopTrial_works_correctly_for_StoppingTDCIRatio_when_samples_are_provided"/>
    <testcase time="0.019999999999996" classname="Rules_methods" name="stopTrial_works_correctly_for_StoppingTDCIRatio_when_samples_are_provided"/>
    <testcase time="0.0319999999999965" classname="Rules_methods" name="stopTrial_works_correctly_for_StoppingTDCIRatio_when_samples_are_provided"/>
    <testcase time="0.0200000000000102" classname="Rules_methods" name="stopTrial_works_correctly_for_StoppingTDCIRatio_when_samples_are_provided"/>
    <testcase time="0.0189999999999912" classname="Rules_methods" name="stopTrial_works_correctly_for_StoppingTDCIRatio_when_samples_are_provided"/>
    <testcase time="0.0180000000000007" classname="Rules_methods" name="stopTrial_works_correctly_for_StoppingTDCIRatio_when_samples_are_provided"/>
    <testcase time="0.0180000000000007" classname="Rules_methods" name="stopTrial_works_correctly_for_StoppingTDCIRatio_when_samples_are_provided"/>
    <testcase time="0.0180000000000007" classname="Rules_methods" name="stopTrial_works_correctly_for_StoppingTDCIRatio_when_samples_are_provided"/>
    <testcase time="0.0190000000000055" classname="Rules_methods" name="stopTrial_works_correctly_for_StoppingTDCIRatio_when_samples_are_provided"/>
    <testcase time="0.0180000000000007" classname="Rules_methods" name="stopTrial_works_correctly_for_StoppingTDCIRatio_when_samples_are_provided"/>
    <testcase time="0.0189999999999912" classname="Rules_methods" name="stopTrial_works_correctly_for_StoppingTDCIRatio_when_samples_are_provided"/>
    <testcase time="0.027000000000001" classname="Rules_methods" name="stopTrial_works_correctly_for_StoppingTDCIRatio_when_samples_are_provided"/>
    <testcase time="0.0220000000000056" classname="Rules_methods" name="stopTrial_works_correctly_for_StoppingTDCIRatio_when_samples_are_provided"/>
    <testcase time="0.019999999999996" classname="Rules_methods" name="stopTrial_works_correctly_for_StoppingTDCIRatio_when_samples_are_provided"/>
    <testcase time="0.0180000000000007" classname="Rules_methods" name="stopTrial_works_correctly_for_StoppingTDCIRatio_when_samples_are_provided"/>
    <testcase time="0.0190000000000055" classname="Rules_methods" name="stopTrial_works_correctly_for_StoppingTDCIRatio_when_samples_are_provided"/>
    <testcase time="0.0189999999999912" classname="Rules_methods" name="stopTrial_works_correctly_for_StoppingTDCIRatio_when_samples_are_provided"/>
    <testcase time="0.0190000000000055" classname="Rules_methods" name="stopTrial_works_correctly_for_StoppingTDCIRatio_when_samples_are_provided"/>
    <testcase time="0.019999999999996" classname="Rules_methods" name="stopTrial_works_correctly_for_StoppingTDCIRatio_when_samples_are_provided"/>
    <testcase time="0.019999999999996" classname="Rules_methods" name="stopTrial_works_correctly_for_StoppingTDCIRatio_when_samples_are_provided"/>
    <testcase time="0.0190000000000055" classname="Rules_methods" name="stopTrial_works_correctly_for_StoppingTDCIRatio_when_samples_are_provided"/>
    <testcase time="0.0300000000000011" classname="Rules_methods" name="stopTrial_works_correctly_for_StoppingTDCIRatio_when_samples_are_provided"/>
    <testcase time="0.019999999999996" classname="Rules_methods" name="stopTrial_works_correctly_for_StoppingTDCIRatio_when_samples_are_provided"/>
    <testcase time="0.019999999999996" classname="Rules_methods" name="stopTrial_works_correctly_for_StoppingTDCIRatio_when_samples_are_provided"/>
    <testcase time="0.0180000000000007" classname="Rules_methods" name="stopTrial_works_correctly_for_StoppingTDCIRatio_when_samples_are_provided"/>
    <testcase time="0.0180000000000007" classname="Rules_methods" name="stopTrial_works_correctly_for_StoppingTDCIRatio_when_samples_are_provided"/>
    <testcase time="0.0170000000000101" classname="Rules_methods" name="stopTrial_works_correctly_for_StoppingTDCIRatio_when_samples_are_provided"/>
    <testcase time="0.0189999999999912" classname="Rules_methods" name="stopTrial_works_correctly_for_StoppingTDCIRatio_when_samples_are_provided"/>
    <testcase time="0.0200000000000102" classname="Rules_methods" name="stopTrial_works_correctly_for_StoppingTDCIRatio_when_samples_are_provided"/>
    <testcase time="0.0189999999999912" classname="Rules_methods" name="stopTrial_works_correctly_for_StoppingTDCIRatio_when_samples_are_provided"/>
    <testcase time="0.0250000000000057" classname="Rules_methods" name="stopTrial_works_correctly_for_StoppingTDCIRatio_when_samples_are_provided"/>
    <testcase time="0.0219999999999914" classname="Rules_methods" name="stopTrial_works_correctly_for_StoppingTDCIRatio_when_samples_are_provided"/>
    <testcase time="0.0180000000000007" classname="Rules_methods" name="stopTrial_works_correctly_for_StoppingTDCIRatio_when_samples_are_provided"/>
    <testcase time="0.0169999999999959" classname="Rules_methods" name="stopTrial_works_correctly_for_StoppingTDCIRatio_when_samples_are_provided"/>
    <testcase time="0.0169999999999959" classname="Rules_methods" name="stopTrial_works_correctly_for_StoppingTDCIRatio_when_samples_are_provided"/>
    <testcase time="0.0170000000000101" classname="Rules_methods" name="stopTrial_works_correctly_for_StoppingTDCIRatio_when_samples_are_provided"/>
    <testcase time="0.0179999999999865" classname="Rules_methods" name="stopTrial_works_correctly_for_StoppingTDCIRatio_when_samples_are_provided"/>
    <testcase time="0.0190000000000055" classname="Rules_methods" name="stopTrial_works_correctly_for_StoppingTDCIRatio_when_samples_are_provided"/>
    <testcase time="0.019999999999996" classname="Rules_methods" name="stopTrial_works_correctly_for_StoppingTDCIRatio_when_samples_are_provided"/>
    <testcase time="0.0170000000000101" classname="Rules_methods" name="stopTrial_works_correctly_for_StoppingTDCIRatio_when_samples_are_provided"/>
    <testcase time="0.0300000000000011" classname="Rules_methods" name="stopTrial_works_correctly_for_StoppingTDCIRatio_when_samples_are_provided"/>
    <testcase time="0.0169999999999959" classname="Rules_methods" name="stopTrial_works_correctly_for_StoppingTDCIRatio_when_samples_are_provided"/>
    <testcase time="0.0169999999999959" classname="Rules_methods" name="stopTrial_works_correctly_for_StoppingTDCIRatio_when_samples_are_provided"/>
    <testcase time="0.0180000000000007" classname="Rules_methods" name="stopTrial_works_correctly_for_StoppingTDCIRatio_when_samples_are_provided"/>
    <testcase time="0.0190000000000055" classname="Rules_methods" name="stopTrial_works_correctly_for_StoppingTDCIRatio_when_samples_are_provided"/>
    <testcase time="0.0169999999999959" classname="Rules_methods" name="stopTrial_works_correctly_for_StoppingTDCIRatio_when_samples_are_provided"/>
    <testcase time="0.0190000000000055" classname="Rules_methods" name="stopTrial_works_correctly_for_StoppingTDCIRatio_when_samples_are_provided"/>
    <testcase time="0.0189999999999912" classname="Rules_methods" name="stopTrial_works_correctly_for_StoppingTDCIRatio_when_samples_are_provided"/>
    <testcase time="0.0200000000000102" classname="Rules_methods" name="stopTrial_works_correctly_for_StoppingTDCIRatio_when_samples_are_provided"/>
    <testcase time="0.0269999999999868" classname="Rules_methods" name="stopTrial_works_correctly_for_StoppingTDCIRatio_when_samples_are_provided"/>
    <testcase time="0.0220000000000056" classname="Rules_methods" name="stopTrial_works_correctly_for_StoppingTDCIRatio_when_samples_are_provided"/>
    <testcase time="0.0189999999999912" classname="Rules_methods" name="stopTrial_works_correctly_for_StoppingTDCIRatio_when_samples_are_provided"/>
    <testcase time="0.0180000000000007" classname="Rules_methods" name="stopTrial_works_correctly_for_StoppingTDCIRatio_when_samples_are_provided"/>
    <testcase time="0.0190000000000055" classname="Rules_methods" name="stopTrial_works_correctly_for_StoppingTDCIRatio_when_samples_are_provided"/>
    <testcase time="0.0169999999999959" classname="Rules_methods" name="stopTrial_works_correctly_for_StoppingTDCIRatio_when_samples_are_provided"/>
    <testcase time="0.0190000000000055" classname="Rules_methods" name="stopTrial_works_correctly_for_StoppingTDCIRatio_when_samples_are_provided"/>
    <testcase time="0.0189999999999912" classname="Rules_methods" name="stopTrial_works_correctly_for_StoppingTDCIRatio_when_samples_are_provided"/>
    <testcase time="0.0200000000000102" classname="Rules_methods" name="stopTrial_works_correctly_for_StoppingTDCIRatio_when_samples_are_provided"/>
    <testcase time="0.0189999999999912" classname="Rules_methods" name="stopTrial_works_correctly_for_StoppingTDCIRatio_when_samples_are_provided"/>
    <testcase time="0.0290000000000106" classname="Rules_methods" name="stopTrial_works_correctly_for_StoppingTDCIRatio_when_samples_are_provided"/>
    <testcase time="0.0170000000000101" classname="Rules_methods" name="stopTrial_works_correctly_for_StoppingTDCIRatio_when_samples_are_provided"/>
    <testcase time="0.0179999999999865" classname="Rules_methods" name="stopTrial_works_correctly_for_StoppingTDCIRatio_when_samples_are_provided"/>
    <testcase time="0.0160000000000053" classname="Rules_methods" name="stopTrial_works_correctly_for_StoppingTDCIRatio_when_samples_are_provided"/>
    <testcase time="0.0190000000000055" classname="Rules_methods" name="stopTrial_works_correctly_for_StoppingTDCIRatio_when_samples_are_provided"/>
    <testcase time="0.0189999999999912" classname="Rules_methods" name="stopTrial_works_correctly_for_StoppingTDCIRatio_when_samples_are_provided"/>
    <testcase time="0.0200000000000102" classname="Rules_methods" name="stopTrial_works_correctly_for_StoppingTDCIRatio_when_samples_are_provided"/>
    <testcase time="0.019999999999996" classname="Rules_methods" name="stopTrial_works_correctly_for_StoppingTDCIRatio_when_samples_are_provided"/>
    <testcase time="0.0190000000000055" classname="Rules_methods" name="stopTrial_works_correctly_for_StoppingTDCIRatio_when_samples_are_provided"/>
    <testcase time="0.0319999999999965" classname="Rules_methods" name="stopTrial_works_correctly_for_StoppingTDCIRatio_when_samples_are_provided"/>
    <testcase time="0.0210000000000008" classname="Rules_methods" name="stopTrial_works_correctly_for_StoppingTDCIRatio_when_samples_are_provided"/>
    <testcase time="0.0189999999999912" classname="Rules_methods" name="stopTrial_works_correctly_for_StoppingTDCIRatio_when_samples_are_provided"/>
    <testcase time="0.0190000000000055" classname="Rules_methods" name="stopTrial_works_correctly_for_StoppingTDCIRatio_when_samples_are_provided"/>
    <testcase time="0.0180000000000007" classname="Rules_methods" name="stopTrial_works_correctly_for_StoppingTDCIRatio_when_samples_are_provided"/>
    <testcase time="0.019999999999996" classname="Rules_methods" name="stopTrial_works_correctly_for_StoppingTDCIRatio_when_samples_are_provided"/>
    <testcase time="0.0180000000000007" classname="Rules_methods" name="stopTrial_works_correctly_for_StoppingTDCIRatio_when_samples_are_provided"/>
    <testcase time="0.019999999999996" classname="Rules_methods" name="stopTrial_works_correctly_for_StoppingTDCIRatio_when_samples_are_provided"/>
    <testcase time="0.0200000000000102" classname="Rules_methods" name="stopTrial_works_correctly_for_StoppingTDCIRatio_when_samples_are_provided"/>
    <testcase time="0.0309999999999917" classname="Rules_methods" name="stopTrial_works_correctly_for_StoppingTDCIRatio_when_samples_are_provided"/>
    <testcase time="0.0200000000000102" classname="Rules_methods" name="stopTrial_works_correctly_for_StoppingTDCIRatio_when_samples_are_provided"/>
    <testcase time="0.0179999999999865" classname="Rules_methods" name="stopTrial_works_correctly_for_StoppingTDCIRatio_when_samples_are_provided"/>
    <testcase time="0.0190000000000055" classname="Rules_methods" name="stopTrial_works_correctly_for_StoppingTDCIRatio_when_samples_are_provided"/>
    <testcase time="0.0169999999999959" classname="Rules_methods" name="stopTrial_works_correctly_for_StoppingTDCIRatio_when_samples_are_provided"/>
    <testcase time="0.0180000000000007" classname="Rules_methods" name="stopTrial_works_correctly_for_StoppingTDCIRatio_when_samples_are_provided"/>
    <testcase time="0.0200000000000102" classname="Rules_methods" name="stopTrial_works_correctly_for_StoppingTDCIRatio_when_samples_are_provided"/>
    <testcase time="0.0210000000000008" classname="Rules_methods" name="stopTrial_works_correctly_for_StoppingTDCIRatio_when_samples_are_provided"/>
    <testcase time="0.019999999999996" classname="Rules_methods" name="stopTrial_works_correctly_for_StoppingTDCIRatio_when_samples_are_provided"/>
    <testcase time="0.0300000000000011" classname="Rules_methods" name="stopTrial_works_correctly_for_StoppingTDCIRatio_when_samples_are_provided"/>
    <testcase time="0.019999999999996" classname="Rules_methods" name="stopTrial_works_correctly_for_StoppingTDCIRatio_when_samples_are_provided"/>
    <testcase time="0.0190000000000055" classname="Rules_methods" name="stopTrial_works_correctly_for_StoppingTDCIRatio_when_samples_are_provided"/>
    <testcase time="0.0189999999999912" classname="Rules_methods" name="stopTrial_works_correctly_for_StoppingTDCIRatio_when_samples_are_provided"/>
    <testcase time="0.0200000000000102" classname="Rules_methods" name="stopTrial_works_correctly_for_StoppingTDCIRatio_when_samples_are_provided"/>
    <testcase time="0.019999999999996" classname="Rules_methods" name="stopTrial_works_correctly_for_StoppingTDCIRatio_when_samples_are_provided"/>
    <testcase time="0.0219999999999914" classname="Rules_methods" name="stopTrial_works_correctly_for_StoppingTDCIRatio_when_samples_are_provided"/>
    <testcase time="0.0220000000000056" classname="Rules_methods" name="stopTrial_works_correctly_for_StoppingTDCIRatio_when_samples_are_provided"/>
    <testcase time="0.0220000000000056" classname="Rules_methods" name="stopTrial_works_correctly_for_StoppingTDCIRatio_when_samples_are_provided"/>
    <testcase time="0.0339999999999918" classname="Rules_methods" name="stopTrial_works_correctly_for_StoppingTDCIRatio_when_samples_are_provided"/>
    <testcase time="0.0210000000000008" classname="Rules_methods" name="stopTrial_works_correctly_for_StoppingTDCIRatio_when_samples_are_provided"/>
    <testcase time="0.019999999999996" classname="Rules_methods" name="stopTrial_works_correctly_for_StoppingTDCIRatio_when_samples_are_provided"/>
    <testcase time="0.0210000000000008" classname="Rules_methods" name="stopTrial_works_correctly_for_StoppingTDCIRatio_when_samples_are_provided"/>
    <testcase time="0.0210000000000008" classname="Rules_methods" name="stopTrial_works_correctly_for_StoppingTDCIRatio_when_samples_are_provided"/>
    <testcase time="0.0210000000000008" classname="Rules_methods" name="stopTrial_works_correctly_for_StoppingTDCIRatio_when_samples_are_provided"/>
    <testcase time="0.0220000000000056" classname="Rules_methods" name="stopTrial_works_correctly_for_StoppingTDCIRatio_when_samples_are_provided"/>
    <testcase time="0.0220000000000056" classname="Rules_methods" name="stopTrial_works_correctly_for_StoppingTDCIRatio_when_samples_are_provided"/>
    <testcase time="0.0229999999999961" classname="Rules_methods" name="stopTrial_works_correctly_for_StoppingTDCIRatio_when_samples_are_provided"/>
    <testcase time="0.0330000000000013" classname="Rules_methods" name="stopTrial_works_correctly_for_StoppingTDCIRatio_when_samples_are_provided"/>
    <testcase time="0.0210000000000008" classname="Rules_methods" name="stopTrial_works_correctly_for_StoppingTDCIRatio_when_samples_are_provided"/>
    <testcase time="0.019999999999996" classname="Rules_methods" name="stopTrial_works_correctly_for_StoppingTDCIRatio_when_samples_are_provided"/>
    <testcase time="0.019999999999996" classname="Rules_methods" name="stopTrial_works_correctly_for_StoppingTDCIRatio_when_samples_are_provided"/>
    <testcase time="0.0190000000000055" classname="Rules_methods" name="stopTrial_works_correctly_for_StoppingTDCIRatio_when_samples_are_provided"/>
    <testcase time="0.019999999999996" classname="Rules_methods" name="stopTrial_works_correctly_for_StoppingTDCIRatio_when_samples_are_provided"/>
    <testcase time="0.0220000000000056" classname="Rules_methods" name="stopTrial_works_correctly_for_StoppingTDCIRatio_when_samples_are_provided"/>
    <testcase time="0.0219999999999914" classname="Rules_methods" name="stopTrial_works_correctly_for_StoppingTDCIRatio_when_samples_are_provided"/>
    <testcase time="0.0220000000000056" classname="Rules_methods" name="stopTrial_works_correctly_for_StoppingTDCIRatio_when_samples_are_provided"/>
    <testcase time="0.034000000000006" classname="Rules_methods" name="stopTrial_works_correctly_for_StoppingTDCIRatio_when_samples_are_provided"/>
    <testcase time="0.019999999999996" classname="Rules_methods" name="stopTrial_works_correctly_for_StoppingTDCIRatio_when_samples_are_provided"/>
    <testcase time="0.019999999999996" classname="Rules_methods" name="stopTrial_works_correctly_for_StoppingTDCIRatio_when_samples_are_provided"/>
    <testcase time="0.019999999999996" classname="Rules_methods" name="stopTrial_works_correctly_for_StoppingTDCIRatio_when_samples_are_provided"/>
    <testcase time="0.0200000000000102" classname="Rules_methods" name="stopTrial_works_correctly_for_StoppingTDCIRatio_when_samples_are_provided"/>
    <testcase time="0.0189999999999912" classname="Rules_methods" name="stopTrial_works_correctly_for_StoppingTDCIRatio_when_samples_are_provided"/>
    <testcase time="0.0190000000000055" classname="Rules_methods" name="stopTrial_works_correctly_for_StoppingTDCIRatio_when_samples_are_provided"/>
    <testcase time="0.019999999999996" classname="Rules_methods" name="stopTrial_works_correctly_for_StoppingTDCIRatio_when_samples_are_provided"/>
    <testcase time="0.0280000000000058" classname="Rules_methods" name="stopTrial_works_correctly_for_StoppingTDCIRatio_when_samples_are_provided"/>
    <testcase time="0.0210000000000008" classname="Rules_methods" name="stopTrial_works_correctly_for_StoppingTDCIRatio_when_samples_are_provided"/>
    <testcase time="0.0180000000000007" classname="Rules_methods" name="stopTrial_works_correctly_for_StoppingTDCIRatio_when_samples_are_provided"/>
    <testcase time="0.0180000000000007" classname="Rules_methods" name="stopTrial_works_correctly_for_StoppingTDCIRatio_when_samples_are_provided"/>
    <testcase time="0.0189999999999912" classname="Rules_methods" name="stopTrial_works_correctly_for_StoppingTDCIRatio_when_samples_are_provided"/>
    <testcase time="0.0180000000000007" classname="Rules_methods" name="stopTrial_works_correctly_for_StoppingTDCIRatio_when_samples_are_provided"/>
    <testcase time="0.0190000000000055" classname="Rules_methods" name="stopTrial_works_correctly_for_StoppingTDCIRatio_when_samples_are_provided"/>
    <testcase time="0.0210000000000008" classname="Rules_methods" name="stopTrial_works_correctly_for_StoppingTDCIRatio_when_samples_are_provided"/>
    <testcase time="0.0210000000000008" classname="Rules_methods" name="stopTrial_works_correctly_for_StoppingTDCIRatio_when_samples_are_provided"/>
    <testcase time="0.0310000000000059" classname="Rules_methods" name="stopTrial_works_correctly_for_StoppingTDCIRatio_when_samples_are_provided"/>
    <testcase time="0.0190000000000055" classname="Rules_methods" name="stopTrial_works_correctly_for_StoppingTDCIRatio_when_samples_are_provided"/>
    <testcase time="0.0189999999999912" classname="Rules_methods" name="stopTrial_works_correctly_for_StoppingTDCIRatio_when_samples_are_provided"/>
    <testcase time="0.0180000000000007" classname="Rules_methods" name="stopTrial_works_correctly_for_StoppingTDCIRatio_when_samples_are_provided"/>
    <testcase time="0.0190000000000055" classname="Rules_methods" name="stopTrial_works_correctly_for_StoppingTDCIRatio_when_samples_are_provided"/>
    <testcase time="0.0180000000000007" classname="Rules_methods" name="stopTrial_works_correctly_for_StoppingTDCIRatio_when_samples_are_provided"/>
    <testcase time="0.019999999999996" classname="Rules_methods" name="stopTrial_works_correctly_for_StoppingTDCIRatio_when_samples_are_provided"/>
    <testcase time="0.019999999999996" classname="Rules_methods" name="stopTrial_works_correctly_for_StoppingTDCIRatio_when_samples_are_provided"/>
    <testcase time="0.0289999999999964" classname="Rules_methods" name="stopTrial_works_correctly_for_StoppingTDCIRatio_when_samples_are_provided"/>
    <testcase time="0.0230000000000103" classname="Rules_methods" name="stopTrial_works_correctly_for_StoppingTDCIRatio_when_samples_are_provided"/>
    <testcase time="0.0189999999999912" classname="Rules_methods" name="stopTrial_works_correctly_for_StoppingTDCIRatio_when_samples_are_provided"/>
    <testcase time="0.0180000000000007" classname="Rules_methods" name="stopTrial_works_correctly_for_StoppingTDCIRatio_when_samples_are_provided"/>
    <testcase time="0.0180000000000007" classname="Rules_methods" name="stopTrial_works_correctly_for_StoppingTDCIRatio_when_samples_are_provided"/>
    <testcase time="0.0180000000000007" classname="Rules_methods" name="stopTrial_works_correctly_for_StoppingTDCIRatio_when_samples_are_provided"/>
    <testcase time="0.0190000000000055" classname="Rules_methods" name="stopTrial_works_correctly_for_StoppingTDCIRatio_when_samples_are_provided"/>
    <testcase time="0.0189999999999912" classname="Rules_methods" name="stopTrial_works_correctly_for_StoppingTDCIRatio_when_samples_are_provided"/>
    <testcase time="0.0200000000000102" classname="Rules_methods" name="stopTrial_works_correctly_for_StoppingTDCIRatio_when_samples_are_provided"/>
    <testcase time="0.0330000000000013" classname="Rules_methods" name="stopTrial_works_correctly_for_StoppingTDCIRatio_when_samples_are_provided"/>
    <testcase time="0.0180000000000007" classname="Rules_methods" name="stopTrial_works_correctly_for_StoppingTDCIRatio_when_samples_are_provided"/>
    <testcase time="0.0180000000000007" classname="Rules_methods" name="stopTrial_works_correctly_for_StoppingTDCIRatio_when_samples_are_provided"/>
    <testcase time="0.0179999999999865" classname="Rules_methods" name="stopTrial_works_correctly_for_StoppingTDCIRatio_when_samples_are_provided"/>
    <testcase time="0.0180000000000007" classname="Rules_methods" name="stopTrial_works_correctly_for_StoppingTDCIRatio_when_samples_are_provided"/>
    <testcase time="0.0180000000000007" classname="Rules_methods" name="stopTrial_works_correctly_for_StoppingTDCIRatio_when_samples_are_provided"/>
    <testcase time="0.0190000000000055" classname="Rules_methods" name="stopTrial_works_correctly_for_StoppingTDCIRatio_when_samples_are_provided"/>
    <testcase time="0.0220000000000056" classname="Rules_methods" name="stopTrial_works_correctly_for_StoppingTDCIRatio_when_samples_are_provided"/>
    <testcase time="0.0319999999999965" classname="Rules_methods" name="stopTrial_works_correctly_for_StoppingTDCIRatio_when_samples_are_provided"/>
    <testcase time="0.019999999999996" classname="Rules_methods" name="stopTrial_works_correctly_for_StoppingTDCIRatio_when_samples_are_provided"/>
    <testcase time="0.0190000000000055" classname="Rules_methods" name="stopTrial_works_correctly_for_StoppingTDCIRatio_when_samples_are_provided"/>
    <testcase time="0.0189999999999912" classname="Rules_methods" name="stopTrial_works_correctly_for_StoppingTDCIRatio_when_samples_are_provided"/>
    <testcase time="0.0190000000000055" classname="Rules_methods" name="stopTrial_works_correctly_for_StoppingTDCIRatio_when_samples_are_provided"/>
    <testcase time="0.019999999999996" classname="Rules_methods" name="stopTrial_works_correctly_for_StoppingTDCIRatio_when_samples_are_provided"/>
    <testcase time="0.0190000000000055" classname="Rules_methods" name="stopTrial_works_correctly_for_StoppingTDCIRatio_when_samples_are_provided"/>
    <testcase time="0.019999999999996" classname="Rules_methods" name="stopTrial_works_correctly_for_StoppingTDCIRatio_when_samples_are_provided"/>
    <testcase time="0.0390000000000015" classname="Rules_methods" name="stopTrial_works_correctly_for_StoppingTDCIRatio_when_samples_are_provided"/>
    <testcase time="0.027000000000001" classname="Rules_methods" name="stopTrial_works_correctly_for_StoppingTDCIRatio_when_samples_are_provided"/>
    <testcase time="0.0220000000000056" classname="Rules_methods" name="stopTrial_works_correctly_for_StoppingTDCIRatio_when_samples_are_provided"/>
    <testcase time="0.0189999999999912" classname="Rules_methods" name="stopTrial_works_correctly_for_StoppingTDCIRatio_when_samples_are_provided"/>
    <testcase time="0.0180000000000007" classname="Rules_methods" name="stopTrial_works_correctly_for_StoppingTDCIRatio_when_samples_are_provided"/>
    <testcase time="0.0190000000000055" classname="Rules_methods" name="stopTrial_works_correctly_for_StoppingTDCIRatio_when_samples_are_provided"/>
    <testcase time="0.019999999999996" classname="Rules_methods" name="stopTrial_works_correctly_for_StoppingTDCIRatio_when_samples_are_provided"/>
    <testcase time="0.019999999999996" classname="Rules_methods" name="stopTrial_works_correctly_for_StoppingTDCIRatio_when_samples_are_provided"/>
    <testcase time="0.0200000000000102" classname="Rules_methods" name="stopTrial_works_correctly_for_StoppingTDCIRatio_when_samples_are_provided"/>
    <testcase time="0.0210000000000008" classname="Rules_methods" name="stopTrial_works_correctly_for_StoppingTDCIRatio_when_samples_are_provided"/>
    <testcase time="0.0330000000000013" classname="Rules_methods" name="stopTrial_works_correctly_for_StoppingTDCIRatio_when_samples_are_provided"/>
    <testcase time="0.027000000000001" classname="Rules_methods" name="stopTrial_works_correctly_for_StoppingTDCIRatio_when_samples_are_provided"/>
    <testcase time="0.019999999999996" classname="Rules_methods" name="stopTrial_works_correctly_for_StoppingTDCIRatio_when_samples_are_provided"/>
    <testcase time="0.0180000000000007" classname="Rules_methods" name="stopTrial_works_correctly_for_StoppingTDCIRatio_when_samples_are_provided"/>
    <testcase time="0.0170000000000101" classname="Rules_methods" name="stopTrial_works_correctly_for_StoppingTDCIRatio_when_samples_are_provided"/>
    <testcase time="0.0169999999999959" classname="Rules_methods" name="stopTrial_works_correctly_for_StoppingTDCIRatio_when_samples_are_provided"/>
    <testcase time="0.0169999999999959" classname="Rules_methods" name="stopTrial_works_correctly_for_StoppingTDCIRatio_when_samples_are_provided"/>
    <testcase time="0.0180000000000007" classname="Rules_methods" name="stopTrial_works_correctly_for_StoppingTDCIRatio_when_samples_are_provided"/>
    <testcase time="0.0190000000000055" classname="Rules_methods" name="stopTrial_works_correctly_for_StoppingTDCIRatio_when_samples_are_provided"/>
    <testcase time="0.0279999999999916" classname="Rules_methods" name="stopTrial_works_correctly_for_StoppingTDCIRatio_when_samples_are_provided"/>
    <testcase time="0.0290000000000106" classname="Rules_methods" name="stopTrial_works_correctly_for_StoppingTDCIRatio_when_samples_are_provided"/>
    <testcase time="0.019999999999996" classname="Rules_methods" name="stopTrial_works_correctly_for_StoppingTDCIRatio_when_samples_are_provided"/>
    <testcase time="0.0180000000000007" classname="Rules_methods" name="stopTrial_works_correctly_for_StoppingTDCIRatio_when_samples_are_provided"/>
    <testcase time="0.0189999999999912" classname="Rules_methods" name="stopTrial_works_correctly_for_StoppingTDCIRatio_when_samples_are_provided"/>
    <testcase time="0.0180000000000007" classname="Rules_methods" name="stopTrial_works_correctly_for_StoppingTDCIRatio_when_samples_are_provided"/>
    <testcase time="0.0180000000000007" classname="Rules_methods" name="stopTrial_works_correctly_for_StoppingTDCIRatio_when_samples_are_provided"/>
    <testcase time="0.0200000000000102" classname="Rules_methods" name="stopTrial_works_correctly_for_StoppingTDCIRatio_when_samples_are_provided"/>
    <testcase time="0.019999999999996" classname="Rules_methods" name="stopTrial_works_correctly_for_StoppingTDCIRatio_when_samples_are_provided"/>
    <testcase time="0.0289999999999964" classname="Rules_methods" name="stopTrial_works_correctly_for_StoppingTDCIRatio_when_samples_are_provided"/>
    <testcase time="0.0300000000000011" classname="Rules_methods" name="stopTrial_works_correctly_for_StoppingTDCIRatio_when_samples_are_provided"/>
    <testcase time="0.0250000000000057" classname="Rules_methods" name="stopTrial_works_correctly_for_StoppingTDCIRatio_when_samples_are_provided"/>
    <testcase time="0.019999999999996" classname="Rules_methods" name="stopTrial_works_correctly_for_StoppingTDCIRatio_when_samples_are_provided"/>
    <testcase time="0.019999999999996" classname="Rules_methods" name="stopTrial_works_correctly_for_StoppingTDCIRatio_when_samples_are_provided"/>
    <testcase time="0.0210000000000008" classname="Rules_methods" name="stopTrial_works_correctly_for_StoppingTDCIRatio_when_samples_are_provided"/>
    <testcase time="0.019999999999996" classname="Rules_methods" name="stopTrial_works_correctly_for_StoppingTDCIRatio_when_samples_are_provided"/>
    <testcase time="0.0200000000000102" classname="Rules_methods" name="stopTrial_works_correctly_for_StoppingTDCIRatio_when_samples_are_provided"/>
    <testcase time="0.019999999999996" classname="Rules_methods" name="stopTrial_works_correctly_for_StoppingTDCIRatio_when_samples_are_provided"/>
    <testcase time="0.0220000000000056" classname="Rules_methods" name="stopTrial_works_correctly_for_StoppingTDCIRatio_when_samples_are_provided"/>
    <testcase time="0.0319999999999965" classname="Rules_methods" name="stopTrial_works_correctly_for_StoppingTDCIRatio_when_samples_are_provided"/>
    <testcase time="0.0390000000000015" classname="Rules_methods" name="stopTrial_works_correctly_for_StoppingTDCIRatio_when_samples_are_not_provided"/>
    <testcase time="0.019999999999996" classname="Rules_methods" name="stopTrial_works_correctly_for_StoppingTDCIRatio_when_samples_are_not_provided"/>
    <testcase time="0.0190000000000055" classname="Rules_methods" name="stopTrial_works_correctly_for_StoppingTDCIRatio_when_samples_are_not_provided"/>
    <testcase time="0.019999999999996" classname="Rules_methods" name="stopTrial_works_correctly_for_StoppingTDCIRatio_when_samples_are_not_provided"/>
    <testcase time="0.019999999999996" classname="Rules_methods" name="stopTrial_works_correctly_for_StoppingTDCIRatio_when_samples_are_not_provided"/>
    <testcase time="0.0210000000000008" classname="Rules_methods" name="stopTrial_works_correctly_for_StoppingTDCIRatio_when_samples_are_not_provided"/>
    <testcase time="0.0220000000000056" classname="Rules_methods" name="stopTrial_works_correctly_for_StoppingTDCIRatio_when_samples_are_not_provided"/>
    <testcase time="0.0309999999999917" classname="Rules_methods" name="stopTrial_works_correctly_for_StoppingTDCIRatio_when_samples_are_not_provided"/>
    <testcase time="0.027000000000001" classname="Rules_methods" name="stopTrial_works_correctly_for_StoppingTDCIRatio_when_samples_are_not_provided"/>
    <testcase time="0.0200000000000102" classname="Rules_methods" name="stopTrial_works_correctly_for_StoppingTDCIRatio_when_samples_are_not_provided"/>
    <testcase time="0.019999999999996" classname="Rules_methods" name="stopTrial_works_correctly_for_StoppingTDCIRatio_when_samples_are_not_provided"/>
    <testcase time="0.0189999999999912" classname="Rules_methods" name="stopTrial_works_correctly_for_StoppingTDCIRatio_when_samples_are_not_provided"/>
    <testcase time="0.0200000000000102" classname="Rules_methods" name="stopTrial_works_correctly_for_StoppingTDCIRatio_when_samples_are_not_provided"/>
    <testcase time="0.019999999999996" classname="Rules_methods" name="stopTrial_works_correctly_for_StoppingTDCIRatio_when_samples_are_not_provided"/>
    <testcase time="0.0220000000000056" classname="Rules_methods" name="stopTrial_works_correctly_for_StoppingTDCIRatio_when_samples_are_not_provided"/>
    <testcase time="0.0229999999999961" classname="Rules_methods" name="stopTrial_works_correctly_for_StoppingTDCIRatio_when_samples_are_not_provided"/>
    <testcase time="0.0349999999999966" classname="Rules_methods" name="stopTrial_works_correctly_for_StoppingTDCIRatio_when_samples_are_not_provided"/>
    <testcase time="0.0250000000000057" classname="Rules_methods" name="stopTrial_works_correctly_for_StoppingTDCIRatio_when_samples_are_not_provided"/>
    <testcase time="0.0210000000000008" classname="Rules_methods" name="stopTrial_works_correctly_for_StoppingTDCIRatio_when_samples_are_not_provided"/>
    <testcase time="0.019999999999996" classname="Rules_methods" name="stopTrial_works_correctly_for_StoppingTDCIRatio_when_samples_are_not_provided"/>
    <testcase time="0.0210000000000008" classname="Rules_methods" name="stopTrial_works_correctly_for_StoppingTDCIRatio_when_samples_are_not_provided"/>
    <testcase time="0.019999999999996" classname="Rules_methods" name="stopTrial_works_correctly_for_StoppingTDCIRatio_when_samples_are_not_provided"/>
    <testcase time="0.0210000000000008" classname="Rules_methods" name="stopTrial_works_correctly_for_StoppingTDCIRatio_when_samples_are_not_provided"/>
    <testcase time="0.0220000000000056" classname="Rules_methods" name="stopTrial_works_correctly_for_StoppingTDCIRatio_when_samples_are_not_provided"/>
    <testcase time="0.0309999999999917" classname="Rules_methods" name="stopTrial_works_correctly_for_StoppingTDCIRatio_when_samples_are_not_provided"/>
    <testcase time="0.0280000000000058" classname="Rules_methods" name="stopTrial_works_correctly_for_StoppingTDCIRatio_when_samples_are_not_provided"/>
    <testcase time="0.0190000000000055" classname="Rules_methods" name="stopTrial_works_correctly_for_StoppingTDCIRatio_when_samples_are_not_provided"/>
    <testcase time="0.019999999999996" classname="Rules_methods" name="stopTrial_works_correctly_for_StoppingTDCIRatio_when_samples_are_not_provided"/>
    <testcase time="0.0189999999999912" classname="Rules_methods" name="stopTrial_works_correctly_for_StoppingTDCIRatio_when_samples_are_not_provided"/>
    <testcase time="0.0200000000000102" classname="Rules_methods" name="stopTrial_works_correctly_for_StoppingTDCIRatio_when_samples_are_not_provided"/>
    <testcase time="0.0219999999999914" classname="Rules_methods" name="stopTrial_works_correctly_for_StoppingTDCIRatio_when_samples_are_not_provided"/>
    <testcase time="0.0220000000000056" classname="Rules_methods" name="stopTrial_works_correctly_for_StoppingTDCIRatio_when_samples_are_not_provided"/>
    <testcase time="0.0240000000000009" classname="Rules_methods" name="stopTrial_works_correctly_for_StoppingTDCIRatio_when_samples_are_not_provided"/>
    <testcase time="0.0379999999999967" classname="Rules_methods" name="stopTrial_works_correctly_for_StoppingTDCIRatio_when_samples_are_not_provided"/>
    <testcase time="0.0259999999999962" classname="Rules_methods" name="stopTrial_works_correctly_for_StoppingTDCIRatio_when_samples_are_not_provided"/>
    <testcase time="0.0230000000000103" classname="Rules_methods" name="stopTrial_works_correctly_for_StoppingTDCIRatio_when_samples_are_not_provided"/>
    <testcase time="0.0210000000000008" classname="Rules_methods" name="stopTrial_works_correctly_for_StoppingTDCIRatio_when_samples_are_not_provided"/>
    <testcase time="0.019999999999996" classname="Rules_methods" name="stopTrial_works_correctly_for_StoppingTDCIRatio_when_samples_are_not_provided"/>
    <testcase time="0.0189999999999912" classname="Rules_methods" name="stopTrial_works_correctly_for_StoppingTDCIRatio_when_samples_are_not_provided"/>
    <testcase time="0.0210000000000008" classname="Rules_methods" name="stopTrial_works_correctly_for_StoppingTDCIRatio_when_samples_are_not_provided"/>
    <testcase time="0.0210000000000008" classname="Rules_methods" name="stopTrial_works_correctly_for_StoppingTDCIRatio_when_samples_are_not_provided"/>
    <testcase time="0.0330000000000013" classname="Rules_methods" name="stopTrial_works_correctly_for_StoppingTDCIRatio_when_samples_are_not_provided"/>
    <testcase time="0.0260000000000105" classname="Rules_methods" name="stopTrial_works_correctly_for_StoppingTDCIRatio_when_samples_are_not_provided"/>
    <testcase time="0.019999999999996" classname="Rules_methods" name="stopTrial_works_correctly_for_StoppingTDCIRatio_when_samples_are_not_provided"/>
    <testcase time="0.0210000000000008" classname="Rules_methods" name="stopTrial_works_correctly_for_StoppingTDCIRatio_when_samples_are_not_provided"/>
    <testcase time="0.0200000000000102" classname="Rules_methods" name="stopTrial_works_correctly_for_StoppingTDCIRatio_when_samples_are_not_provided"/>
    <testcase time="0.019999999999996" classname="Rules_methods" name="stopTrial_works_correctly_for_StoppingTDCIRatio_when_samples_are_not_provided"/>
    <testcase time="0.0210000000000008" classname="Rules_methods" name="stopTrial_works_correctly_for_StoppingTDCIRatio_when_samples_are_not_provided"/>
    <testcase time="0.0220000000000056" classname="Rules_methods" name="stopTrial_works_correctly_for_StoppingTDCIRatio_when_samples_are_not_provided"/>
    <testcase time="0.0319999999999965" classname="Rules_methods" name="stopTrial_works_correctly_for_StoppingTDCIRatio_when_samples_are_not_provided"/>
    <testcase time="0.0289999999999964" classname="Rules_methods" name="stopTrial_works_correctly_for_StoppingTDCIRatio_when_samples_are_not_provided"/>
    <testcase time="0.0210000000000008" classname="Rules_methods" name="stopTrial_works_correctly_for_StoppingTDCIRatio_when_samples_are_not_provided"/>
    <testcase time="0.0210000000000008" classname="Rules_methods" name="stopTrial_works_correctly_for_StoppingTDCIRatio_when_samples_are_not_provided"/>
    <testcase time="0.0219999999999914" classname="Rules_methods" name="stopTrial_works_correctly_for_StoppingTDCIRatio_when_samples_are_not_provided"/>
    <testcase time="0.0210000000000008" classname="Rules_methods" name="stopTrial_works_correctly_for_StoppingTDCIRatio_when_samples_are_not_provided"/>
    <testcase time="0.0210000000000008" classname="Rules_methods" name="stopTrial_works_correctly_for_StoppingTDCIRatio_when_samples_are_not_provided"/>
    <testcase time="0.0229999999999961" classname="Rules_methods" name="stopTrial_works_correctly_for_StoppingTDCIRatio_when_samples_are_not_provided"/>
    <testcase time="0.0330000000000013" classname="Rules_methods" name="stopTrial_works_correctly_for_StoppingTDCIRatio_when_samples_are_not_provided"/>
    <testcase time="0.0320000000000107" classname="Rules_methods" name="stopTrial_works_correctly_for_StoppingTDCIRatio_when_samples_are_not_provided"/>
    <testcase time="0.0209999999999866" classname="Rules_methods" name="stopTrial_works_correctly_for_StoppingTDCIRatio_when_samples_are_not_provided"/>
    <testcase time="0.0220000000000056" classname="Rules_methods" name="stopTrial_works_correctly_for_StoppingTDCIRatio_when_samples_are_not_provided"/>
    <testcase time="0.0220000000000056" classname="Rules_methods" name="stopTrial_works_correctly_for_StoppingTDCIRatio_when_samples_are_not_provided"/>
    <testcase time="0.0210000000000008" classname="Rules_methods" name="stopTrial_works_correctly_for_StoppingTDCIRatio_when_samples_are_not_provided"/>
    <testcase time="0.0210000000000008" classname="Rules_methods" name="stopTrial_works_correctly_for_StoppingTDCIRatio_when_samples_are_not_provided"/>
    <testcase time="0.0219999999999914" classname="Rules_methods" name="stopTrial_works_correctly_for_StoppingTDCIRatio_when_samples_are_not_provided"/>
    <testcase time="0.0289999999999964" classname="Rules_methods" name="stopTrial_works_correctly_for_StoppingTDCIRatio_when_samples_are_not_provided"/>
    <testcase time="0.0320000000000107" classname="Rules_methods" name="stopTrial_works_correctly_for_StoppingTDCIRatio_when_samples_are_not_provided"/>
    <testcase time="0.0229999999999961" classname="Rules_methods" name="stopTrial_works_correctly_for_StoppingTDCIRatio_when_samples_are_not_provided"/>
    <testcase time="0.019999999999996" classname="Rules_methods" name="stopTrial_works_correctly_for_StoppingTDCIRatio_when_samples_are_not_provided"/>
    <testcase time="0.019999999999996" classname="Rules_methods" name="stopTrial_works_correctly_for_StoppingTDCIRatio_when_samples_are_not_provided"/>
    <testcase time="0.0220000000000056" classname="Rules_methods" name="stopTrial_works_correctly_for_StoppingTDCIRatio_when_samples_are_not_provided"/>
    <testcase time="0.0210000000000008" classname="Rules_methods" name="stopTrial_works_correctly_for_StoppingTDCIRatio_when_samples_are_not_provided"/>
    <testcase time="0.0219999999999914" classname="Rules_methods" name="stopTrial_works_correctly_for_StoppingTDCIRatio_when_samples_are_not_provided"/>
    <testcase time="0.0290000000000106" classname="Rules_methods" name="stopTrial_works_correctly_for_StoppingTDCIRatio_when_samples_are_not_provided"/>
    <testcase time="0.0309999999999917" classname="Rules_methods" name="stopTrial_works_correctly_for_StoppingTDCIRatio_when_samples_are_not_provided"/>
    <testcase time="0.0210000000000008" classname="Rules_methods" name="stopTrial_works_correctly_for_StoppingTDCIRatio_when_samples_are_not_provided"/>
    <testcase time="0.019999999999996" classname="Rules_methods" name="stopTrial_works_correctly_for_StoppingTDCIRatio_when_samples_are_not_provided"/>
    <testcase time="0.0220000000000056" classname="Rules_methods" name="stopTrial_works_correctly_for_StoppingTDCIRatio_when_samples_are_not_provided"/>
    <testcase time="0.0210000000000008" classname="Rules_methods" name="stopTrial_works_correctly_for_StoppingTDCIRatio_when_samples_are_not_provided"/>
    <testcase time="0.019999999999996" classname="Rules_methods" name="stopTrial_works_correctly_for_StoppingTDCIRatio_when_samples_are_not_provided"/>
    <testcase time="0.0210000000000008" classname="Rules_methods" name="stopTrial_works_correctly_for_StoppingTDCIRatio_when_samples_are_not_provided"/>
    <testcase time="0.0220000000000056" classname="Rules_methods" name="stopTrial_works_correctly_for_StoppingTDCIRatio_when_samples_are_not_provided"/>
    <testcase time="0.0379999999999967" classname="Rules_methods" name="stopTrial_works_correctly_for_StoppingTDCIRatio_when_samples_are_not_provided"/>
    <testcase time="0.0229999999999961" classname="Rules_methods" name="stopTrial_works_correctly_for_StoppingTDCIRatio_when_samples_are_not_provided"/>
    <testcase time="0.0210000000000008" classname="Rules_methods" name="stopTrial_works_correctly_for_StoppingTDCIRatio_when_samples_are_not_provided"/>
    <testcase time="0.0210000000000008" classname="Rules_methods" name="stopTrial_works_correctly_for_StoppingTDCIRatio_when_samples_are_not_provided"/>
    <testcase time="0.0210000000000008" classname="Rules_methods" name="stopTrial_works_correctly_for_StoppingTDCIRatio_when_samples_are_not_provided"/>
    <testcase time="0.0210000000000008" classname="Rules_methods" name="stopTrial_works_correctly_for_StoppingTDCIRatio_when_samples_are_not_provided"/>
    <testcase time="0.0220000000000056" classname="Rules_methods" name="stopTrial_works_correctly_for_StoppingTDCIRatio_when_samples_are_not_provided"/>
    <testcase time="0.0219999999999914" classname="Rules_methods" name="stopTrial_works_correctly_for_StoppingTDCIRatio_when_samples_are_not_provided"/>
    <testcase time="0.0370000000000061" classname="Rules_methods" name="stopTrial_works_correctly_for_StoppingTDCIRatio_when_samples_are_not_provided"/>
    <testcase time="0.0229999999999961" classname="Rules_methods" name="stopTrial_works_correctly_for_StoppingTDCIRatio_when_samples_are_not_provided"/>
    <testcase time="0.0190000000000055" classname="Rules_methods" name="stopTrial_works_correctly_for_StoppingTDCIRatio_when_samples_are_not_provided"/>
    <testcase time="0.019999999999996" classname="Rules_methods" name="stopTrial_works_correctly_for_StoppingTDCIRatio_when_samples_are_not_provided"/>
    <testcase time="0.019999999999996" classname="Rules_methods" name="stopTrial_works_correctly_for_StoppingTDCIRatio_when_samples_are_not_provided"/>
    <testcase time="0.0190000000000055" classname="Rules_methods" name="stopTrial_works_correctly_for_StoppingTDCIRatio_when_samples_are_not_provided"/>
    <testcase time="0.0210000000000008" classname="Rules_methods" name="stopTrial_works_correctly_for_StoppingTDCIRatio_when_samples_are_not_provided"/>
    <testcase time="0.0229999999999961" classname="Rules_methods" name="stopTrial_works_correctly_for_StoppingTDCIRatio_when_samples_are_not_provided"/>
    <testcase time="0.0370000000000061" classname="Rules_methods" name="stopTrial_works_correctly_for_StoppingTDCIRatio_when_samples_are_not_provided"/>
    <testcase time="0.0210000000000008" classname="Rules_methods" name="stopTrial_works_correctly_for_StoppingTDCIRatio_when_samples_are_not_provided"/>
    <testcase time="0.019999999999996" classname="Rules_methods" name="stopTrial_works_correctly_for_StoppingTDCIRatio_when_samples_are_not_provided"/>
    <testcase time="0.019999999999996" classname="Rules_methods" name="stopTrial_works_correctly_for_StoppingTDCIRatio_when_samples_are_not_provided"/>
    <testcase time="0.0210000000000008" classname="Rules_methods" name="stopTrial_works_correctly_for_StoppingTDCIRatio_when_samples_are_not_provided"/>
    <testcase time="0.0210000000000008" classname="Rules_methods" name="stopTrial_works_correctly_for_StoppingTDCIRatio_when_samples_are_not_provided"/>
    <testcase time="0.019999999999996" classname="Rules_methods" name="stopTrial_works_correctly_for_StoppingTDCIRatio_when_samples_are_not_provided"/>
    <testcase time="0.0280000000000058" classname="Rules_methods" name="stopTrial_works_correctly_for_StoppingTDCIRatio_when_samples_are_not_provided"/>
    <testcase time="0.0310000000000059" classname="Rules_methods" name="stopTrial_works_correctly_for_StoppingTDCIRatio_when_samples_are_not_provided"/>
    <testcase time="0.019999999999996" classname="Rules_methods" name="stopTrial_works_correctly_for_StoppingTDCIRatio_when_samples_are_not_provided"/>
    <testcase time="0.0219999999999914" classname="Rules_methods" name="stopTrial_works_correctly_for_StoppingTDCIRatio_when_samples_are_not_provided"/>
    <testcase time="0.0210000000000008" classname="Rules_methods" name="stopTrial_works_correctly_for_StoppingTDCIRatio_when_samples_are_not_provided"/>
    <testcase time="0.0210000000000008" classname="Rules_methods" name="stopTrial_works_correctly_for_StoppingTDCIRatio_when_samples_are_not_provided"/>
    <testcase time="0.0210000000000008" classname="Rules_methods" name="stopTrial_works_correctly_for_StoppingTDCIRatio_when_samples_are_not_provided"/>
    <testcase time="0.0230000000000103" classname="Rules_methods" name="stopTrial_works_correctly_for_StoppingTDCIRatio_when_samples_are_not_provided"/>
    <testcase time="0.0309999999999917" classname="Rules_methods" name="stopTrial_works_correctly_for_StoppingTDCIRatio_when_samples_are_not_provided"/>
    <testcase time="0.0289999999999964" classname="Rules_methods" name="stopTrial_works_correctly_for_StoppingTDCIRatio_when_samples_are_not_provided"/>
    <testcase time="0.0210000000000008" classname="Rules_methods" name="stopTrial_works_correctly_for_StoppingTDCIRatio_when_samples_are_not_provided"/>
    <testcase time="0.0190000000000055" classname="Rules_methods" name="stopTrial_works_correctly_for_StoppingTDCIRatio_when_samples_are_not_provided"/>
    <testcase time="0.019999999999996" classname="Rules_methods" name="stopTrial_works_correctly_for_StoppingTDCIRatio_when_samples_are_not_provided"/>
    <testcase time="0.0210000000000008" classname="Rules_methods" name="stopTrial_works_correctly_for_StoppingTDCIRatio_when_samples_are_not_provided"/>
    <testcase time="0.019999999999996" classname="Rules_methods" name="stopTrial_works_correctly_for_StoppingTDCIRatio_when_samples_are_not_provided"/>
    <testcase time="0.0220000000000056" classname="Rules_methods" name="stopTrial_works_correctly_for_StoppingTDCIRatio_when_samples_are_not_provided"/>
    <testcase time="0.034000000000006" classname="Rules_methods" name="stopTrial_works_correctly_for_StoppingTDCIRatio_when_samples_are_not_provided"/>
    <testcase time="0.0279999999999916" classname="Rules_methods" name="stopTrial_works_correctly_for_StoppingTDCIRatio_when_samples_are_not_provided"/>
    <testcase time="0.0210000000000008" classname="Rules_methods" name="stopTrial_works_correctly_for_StoppingTDCIRatio_when_samples_are_not_provided"/>
    <testcase time="0.019999999999996" classname="Rules_methods" name="stopTrial_works_correctly_for_StoppingTDCIRatio_when_samples_are_not_provided"/>
    <testcase time="0.019999999999996" classname="Rules_methods" name="stopTrial_works_correctly_for_StoppingTDCIRatio_when_samples_are_not_provided"/>
    <testcase time="0.0200000000000102" classname="Rules_methods" name="stopTrial_works_correctly_for_StoppingTDCIRatio_when_samples_are_not_provided"/>
    <testcase time="0.0219999999999914" classname="Rules_methods" name="stopTrial_works_correctly_for_StoppingTDCIRatio_when_samples_are_not_provided"/>
    <testcase time="0.0210000000000008" classname="Rules_methods" name="stopTrial_works_correctly_for_StoppingTDCIRatio_when_samples_are_not_provided"/>
    <testcase time="0.034000000000006" classname="Rules_methods" name="stopTrial_works_correctly_for_StoppingTDCIRatio_when_samples_are_not_provided"/>
    <testcase time="0.0259999999999962" classname="Rules_methods" name="stopTrial_works_correctly_for_StoppingTDCIRatio_when_samples_are_not_provided"/>
    <testcase time="0.0220000000000056" classname="Rules_methods" name="stopTrial_works_correctly_for_StoppingTDCIRatio_when_samples_are_not_provided"/>
    <testcase time="0.0219999999999914" classname="Rules_methods" name="stopTrial_works_correctly_for_StoppingTDCIRatio_when_samples_are_not_provided"/>
    <testcase time="0.0230000000000103" classname="Rules_methods" name="stopTrial_works_correctly_for_StoppingTDCIRatio_when_samples_are_not_provided"/>
    <testcase time="0.0229999999999961" classname="Rules_methods" name="stopTrial_works_correctly_for_StoppingTDCIRatio_when_samples_are_not_provided"/>
    <testcase time="0.0219999999999914" classname="Rules_methods" name="stopTrial_works_correctly_for_StoppingTDCIRatio_when_samples_are_not_provided"/>
    <testcase time="0.0229999999999961" classname="Rules_methods" name="stopTrial_works_correctly_for_StoppingTDCIRatio_when_samples_are_not_provided"/>
    <testcase time="0.0550000000000068" classname="Rules_methods" name="stopTrial_works_correctly_for_StoppingTDCIRatio_when_samples_are_not_provided"/>
    <testcase time="0.019999999999996" classname="Rules_methods" name="stopTrial_works_correctly_for_StoppingTDCIRatio_when_samples_are_not_provided"/>
    <testcase time="0.0220000000000056" classname="Rules_methods" name="stopTrial_works_correctly_for_StoppingTDCIRatio_when_samples_are_not_provided"/>
    <testcase time="0.0210000000000008" classname="Rules_methods" name="stopTrial_works_correctly_for_StoppingTDCIRatio_when_samples_are_not_provided"/>
    <testcase time="0.019999999999996" classname="Rules_methods" name="stopTrial_works_correctly_for_StoppingTDCIRatio_when_samples_are_not_provided"/>
    <testcase time="0.0229999999999961" classname="Rules_methods" name="stopTrial_works_correctly_for_StoppingTDCIRatio_when_samples_are_not_provided"/>
    <testcase time="0.0230000000000103" classname="Rules_methods" name="stopTrial_works_correctly_for_StoppingTDCIRatio_when_samples_are_not_provided"/>
    <testcase time="0.0240000000000009" classname="Rules_methods" name="stopTrial_works_correctly_for_StoppingTDCIRatio_when_samples_are_not_provided"/>
    <testcase time="0.034000000000006" classname="Rules_methods" name="stopTrial_works_correctly_for_StoppingTDCIRatio_when_samples_are_not_provided"/>
    <testcase time="0.0240000000000009" classname="Rules_methods" name="stopTrial_works_correctly_for_StoppingTDCIRatio_when_samples_are_not_provided"/>
    <testcase time="0.0219999999999914" classname="Rules_methods" name="stopTrial_works_correctly_for_StoppingTDCIRatio_when_samples_are_not_provided"/>
    <testcase time="0.0210000000000008" classname="Rules_methods" name="stopTrial_works_correctly_for_StoppingTDCIRatio_when_samples_are_not_provided"/>
    <testcase time="0.019999999999996" classname="Rules_methods" name="stopTrial_works_correctly_for_StoppingTDCIRatio_when_samples_are_not_provided"/>
    <testcase time="0.0200000000000102" classname="Rules_methods" name="stopTrial_works_correctly_for_StoppingTDCIRatio_when_samples_are_not_provided"/>
    <testcase time="0.0210000000000008" classname="Rules_methods" name="stopTrial_works_correctly_for_StoppingTDCIRatio_when_samples_are_not_provided"/>
    <testcase time="0.0240000000000009" classname="Rules_methods" name="stopTrial_works_correctly_for_StoppingTDCIRatio_when_samples_are_not_provided"/>
    <testcase time="0.0229999999999961" classname="Rules_methods" name="stopTrial_works_correctly_for_StoppingTDCIRatio_when_samples_are_not_provided"/>
    <testcase time="0.034000000000006" classname="Rules_methods" name="stopTrial_works_correctly_for_StoppingTDCIRatio_when_samples_are_not_provided"/>
    <testcase time="0.0219999999999914" classname="Rules_methods" name="stopTrial_works_correctly_for_StoppingTDCIRatio_when_samples_are_not_provided"/>
    <testcase time="0.0229999999999961" classname="Rules_methods" name="stopTrial_works_correctly_for_StoppingTDCIRatio_when_samples_are_not_provided"/>
    <testcase time="0.0229999999999961" classname="Rules_methods" name="stopTrial_works_correctly_for_StoppingTDCIRatio_when_samples_are_not_provided"/>
    <testcase time="0.0230000000000103" classname="Rules_methods" name="stopTrial_works_correctly_for_StoppingTDCIRatio_when_samples_are_not_provided"/>
    <testcase time="0.0229999999999961" classname="Rules_methods" name="stopTrial_works_correctly_for_StoppingTDCIRatio_when_samples_are_not_provided"/>
    <testcase time="0.0229999999999961" classname="Rules_methods" name="stopTrial_works_correctly_for_StoppingTDCIRatio_when_samples_are_not_provided"/>
    <testcase time="0.0229999999999961" classname="Rules_methods" name="stopTrial_works_correctly_for_StoppingTDCIRatio_when_samples_are_not_provided"/>
    <testcase time="0.0350000000000108" classname="Rules_methods" name="stopTrial_works_correctly_for_StoppingTDCIRatio_when_samples_are_not_provided"/>
    <testcase time="0.0219999999999914" classname="Rules_methods" name="stopTrial_works_correctly_for_StoppingTDCIRatio_when_samples_are_not_provided"/>
    <testcase time="0.0220000000000056" classname="Rules_methods" name="stopTrial_works_correctly_for_StoppingTDCIRatio_when_samples_are_not_provided"/>
    <testcase time="0.0219999999999914" classname="Rules_methods" name="stopTrial_works_correctly_for_StoppingTDCIRatio_when_samples_are_not_provided"/>
    <testcase time="0.0220000000000056" classname="Rules_methods" name="stopTrial_works_correctly_for_StoppingTDCIRatio_when_samples_are_not_provided"/>
    <testcase time="0.0220000000000056" classname="Rules_methods" name="stopTrial_works_correctly_for_StoppingTDCIRatio_when_samples_are_not_provided"/>
    <testcase time="0.0229999999999961" classname="Rules_methods" name="stopTrial_works_correctly_for_StoppingTDCIRatio_when_samples_are_not_provided"/>
    <testcase time="0.019999999999996" classname="Rules_methods" name="stopTrial_works_correctly_for_StoppingTDCIRatio_when_samples_are_not_provided"/>
    <testcase time="0.0319999999999965" classname="Rules_methods" name="stopTrial_works_correctly_for_StoppingTDCIRatio_when_samples_are_not_provided"/>
    <testcase time="0.0200000000000102" classname="Rules_methods" name="stopTrial_works_correctly_for_StoppingTDCIRatio_when_samples_are_not_provided"/>
    <testcase time="0.019999999999996" classname="Rules_methods" name="stopTrial_works_correctly_for_StoppingTDCIRatio_when_samples_are_not_provided"/>
    <testcase time="0.019999999999996" classname="Rules_methods" name="stopTrial_works_correctly_for_StoppingTDCIRatio_when_samples_are_not_provided"/>
    <testcase time="0.0210000000000008" classname="Rules_methods" name="stopTrial_works_correctly_for_StoppingTDCIRatio_when_samples_are_not_provided"/>
    <testcase time="0.0210000000000008" classname="Rules_methods" name="stopTrial_works_correctly_for_StoppingTDCIRatio_when_samples_are_not_provided"/>
    <testcase time="0.0229999999999961" classname="Rules_methods" name="stopTrial_works_correctly_for_StoppingTDCIRatio_when_samples_are_not_provided"/>
    <testcase time="0.0229999999999961" classname="Rules_methods" name="stopTrial_works_correctly_for_StoppingTDCIRatio_when_samples_are_not_provided"/>
    <testcase time="0.0310000000000059" classname="Rules_methods" name="stopTrial_works_correctly_for_StoppingTDCIRatio_when_samples_are_not_provided"/>
    <testcase time="0.0220000000000056" classname="Rules_methods" name="stopTrial_works_correctly_for_StoppingTDCIRatio_when_samples_are_not_provided"/>
    <testcase time="0.0210000000000008" classname="Rules_methods" name="stopTrial_works_correctly_for_StoppingTDCIRatio_when_samples_are_not_provided"/>
    <testcase time="0.0220000000000056" classname="Rules_methods" name="stopTrial_works_correctly_for_StoppingTDCIRatio_when_samples_are_not_provided"/>
    <testcase time="0.0219999999999914" classname="Rules_methods" name="stopTrial_works_correctly_for_StoppingTDCIRatio_when_samples_are_not_provided"/>
    <testcase time="0.0220000000000056" classname="Rules_methods" name="stopTrial_works_correctly_for_StoppingTDCIRatio_when_samples_are_not_provided"/>
    <testcase time="0.0220000000000056" classname="Rules_methods" name="stopTrial_works_correctly_for_StoppingTDCIRatio_when_samples_are_not_provided"/>
    <testcase time="0.0229999999999961" classname="Rules_methods" name="stopTrial_works_correctly_for_StoppingTDCIRatio_when_samples_are_not_provided"/>
    <testcase time="0.0319999999999965" classname="Rules_methods" name="stopTrial_works_correctly_for_StoppingTDCIRatio_when_samples_are_not_provided"/>
    <testcase time="0.0240000000000009" classname="Rules_methods" name="stopTrial_works_correctly_for_StoppingTDCIRatio_when_samples_are_not_provided"/>
    <testcase time="0.0220000000000056" classname="Rules_methods" name="stopTrial_works_correctly_for_StoppingTDCIRatio_when_samples_are_not_provided"/>
    <testcase time="0.0210000000000008" classname="Rules_methods" name="stopTrial_works_correctly_for_StoppingTDCIRatio_when_samples_are_not_provided"/>
    <testcase time="0.019999999999996" classname="Rules_methods" name="stopTrial_works_correctly_for_StoppingTDCIRatio_when_samples_are_not_provided"/>
    <testcase time="0.0220000000000056" classname="Rules_methods" name="stopTrial_works_correctly_for_StoppingTDCIRatio_when_samples_are_not_provided"/>
    <testcase time="0.0219999999999914" classname="Rules_methods" name="stopTrial_works_correctly_for_StoppingTDCIRatio_when_samples_are_not_provided"/>
    <testcase time="0.0219999999999914" classname="Rules_methods" name="stopTrial_works_correctly_for_StoppingTDCIRatio_when_samples_are_not_provided"/>
    <testcase time="0.0330000000000013" classname="Rules_methods" name="stopTrial_works_correctly_for_StoppingTDCIRatio_when_samples_are_not_provided"/>
    <testcase time="0.0220000000000056" classname="Rules_methods" name="stopTrial_works_correctly_for_StoppingTDCIRatio_when_samples_are_not_provided"/>
    <testcase time="0.0220000000000056" classname="Rules_methods" name="stopTrial_works_correctly_for_StoppingTDCIRatio_when_samples_are_not_provided"/>
    <testcase time="0.0219999999999914" classname="Rules_methods" name="stopTrial_works_correctly_for_StoppingTDCIRatio_when_samples_are_not_provided"/>
    <testcase time="0.0220000000000056" classname="Rules_methods" name="stopTrial_works_correctly_for_StoppingTDCIRatio_when_samples_are_not_provided"/>
    <testcase time="0.0229999999999961" classname="Rules_methods" name="stopTrial_works_correctly_for_StoppingTDCIRatio_when_samples_are_not_provided"/>
    <testcase time="0.0240000000000009" classname="Rules_methods" name="stopTrial_works_correctly_for_StoppingTDCIRatio_when_samples_are_not_provided"/>
    <testcase time="0.0229999999999961" classname="Rules_methods" name="stopTrial_works_correctly_for_StoppingTDCIRatio_when_samples_are_not_provided"/>
    <testcase time="0.0330000000000013" classname="Rules_methods" name="stopTrial_works_correctly_for_StoppingTDCIRatio_when_samples_are_not_provided"/>
    <testcase time="0.0220000000000056" classname="Rules_methods" name="stopTrial_works_correctly_for_StoppingTDCIRatio_when_samples_are_not_provided"/>
    <testcase time="0.0219999999999914" classname="Rules_methods" name="stopTrial_works_correctly_for_StoppingTDCIRatio_when_samples_are_not_provided"/>
    <testcase time="0.0210000000000008" classname="Rules_methods" name="stopTrial_works_correctly_for_StoppingTDCIRatio_when_samples_are_not_provided"/>
    <testcase time="0.0210000000000008" classname="Rules_methods" name="stopTrial_works_correctly_for_StoppingTDCIRatio_when_samples_are_not_provided"/>
    <testcase time="0.0210000000000008" classname="Rules_methods" name="stopTrial_works_correctly_for_StoppingTDCIRatio_when_samples_are_not_provided"/>
    <testcase time="0.0229999999999961" classname="Rules_methods" name="stopTrial_works_correctly_for_StoppingTDCIRatio_when_samples_are_not_provided"/>
    <testcase time="0.0220000000000056" classname="Rules_methods" name="stopTrial_works_correctly_for_StoppingTDCIRatio_when_samples_are_not_provided"/>
    <testcase time="0.034000000000006" classname="Rules_methods" name="stopTrial_works_correctly_for_StoppingTDCIRatio_when_samples_are_not_provided"/>
    <testcase time="0.0229999999999961" classname="Rules_methods" name="stopTrial_works_correctly_for_StoppingTDCIRatio_when_samples_are_not_provided"/>
    <testcase time="0.0210000000000008" classname="Rules_methods" name="stopTrial_works_correctly_for_StoppingTDCIRatio_when_samples_are_not_provided"/>
    <testcase time="0.0219999999999914" classname="Rules_methods" name="stopTrial_works_correctly_for_StoppingTDCIRatio_when_samples_are_not_provided"/>
    <testcase time="0.0210000000000008" classname="Rules_methods" name="stopTrial_works_correctly_for_StoppingTDCIRatio_when_samples_are_not_provided"/>
    <testcase time="0.0210000000000008" classname="Rules_methods" name="stopTrial_works_correctly_for_StoppingTDCIRatio_when_samples_are_not_provided"/>
    <testcase time="0.0230000000000103" classname="Rules_methods" name="stopTrial_works_correctly_for_StoppingTDCIRatio_when_samples_are_not_provided"/>
    <testcase time="0.0279999999999916" classname="Rules_methods" name="stopTrial_works_correctly_for_StoppingTDCIRatio_when_samples_are_not_provided"/>
    <testcase time="0.0240000000000009" classname="Rules_methods" name="stopTrial_works_correctly_for_StoppingTDCIRatio_when_samples_are_not_provided"/>
    <testcase time="0.019999999999996" classname="Rules_methods" name="stopTrial_works_correctly_for_StoppingTDCIRatio_when_samples_are_not_provided"/>
    <testcase time="0.0210000000000008" classname="Rules_methods" name="stopTrial_works_correctly_for_StoppingTDCIRatio_when_samples_are_not_provided"/>
    <testcase time="0.0210000000000008" classname="Rules_methods" name="stopTrial_works_correctly_for_StoppingTDCIRatio_when_samples_are_not_provided"/>
    <testcase time="0.0210000000000008" classname="Rules_methods" name="stopTrial_works_correctly_for_StoppingTDCIRatio_when_samples_are_not_provided"/>
    <testcase time="0.0210000000000008" classname="Rules_methods" name="stopTrial_works_correctly_for_StoppingTDCIRatio_when_samples_are_not_provided"/>
    <testcase time="0.0240000000000009" classname="Rules_methods" name="stopTrial_works_correctly_for_StoppingTDCIRatio_when_samples_are_not_provided"/>
    <testcase time="0.0330000000000013" classname="Rules_methods" name="stopTrial_works_correctly_for_StoppingTDCIRatio_when_samples_are_not_provided"/>
    <testcase time="0.0220000000000056" classname="Rules_methods" name="stopTrial_works_correctly_for_StoppingTDCIRatio_when_samples_are_not_provided"/>
    <testcase time="0.0210000000000008" classname="Rules_methods" name="stopTrial_works_correctly_for_StoppingTDCIRatio_when_samples_are_not_provided"/>
    <testcase time="0.0210000000000008" classname="Rules_methods" name="stopTrial_works_correctly_for_StoppingTDCIRatio_when_samples_are_not_provided"/>
    <testcase time="0.0219999999999914" classname="Rules_methods" name="stopTrial_works_correctly_for_StoppingTDCIRatio_when_samples_are_not_provided"/>
    <testcase time="0.019999999999996" classname="Rules_methods" name="stopTrial_works_correctly_for_StoppingTDCIRatio_when_samples_are_not_provided"/>
    <testcase time="0.0240000000000009" classname="Rules_methods" name="stopTrial_works_correctly_for_StoppingTDCIRatio_when_samples_are_not_provided"/>
    <testcase time="0.0240000000000009" classname="Rules_methods" name="stopTrial_works_correctly_for_StoppingTDCIRatio_when_samples_are_not_provided"/>
    <testcase time="0.0350000000000108" classname="Rules_methods" name="stopTrial_works_correctly_for_StoppingTDCIRatio_when_samples_are_not_provided"/>
    <testcase time="0.0229999999999961" classname="Rules_methods" name="stopTrial_works_correctly_for_StoppingTDCIRatio_when_samples_are_not_provided"/>
    <testcase time="0.0219999999999914" classname="Rules_methods" name="stopTrial_works_correctly_for_StoppingTDCIRatio_when_samples_are_not_provided"/>
    <testcase time="0.0210000000000008" classname="Rules_methods" name="stopTrial_works_correctly_for_StoppingTDCIRatio_when_samples_are_not_provided"/>
    <testcase time="0.0220000000000056" classname="Rules_methods" name="stopTrial_works_correctly_for_StoppingTDCIRatio_when_samples_are_not_provided"/>
    <testcase time="0.0229999999999961" classname="Rules_methods" name="stopTrial_works_correctly_for_StoppingTDCIRatio_when_samples_are_not_provided"/>
    <testcase time="0.0240000000000009" classname="Rules_methods" name="stopTrial_works_correctly_for_StoppingTDCIRatio_when_samples_are_not_provided"/>
    <testcase time="0.0360000000000014" classname="Rules_methods" name="stopTrial_works_correctly_for_StoppingTDCIRatio_when_samples_are_not_provided"/>
    <testcase time="0.0229999999999961" classname="Rules_methods" name="stopTrial_works_correctly_for_StoppingTDCIRatio_when_samples_are_not_provided"/>
    <testcase time="0.0220000000000056" classname="Rules_methods" name="stopTrial_works_correctly_for_StoppingTDCIRatio_when_samples_are_not_provided"/>
    <testcase time="0.0220000000000056" classname="Rules_methods" name="stopTrial_works_correctly_for_StoppingTDCIRatio_when_samples_are_not_provided"/>
    <testcase time="0.019999999999996" classname="Rules_methods" name="stopTrial_works_correctly_for_StoppingTDCIRatio_when_samples_are_not_provided"/>
    <testcase time="0.0229999999999961" classname="Rules_methods" name="stopTrial_works_correctly_for_StoppingTDCIRatio_when_samples_are_not_provided"/>
    <testcase time="0.0210000000000008" classname="Rules_methods" name="stopTrial_works_correctly_for_StoppingTDCIRatio_when_samples_are_not_provided"/>
    <testcase time="0.0310000000000059" classname="Rules_methods" name="stopTrial_works_correctly_for_StoppingTDCIRatio_when_samples_are_not_provided"/>
    <testcase time="0.027000000000001" classname="Rules_methods" name="stopTrial_works_correctly_for_StoppingTDCIRatio_when_samples_are_not_provided"/>
    <testcase time="0.0210000000000008" classname="Rules_methods" name="stopTrial_works_correctly_for_StoppingTDCIRatio_when_samples_are_not_provided"/>
    <testcase time="0.0210000000000008" classname="Rules_methods" name="stopTrial_works_correctly_for_StoppingTDCIRatio_when_samples_are_not_provided"/>
    <testcase time="0.0219999999999914" classname="Rules_methods" name="stopTrial_works_correctly_for_StoppingTDCIRatio_when_samples_are_not_provided"/>
    <testcase time="0.0220000000000056" classname="Rules_methods" name="stopTrial_works_correctly_for_StoppingTDCIRatio_when_samples_are_not_provided"/>
    <testcase time="0.0240000000000009" classname="Rules_methods" name="stopTrial_works_correctly_for_StoppingTDCIRatio_when_samples_are_not_provided"/>
    <testcase time="0.0249999999999915" classname="Rules_methods" name="stopTrial_works_correctly_for_StoppingTDCIRatio_when_samples_are_not_provided"/>
    <testcase time="0.034000000000006" classname="Rules_methods" name="stopTrial_works_correctly_for_StoppingTDCIRatio_when_samples_are_not_provided"/>
    <testcase time="0.0229999999999961" classname="Rules_methods" name="stopTrial_works_correctly_for_StoppingTDCIRatio_when_samples_are_not_provided"/>
    <testcase time="0.0229999999999961" classname="Rules_methods" name="stopTrial_works_correctly_for_StoppingTDCIRatio_when_samples_are_not_provided"/>
    <testcase time="0.0230000000000103" classname="Rules_methods" name="stopTrial_works_correctly_for_StoppingTDCIRatio_when_samples_are_not_provided"/>
    <testcase time="0.0230000000000103" classname="Rules_methods" name="stopTrial_works_correctly_for_StoppingTDCIRatio_when_samples_are_not_provided"/>
    <testcase time="0.0240000000000009" classname="Rules_methods" name="stopTrial_works_correctly_for_StoppingTDCIRatio_when_samples_are_not_provided"/>
    <testcase time="0.0229999999999961" classname="Rules_methods" name="stopTrial_works_correctly_for_StoppingTDCIRatio_when_samples_are_not_provided"/>
    <testcase time="0.0319999999999965" classname="Rules_methods" name="stopTrial_works_correctly_for_StoppingTDCIRatio_when_samples_are_not_provided"/>
    <testcase time="0.0220000000000056" classname="Rules_methods" name="stopTrial_works_correctly_for_StoppingTDCIRatio_when_samples_are_not_provided"/>
    <testcase time="0.0219999999999914" classname="Rules_methods" name="stopTrial_works_correctly_for_StoppingTDCIRatio_when_samples_are_not_provided"/>
    <testcase time="0.0230000000000103" classname="Rules_methods" name="stopTrial_works_correctly_for_StoppingTDCIRatio_when_samples_are_not_provided"/>
    <testcase time="0.0229999999999961" classname="Rules_methods" name="stopTrial_works_correctly_for_StoppingTDCIRatio_when_samples_are_not_provided"/>
    <testcase time="0.0229999999999961" classname="Rules_methods" name="stopTrial_works_correctly_for_StoppingTDCIRatio_when_samples_are_not_provided"/>
    <testcase time="0.0250000000000057" classname="Rules_methods" name="stopTrial_works_correctly_for_StoppingTDCIRatio_when_samples_are_not_provided"/>
    <testcase time="0.0330000000000013" classname="Rules_methods" name="stopTrial_works_correctly_for_StoppingTDCIRatio_when_samples_are_not_provided"/>
    <testcase time="0.0240000000000009" classname="Rules_methods" name="stopTrial_works_correctly_for_StoppingTDCIRatio_when_samples_are_not_provided"/>
    <testcase time="0.0219999999999914" classname="Rules_methods" name="stopTrial_works_correctly_for_StoppingTDCIRatio_when_samples_are_not_provided"/>
    <testcase time="0.019999999999996" classname="Rules_methods" name="stopTrial_works_correctly_for_StoppingTDCIRatio_when_samples_are_not_provided"/>
    <testcase time="0.0210000000000008" classname="Rules_methods" name="stopTrial_works_correctly_for_StoppingTDCIRatio_when_samples_are_not_provided"/>
    <testcase time="0.0210000000000008" classname="Rules_methods" name="stopTrial_works_correctly_for_StoppingTDCIRatio_when_samples_are_not_provided"/>
    <testcase time="0.0230000000000103" classname="Rules_methods" name="stopTrial_works_correctly_for_StoppingTDCIRatio_when_samples_are_not_provided"/>
    <testcase time="0.0299999999999869" classname="Rules_methods" name="stopTrial_works_correctly_for_StoppingTDCIRatio_when_samples_are_not_provided"/>
    <testcase time="0.0220000000000056" classname="Rules_methods" name="stopTrial_works_correctly_for_StoppingTDCIRatio_when_samples_are_not_provided"/>
    <testcase time="0.019999999999996" classname="Rules_methods" name="stopTrial_works_correctly_for_StoppingTDCIRatio_when_samples_are_not_provided"/>
    <testcase time="0.0210000000000008" classname="Rules_methods" name="stopTrial_works_correctly_for_StoppingTDCIRatio_when_samples_are_not_provided"/>
    <testcase time="0.0200000000000102" classname="Rules_methods" name="stopTrial_works_correctly_for_StoppingTDCIRatio_when_samples_are_not_provided"/>
    <testcase time="0.0219999999999914" classname="Rules_methods" name="stopTrial_works_correctly_for_StoppingTDCIRatio_when_samples_are_not_provided"/>
    <testcase time="0.0229999999999961" classname="Rules_methods" name="stopTrial_works_correctly_for_StoppingTDCIRatio_when_samples_are_not_provided"/>
    <testcase time="0.0310000000000059" classname="Rules_methods" name="stopTrial_works_correctly_for_StoppingTDCIRatio_when_samples_are_not_provided"/>
    <testcase time="0.0259999999999962" classname="Rules_methods" name="stopTrial_works_correctly_for_StoppingTDCIRatio_when_samples_are_not_provided"/>
    <testcase time="0.0220000000000056" classname="Rules_methods" name="stopTrial_works_correctly_for_StoppingTDCIRatio_when_samples_are_not_provided"/>
    <testcase time="0.0210000000000008" classname="Rules_methods" name="stopTrial_works_correctly_for_StoppingTDCIRatio_when_samples_are_not_provided"/>
    <testcase time="0.0219999999999914" classname="Rules_methods" name="stopTrial_works_correctly_for_StoppingTDCIRatio_when_samples_are_not_provided"/>
    <testcase time="0.0220000000000056" classname="Rules_methods" name="stopTrial_works_correctly_for_StoppingTDCIRatio_when_samples_are_not_provided"/>
    <testcase time="0.0250000000000057" classname="Rules_methods" name="stopTrial_works_correctly_for_StoppingTDCIRatio_when_samples_are_not_provided"/>
    <testcase time="0.0300000000000011" classname="Rules_methods" name="stopTrial_works_correctly_for_StoppingTDCIRatio_when_samples_are_not_provided"/>
    <testcase time="0.0249999999999915" classname="Rules_methods" name="stopTrial_works_correctly_for_StoppingTDCIRatio_when_samples_are_not_provided"/>
    <testcase time="0.0200000000000102" classname="Rules_methods" name="stopTrial_works_correctly_for_StoppingTDCIRatio_when_samples_are_not_provided"/>
    <testcase time="0.0209999999999866" classname="Rules_methods" name="stopTrial_works_correctly_for_StoppingTDCIRatio_when_samples_are_not_provided"/>
    <testcase time="0.0210000000000008" classname="Rules_methods" name="stopTrial_works_correctly_for_StoppingTDCIRatio_when_samples_are_not_provided"/>
    <testcase time="0.0210000000000008" classname="Rules_methods" name="stopTrial_works_correctly_for_StoppingTDCIRatio_when_samples_are_not_provided"/>
    <testcase time="0.0230000000000103" classname="Rules_methods" name="stopTrial_works_correctly_for_StoppingTDCIRatio_when_samples_are_not_provided"/>
    <testcase time="0.287999999999997" classname="Rules_methods" name="stopTrial_works_correctly_for_StoppingTDCIRatio_when_samples_are_not_provided"/>
    <testcase time="0.0229999999999961" classname="Rules_methods" name="stopTrial_works_correctly_for_StoppingTDCIRatio_when_samples_are_not_provided"/>
    <testcase time="0.0220000000000056" classname="Rules_methods" name="stopTrial_works_correctly_for_StoppingTDCIRatio_when_samples_are_not_provided"/>
    <testcase time="0.0229999999999961" classname="Rules_methods" name="stopTrial_works_correctly_for_StoppingTDCIRatio_when_samples_are_not_provided"/>
    <testcase time="0.0210000000000008" classname="Rules_methods" name="stopTrial_works_correctly_for_StoppingTDCIRatio_when_samples_are_not_provided"/>
    <testcase time="0.0220000000000056" classname="Rules_methods" name="stopTrial_works_correctly_for_StoppingTDCIRatio_when_samples_are_not_provided"/>
    <testcase time="0.0219999999999914" classname="Rules_methods" name="stopTrial_works_correctly_for_StoppingTDCIRatio_when_samples_are_not_provided"/>
    <testcase time="0.0229999999999961" classname="Rules_methods" name="stopTrial_works_correctly_for_StoppingTDCIRatio_when_samples_are_not_provided"/>
    <testcase time="0.0230000000000103" classname="Rules_methods" name="stopTrial_works_correctly_for_StoppingTDCIRatio_when_samples_are_not_provided"/>
    <testcase time="0.027000000000001" classname="Rules_methods" name="stopTrial_works_correctly_for_StoppingTDCIRatio_when_samples_are_not_provided"/>
    <testcase time="0.0210000000000008" classname="Rules_methods" name="stopTrial_works_correctly_for_StoppingTDCIRatio_when_samples_are_not_provided"/>
    <testcase time="0.0210000000000008" classname="Rules_methods" name="stopTrial_works_correctly_for_StoppingTDCIRatio_when_samples_are_not_provided"/>
    <testcase time="0.0209999999999866" classname="Rules_methods" name="stopTrial_works_correctly_for_StoppingTDCIRatio_when_samples_are_not_provided"/>
    <testcase time="0.0220000000000056" classname="Rules_methods" name="stopTrial_works_correctly_for_StoppingTDCIRatio_when_samples_are_not_provided"/>
    <testcase time="0.0210000000000008" classname="Rules_methods" name="stopTrial_works_correctly_for_StoppingTDCIRatio_when_samples_are_not_provided"/>
    <testcase time="0.0220000000000056" classname="Rules_methods" name="stopTrial_works_correctly_for_StoppingTDCIRatio_when_samples_are_not_provided"/>
    <testcase time="0.0229999999999961" classname="Rules_methods" name="stopTrial_works_correctly_for_StoppingTDCIRatio_when_samples_are_not_provided"/>
    <testcase time="0.027000000000001" classname="Rules_methods" name="stopTrial_works_correctly_for_StoppingTDCIRatio_when_samples_are_not_provided"/>
    <testcase time="0.019999999999996" classname="Rules_methods" name="stopTrial_works_correctly_for_StoppingTDCIRatio_when_samples_are_not_provided"/>
    <testcase time="0.0220000000000056" classname="Rules_methods" name="stopTrial_works_correctly_for_StoppingTDCIRatio_when_samples_are_not_provided"/>
    <testcase time="0.019999999999996" classname="Rules_methods" name="stopTrial_works_correctly_for_StoppingTDCIRatio_when_samples_are_not_provided"/>
    <testcase time="0.0210000000000008" classname="Rules_methods" name="stopTrial_works_correctly_for_StoppingTDCIRatio_when_samples_are_not_provided"/>
    <testcase time="0.0220000000000056" classname="Rules_methods" name="stopTrial_works_correctly_for_StoppingTDCIRatio_when_samples_are_not_provided"/>
    <testcase time="0.0229999999999961" classname="Rules_methods" name="stopTrial_works_correctly_for_StoppingTDCIRatio_when_samples_are_not_provided"/>
    <testcase time="0.0229999999999961" classname="Rules_methods" name="stopTrial_works_correctly_for_StoppingTDCIRatio_when_samples_are_not_provided"/>
    <testcase time="0.0300000000000011" classname="Rules_methods" name="stopTrial_works_correctly_for_StoppingTDCIRatio_when_samples_are_not_provided"/>
    <testcase time="0.0229999999999961" classname="Rules_methods" name="stopTrial_works_correctly_for_StoppingTDCIRatio_when_samples_are_not_provided"/>
    <testcase time="0.0230000000000103" classname="Rules_methods" name="stopTrial_works_correctly_for_StoppingTDCIRatio_when_samples_are_not_provided"/>
    <testcase time="0.0229999999999961" classname="Rules_methods" name="stopTrial_works_correctly_for_StoppingTDCIRatio_when_samples_are_not_provided"/>
    <testcase time="0.0229999999999961" classname="Rules_methods" name="stopTrial_works_correctly_for_StoppingTDCIRatio_when_samples_are_not_provided"/>
    <testcase time="0.0229999999999961" classname="Rules_methods" name="stopTrial_works_correctly_for_StoppingTDCIRatio_when_samples_are_not_provided"/>
    <testcase time="0.0220000000000056" classname="Rules_methods" name="stopTrial_works_correctly_for_StoppingTDCIRatio_when_samples_are_not_provided"/>
    <testcase time="0.0240000000000009" classname="Rules_methods" name="stopTrial_works_correctly_for_StoppingTDCIRatio_when_samples_are_not_provided"/>
    <testcase time="0.0279999999999916" classname="Rules_methods" name="stopTrial_works_correctly_for_StoppingTDCIRatio_when_samples_are_not_provided"/>
    <testcase time="0.0210000000000008" classname="Rules_methods" name="stopTrial_works_correctly_for_StoppingTDCIRatio_when_samples_are_not_provided"/>
    <testcase time="0.0210000000000008" classname="Rules_methods" name="stopTrial_works_correctly_for_StoppingTDCIRatio_when_samples_are_not_provided"/>
    <testcase time="0.0229999999999961" classname="Rules_methods" name="stopTrial_works_correctly_for_StoppingTDCIRatio_when_samples_are_not_provided"/>
    <testcase time="0.0250000000000057" classname="Rules_methods" name="stopTrial_works_correctly_for_StoppingTDCIRatio_when_samples_are_not_provided"/>
    <testcase time="0.0229999999999961" classname="Rules_methods" name="stopTrial_works_correctly_for_StoppingTDCIRatio_when_samples_are_not_provided"/>
    <testcase time="0.0229999999999961" classname="Rules_methods" name="stopTrial_works_correctly_for_StoppingTDCIRatio_when_samples_are_not_provided"/>
    <testcase time="0.0220000000000056" classname="Rules_methods" name="stopTrial_works_correctly_for_StoppingTDCIRatio_when_samples_are_not_provided"/>
    <testcase time="0.0289999999999964" classname="Rules_methods" name="stopTrial_works_correctly_for_StoppingTDCIRatio_when_samples_are_not_provided"/>
    <testcase time="0.0220000000000056" classname="Rules_methods" name="stopTrial_works_correctly_for_StoppingTDCIRatio_when_samples_are_not_provided"/>
    <testcase time="0.0219999999999914" classname="Rules_methods" name="stopTrial_works_correctly_for_StoppingTDCIRatio_when_samples_are_not_provided"/>
    <testcase time="0.0210000000000008" classname="Rules_methods" name="stopTrial_works_correctly_for_StoppingTDCIRatio_when_samples_are_not_provided"/>
    <testcase time="0.0220000000000056" classname="Rules_methods" name="stopTrial_works_correctly_for_StoppingTDCIRatio_when_samples_are_not_provided"/>
    <testcase time="0.0219999999999914" classname="Rules_methods" name="stopTrial_works_correctly_for_StoppingTDCIRatio_when_samples_are_not_provided"/>
    <testcase time="0.0230000000000103" classname="Rules_methods" name="stopTrial_works_correctly_for_StoppingTDCIRatio_when_samples_are_not_provided"/>
    <testcase time="0.0289999999999964" classname="Rules_methods" name="stopTrial_works_correctly_for_StoppingTDCIRatio_when_samples_are_not_provided"/>
    <testcase time="0.0229999999999961" classname="Rules_methods" name="stopTrial_works_correctly_for_StoppingTDCIRatio_when_samples_are_not_provided"/>
    <testcase time="0.0229999999999961" classname="Rules_methods" name="stopTrial_works_correctly_for_StoppingTDCIRatio_when_samples_are_not_provided"/>
    <testcase time="0.0230000000000103" classname="Rules_methods" name="stopTrial_works_correctly_for_StoppingTDCIRatio_when_samples_are_not_provided"/>
    <testcase time="0.0229999999999961" classname="Rules_methods" name="stopTrial_works_correctly_for_StoppingTDCIRatio_when_samples_are_not_provided"/>
    <testcase time="0.0220000000000056" classname="Rules_methods" name="stopTrial_works_correctly_for_StoppingTDCIRatio_when_samples_are_not_provided"/>
    <testcase time="0.0219999999999914" classname="Rules_methods" name="stopTrial_works_correctly_for_StoppingTDCIRatio_when_samples_are_not_provided"/>
    <testcase time="0.0220000000000056" classname="Rules_methods" name="stopTrial_works_correctly_for_StoppingTDCIRatio_when_samples_are_not_provided"/>
    <testcase time="0.0279999999999916" classname="Rules_methods" name="stopTrial_works_correctly_for_StoppingTDCIRatio_when_samples_are_not_provided"/>
    <testcase time="0.0210000000000008" classname="Rules_methods" name="stopTrial_works_correctly_for_StoppingTDCIRatio_when_samples_are_not_provided"/>
    <testcase time="0.0210000000000008" classname="Rules_methods" name="stopTrial_works_correctly_for_StoppingTDCIRatio_when_samples_are_not_provided"/>
    <testcase time="0.019999999999996" classname="Rules_methods" name="stopTrial_works_correctly_for_StoppingTDCIRatio_when_samples_are_not_provided"/>
    <testcase time="0.0210000000000008" classname="Rules_methods" name="stopTrial_works_correctly_for_StoppingTDCIRatio_when_samples_are_not_provided"/>
    <testcase time="0.0210000000000008" classname="Rules_methods" name="stopTrial_works_correctly_for_StoppingTDCIRatio_when_samples_are_not_provided"/>
    <testcase time="0.0210000000000008" classname="Rules_methods" name="stopTrial_works_correctly_for_StoppingTDCIRatio_when_samples_are_not_provided"/>
    <testcase time="0.0229999999999961" classname="Rules_methods" name="stopTrial_works_correctly_for_StoppingTDCIRatio_when_samples_are_not_provided"/>
    <testcase time="0.0280000000000058" classname="Rules_methods" name="stopTrial_works_correctly_for_StoppingTDCIRatio_when_samples_are_not_provided"/>
    <testcase time="0.0210000000000008" classname="Rules_methods" name="stopTrial_works_correctly_for_StoppingTDCIRatio_when_samples_are_not_provided"/>
    <testcase time="0.0219999999999914" classname="Rules_methods" name="stopTrial_works_correctly_for_StoppingTDCIRatio_when_samples_are_not_provided"/>
    <testcase time="0.0220000000000056" classname="Rules_methods" name="stopTrial_works_correctly_for_StoppingTDCIRatio_when_samples_are_not_provided"/>
    <testcase time="0.0240000000000009" classname="Rules_methods" name="stopTrial_works_correctly_for_StoppingTDCIRatio_when_samples_are_not_provided"/>
    <testcase time="0.0210000000000008" classname="Rules_methods" name="stopTrial_works_correctly_for_StoppingTDCIRatio_when_samples_are_not_provided"/>
    <testcase time="0.0240000000000009" classname="Rules_methods" name="stopTrial_works_correctly_for_StoppingTDCIRatio_when_samples_are_not_provided"/>
    <testcase time="0.0289999999999964" classname="Rules_methods" name="stopTrial_works_correctly_for_StoppingTDCIRatio_when_samples_are_not_provided"/>
    <testcase time="0.0229999999999961" classname="Rules_methods" name="stopTrial_works_correctly_for_StoppingTDCIRatio_when_samples_are_not_provided"/>
    <testcase time="0.0230000000000103" classname="Rules_methods" name="stopTrial_works_correctly_for_StoppingTDCIRatio_when_samples_are_not_provided"/>
    <testcase time="0.0240000000000009" classname="Rules_methods" name="stopTrial_works_correctly_for_StoppingTDCIRatio_when_samples_are_not_provided"/>
    <testcase time="0.0229999999999961" classname="Rules_methods" name="stopTrial_works_correctly_for_StoppingTDCIRatio_when_samples_are_not_provided"/>
    <testcase time="0.0229999999999961" classname="Rules_methods" name="stopTrial_works_correctly_for_StoppingTDCIRatio_when_samples_are_not_provided"/>
    <testcase time="0.0220000000000056" classname="Rules_methods" name="stopTrial_works_correctly_for_StoppingTDCIRatio_when_samples_are_not_provided"/>
    <testcase time="0.0240000000000009" classname="Rules_methods" name="stopTrial_works_correctly_for_StoppingTDCIRatio_when_samples_are_not_provided"/>
    <testcase time="0.0289999999999964" classname="Rules_methods" name="stopTrial_works_correctly_for_StoppingTDCIRatio_when_samples_are_not_provided"/>
    <testcase time="0.0229999999999961" classname="Rules_methods" name="stopTrial_works_correctly_for_StoppingTDCIRatio_when_samples_are_not_provided"/>
    <testcase time="0.0220000000000056" classname="Rules_methods" name="stopTrial_works_correctly_for_StoppingTDCIRatio_when_samples_are_not_provided"/>
    <testcase time="0.0210000000000008" classname="Rules_methods" name="stopTrial_works_correctly_for_StoppingTDCIRatio_when_samples_are_not_provided"/>
    <testcase time="0.0219999999999914" classname="Rules_methods" name="stopTrial_works_correctly_for_StoppingTDCIRatio_when_samples_are_not_provided"/>
    <testcase time="0.0220000000000056" classname="Rules_methods" name="stopTrial_works_correctly_for_StoppingTDCIRatio_when_samples_are_not_provided"/>
    <testcase time="0.0220000000000056" classname="Rules_methods" name="stopTrial_works_correctly_for_StoppingTDCIRatio_when_samples_are_not_provided"/>
    <testcase time="0.0300000000000011" classname="Rules_methods" name="stopTrial_works_correctly_for_StoppingTDCIRatio_when_samples_are_not_provided"/>
    <testcase time="0.0210000000000008" classname="Rules_methods" name="stopTrial_works_correctly_for_StoppingTDCIRatio_when_samples_are_not_provided"/>
    <testcase time="0.0219999999999914" classname="Rules_methods" name="stopTrial_works_correctly_for_StoppingTDCIRatio_when_samples_are_not_provided"/>
    <testcase time="0.0210000000000008" classname="Rules_methods" name="stopTrial_works_correctly_for_StoppingTDCIRatio_when_samples_are_not_provided"/>
    <testcase time="0.0220000000000056" classname="Rules_methods" name="stopTrial_works_correctly_for_StoppingTDCIRatio_when_samples_are_not_provided"/>
    <testcase time="0.0229999999999961" classname="Rules_methods" name="stopTrial_works_correctly_for_StoppingTDCIRatio_when_samples_are_not_provided"/>
    <testcase time="0.0220000000000056" classname="Rules_methods" name="stopTrial_works_correctly_for_StoppingTDCIRatio_when_samples_are_not_provided"/>
    <testcase time="0.0299999999999869" classname="Rules_methods" name="stopTrial_works_correctly_for_StoppingTDCIRatio_when_samples_are_not_provided"/>
    <testcase time="0.0230000000000103" classname="Rules_methods" name="stopTrial_works_correctly_for_StoppingTDCIRatio_when_samples_are_not_provided"/>
    <testcase time="0.0210000000000008" classname="Rules_methods" name="stopTrial_works_correctly_for_StoppingTDCIRatio_when_samples_are_not_provided"/>
    <testcase time="0.019999999999996" classname="Rules_methods" name="stopTrial_works_correctly_for_StoppingTDCIRatio_when_samples_are_not_provided"/>
    <testcase time="0.019999999999996" classname="Rules_methods" name="stopTrial_works_correctly_for_StoppingTDCIRatio_when_samples_are_not_provided"/>
    <testcase time="0.0200000000000102" classname="Rules_methods" name="stopTrial_works_correctly_for_StoppingTDCIRatio_when_samples_are_not_provided"/>
    <testcase time="0.019999999999996" classname="Rules_methods" name="stopTrial_works_correctly_for_StoppingTDCIRatio_when_samples_are_not_provided"/>
    <testcase time="0.0210000000000008" classname="Rules_methods" name="stopTrial_works_correctly_for_StoppingTDCIRatio_when_samples_are_not_provided"/>
    <testcase time="0.027000000000001" classname="Rules_methods" name="stopTrial_works_correctly_for_StoppingTDCIRatio_when_samples_are_not_provided"/>
    <testcase time="0.0229999999999961" classname="Rules_methods" name="stopTrial_works_correctly_for_StoppingTDCIRatio_when_samples_are_not_provided"/>
    <testcase time="0.0229999999999961" classname="Rules_methods" name="stopTrial_works_correctly_for_StoppingTDCIRatio_when_samples_are_not_provided"/>
    <testcase time="0.0229999999999961" classname="Rules_methods" name="stopTrial_works_correctly_for_StoppingTDCIRatio_when_samples_are_not_provided"/>
    <testcase time="0.0220000000000056" classname="Rules_methods" name="stopTrial_works_correctly_for_StoppingTDCIRatio_when_samples_are_not_provided"/>
    <testcase time="0.0210000000000008" classname="Rules_methods" name="stopTrial_works_correctly_for_StoppingTDCIRatio_when_samples_are_not_provided"/>
    <testcase time="0.0229999999999961" classname="Rules_methods" name="stopTrial_works_correctly_for_StoppingTDCIRatio_when_samples_are_not_provided"/>
    <testcase time="0.0280000000000058" classname="Rules_methods" name="stopTrial_works_correctly_for_StoppingTDCIRatio_when_samples_are_not_provided"/>
    <testcase time="0.0220000000000056" classname="Rules_methods" name="stopTrial_works_correctly_for_StoppingTDCIRatio_when_samples_are_not_provided"/>
    <testcase time="0.0209999999999866" classname="Rules_methods" name="stopTrial_works_correctly_for_StoppingTDCIRatio_when_samples_are_not_provided"/>
    <testcase time="0.0220000000000056" classname="Rules_methods" name="stopTrial_works_correctly_for_StoppingTDCIRatio_when_samples_are_not_provided"/>
    <testcase time="0.0229999999999961" classname="Rules_methods" name="stopTrial_works_correctly_for_StoppingTDCIRatio_when_samples_are_not_provided"/>
    <testcase time="0.0220000000000056" classname="Rules_methods" name="stopTrial_works_correctly_for_StoppingTDCIRatio_when_samples_are_not_provided"/>
    <testcase time="0.0240000000000009" classname="Rules_methods" name="stopTrial_works_correctly_for_StoppingTDCIRatio_when_samples_are_not_provided"/>
    <testcase time="0.0300000000000011" classname="Rules_methods" name="stopTrial_works_correctly_for_StoppingTDCIRatio_when_samples_are_not_provided"/>
    <testcase time="0.0219999999999914" classname="Rules_methods" name="stopTrial_works_correctly_for_StoppingTDCIRatio_when_samples_are_not_provided"/>
    <testcase time="0.0220000000000056" classname="Rules_methods" name="stopTrial_works_correctly_for_StoppingTDCIRatio_when_samples_are_not_provided"/>
    <testcase time="0.0220000000000056" classname="Rules_methods" name="stopTrial_works_correctly_for_StoppingTDCIRatio_when_samples_are_not_provided"/>
    <testcase time="0.0219999999999914" classname="Rules_methods" name="stopTrial_works_correctly_for_StoppingTDCIRatio_when_samples_are_not_provided"/>
    <testcase time="0.0220000000000056" classname="Rules_methods" name="stopTrial_works_correctly_for_StoppingTDCIRatio_when_samples_are_not_provided"/>
    <testcase time="0.0229999999999961" classname="Rules_methods" name="stopTrial_works_correctly_for_StoppingTDCIRatio_when_samples_are_not_provided"/>
    <testcase time="0.0289999999999964" classname="Rules_methods" name="stopTrial_works_correctly_for_StoppingTDCIRatio_when_samples_are_not_provided"/>
    <testcase time="0.0220000000000056" classname="Rules_methods" name="stopTrial_works_correctly_for_StoppingTDCIRatio_when_samples_are_not_provided"/>
    <testcase time="0.0220000000000056" classname="Rules_methods" name="stopTrial_works_correctly_for_StoppingTDCIRatio_when_samples_are_not_provided"/>
    <testcase time="0.0229999999999961" classname="Rules_methods" name="stopTrial_works_correctly_for_StoppingTDCIRatio_when_samples_are_not_provided"/>
    <testcase time="0.0210000000000008" classname="Rules_methods" name="stopTrial_works_correctly_for_StoppingTDCIRatio_when_samples_are_not_provided"/>
    <testcase time="0.019999999999996" classname="Rules_methods" name="stopTrial_works_correctly_for_StoppingTDCIRatio_when_samples_are_not_provided"/>
    <testcase time="0.0210000000000008" classname="Rules_methods" name="stopTrial_works_correctly_for_StoppingTDCIRatio_when_samples_are_not_provided"/>
    <testcase time="0.027000000000001" classname="Rules_methods" name="stopTrial_works_correctly_for_StoppingTDCIRatio_when_samples_are_not_provided"/>
    <testcase time="0.0210000000000008" classname="Rules_methods" name="stopTrial_works_correctly_for_StoppingTDCIRatio_when_samples_are_not_provided"/>
    <testcase time="0.0220000000000056" classname="Rules_methods" name="stopTrial_works_correctly_for_StoppingTDCIRatio_when_samples_are_not_provided"/>
    <testcase time="0.0219999999999914" classname="Rules_methods" name="stopTrial_works_correctly_for_StoppingTDCIRatio_when_samples_are_not_provided"/>
    <testcase time="0.0210000000000008" classname="Rules_methods" name="stopTrial_works_correctly_for_StoppingTDCIRatio_when_samples_are_not_provided"/>
    <testcase time="0.0210000000000008" classname="Rules_methods" name="stopTrial_works_correctly_for_StoppingTDCIRatio_when_samples_are_not_provided"/>
    <testcase time="0.0220000000000056" classname="Rules_methods" name="stopTrial_works_correctly_for_StoppingTDCIRatio_when_samples_are_not_provided"/>
    <testcase time="0.027000000000001" classname="Rules_methods" name="stopTrial_works_correctly_for_StoppingTDCIRatio_when_samples_are_not_provided"/>
    <testcase time="0.0229999999999961" classname="Rules_methods" name="stopTrial_works_correctly_for_StoppingTDCIRatio_when_samples_are_not_provided"/>
    <testcase time="0.0229999999999961" classname="Rules_methods" name="stopTrial_works_correctly_for_StoppingTDCIRatio_when_samples_are_not_provided"/>
    <testcase time="0.0220000000000056" classname="Rules_methods" name="stopTrial_works_correctly_for_StoppingTDCIRatio_when_samples_are_not_provided"/>
    <testcase time="0.0219999999999914" classname="Rules_methods" name="stopTrial_works_correctly_for_StoppingTDCIRatio_when_samples_are_not_provided"/>
    <testcase time="0.0230000000000103" classname="Rules_methods" name="stopTrial_works_correctly_for_StoppingTDCIRatio_when_samples_are_not_provided"/>
    <testcase time="0.0299999999999869" classname="Rules_methods" name="stopTrial_works_correctly_for_StoppingTDCIRatio_when_samples_are_not_provided"/>
    <testcase time="0.0210000000000008" classname="Rules_methods" name="stopTrial_works_correctly_for_StoppingTDCIRatio_when_samples_are_not_provided"/>
    <testcase time="0.0200000000000102" classname="Rules_methods" name="stopTrial_works_correctly_for_StoppingTDCIRatio_when_samples_are_not_provided"/>
    <testcase time="0.0210000000000008" classname="Rules_methods" name="stopTrial_works_correctly_for_StoppingTDCIRatio_when_samples_are_not_provided"/>
    <testcase time="0.0210000000000008" classname="Rules_methods" name="stopTrial_works_correctly_for_StoppingTDCIRatio_when_samples_are_not_provided"/>
    <testcase time="0.0229999999999961" classname="Rules_methods" name="stopTrial_works_correctly_for_StoppingTDCIRatio_when_samples_are_not_provided"/>
    <testcase time="0.0219999999999914" classname="Rules_methods" name="stopTrial_works_correctly_for_StoppingTDCIRatio_when_samples_are_not_provided"/>
    <testcase time="0.0300000000000011" classname="Rules_methods" name="stopTrial_works_correctly_for_StoppingTDCIRatio_when_samples_are_not_provided"/>
    <testcase time="0.0220000000000056" classname="Rules_methods" name="stopTrial_works_correctly_for_StoppingTDCIRatio_when_samples_are_not_provided"/>
    <testcase time="0.0219999999999914" classname="Rules_methods" name="stopTrial_works_correctly_for_StoppingTDCIRatio_when_samples_are_not_provided"/>
    <testcase time="0.0220000000000056" classname="Rules_methods" name="stopTrial_works_correctly_for_StoppingTDCIRatio_when_samples_are_not_provided"/>
    <testcase time="0.0219999999999914" classname="Rules_methods" name="stopTrial_works_correctly_for_StoppingTDCIRatio_when_samples_are_not_provided"/>
    <testcase time="0.0230000000000103" classname="Rules_methods" name="stopTrial_works_correctly_for_StoppingTDCIRatio_when_samples_are_not_provided"/>
    <testcase time="0.0259999999999962" classname="Rules_methods" name="stopTrial_works_correctly_for_StoppingTDCIRatio_when_samples_are_not_provided"/>
    <testcase time="0.0609999999999928" classname="Rules_methods" name="stopTrial_works_correctly_for_StoppingTDCIRatio_when_samples_are_not_provided"/>
    <testcase time="0.0240000000000009" classname="Rules_methods" name="stopTrial_works_correctly_for_StoppingTDCIRatio_when_samples_are_not_provided"/>
    <testcase time="0.0229999999999961" classname="Rules_methods" name="stopTrial_works_correctly_for_StoppingTDCIRatio_when_samples_are_not_provided"/>
    <testcase time="0.0220000000000056" classname="Rules_methods" name="stopTrial_works_correctly_for_StoppingTDCIRatio_when_samples_are_not_provided"/>
    <testcase time="0.0210000000000008" classname="Rules_methods" name="stopTrial_works_correctly_for_StoppingTDCIRatio_when_samples_are_not_provided"/>
    <testcase time="0.0220000000000056" classname="Rules_methods" name="stopTrial_works_correctly_for_StoppingTDCIRatio_when_samples_are_not_provided"/>
    <testcase time="0.0249999999999915" classname="Rules_methods" name="stopTrial_works_correctly_for_StoppingTDCIRatio_when_samples_are_not_provided"/>
    <testcase time="0.0300000000000011" classname="Rules_methods" name="stopTrial_works_correctly_for_StoppingTDCIRatio_when_samples_are_not_provided"/>
    <testcase time="0.0280000000000058" classname="Rules_methods" name="stopTrial_works_correctly_for_StoppingTDCIRatio_when_samples_are_not_provided"/>
    <testcase time="0.0210000000000008" classname="Rules_methods" name="stopTrial_works_correctly_for_StoppingTDCIRatio_when_samples_are_not_provided"/>
    <testcase time="0.0229999999999961" classname="Rules_methods" name="stopTrial_works_correctly_for_StoppingTDCIRatio_when_samples_are_not_provided"/>
    <testcase time="0.0229999999999961" classname="Rules_methods" name="stopTrial_works_correctly_for_StoppingTDCIRatio_when_samples_are_not_provided"/>
    <testcase time="0.0229999999999961" classname="Rules_methods" name="stopTrial_works_correctly_for_StoppingTDCIRatio_when_samples_are_not_provided"/>
    <testcase time="0.0240000000000009" classname="Rules_methods" name="stopTrial_works_correctly_for_StoppingTDCIRatio_when_samples_are_not_provided"/>
    <testcase time="0.0229999999999961" classname="Rules_methods" name="stopTrial_works_correctly_for_StoppingTDCIRatio_when_samples_are_not_provided"/>
    <testcase time="0.0310000000000059" classname="Rules_methods" name="stopTrial_works_correctly_for_StoppingTDCIRatio_when_samples_are_not_provided"/>
    <testcase time="0.0259999999999962" classname="Rules_methods" name="stopTrial_works_correctly_for_StoppingTDCIRatio_when_samples_are_not_provided"/>
    <testcase time="0.0210000000000008" classname="Rules_methods" name="stopTrial_works_correctly_for_StoppingTDCIRatio_when_samples_are_not_provided"/>
    <testcase time="0.0229999999999961" classname="Rules_methods" name="stopTrial_works_correctly_for_StoppingTDCIRatio_when_samples_are_not_provided"/>
    <testcase time="0.0220000000000056" classname="Rules_methods" name="stopTrial_works_correctly_for_StoppingTDCIRatio_when_samples_are_not_provided"/>
    <testcase time="0.0229999999999961" classname="Rules_methods" name="stopTrial_works_correctly_for_StoppingTDCIRatio_when_samples_are_not_provided"/>
    <testcase time="0.0250000000000057" classname="Rules_methods" name="stopTrial_works_correctly_for_StoppingTDCIRatio_when_samples_are_not_provided"/>
    <testcase time="0.0229999999999961" classname="Rules_methods" name="stopTrial_works_correctly_for_StoppingTDCIRatio_when_samples_are_not_provided"/>
    <testcase time="0.0330000000000013" classname="Rules_methods" name="stopTrial_works_correctly_for_StoppingTDCIRatio_when_samples_are_not_provided"/>
    <testcase time="0.0229999999999961" classname="Rules_methods" name="stopTrial_works_correctly_for_StoppingTDCIRatio_when_samples_are_not_provided"/>
    <testcase time="0.0230000000000103" classname="Rules_methods" name="stopTrial_works_correctly_for_StoppingTDCIRatio_when_samples_are_not_provided"/>
    <testcase time="0.0219999999999914" classname="Rules_methods" name="stopTrial_works_correctly_for_StoppingTDCIRatio_when_samples_are_not_provided"/>
    <testcase time="0.0300000000000011" classname="Rules_methods" name="windowLength_works_correctly"/>
    <testcase time="0.019999999999996" classname="Rules_methods" name="windowLength_works_correctly"/>
    <testcase time="0.0210000000000008" classname="Rules_methods" name="windowLength_works_correctly"/>
    <testcase time="0.0260000000000105" classname="Rules_methods" name="windowLength_works_correctly"/>
    <testcase time="0.0240000000000009" classname="Rules_methods" name="windowLength_works_correctly"/>
    <testcase time="0.0179999999999865" classname="Rules_methods" name="windowLength_works_correctly"/>
    <testcase time="0.0200000000000102" classname="Rules_methods" name="windowLength_works_correctly"/>
    <testcase time="0.0189999999999912" classname="Rules_methods" name="windowLength_works_correctly"/>
    <testcase time="0.0200000000000102" classname="Rules_methods" name="windowLength_works_correctly"/>
    <testcase time="0.0180000000000007" classname="Rules_methods" name="windowLength_works_correctly"/>
    <testcase time="0.0229999999999961" classname="Rules_methods" name="windowLength_works_correctly"/>
    <testcase time="0.0190000000000055" classname="Rules_methods" name="windowLength_works_correctly"/>
    <testcase time="0.0319999999999965" classname="Rules_methods" name="windowLength_works_correctly"/>
    <testcase time="0.0210000000000008" classname="Rules_methods" name="windowLength_works_correctly"/>
    <testcase time="0.019999999999996" classname="Rules_methods" name="windowLength_works_correctly"/>
    <testcase time="0.0190000000000055" classname="Rules_methods" name="windowLength_works_correctly"/>
    <testcase time="0.0189999999999912" classname="Rules_methods" name="windowLength_works_correctly"/>
    <testcase time="0.019999999999996" classname="Rules_methods" name="windowLength_works_correctly"/>
    <testcase time="0.0219999999999914" classname="Rules_methods" name="windowLength_works_correctly"/>
    <testcase time="0.0210000000000008" classname="Rules_methods" name="windowLength_works_correctly"/>
    <testcase time="0.0320000000000107" classname="Rules_methods" name="windowLength_works_correctly"/>
    <testcase time="0.019999999999996" classname="Rules_methods" name="windowLength_works_correctly"/>
    <testcase time="0.019999999999996" classname="Rules_methods" name="windowLength_works_correctly"/>
    <testcase time="0.0210000000000008" classname="Rules_methods" name="windowLength_works_correctly"/>
    <testcase time="0.0210000000000008" classname="Rules_methods" name="windowLength_works_correctly"/>
    <testcase time="0.019999999999996" classname="Rules_methods" name="windowLength_works_correctly"/>
    <testcase time="0.0230000000000103" classname="Rules_methods" name="windowLength_works_correctly"/>
    <testcase time="0.0219999999999914" classname="Rules_methods" name="windowLength_works_correctly"/>
    <testcase time="0.0330000000000013" classname="Rules_methods" name="windowLength_works_correctly"/>
    <testcase time="0.019999999999996" classname="Rules_methods" name="windowLength_works_correctly"/>
    <testcase time="0.0210000000000008" classname="Rules_methods" name="windowLength_works_correctly"/>
    <testcase time="0.0190000000000055" classname="Rules_methods" name="windowLength_works_correctly"/>
    <testcase time="0.0210000000000008" classname="Rules_methods" name="windowLength_works_correctly"/>
    <testcase time="0.0210000000000008" classname="Rules_methods" name="windowLength_works_correctly"/>
    <testcase time="0.0219999999999914" classname="Rules_methods" name="windowLength_works_correctly"/>
    <testcase time="0.0200000000000102" classname="Rules_methods" name="windowLength_works_correctly"/>
    <testcase time="0.0309999999999917" classname="Rules_methods" name="windowLength_works_correctly"/>
    <testcase time="0.0210000000000008" classname="Rules_methods" name="windowLength_works_correctly"/>
    <testcase time="0.0190000000000055" classname="Rules_methods" name="windowLength_works_correctly"/>
    <testcase time="0.019999999999996" classname="Rules_methods" name="windowLength_works_correctly"/>
    <testcase time="0.0210000000000008" classname="Rules_methods" name="windowLength_works_correctly"/>
    <testcase time="0.019999999999996" classname="Rules_methods" name="windowLength_works_correctly"/>
    <testcase time="0.0210000000000008" classname="Rules_methods" name="windowLength_works_correctly"/>
    <testcase time="0.0220000000000056" classname="Rules_methods" name="windowLength_works_correctly"/>
    <testcase time="0.0310000000000059" classname="Rules_methods" name="windowLength_works_correctly"/>
    <testcase time="0.0189999999999912" classname="Rules_methods" name="windowLength_works_correctly"/>
    <testcase time="0.019999999999996" classname="Rules_methods" name="windowLength_works_correctly"/>
    <testcase time="0.0210000000000008" classname="Rules_methods" name="windowLength_works_correctly"/>
    <testcase time="0.0200000000000102" classname="Rules_methods" name="windowLength_works_correctly"/>
    <testcase time="0.019999999999996" classname="Rules_methods" name="windowLength_works_correctly"/>
    <testcase time="0.0229999999999961" classname="Rules_methods" name="windowLength_works_correctly"/>
    <testcase time="0.0280000000000058" classname="Rules_methods" name="windowLength_works_correctly"/>
    <testcase time="0.0240000000000009" classname="Rules_methods" name="windowLength_works_correctly"/>
    <testcase time="0.019999999999996" classname="Rules_methods" name="windowLength_works_correctly"/>
    <testcase time="0.0190000000000055" classname="Rules_methods" name="windowLength_works_correctly"/>
    <testcase time="0.019999999999996" classname="Rules_methods" name="windowLength_works_correctly"/>
    <testcase time="0.019999999999996" classname="Rules_methods" name="windowLength_works_correctly"/>
    <testcase time="0.0220000000000056" classname="Rules_methods" name="windowLength_works_correctly"/>
    <testcase time="0.0219999999999914" classname="Rules_methods" name="windowLength_works_correctly"/>
    <testcase time="0.0320000000000107" classname="Rules_methods" name="windowLength_works_correctly"/>
    <testcase time="0.0219999999999914" classname="Rules_methods" name="windowLength_works_correctly"/>
    <testcase time="0.0220000000000056" classname="Rules_methods" name="windowLength_works_correctly"/>
    <testcase time="0.0219999999999914" classname="Rules_methods" name="windowLength_works_correctly"/>
    <testcase time="0.0210000000000008" classname="Rules_methods" name="windowLength_works_correctly"/>
    <testcase time="0.0210000000000008" classname="Rules_methods" name="windowLength_works_correctly"/>
    <testcase time="0.0230000000000103" classname="Rules_methods" name="windowLength_works_correctly"/>
    <testcase time="0.0210000000000008" classname="Rules_methods" name="windowLength_works_correctly"/>
    <testcase time="0.032999999999987" classname="Rules_methods" name="windowLength_works_correctly"/>
    <testcase time="0.0210000000000008" classname="Rules_methods" name="windowLength_works_correctly"/>
    <testcase time="0.0190000000000055" classname="Rules_methods" name="windowLength_works_correctly"/>
    <testcase time="0.0220000000000056" classname="Rules_methods" name="windowLength_works_correctly"/>
    <testcase time="0.019999999999996" classname="Rules_methods" name="windowLength_works_correctly"/>
    <testcase time="0.0220000000000056" classname="Rules_methods" name="windowLength_works_correctly"/>
    <testcase time="0.0229999999999961" classname="Rules_methods" name="windowLength_works_correctly"/>
    <testcase time="0.0319999999999965" classname="Rules_methods" name="windowLength_works_correctly"/>
    <testcase time="0.0229999999999961" classname="Rules_methods" name="windowLength_works_correctly"/>
    <testcase time="0.0220000000000056" classname="Rules_methods" name="windowLength_works_correctly"/>
    <testcase time="0.0220000000000056" classname="Rules_methods" name="windowLength_works_correctly"/>
    <testcase time="0.0219999999999914" classname="Rules_methods" name="windowLength_works_correctly"/>
    <testcase time="0.0210000000000008" classname="Rules_methods" name="windowLength_works_correctly"/>
    <testcase time="0.0250000000000057" classname="Rules_methods" name="windowLength_works_correctly"/>
    <testcase time="0.0300000000000011" classname="Rules_methods" name="windowLength_works_correctly"/>
    <testcase time="0.0249999999999915" classname="Rules_methods" name="windowLength_works_correctly"/>
    <testcase time="0.0210000000000008" classname="Rules_methods" name="windowLength_works_correctly"/>
    <testcase time="0.0210000000000008" classname="Rules_methods" name="windowLength_works_correctly"/>
    <testcase time="0.0210000000000008" classname="Rules_methods" name="windowLength_works_correctly"/>
    <testcase time="0.0210000000000008" classname="Rules_methods" name="windowLength_works_correctly"/>
    <testcase time="0.0240000000000009" classname="Rules_methods" name="windowLength_works_correctly"/>
    <testcase time="0.0229999999999961" classname="Rules_methods" name="windowLength_works_correctly"/>
    <testcase time="0.0319999999999965" classname="Rules_methods" name="windowLength_works_correctly"/>
    <testcase time="0.0210000000000008" classname="Rules_methods" name="windowLength_works_correctly"/>
    <testcase time="0.0210000000000008" classname="Rules_methods" name="windowLength_works_correctly"/>
    <testcase time="0.0220000000000056" classname="Rules_methods" name="windowLength_works_correctly"/>
    <testcase time="0.0210000000000008" classname="Rules_methods" name="windowLength_works_correctly"/>
    <testcase time="0.0210000000000008" classname="Rules_methods" name="windowLength_works_correctly"/>
    <testcase time="0.0240000000000009" classname="Rules_methods" name="windowLength_works_correctly"/>
    <testcase time="0.0330000000000013" classname="Rules_methods" name="windowLength_works_correctly"/>
    <testcase time="0.0229999999999961" classname="Rules_methods" name="windowLength_works_correctly"/>
    <testcase time="0.0220000000000056" classname="Rules_methods" name="windowLength_works_correctly"/>
    <testcase time="0.0210000000000008" classname="Rules_methods" name="windowLength_works_correctly"/>
    <testcase time="0.0229999999999961" classname="Rules_methods" name="windowLength_works_correctly"/>
    <testcase time="0.0219999999999914" classname="Rules_methods" name="windowLength_works_correctly"/>
    <testcase time="0.0260000000000105" classname="Rules_methods" name="windowLength_works_correctly"/>
    <testcase time="0.0339999999999918" classname="Rules_methods" name="windowLength_works_correctly"/>
    <testcase time="0.0210000000000008" classname="Rules_methods" name="windowLength_works_correctly"/>
    <testcase time="0.0220000000000056" classname="Rules_methods" name="windowLength_works_correctly"/>
    <testcase time="0.019999999999996" classname="Rules_methods" name="windowLength_works_correctly"/>
    <testcase time="0.0220000000000056" classname="Rules_methods" name="windowLength_works_correctly"/>
    <testcase time="0.0210000000000008" classname="Rules_methods" name="windowLength_works_correctly"/>
    <testcase time="0.0219999999999914" classname="Rules_methods" name="windowLength_works_correctly"/>
    <testcase time="0.0319999999999965" classname="Rules_methods" name="windowLength_works_correctly"/>
    <testcase time="0.0200000000000102" classname="Rules_methods" name="windowLength_works_correctly"/>
    <testcase time="0.0189999999999912" classname="Rules_methods" name="windowLength_works_correctly"/>
    <testcase time="0.0210000000000008" classname="Rules_methods" name="windowLength_works_correctly"/>
    <testcase time="0.0190000000000055" classname="Rules_methods" name="windowLength_works_correctly"/>
    <testcase time="0.019999999999996" classname="Rules_methods" name="windowLength_works_correctly"/>
    <testcase time="0.0220000000000056" classname="Rules_methods" name="windowLength_works_correctly"/>
    <testcase time="0.0300000000000011" classname="Rules_methods" name="windowLength_works_correctly"/>
    <testcase time="0.0210000000000008" classname="Rules_methods" name="windowLength_works_correctly"/>
    <testcase time="0.0189999999999912" classname="Rules_methods" name="windowLength_works_correctly"/>
    <testcase time="0.0210000000000008" classname="Rules_methods" name="windowLength_works_correctly"/>
    <testcase time="0.0200000000000102" classname="Rules_methods" name="windowLength_works_correctly"/>
    <testcase time="0.019999999999996" classname="Rules_methods" name="windowLength_works_correctly"/>
    <testcase time="0.0229999999999961" classname="Rules_methods" name="windowLength_works_correctly"/>
    <testcase time="0.0319999999999965" classname="Rules_methods" name="windowLength_works_correctly"/>
    <testcase time="0.0210000000000008" classname="Rules_methods" name="windowLength_works_correctly"/>
    <testcase time="0.0190000000000055" classname="Rules_methods" name="windowLength_works_correctly"/>
    <testcase time="0.0210000000000008" classname="Rules_methods" name="windowLength_works_correctly"/>
    <testcase time="0.0219999999999914" classname="Rules_methods" name="windowLength_works_correctly"/>
    <testcase time="0.0200000000000102" classname="Rules_methods" name="windowLength_works_correctly"/>
    <testcase time="0.0240000000000009" classname="Rules_methods" name="windowLength_works_correctly"/>
    <testcase time="0.0480000000000018" classname="Rules_methods" name="windowLength_works_correctly"/>
    <testcase time="0.0289999999999964" classname="Rules_methods" name="windowLength_works_correctly"/>
    <testcase time="0.019999999999996" classname="Rules_methods" name="windowLength_works_correctly"/>
    <testcase time="0.0190000000000055" classname="Rules_methods" name="windowLength_works_correctly"/>
    <testcase time="0.019999999999996" classname="Rules_methods" name="windowLength_works_correctly"/>
    <testcase time="0.0210000000000008" classname="Rules_methods" name="windowLength_works_correctly"/>
    <testcase time="0.0210000000000008" classname="Rules_methods" name="windowLength_works_correctly"/>
    <testcase time="0.0229999999999961" classname="Rules_methods" name="windowLength_works_correctly"/>
    <testcase time="0.0310000000000059" classname="Rules_methods" name="windowLength_works_correctly"/>
    <testcase time="0.0330000000000013" classname="Rules_methods" name="windowLength_works_correctly"/>
    <testcase time="0.0219999999999914" classname="Rules_methods" name="windowLength_works_correctly"/>
    <testcase time="0.0220000000000056" classname="Rules_methods" name="windowLength_works_correctly"/>
    <testcase time="0.0219999999999914" classname="Rules_methods" name="windowLength_works_correctly"/>
    <testcase time="0.0210000000000008" classname="Rules_methods" name="windowLength_works_correctly"/>
    <testcase time="0.0210000000000008" classname="Rules_methods" name="windowLength_works_correctly"/>
    <testcase time="0.0220000000000056" classname="Rules_methods" name="windowLength_works_correctly"/>
    <testcase time="0.0310000000000059" classname="Rules_methods" name="windowLength_works_correctly"/>
    <testcase time="0.032999999999987" classname="Rules_methods" name="windowLength_works_correctly"/>
    <testcase time="0.0200000000000102" classname="Rules_methods" name="windowLength_works_correctly"/>
    <testcase time="0.0210000000000008" classname="Rules_methods" name="windowLength_works_correctly"/>
    <testcase time="0.0210000000000008" classname="Rules_methods" name="windowLength_works_correctly"/>
    <testcase time="0.0210000000000008" classname="Rules_methods" name="windowLength_works_correctly"/>
    <testcase time="0.0219999999999914" classname="Rules_methods" name="windowLength_works_correctly"/>
    <testcase time="0.0240000000000009" classname="Rules_methods" name="windowLength_works_correctly"/>
    <testcase time="0.034000000000006" classname="Rules_methods" name="windowLength_works_correctly"/>
    <testcase time="0.0339999999999918" classname="Rules_methods" name="windowLength_works_correctly"/>
    <testcase time="0.0230000000000103" classname="Rules_methods" name="windowLength_works_correctly"/>
    <testcase time="0.0219999999999914" classname="Rules_methods" name="windowLength_works_correctly"/>
    <testcase time="0.0210000000000008" classname="Rules_methods" name="windowLength_works_correctly"/>
    <testcase time="0.0220000000000056" classname="Rules_methods" name="windowLength_works_correctly"/>
    <testcase time="0.0210000000000008" classname="Rules_methods" name="windowLength_works_correctly"/>
    <testcase time="0.0249999999999915" classname="Rules_methods" name="windowLength_works_correctly"/>
    <testcase time="0.0339999999999918" classname="Rules_methods" name="windowLength_works_correctly"/>
    <testcase time="0.0300000000000011" classname="Rules_methods" name="windowLength_works_correctly"/>
    <testcase time="0.0210000000000008" classname="Rules_methods" name="windowLength_works_correctly"/>
    <testcase time="0.0210000000000008" classname="Rules_methods" name="windowLength_works_correctly"/>
    <testcase time="0.0220000000000056" classname="Rules_methods" name="windowLength_works_correctly"/>
    <testcase time="0.0219999999999914" classname="Rules_methods" name="windowLength_works_correctly"/>
    <testcase time="0.0229999999999961" classname="Rules_methods" name="windowLength_works_correctly"/>
    <testcase time="0.0240000000000009" classname="Rules_methods" name="windowLength_works_correctly"/>
    <testcase time="0.0370000000000061" classname="Rules_methods" name="windowLength_works_correctly"/>
    <testcase time="0.0289999999999964" classname="Rules_methods" name="windowLength_works_correctly"/>
    <testcase time="0.0210000000000008" classname="Rules_methods" name="windowLength_works_correctly"/>
    <testcase time="0.0190000000000055" classname="Rules_methods" name="windowLength_works_correctly"/>
    <testcase time="0.0210000000000008" classname="Rules_methods" name="windowLength_works_correctly"/>
    <testcase time="0.019999999999996" classname="Rules_methods" name="windowLength_works_correctly"/>
    <testcase time="0.0229999999999961" classname="Rules_methods" name="windowLength_works_correctly"/>
    <testcase time="0.0300000000000011" classname="Rules_methods" name="windowLength_works_correctly"/>
    <testcase time="0.0310000000000059" classname="Rules_methods" name="windowLength_works_correctly"/>
    <testcase time="0.0240000000000009" classname="Rules_methods" name="windowLength_works_correctly"/>
    <testcase time="0.019999999999996" classname="Rules_methods" name="windowLength_works_correctly"/>
    <testcase time="0.0220000000000056" classname="Rules_methods" name="windowLength_works_correctly"/>
    <testcase time="0.0229999999999961" classname="Rules_methods" name="windowLength_works_correctly"/>
    <testcase time="0.0210000000000008" classname="Rules_methods" name="windowLength_works_correctly"/>
    <testcase time="0.0249999999999915" classname="Rules_methods" name="windowLength_works_correctly"/>
    <testcase time="0.034000000000006" classname="Rules_methods" name="windowLength_works_correctly"/>
    <testcase time="0.0319999999999965" classname="Rules_methods" name="windowLength_works_correctly"/>
    <testcase time="0.0220000000000056" classname="Rules_methods" name="windowLength_works_correctly"/>
    <testcase time="0.0189999999999912" classname="Rules_methods" name="windowLength_works_correctly"/>
    <testcase time="0.0230000000000103" classname="Rules_methods" name="windowLength_works_correctly"/>
    <testcase time="0.019999999999996" classname="Rules_methods" name="windowLength_works_correctly"/>
    <testcase time="0.019999999999996" classname="Rules_methods" name="windowLength_works_correctly"/>
    <testcase time="0.0240000000000009" classname="Rules_methods" name="windowLength_works_correctly"/>
    <testcase time="0.0370000000000061" classname="Rules_methods" name="windowLength_works_correctly"/>
    <testcase time="0.0240000000000009" classname="Rules_methods" name="windowLength_works_correctly"/>
    <testcase time="0.0210000000000008" classname="Rules_methods" name="windowLength_works_correctly"/>
    <testcase time="0.019999999999996" classname="Rules_methods" name="windowLength_works_correctly"/>
    <testcase time="0.0210000000000008" classname="Rules_methods" name="windowLength_works_correctly"/>
    <testcase time="0.019999999999996" classname="Rules_methods" name="windowLength_works_correctly"/>
    <testcase time="0.0220000000000056" classname="Rules_methods" name="windowLength_works_correctly"/>
    <testcase time="0.0319999999999965" classname="Rules_methods" name="windowLength_works_correctly"/>
    <testcase time="0.0310000000000059" classname="Rules_methods" name="windowLength_works_correctly"/>
    <testcase time="0.0219999999999914" classname="Rules_methods" name="windowLength_works_correctly"/>
    <testcase time="0.019999999999996" classname="Rules_methods" name="windowLength_works_correctly"/>
    <testcase time="0.0200000000000102" classname="Rules_methods" name="windowLength_works_correctly"/>
    <testcase time="0.019999999999996" classname="Rules_methods" name="windowLength_works_correctly"/>
    <testcase time="0.0229999999999961" classname="Rules_methods" name="windowLength_works_correctly"/>
    <testcase time="0.0230000000000103" classname="Rules_methods" name="windowLength_works_correctly"/>
    <testcase time="0.039999999999992" classname="Rules_methods" name="windowLength_works_correctly"/>
    <testcase time="0.0220000000000056" classname="Rules_methods" name="windowLength_works_correctly"/>
    <testcase time="0.019999999999996" classname="Rules_methods" name="windowLength_works_correctly"/>
    <testcase time="0.019999999999996" classname="Rules_methods" name="windowLength_works_correctly"/>
    <testcase time="0.0210000000000008" classname="Rules_methods" name="windowLength_works_correctly"/>
    <testcase time="0.0210000000000008" classname="Rules_methods" name="windowLength_works_correctly"/>
    <testcase time="0.0220000000000056" classname="Rules_methods" name="windowLength_works_correctly"/>
    <testcase time="0.0330000000000013" classname="Rules_methods" name="windowLength_works_correctly"/>
    <testcase time="0.0259999999999962" classname="Rules_methods" name="windowLength_works_correctly"/>
    <testcase time="0.0210000000000008" classname="Rules_methods" name="windowLength_works_correctly"/>
    <testcase time="0.019999999999996" classname="Rules_methods" name="windowLength_works_correctly"/>
    <testcase time="0.0210000000000008" classname="Rules_methods" name="windowLength_works_correctly"/>
    <testcase time="0.0190000000000055" classname="Rules_methods" name="windowLength_works_correctly"/>
    <testcase time="0.0240000000000009" classname="Rules_methods" name="windowLength_works_correctly"/>
    <testcase time="0.0339999999999918" classname="Rules_methods" name="windowLength_works_correctly"/>
    <testcase time="0.0290000000000106" classname="Rules_methods" name="windowLength_works_correctly"/>
    <testcase time="0.0209999999999866" classname="Rules_methods" name="windowLength_works_correctly"/>
    <testcase time="0.0220000000000056" classname="Rules_methods" name="windowLength_works_correctly"/>
    <testcase time="0.0240000000000009" classname="Rules_methods" name="windowLength_works_correctly"/>
    <testcase time="0.0229999999999961" classname="Rules_methods" name="windowLength_works_correctly"/>
    <testcase time="0.0240000000000009" classname="Rules_methods" name="windowLength_works_correctly"/>
    <testcase time="0.034000000000006" classname="Rules_methods" name="windowLength_works_correctly"/>
    <testcase time="0.0309999999999917" classname="Rules_methods" name="windowLength_works_correctly"/>
    <testcase time="0.0210000000000008" classname="Rules_methods" name="windowLength_works_correctly"/>
    <testcase time="0.0200000000000102" classname="Rules_methods" name="windowLength_works_correctly"/>
    <testcase time="0.019999999999996" classname="Rules_methods" name="windowLength_works_correctly"/>
    <testcase time="0.0210000000000008" classname="Rules_methods" name="windowLength_works_correctly"/>
    <testcase time="0.0219999999999914" classname="Rules_methods" name="windowLength_works_correctly"/>
    <testcase time="0.0330000000000013" classname="Rules_methods" name="windowLength_works_correctly"/>
    <testcase time="0.0310000000000059" classname="Rules_methods" name="windowLength_works_correctly"/>
    <testcase time="0.0210000000000008" classname="Rules_methods" name="windowLength_works_correctly"/>
    <testcase time="0.0229999999999961" classname="Rules_methods" name="windowLength_works_correctly"/>
    <testcase time="0.0210000000000008" classname="Rules_methods" name="windowLength_works_correctly"/>
    <testcase time="0.0220000000000056" classname="Rules_methods" name="windowLength_works_correctly"/>
    <testcase time="0.0219999999999914" classname="Rules_methods" name="windowLength_works_correctly"/>
    <testcase time="0.034000000000006" classname="Rules_methods" name="windowLength_works_correctly"/>
    <testcase time="0.0309999999999917" classname="Rules_methods" name="windowLength_works_correctly"/>
    <testcase time="0.0220000000000056" classname="Rules_methods" name="windowLength_works_correctly"/>
    <testcase time="0.0220000000000056" classname="Rules_methods" name="windowLength_works_correctly"/>
    <testcase time="0.0229999999999961" classname="Rules_methods" name="windowLength_works_correctly"/>
    <testcase time="0.0220000000000056" classname="Rules_methods" name="windowLength_works_correctly"/>
    <testcase time="0.0240000000000009" classname="Rules_methods" name="windowLength_works_correctly"/>
    <testcase time="0.0359999999999872" classname="Rules_methods" name="windowLength_works_correctly"/>
    <testcase time="0.0290000000000106" classname="Rules_methods" name="windowLength_works_correctly"/>
    <testcase time="0.0219999999999914" classname="Rules_methods" name="windowLength_works_correctly"/>
    <testcase time="0.0220000000000056" classname="Rules_methods" name="windowLength_works_correctly"/>
    <testcase time="0.0219999999999914" classname="Rules_methods" name="windowLength_works_correctly"/>
    <testcase time="0.0220000000000056" classname="Rules_methods" name="windowLength_works_correctly"/>
    <testcase time="0.0220000000000056" classname="Rules_methods" name="windowLength_works_correctly"/>
    <testcase time="0.0390000000000015" classname="Rules_methods" name="windowLength_works_correctly"/>
    <testcase time="0.0229999999999961" classname="Rules_methods" name="windowLength_works_correctly"/>
    <testcase time="0.0210000000000008" classname="Rules_methods" name="windowLength_works_correctly"/>
    <testcase time="0.0210000000000008" classname="Rules_methods" name="windowLength_works_correctly"/>
    <testcase time="0.0219999999999914" classname="Rules_methods" name="windowLength_works_correctly"/>
    <testcase time="0.0210000000000008" classname="Rules_methods" name="windowLength_works_correctly"/>
    <testcase time="0.0300000000000011" classname="Rules_methods" name="windowLength_works_correctly"/>
    <testcase time="0.0330000000000013" classname="Rules_methods" name="windowLength_works_correctly"/>
    <testcase time="0.0220000000000056" classname="Rules_methods" name="windowLength_works_correctly"/>
    <testcase time="0.0229999999999961" classname="Rules_methods" name="windowLength_works_correctly"/>
    <testcase time="0.0220000000000056" classname="Rules_methods" name="windowLength_works_correctly"/>
    <testcase time="0.0210000000000008" classname="Rules_methods" name="windowLength_works_correctly"/>
    <testcase time="0.0219999999999914" classname="Rules_methods" name="windowLength_works_correctly"/>
    <testcase time="0.034000000000006" classname="Rules_methods" name="windowLength_works_correctly"/>
    <testcase time="0.0289999999999964" classname="Rules_methods" name="windowLength_works_correctly"/>
    <testcase time="0.0229999999999961" classname="Rules_methods" name="windowLength_works_correctly"/>
    <testcase time="0.0230000000000103" classname="Rules_methods" name="windowLength_works_correctly"/>
    <testcase time="0.0219999999999914" classname="Rules_methods" name="windowLength_works_correctly"/>
    <testcase time="0.0210000000000008" classname="Rules_methods" name="windowLength_works_correctly"/>
    <testcase time="0.0240000000000009" classname="Rules_methods" name="windowLength_works_correctly"/>
    <testcase time="0.0409999999999968" classname="Rules_methods" name="windowLength_works_correctly"/>
    <testcase time="0.0230000000000103" classname="Rules_methods" name="windowLength_works_correctly"/>
    <testcase time="0.0219999999999914" classname="Rules_methods" name="windowLength_works_correctly"/>
    <testcase time="0.0210000000000008" classname="Rules_methods" name="windowLength_works_correctly"/>
    <testcase time="0.0210000000000008" classname="Rules_methods" name="windowLength_works_correctly"/>
    <testcase time="0.0229999999999961" classname="Rules_methods" name="windowLength_works_correctly"/>
    <testcase time="0.061000000000007" classname="Rules_methods" name="windowLength_works_correctly"/>
    <testcase time="0.027000000000001" classname="Rules_methods" name="windowLength_works_correctly"/>
    <testcase time="0.019999999999996" classname="Rules_methods" name="windowLength_works_correctly"/>
    <testcase time="0.0229999999999961" classname="Rules_methods" name="windowLength_works_correctly"/>
    <testcase time="0.0230000000000103" classname="Rules_methods" name="windowLength_works_correctly"/>
    <testcase time="0.0219999999999914" classname="Rules_methods" name="windowLength_works_correctly"/>
    <testcase time="0.0259999999999962" classname="Rules_methods" name="windowLength_works_correctly"/>
    <testcase time="0.0250000000000057" classname="Rules_methods" name="windowLength_works_correctly"/>
    <testcase time="0.0390000000000015" classname="Rules_methods" name="windowLength_works_correctly"/>
    <testcase time="0.0250000000000057" classname="Rules_methods" name="windowLength_works_correctly"/>
    <testcase time="0.0219999999999914" classname="Rules_methods" name="windowLength_works_correctly"/>
    <testcase time="0.0210000000000008" classname="Rules_methods" name="windowLength_works_correctly"/>
    <testcase time="0.0229999999999961" classname="Rules_methods" name="windowLength_works_correctly"/>
    <testcase time="0.0230000000000103" classname="Rules_methods" name="windowLength_works_correctly"/>
    <testcase time="0.027000000000001" classname="Rules_methods" name="windowLength_works_correctly"/>
    <testcase time="0.0229999999999961" classname="Rules_methods" name="windowLength_works_correctly"/>
    <testcase time="0.0489999999999924" classname="Rules_methods" name="report_label_slot_available_for_StoppingSpecificDose"/>
  </testsuite>
  <testsuite name="Rules-validity" timestamp="2023-08-17T11:59:57Z" hostname="20a247bd8378" tests="328" skipped="0" failures="0" errors="0" time="2.936">
    <testcase time="0.0430000000000064" classname="Rules_validity" name="v_next_best_mtd_passes_for_valid_object"/>
    <testcase time="0.0120000000000005" classname="Rules_validity" name="v_next_best_mtd_returns_message_for_non_valid_target"/>
    <testcase time="0.00600000000000023" classname="Rules_validity" name="v_next_best_mtd_returns_message_for_non_valid_target"/>
    <testcase time="0.00499999999999545" classname="Rules_validity" name="v_next_best_mtd_returns_message_for_non_valid_target"/>
    <testcase time="0.00500000000000966" classname="Rules_validity" name="v_next_best_mtd_returns_message_for_non_valid_target"/>
    <testcase time="0.0119999999999862" classname="Rules_validity" name="v_next_best_mtd_returns_message_for_non_valid_derive"/>
    <testcase time="0.00500000000000966" classname="Rules_validity" name="v_next_best_mtd_returns_message_for_non_valid_derive"/>
    <testcase time="0.0120000000000005" classname="Rules_validity" name="v_next_best_ncrm_passes_for_valid_object"/>
    <testcase time="0.00600000000000023" classname="Rules_validity" name="v_next_best_ncrm_passes_for_valid_object"/>
    <testcase time="0.012999999999991" classname="Rules_validity" name="v_next_best_ncrm_returns_message_for_non_valid_target"/>
    <testcase time="0.00500000000000966" classname="Rules_validity" name="v_next_best_ncrm_returns_message_for_non_valid_target"/>
    <testcase time="0.00499999999999545" classname="Rules_validity" name="v_next_best_ncrm_returns_message_for_non_valid_target"/>
    <testcase time="0.00499999999999545" classname="Rules_validity" name="v_next_best_ncrm_returns_message_for_non_valid_target"/>
    <testcase time="0.0130000000000052" classname="Rules_validity" name="v_next_best_ncrm_returns_message_for_non_valid_overdose"/>
    <testcase time="0.00499999999999545" classname="Rules_validity" name="v_next_best_ncrm_returns_message_for_non_valid_overdose"/>
    <testcase time="0.00600000000000023" classname="Rules_validity" name="v_next_best_ncrm_returns_message_for_non_valid_overdose"/>
    <testcase time="0.00600000000000023" classname="Rules_validity" name="v_next_best_ncrm_returns_message_for_non_valid_overdose"/>
    <testcase time="0.0130000000000052" classname="Rules_validity" name="v_next_best_ncrm_returns_message_for_non_valid_max_overdose_prob"/>
    <testcase time="0.00499999999999545" classname="Rules_validity" name="v_next_best_ncrm_returns_message_for_non_valid_max_overdose_prob"/>
    <testcase time="0.00500000000000966" classname="Rules_validity" name="v_next_best_ncrm_returns_message_for_non_valid_max_overdose_prob"/>
    <testcase time="0.00499999999999545" classname="Rules_validity" name="v_next_best_ncrm_returns_message_for_non_valid_max_overdose_prob"/>
    <testcase time="0.0139999999999958" classname="Rules_validity" name="v_next_best_ncrm_loss_passes_for_valid_object"/>
    <testcase time="0.007000000000005" classname="Rules_validity" name="v_next_best_ncrm_loss_passes_for_valid_object"/>
    <testcase time="0.0159999999999911" classname="Rules_validity" name="v_next_best_ncrm_loss_passes_for_valid_object"/>
    <testcase time="0.0180000000000007" classname="Rules_validity" name="v_next_best_ncrm_loss_returns_message_for_non_valid_target"/>
    <testcase time="0.007000000000005" classname="Rules_validity" name="v_next_best_ncrm_loss_returns_message_for_non_valid_target"/>
    <testcase time="0.00600000000000023" classname="Rules_validity" name="v_next_best_ncrm_loss_returns_message_for_non_valid_target"/>
    <testcase time="0.00600000000000023" classname="Rules_validity" name="v_next_best_ncrm_loss_returns_message_for_non_valid_target"/>
    <testcase time="0.00499999999999545" classname="Rules_validity" name="v_next_best_ncrm_loss_returns_message_for_non_valid_target"/>
    <testcase time="0.0130000000000052" classname="Rules_validity" name="v_next_best_ncrm_loss_returns_message_for_non_valid_overdose"/>
    <testcase time="0.00499999999999545" classname="Rules_validity" name="v_next_best_ncrm_loss_returns_message_for_non_valid_overdose"/>
    <testcase time="0.00400000000000489" classname="Rules_validity" name="v_next_best_ncrm_loss_returns_message_for_non_valid_overdose"/>
    <testcase time="0.00600000000000023" classname="Rules_validity" name="v_next_best_ncrm_loss_returns_message_for_non_valid_overdose"/>
    <testcase time="0.0120000000000005" classname="Rules_validity" name="v_next_best_ncrm_loss_returns_message_for_non_valid_unacceptable"/>
    <testcase time="0.00400000000000489" classname="Rules_validity" name="v_next_best_ncrm_loss_returns_message_for_non_valid_unacceptable"/>
    <testcase time="0.00499999999999545" classname="Rules_validity" name="v_next_best_ncrm_loss_returns_message_for_non_valid_unacceptable"/>
    <testcase time="0.00400000000000489" classname="Rules_validity" name="v_next_best_ncrm_loss_returns_message_for_non_valid_unacceptable"/>
    <testcase time="0.012999999999991" classname="Rules_validity" name="v_next_best_ncrm_loss_returns_message_for_wrong_overdose_unacceptable_relation"/>
    <testcase time="0.0120000000000005" classname="Rules_validity" name="v_next_best_ncrm_loss_returns_message_for_wrong_losses"/>
    <testcase time="0.00499999999999545" classname="Rules_validity" name="v_next_best_ncrm_loss_returns_message_for_wrong_losses"/>
    <testcase time="0.00500000000000966" classname="Rules_validity" name="v_next_best_ncrm_loss_returns_message_for_wrong_losses"/>
    <testcase time="0.0120000000000005" classname="Rules_validity" name="v_next_best_dual_endpoint_passes_for_valid_object"/>
    <testcase time="0.00600000000000023" classname="Rules_validity" name="v_next_best_dual_endpoint_passes_for_valid_object"/>
    <testcase time="0.00600000000000023" classname="Rules_validity" name="v_next_best_dual_endpoint_passes_for_valid_object"/>
    <testcase time="0.012999999999991" classname="Rules_validity" name="v_next_best_dual_endpoint_returns_message_for_non_valid_target_relative_"/>
    <testcase time="0.00500000000000966" classname="Rules_validity" name="v_next_best_dual_endpoint_returns_message_for_non_valid_target_relative_"/>
    <testcase time="0.00499999999999545" classname="Rules_validity" name="v_next_best_dual_endpoint_returns_message_for_non_valid_target_relative_"/>
    <testcase time="0.00499999999999545" classname="Rules_validity" name="v_next_best_dual_endpoint_returns_message_for_non_valid_target_relative_"/>
    <testcase time="0.01400000000001" classname="Rules_validity" name="v_next_best_dual_endpoint_returns_message_for_non_valid_target_absolute_"/>
    <testcase time="0.00499999999999545" classname="Rules_validity" name="v_next_best_dual_endpoint_returns_message_for_non_valid_target_absolute_"/>
    <testcase time="0.00600000000000023" classname="Rules_validity" name="v_next_best_dual_endpoint_returns_message_for_non_valid_target_absolute_"/>
    <testcase time="0.0130000000000052" classname="Rules_validity" name="v_next_best_dual_endpoint_returns_message_for_non_valid_target_relative_flag"/>
    <testcase time="0.0119999999999862" classname="Rules_validity" name="v_next_best_dual_endpoint_returns_message_for_non_valid_overdose"/>
    <testcase time="0.00500000000000966" classname="Rules_validity" name="v_next_best_dual_endpoint_returns_message_for_non_valid_overdose"/>
    <testcase time="0.00600000000000023" classname="Rules_validity" name="v_next_best_dual_endpoint_returns_message_for_non_valid_overdose"/>
    <testcase time="0.0120000000000005" classname="Rules_validity" name="v_next_best_dual_endpoint_returns_message_for_non_valid_overdose"/>
    <testcase time="0.0169999999999959" classname="Rules_validity" name="v_next_best_dual_endpoint_returns_message_for_non_valid_max_overdose_prob"/>
    <testcase time="0.007000000000005" classname="Rules_validity" name="v_next_best_dual_endpoint_returns_message_for_non_valid_max_overdose_prob"/>
    <testcase time="0.00699999999999079" classname="Rules_validity" name="v_next_best_dual_endpoint_returns_message_for_non_valid_max_overdose_prob"/>
    <testcase time="0.00500000000000966" classname="Rules_validity" name="v_next_best_dual_endpoint_returns_message_for_non_valid_max_overdose_prob"/>
    <testcase time="0.012999999999991" classname="Rules_validity" name="v_next_best_dual_endpoint_returns_message_for_non_valid_target_thresh"/>
    <testcase time="0.00500000000000966" classname="Rules_validity" name="v_next_best_dual_endpoint_returns_message_for_non_valid_target_thresh"/>
    <testcase time="0.00499999999999545" classname="Rules_validity" name="v_next_best_dual_endpoint_returns_message_for_non_valid_target_thresh"/>
    <testcase time="0.0120000000000005" classname="Rules_validity" name="v_next_best_min_dist_passes_for_valid_object"/>
    <testcase time="0.0120000000000005" classname="Rules_validity" name="v_next_best_min_dist_returns_message_for_non_valid_target"/>
    <testcase time="0.00499999999999545" classname="Rules_validity" name="v_next_best_min_dist_returns_message_for_non_valid_target"/>
    <testcase time="0.00500000000000966" classname="Rules_validity" name="v_next_best_min_dist_returns_message_for_non_valid_target"/>
    <testcase time="0.00499999999999545" classname="Rules_validity" name="v_next_best_min_dist_returns_message_for_non_valid_target"/>
    <testcase time="0.0120000000000005" classname="Rules_validity" name="v_next_best_inf_theory_passes_for_valid_object"/>
    <testcase time="0.0120000000000005" classname="Rules_validity" name="v_next_best_inf_theory_returns_message_for_non_valid_target"/>
    <testcase time="0.00499999999999545" classname="Rules_validity" name="v_next_best_inf_theory_returns_message_for_non_valid_target"/>
    <testcase time="0.00499999999999545" classname="Rules_validity" name="v_next_best_inf_theory_returns_message_for_non_valid_target"/>
    <testcase time="0.00500000000000966" classname="Rules_validity" name="v_next_best_inf_theory_returns_message_for_non_valid_target"/>
    <testcase time="0.0120000000000005" classname="Rules_validity" name="v_next_best_inf_theory_returns_message_for_non_valid_asymmetry"/>
    <testcase time="0.00499999999999545" classname="Rules_validity" name="v_next_best_inf_theory_returns_message_for_non_valid_asymmetry"/>
    <testcase time="0.00499999999999545" classname="Rules_validity" name="v_next_best_inf_theory_returns_message_for_non_valid_asymmetry"/>
    <testcase time="0.00500000000000966" classname="Rules_validity" name="v_next_best_inf_theory_returns_message_for_non_valid_asymmetry"/>
    <testcase time="0.0120000000000005" classname="Rules_validity" name="v_next_best_td_passes_for_valid_object"/>
    <testcase time="0.0120000000000005" classname="Rules_validity" name="v_next_best_td_returns_message_for_non_valid_prob_target_drt"/>
    <testcase time="0.00600000000000023" classname="Rules_validity" name="v_next_best_td_returns_message_for_non_valid_prob_target_drt"/>
    <testcase time="0.00600000000000023" classname="Rules_validity" name="v_next_best_td_returns_message_for_non_valid_prob_target_drt"/>
    <testcase time="0.00499999999999545" classname="Rules_validity" name="v_next_best_td_returns_message_for_non_valid_prob_target_drt"/>
    <testcase time="0.0120000000000005" classname="Rules_validity" name="v_next_best_td_returns_message_for_non_valid_prob_target_eot"/>
    <testcase time="0.00499999999999545" classname="Rules_validity" name="v_next_best_td_returns_message_for_non_valid_prob_target_eot"/>
    <testcase time="0.00600000000000023" classname="Rules_validity" name="v_next_best_td_returns_message_for_non_valid_prob_target_eot"/>
    <testcase time="0.00499999999999545" classname="Rules_validity" name="v_next_best_td_returns_message_for_non_valid_prob_target_eot"/>
    <testcase time="0.01400000000001" classname="Rules_validity" name="v_next_best_td_samples_passes_for_valid_object"/>
    <testcase time="0.0240000000000009" classname="Rules_validity" name="v_next_best_td_samples_returns_message_for_non_valid_derive"/>
    <testcase time="0.00799999999999557" classname="Rules_validity" name="v_next_best_td_samples_returns_message_for_non_valid_derive"/>
    <testcase time="0.0160000000000053" classname="Rules_validity" name="v_next_best_max_gain_samples_passes_for_valid_object"/>
    <testcase time="0.012999999999991" classname="Rules_validity" name="v_next_best_max_gain_samples_returns_message_for_non_valid_derive"/>
    <testcase time="0.00600000000000023" classname="Rules_validity" name="v_next_best_max_gain_samples_returns_message_for_non_valid_derive"/>
    <testcase time="0.0120000000000005" classname="Rules_validity" name="v_next_best_max_gain_samples_returns_message_for_non_valid_mg_derive"/>
    <testcase time="0.00600000000000023" classname="Rules_validity" name="v_next_best_max_gain_samples_returns_message_for_non_valid_mg_derive"/>
    <testcase time="0.0110000000000099" classname="Rules_validity" name="v_next_best_prob_mtd_lte_passes_for_valid_object"/>
    <testcase time="0.0109999999999957" classname="Rules_validity" name="v_next_best_prob_mtd_lte_returns_message_for_non_valid_target"/>
    <testcase time="0.00499999999999545" classname="Rules_validity" name="v_next_best_prob_mtd_lte_returns_message_for_non_valid_target"/>
    <testcase time="0.00600000000000023" classname="Rules_validity" name="v_next_best_prob_mtd_lte_returns_message_for_non_valid_target"/>
    <testcase time="0.00400000000000489" classname="Rules_validity" name="v_next_best_prob_mtd_lte_returns_message_for_non_valid_target"/>
    <testcase time="0.0120000000000005" classname="Rules_validity" name="v_next_best_prob_mtd_min_dist_passes_for_valid_object"/>
    <testcase time="0.0120000000000005" classname="Rules_validity" name="v_next_best_prob_mtd_min_dist_returns_message_for_non_valid_target"/>
    <testcase time="0.00499999999999545" classname="Rules_validity" name="v_next_best_prob_mtd_min_dist_returns_message_for_non_valid_target"/>
    <testcase time="0.00499999999999545" classname="Rules_validity" name="v_next_best_prob_mtd_min_dist_returns_message_for_non_valid_target"/>
    <testcase time="0.00500000000000966" classname="Rules_validity" name="v_next_best_prob_mtd_min_dist_returns_message_for_non_valid_target"/>
    <testcase time="0.0120000000000005" classname="Rules_validity" name="v_increments_relative_passes_for_valid_object"/>
    <testcase time="0.0120000000000005" classname="Rules_validity" name="v_increments_relative_returns_message_for_non_valid_intervals"/>
    <testcase time="0.00600000000000023" classname="Rules_validity" name="v_increments_relative_returns_message_for_non_valid_intervals"/>
    <testcase time="0.00499999999999545" classname="Rules_validity" name="v_increments_relative_returns_message_for_non_valid_intervals"/>
    <testcase time="0.0139999999999958" classname="Rules_validity" name="v_increments_relative_returns_message_for_non_valid_increments"/>
    <testcase time="0.00500000000000966" classname="Rules_validity" name="v_increments_relative_returns_message_for_non_valid_increments"/>
    <testcase time="0.0120000000000005" classname="Rules_validity" name="v_increments_relative_parts_passes_for_valid_object"/>
    <testcase time="0.0120000000000005" classname="Rules_validity" name="v_increments_relative_parts_returns_message_for_non_valid_dlt_start"/>
    <testcase time="0.00499999999999545" classname="Rules_validity" name="v_increments_relative_parts_returns_message_for_non_valid_dlt_start"/>
    <testcase time="0.0189999999999912" classname="Rules_validity" name="v_increments_relative_parts_returns_message_for_non_valid_clean_start"/>
    <testcase time="0.007000000000005" classname="Rules_validity" name="v_increments_relative_parts_returns_message_for_non_valid_clean_start"/>
    <testcase time="0.00799999999999557" classname="Rules_validity" name="v_increments_relative_parts_returns_message_for_non_valid_clean_start"/>
    <testcase time="0.0160000000000053" classname="Rules_validity" name="v_increments_relative_dlt_passes_for_valid_object"/>
    <testcase time="0.0120000000000005" classname="Rules_validity" name="v_increments_relative_dlt_returns_message_for_non_valid_intervals"/>
    <testcase time="0.00499999999999545" classname="Rules_validity" name="v_increments_relative_dlt_returns_message_for_non_valid_intervals"/>
    <testcase time="0.00600000000000023" classname="Rules_validity" name="v_increments_relative_dlt_returns_message_for_non_valid_intervals"/>
    <testcase time="0.0120000000000005" classname="Rules_validity" name="v_increments_relative_dlt_returns_message_for_non_valid_increments"/>
    <testcase time="0.00500000000000966" classname="Rules_validity" name="v_increments_relative_dlt_returns_message_for_non_valid_increments"/>
    <testcase time="0.0120000000000005" classname="Rules_validity" name="v_increments_dose_levels_passes_for_valid_object"/>
    <testcase time="0.00699999999999079" classname="Rules_validity" name="v_increments_dose_levels_passes_for_valid_object"/>
    <testcase time="0.00600000000000023" classname="Rules_validity" name="v_increments_dose_levels_passes_for_valid_object"/>
    <testcase time="0.0120000000000005" classname="Rules_validity" name="v_increments_dose_levels_returns_message_for_non_valid_levels"/>
    <testcase time="0.00600000000000023" classname="Rules_validity" name="v_increments_dose_levels_returns_message_for_non_valid_levels"/>
    <testcase time="0.00600000000000023" classname="Rules_validity" name="v_increments_dose_levels_returns_message_for_non_valid_levels"/>
    <testcase time="0.0130000000000052" classname="Rules_validity" name="v_increments_dose_levels_returns_message_for_non_valid_basis_level"/>
    <testcase time="0.00600000000000023" classname="Rules_validity" name="v_increments_dose_levels_returns_message_for_non_valid_basis_level"/>
    <testcase time="0.00600000000000023" classname="Rules_validity" name="v_increments_dose_levels_returns_message_for_non_valid_basis_level"/>
    <testcase time="0.0150000000000006" classname="Rules_validity" name="v_increments_hsr_beta_passes_for_valid_object"/>
    <testcase time="0.00699999999999079" classname="Rules_validity" name="v_increments_hsr_beta_passes_for_valid_object"/>
    <testcase time="0.0160000000000053" classname="Rules_validity" name="v_increments_hsr_beta_returns_expected_messages_for_non_valid_target"/>
    <testcase time="0.007000000000005" classname="Rules_validity" name="v_increments_hsr_beta_returns_expected_messages_for_non_valid_target"/>
    <testcase time="0.00699999999999079" classname="Rules_validity" name="v_increments_hsr_beta_returns_expected_messages_for_non_valid_target"/>
    <testcase time="0.007000000000005" classname="Rules_validity" name="v_increments_hsr_beta_returns_expected_messages_for_non_valid_target"/>
    <testcase time="0.0159999999999911" classname="Rules_validity" name="v_increments_hsr_beta_returns_expected_messages_for_non_valid_prob"/>
    <testcase time="0.00600000000000023" classname="Rules_validity" name="v_increments_hsr_beta_returns_expected_messages_for_non_valid_prob"/>
    <testcase time="0.00600000000000023" classname="Rules_validity" name="v_increments_hsr_beta_returns_expected_messages_for_non_valid_prob"/>
    <testcase time="0.00600000000000023" classname="Rules_validity" name="v_increments_hsr_beta_returns_expected_messages_for_non_valid_prob"/>
    <testcase time="0.0130000000000052" classname="Rules_validity" name="v_increments_hsr_beta_returns_expected_messages_for_non_valid_beta_parameters"/>
    <testcase time="0.00600000000000023" classname="Rules_validity" name="v_increments_hsr_beta_returns_expected_messages_for_non_valid_beta_parameters"/>
    <testcase time="0.0229999999999961" classname="Rules_validity" name="v_increments_min_passes_for_valid_object"/>
    <testcase time="0.0200000000000102" classname="Rules_validity" name="v_increments_min_returns_expected_messages_for_non_valid_object"/>
    <testcase time="0.0150000000000006" classname="Rules_validity" name="v_stopping_cohorts_near_dose_passes_for_valid_object"/>
    <testcase time="0.00600000000000023" classname="Rules_validity" name="v_stopping_cohorts_near_dose_passes_for_valid_object"/>
    <testcase time="0.00699999999999079" classname="Rules_validity" name="v_stopping_cohorts_near_dose_passes_for_valid_object"/>
    <testcase time="0.00600000000000023" classname="Rules_validity" name="v_stopping_cohorts_near_dose_passes_for_valid_object"/>
    <testcase time="0.0130000000000052" classname="Rules_validity" name="v_stopping_cohorts_near_dose_returns_message_for_non_valid_nCohorts"/>
    <testcase time="0.00600000000000023" classname="Rules_validity" name="v_stopping_cohorts_near_dose_returns_message_for_non_valid_nCohorts"/>
    <testcase time="0.00600000000000023" classname="Rules_validity" name="v_stopping_cohorts_near_dose_returns_message_for_non_valid_nCohorts"/>
    <testcase time="0.0120000000000005" classname="Rules_validity" name="v_stopping_cohorts_near_dose_returns_message_for_non_valid_percentage"/>
    <testcase time="0.00600000000000023" classname="Rules_validity" name="v_stopping_cohorts_near_dose_returns_message_for_non_valid_percentage"/>
    <testcase time="0.00600000000000023" classname="Rules_validity" name="v_stopping_cohorts_near_dose_returns_message_for_non_valid_percentage"/>
    <testcase time="0.00499999999999545" classname="Rules_validity" name="v_stopping_cohorts_near_dose_returns_message_for_non_valid_percentage"/>
    <testcase time="0.0120000000000005" classname="Rules_validity" name="v_stopping_patients_near_dose_passes_for_valid_object"/>
    <testcase time="0.00600000000000023" classname="Rules_validity" name="v_stopping_patients_near_dose_passes_for_valid_object"/>
    <testcase time="0.00699999999999079" classname="Rules_validity" name="v_stopping_patients_near_dose_passes_for_valid_object"/>
    <testcase time="0.00600000000000023" classname="Rules_validity" name="v_stopping_patients_near_dose_passes_for_valid_object"/>
    <testcase time="0.0130000000000052" classname="Rules_validity" name="v_stopping_patients_near_dose_returns_message_for_non_valid_nPatients"/>
    <testcase time="0.00499999999999545" classname="Rules_validity" name="v_stopping_patients_near_dose_returns_message_for_non_valid_nPatients"/>
    <testcase time="0.00600000000000023" classname="Rules_validity" name="v_stopping_patients_near_dose_returns_message_for_non_valid_nPatients"/>
    <testcase time="0.0130000000000052" classname="Rules_validity" name="v_stopping_patients_near_dose_returns_message_for_non_valid_percentage"/>
    <testcase time="0.00600000000000023" classname="Rules_validity" name="v_stopping_patients_near_dose_returns_message_for_non_valid_percentage"/>
    <testcase time="0.00600000000000023" classname="Rules_validity" name="v_stopping_patients_near_dose_returns_message_for_non_valid_percentage"/>
    <testcase time="0.00699999999999079" classname="Rules_validity" name="v_stopping_patients_near_dose_returns_message_for_non_valid_percentage"/>
    <testcase time="0.0130000000000052" classname="Rules_validity" name="v_stopping_min_cohorts_passes_for_valid_object"/>
    <testcase time="0.0120000000000005" classname="Rules_validity" name="v_stopping_min_cohorts_returns_message_for_non_valid_nCohorts"/>
    <testcase time="0.00600000000000023" classname="Rules_validity" name="v_stopping_min_cohorts_returns_message_for_non_valid_nCohorts"/>
    <testcase time="0.00499999999999545" classname="Rules_validity" name="v_stopping_min_cohorts_returns_message_for_non_valid_nCohorts"/>
    <testcase time="0.0180000000000007" classname="Rules_validity" name="v_stopping_min_patients_passes_for_valid_object"/>
    <testcase time="0.0170000000000101" classname="Rules_validity" name="v_stopping_min_patients_returns_message_for_non_valid_nPatients"/>
    <testcase time="0.00799999999999557" classname="Rules_validity" name="v_stopping_min_patients_returns_message_for_non_valid_nPatients"/>
    <testcase time="0.00799999999999557" classname="Rules_validity" name="v_stopping_min_patients_returns_message_for_non_valid_nPatients"/>
    <testcase time="0.0120000000000005" classname="Rules_validity" name="v_stopping_target_prob_passes_for_valid_object"/>
    <testcase time="0.007000000000005" classname="Rules_validity" name="v_stopping_target_prob_passes_for_valid_object"/>
    <testcase time="0.0120000000000005" classname="Rules_validity" name="v_stopping_target_prob_returns_message_for_non_valid_target"/>
    <testcase time="0.00600000000000023" classname="Rules_validity" name="v_stopping_target_prob_returns_message_for_non_valid_target"/>
    <testcase time="0.00600000000000023" classname="Rules_validity" name="v_stopping_target_prob_returns_message_for_non_valid_target"/>
    <testcase time="0.00600000000000023" classname="Rules_validity" name="v_stopping_target_prob_returns_message_for_non_valid_target"/>
    <testcase time="0.012999999999991" classname="Rules_validity" name="v_stopping_target_prob_returns_message_for_non_valid_prob"/>
    <testcase time="0.00600000000000023" classname="Rules_validity" name="v_stopping_target_prob_returns_message_for_non_valid_prob"/>
    <testcase time="0.00600000000000023" classname="Rules_validity" name="v_stopping_target_prob_returns_message_for_non_valid_prob"/>
    <testcase time="0.00600000000000023" classname="Rules_validity" name="v_stopping_target_prob_returns_message_for_non_valid_prob"/>
    <testcase time="0.0120000000000005" classname="Rules_validity" name="v_stopping_mtd_distribution_passes_for_valid_object"/>
    <testcase time="0.01400000000001" classname="Rules_validity" name="v_stopping_mtd_distribution_returns_message_for_non_valid_target"/>
    <testcase time="0.00600000000000023" classname="Rules_validity" name="v_stopping_mtd_distribution_returns_message_for_non_valid_target"/>
    <testcase time="0.00499999999999545" classname="Rules_validity" name="v_stopping_mtd_distribution_returns_message_for_non_valid_target"/>
    <testcase time="0.00600000000000023" classname="Rules_validity" name="v_stopping_mtd_distribution_returns_message_for_non_valid_target"/>
    <testcase time="0.0139999999999958" classname="Rules_validity" name="v_stopping_mtd_distribution_returns_message_for_non_valid_thresh"/>
    <testcase time="0.00600000000000023" classname="Rules_validity" name="v_stopping_mtd_distribution_returns_message_for_non_valid_thresh"/>
    <testcase time="0.00600000000000023" classname="Rules_validity" name="v_stopping_mtd_distribution_returns_message_for_non_valid_thresh"/>
    <testcase time="0.00600000000000023" classname="Rules_validity" name="v_stopping_mtd_distribution_returns_message_for_non_valid_thresh"/>
    <testcase time="0.0150000000000006" classname="Rules_validity" name="v_stopping_mtd_distribution_returns_message_for_non_valid_prob"/>
    <testcase time="0.00600000000000023" classname="Rules_validity" name="v_stopping_mtd_distribution_returns_message_for_non_valid_prob"/>
    <testcase time="0.00499999999999545" classname="Rules_validity" name="v_stopping_mtd_distribution_returns_message_for_non_valid_prob"/>
    <testcase time="0.00600000000000023" classname="Rules_validity" name="v_stopping_mtd_distribution_returns_message_for_non_valid_prob"/>
    <testcase time="0.0130000000000052" classname="Rules_validity" name="v_stopping_mtd_cv_passes_for_valid_object"/>
    <testcase time="0.00699999999999079" classname="Rules_validity" name="v_stopping_mtd_cv_passes_for_valid_object"/>
    <testcase time="0.0210000000000008" classname="Rules_validity" name="v_stopping_mtd_cv_returns_message_for_non_valid_target"/>
    <testcase time="0.00900000000000034" classname="Rules_validity" name="v_stopping_mtd_cv_returns_message_for_non_valid_target"/>
    <testcase time="0.007000000000005" classname="Rules_validity" name="v_stopping_mtd_cv_returns_message_for_non_valid_target"/>
    <testcase time="0.00600000000000023" classname="Rules_validity" name="v_stopping_mtd_cv_returns_message_for_non_valid_target"/>
    <testcase time="0.012999999999991" classname="Rules_validity" name="v_stopping_mtd_cv_returns_message_for_non_valid_thresh_cv"/>
    <testcase time="0.00600000000000023" classname="Rules_validity" name="v_stopping_mtd_cv_returns_message_for_non_valid_thresh_cv"/>
    <testcase time="0.00600000000000023" classname="Rules_validity" name="v_stopping_mtd_cv_returns_message_for_non_valid_thresh_cv"/>
    <testcase time="0.00499999999999545" classname="Rules_validity" name="v_stopping_mtd_cv_returns_message_for_non_valid_thresh_cv"/>
    <testcase time="0.00600000000000023" classname="Rules_validity" name="v_stopping_mtd_cv_returns_message_for_non_valid_thresh_cv"/>
    <testcase time="0.0130000000000052" classname="Rules_validity" name="v_stopping_target_biomarker_passes_for_valid_object"/>
    <testcase time="0.007000000000005" classname="Rules_validity" name="v_stopping_target_biomarker_passes_for_valid_object"/>
    <testcase time="0.00699999999999079" classname="Rules_validity" name="v_stopping_target_biomarker_passes_for_valid_object"/>
    <testcase time="0.0130000000000052" classname="Rules_validity" name="v_stopping_target_biomarker_returns_expected_messages_for_non_valid_target_relative_"/>
    <testcase time="0.00600000000000023" classname="Rules_validity" name="v_stopping_target_biomarker_returns_expected_messages_for_non_valid_target_relative_"/>
    <testcase time="0.00499999999999545" classname="Rules_validity" name="v_stopping_target_biomarker_returns_expected_messages_for_non_valid_target_relative_"/>
    <testcase time="0.007000000000005" classname="Rules_validity" name="v_stopping_target_biomarker_returns_expected_messages_for_non_valid_target_relative_"/>
    <testcase time="0.0120000000000005" classname="Rules_validity" name="v_stopping_target_biomarker_returns_expected_messages_for_non_valid_target_absolute_"/>
    <testcase time="0.00600000000000023" classname="Rules_validity" name="v_stopping_target_biomarker_returns_expected_messages_for_non_valid_target_absolute_"/>
    <testcase time="0.00600000000000023" classname="Rules_validity" name="v_stopping_target_biomarker_returns_expected_messages_for_non_valid_target_absolute_"/>
    <testcase time="0.0130000000000052" classname="Rules_validity" name="v_stopping_target_biomarker_returns_expected_messages_for_non_valid_is_relative"/>
    <testcase time="0.00699999999999079" classname="Rules_validity" name="v_stopping_target_biomarker_returns_expected_messages_for_non_valid_is_relative"/>
    <testcase time="0.0139999999999958" classname="Rules_validity" name="v_stopping_target_biomarker_returns_expected_messages_for_non_valid_prob"/>
    <testcase time="0.007000000000005" classname="Rules_validity" name="v_stopping_target_biomarker_returns_expected_messages_for_non_valid_prob"/>
    <testcase time="0.00600000000000023" classname="Rules_validity" name="v_stopping_target_biomarker_returns_expected_messages_for_non_valid_prob"/>
    <testcase time="0.007000000000005" classname="Rules_validity" name="v_stopping_target_biomarker_returns_expected_messages_for_non_valid_prob"/>
    <testcase time="0.0150000000000006" classname="Rules_validity" name="v_stopping_list_passes_for_valid_object"/>
    <testcase time="0.0150000000000006" classname="Rules_validity" name="v_stopping_list_returns_expected_messages_for_non_valid_stop_list"/>
    <testcase time="0.0120000000000005" classname="Rules_validity" name="v_stopping_list_returns_expected_messages_for_non_valid_stop_list"/>
    <testcase time="0.0210000000000008" classname="Rules_validity" name="v_stopping_list_returns_expected_messages_for_non_valid_summary_args_"/>
    <testcase time="0.00800000000000978" classname="Rules_validity" name="v_stopping_list_returns_expected_messages_for_non_valid_summary_args_"/>
    <testcase time="0.00600000000000023" classname="Rules_validity" name="v_stopping_list_returns_expected_messages_for_non_valid_summary_args_"/>
    <testcase time="0.0169999999999959" classname="Rules_validity" name="v_stopping_list_returns_expected_messages_for_non_valid_summary_output_"/>
    <testcase time="0.00600000000000023" classname="Rules_validity" name="v_stopping_list_returns_expected_messages_for_non_valid_summary_output_"/>
    <testcase time="0.0159999999999911" classname="Rules_validity" name="v_stopping_all_passes_for_valid_object"/>
    <testcase time="0.0160000000000053" classname="Rules_validity" name="v_stopping_all_returns_expected_messages_for_non_valid_stop_list"/>
    <testcase time="0.00600000000000023" classname="Rules_validity" name="v_stopping_all_returns_expected_messages_for_non_valid_stop_list"/>
    <testcase time="0.0130000000000052" classname="Rules_validity" name="v_stopping_tdci_ratio_passes_for_valid_object"/>
    <testcase time="0.00699999999999079" classname="Rules_validity" name="v_stopping_tdci_ratio_passes_for_valid_object"/>
    <testcase time="0.007000000000005" classname="Rules_validity" name="v_stopping_tdci_ratio_passes_for_valid_object"/>
    <testcase time="0.0130000000000052" classname="Rules_validity" name="v_stopping_tdci_ratio_returns_message_for_non_valid_target_ratio"/>
    <testcase time="0.00699999999999079" classname="Rules_validity" name="v_stopping_tdci_ratio_returns_message_for_non_valid_target_ratio"/>
    <testcase time="0.00600000000000023" classname="Rules_validity" name="v_stopping_tdci_ratio_returns_message_for_non_valid_target_ratio"/>
    <testcase time="0.0130000000000052" classname="Rules_validity" name="v_stopping_tdci_ratio_returns_message_for_non_valid_prob_target"/>
    <testcase time="0.00600000000000023" classname="Rules_validity" name="v_stopping_tdci_ratio_returns_message_for_non_valid_prob_target"/>
    <testcase time="0.007000000000005" classname="Rules_validity" name="v_stopping_tdci_ratio_returns_message_for_non_valid_prob_target"/>
    <testcase time="0.012999999999991" classname="Rules_validity" name="v_cohort_size_range_passes_for_valid_object"/>
    <testcase time="0.007000000000005" classname="Rules_validity" name="v_cohort_size_range_passes_for_valid_object"/>
    <testcase time="0.00799999999999557" classname="Rules_validity" name="v_cohort_size_range_passes_for_valid_object"/>
    <testcase time="0.0139999999999958" classname="Rules_validity" name="v_cohort_size_range_returns_message_for_non_valid_intervals"/>
    <testcase time="0.00600000000000023" classname="Rules_validity" name="v_cohort_size_range_returns_message_for_non_valid_intervals"/>
    <testcase time="0.00600000000000023" classname="Rules_validity" name="v_cohort_size_range_returns_message_for_non_valid_intervals"/>
    <testcase time="0.007000000000005" classname="Rules_validity" name="v_cohort_size_range_returns_message_for_non_valid_intervals"/>
    <testcase time="0.00600000000000023" classname="Rules_validity" name="v_cohort_size_range_returns_message_for_non_valid_intervals"/>
    <testcase time="0.0130000000000052" classname="Rules_validity" name="v_cohort_size_range_returns_message_for_non_valid_intervals"/>
    <testcase time="0.0189999999999912" classname="Rules_validity" name="v_cohort_size_range_returns_message_for_non_valid_cohort_size"/>
    <testcase time="0.00900000000000034" classname="Rules_validity" name="v_cohort_size_range_returns_message_for_non_valid_cohort_size"/>
    <testcase time="0.007000000000005" classname="Rules_validity" name="v_cohort_size_range_returns_message_for_non_valid_cohort_size"/>
    <testcase time="0.00499999999999545" classname="Rules_validity" name="v_cohort_size_range_returns_message_for_non_valid_cohort_size"/>
    <testcase time="0.012999999999991" classname="Rules_validity" name="v_cohort_size_dlt_passes_for_valid_object"/>
    <testcase time="0.00600000000000023" classname="Rules_validity" name="v_cohort_size_dlt_passes_for_valid_object"/>
    <testcase time="0.007000000000005" classname="Rules_validity" name="v_cohort_size_dlt_passes_for_valid_object"/>
    <testcase time="0.0130000000000052" classname="Rules_validity" name="v_cohort_size_dlt_returns_message_for_non_valid_intervals"/>
    <testcase time="0.00499999999999545" classname="Rules_validity" name="v_cohort_size_dlt_returns_message_for_non_valid_intervals"/>
    <testcase time="0.00600000000000023" classname="Rules_validity" name="v_cohort_size_dlt_returns_message_for_non_valid_intervals"/>
    <testcase time="0.00600000000000023" classname="Rules_validity" name="v_cohort_size_dlt_returns_message_for_non_valid_intervals"/>
    <testcase time="0.00600000000000023" classname="Rules_validity" name="v_cohort_size_dlt_returns_message_for_non_valid_intervals"/>
    <testcase time="0.0130000000000052" classname="Rules_validity" name="v_cohort_size_dlt_returns_message_for_non_valid_cohort_size"/>
    <testcase time="0.00600000000000023" classname="Rules_validity" name="v_cohort_size_dlt_returns_message_for_non_valid_cohort_size"/>
    <testcase time="0.00600000000000023" classname="Rules_validity" name="v_cohort_size_dlt_returns_message_for_non_valid_cohort_size"/>
    <testcase time="0.00600000000000023" classname="Rules_validity" name="v_cohort_size_dlt_returns_message_for_non_valid_cohort_size"/>
    <testcase time="0.012999999999991" classname="Rules_validity" name="v_cohort_size_const_passes_for_valid_object"/>
    <testcase time="0.00600000000000023" classname="Rules_validity" name="v_cohort_size_const_passes_for_valid_object"/>
    <testcase time="0.0130000000000052" classname="Rules_validity" name="v_cohort_size_const_returns_message_for_non_valid_size"/>
    <testcase time="0.00600000000000023" classname="Rules_validity" name="v_cohort_size_const_returns_message_for_non_valid_size"/>
    <testcase time="0.00600000000000023" classname="Rules_validity" name="v_cohort_size_const_returns_message_for_non_valid_size"/>
    <testcase time="0.0150000000000006" classname="Rules_validity" name="v_cohort_size_parts_passes_for_valid_object"/>
    <testcase time="0.00600000000000023" classname="Rules_validity" name="v_cohort_size_parts_passes_for_valid_object"/>
    <testcase time="0.0139999999999958" classname="Rules_validity" name="v_cohort_size_parts_returns_message_for_non_valid_cohort_sizes"/>
    <testcase time="0.00600000000000023" classname="Rules_validity" name="v_cohort_size_parts_returns_message_for_non_valid_cohort_sizes"/>
    <testcase time="0.00600000000000023" classname="Rules_validity" name="v_cohort_size_parts_returns_message_for_non_valid_cohort_sizes"/>
    <testcase time="0.00600000000000023" classname="Rules_validity" name="v_cohort_size_parts_returns_message_for_non_valid_cohort_sizes"/>
    <testcase time="0.0130000000000052" classname="Rules_validity" name="v_cohort_size_parts_returns_message_for_non_valid_cohort_sizes"/>
    <testcase time="0.00900000000000034" classname="Rules_validity" name="v_cohort_size_parts_returns_message_for_non_valid_cohort_sizes"/>
    <testcase time="0.00999999999999091" classname="Rules_validity" name="v_cohort_size_parts_returns_message_for_non_valid_cohort_sizes"/>
    <testcase time="0.0170000000000101" classname="Rules_validity" name="v_cohort_size_max_passes_for_valid_object"/>
    <testcase time="0.00900000000000034" classname="Rules_validity" name="v_cohort_size_max_passes_for_valid_object"/>
    <testcase time="0.0139999999999958" classname="Rules_validity" name="v_cohort_size_parts_returns_message_for_non_valid_sizes"/>
    <testcase time="0.00699999999999079" classname="Rules_validity" name="v_cohort_size_parts_returns_message_for_non_valid_sizes"/>
    <testcase time="0.00600000000000023" classname="Rules_validity" name="v_cohort_size_parts_returns_message_for_non_valid_sizes"/>
    <testcase time="0.00600000000000023" classname="Rules_validity" name="v_cohort_size_parts_returns_message_for_non_valid_sizes"/>
    <testcase time="0.007000000000005" classname="Rules_validity" name="v_cohort_size_parts_returns_message_for_non_valid_sizes"/>
    <testcase time="0.00600000000000023" classname="Rules_validity" name="v_cohort_size_parts_returns_message_for_non_valid_sizes"/>
    <testcase time="0.0139999999999958" classname="Rules_validity" name="v_safety_window_size_passes_for_valid_object"/>
    <testcase time="0.007000000000005" classname="Rules_validity" name="v_safety_window_size_passes_for_valid_object"/>
    <testcase time="0.0139999999999958" classname="Rules_validity" name="v_safety_window_size_returns_message_for_non_valid_gap"/>
    <testcase time="0.007000000000005" classname="Rules_validity" name="v_safety_window_size_returns_message_for_non_valid_gap"/>
    <testcase time="0.007000000000005" classname="Rules_validity" name="v_safety_window_size_returns_message_for_non_valid_gap"/>
    <testcase time="0.00600000000000023" classname="Rules_validity" name="v_safety_window_size_returns_message_for_non_valid_gap"/>
    <testcase time="0.00699999999999079" classname="Rules_validity" name="v_safety_window_size_returns_message_for_non_valid_gap"/>
    <testcase time="0.01400000000001" classname="Rules_validity" name="v_safety_window_size_returns_message_for_non_valid_size"/>
    <testcase time="0.00699999999999079" classname="Rules_validity" name="v_safety_window_size_returns_message_for_non_valid_size"/>
    <testcase time="0.007000000000005" classname="Rules_validity" name="v_safety_window_size_returns_message_for_non_valid_size"/>
    <testcase time="0.00799999999999557" classname="Rules_validity" name="v_safety_window_size_returns_message_for_non_valid_size"/>
    <testcase time="0.00799999999999557" classname="Rules_validity" name="v_safety_window_size_returns_message_for_non_valid_size"/>
    <testcase time="0.007000000000005" classname="Rules_validity" name="v_safety_window_size_returns_message_for_non_valid_size"/>
    <testcase time="0.0139999999999958" classname="Rules_validity" name="v_safety_window_size_returns_message_for_non_valid_follow"/>
    <testcase time="0.007000000000005" classname="Rules_validity" name="v_safety_window_size_returns_message_for_non_valid_follow"/>
    <testcase time="0.007000000000005" classname="Rules_validity" name="v_safety_window_size_returns_message_for_non_valid_follow"/>
    <testcase time="0.00699999999999079" classname="Rules_validity" name="v_safety_window_size_returns_message_for_non_valid_follow"/>
    <testcase time="0.0240000000000009" classname="Rules_validity" name="v_safety_window_size_returns_message_for_non_valid_follow_min"/>
    <testcase time="0.0100000000000051" classname="Rules_validity" name="v_safety_window_size_returns_message_for_non_valid_follow_min"/>
    <testcase time="0.00900000000000034" classname="Rules_validity" name="v_safety_window_size_returns_message_for_non_valid_follow_min"/>
    <testcase time="0.00600000000000023" classname="Rules_validity" name="v_safety_window_size_returns_message_for_non_valid_follow_min"/>
    <testcase time="0.0139999999999958" classname="Rules_validity" name="v_safety_window_const_passes_for_valid_object"/>
    <testcase time="0.007000000000005" classname="Rules_validity" name="v_safety_window_const_passes_for_valid_object"/>
    <testcase time="0.00699999999999079" classname="Rules_validity" name="v_safety_window_const_passes_for_valid_object"/>
    <testcase time="0.01400000000001" classname="Rules_validity" name="v_safety_window_const_returns_message_for_non_valid_gap"/>
    <testcase time="0.00699999999999079" classname="Rules_validity" name="v_safety_window_const_returns_message_for_non_valid_gap"/>
    <testcase time="0.007000000000005" classname="Rules_validity" name="v_safety_window_const_returns_message_for_non_valid_gap"/>
    <testcase time="0.00600000000000023" classname="Rules_validity" name="v_safety_window_const_returns_message_for_non_valid_gap"/>
    <testcase time="0.0139999999999958" classname="Rules_validity" name="v_safety_window_const_returns_message_for_non_valid_follow"/>
    <testcase time="0.007000000000005" classname="Rules_validity" name="v_safety_window_const_returns_message_for_non_valid_follow"/>
    <testcase time="0.007000000000005" classname="Rules_validity" name="v_safety_window_const_returns_message_for_non_valid_follow"/>
    <testcase time="0.00600000000000023" classname="Rules_validity" name="v_safety_window_const_returns_message_for_non_valid_follow"/>
    <testcase time="0.0139999999999958" classname="Rules_validity" name="v_safety_window_const_returns_message_for_non_valid_follow_min"/>
    <testcase time="0.007000000000005" classname="Rules_validity" name="v_safety_window_const_returns_message_for_non_valid_follow_min"/>
    <testcase time="0.00600000000000023" classname="Rules_validity" name="v_safety_window_const_returns_message_for_non_valid_follow_min"/>
    <testcase time="0.00699999999999079" classname="Rules_validity" name="v_safety_window_const_returns_message_for_non_valid_follow_min"/>
  </testsuite>
  <testsuite name="Samples-class" timestamp="2023-08-17T12:00:00Z" hostname="20a247bd8378" tests="8" skipped="0" failures="0" errors="0" time="0.048">
    <testcase time="0.0139999999999958" classname="Samples_class" name=".Samples_works_as_expected"/>
    <testcase time="0.00100000000000477" classname="Samples_class" name=".Samples_works_as_expected"/>
    <testcase time="0.00600000000000023" classname="Samples_class" name=".Samples_works_as_expected"/>
    <testcase time="0.0120000000000005" classname="Samples_class" name="Samples_object_can_be_created_with_user_constructor"/>
    <testcase time="0.00100000000000477" classname="Samples_class" name="Samples_object_can_be_created_with_user_constructor"/>
    <testcase time="0.00499999999999545" classname="Samples_class" name="Samples_object_can_be_created_with_user_constructor"/>
    <testcase time="0.00499999999999545" classname="Samples_class" name="Samples_object_can_be_created_with_user_constructor"/>
    <testcase time="0.00400000000000489" classname="Samples_class" name="Samples_object_can_be_created_with_user_constructor"/>
  </testsuite>
  <testsuite name="Samples-methods" timestamp="2023-08-17T12:00:00Z" hostname="20a247bd8378" tests="81" skipped="22" failures="0" errors="0" time="41.486">
    <testcase time="0.0319999999999965" classname="Samples_methods" name="size_Samples_returns_correct_number_of_samples"/>
    <testcase time="0.00500000000000966" classname="Samples_methods" name="size_Samples_returns_correct_number_of_samples"/>
    <testcase time="0.0249999999999915" classname="Samples_methods" name="names_Samples_returns_correct_names_of_the_parameters"/>
    <testcase time="0.00600000000000023" classname="Samples_methods" name="names_Samples_returns_correct_names_of_the_parameters"/>
    <testcase time="0.0210000000000008" classname="Samples_methods" name="get_Samples_fails_gracefully_with_bad_input"/>
    <testcase time="0.00600000000000023" classname="Samples_methods" name="get_Samples_fails_gracefully_with_bad_input"/>
    <testcase time="0.00900000000000034" classname="Samples_methods" name="get_Samples_fails_gracefully_with_bad_input"/>
    <testcase time="0.00600000000000023" classname="Samples_methods" name="get_Samples_fails_gracefully_with_bad_input"/>
    <testcase time="0.007000000000005" classname="Samples_methods" name="get_Samples_fails_gracefully_with_bad_input"/>
    <testcase time="0.0139999999999958" classname="Samples_methods" name="get_Samples_returns_correct_values"/>
    <testcase time="0.00600000000000023" classname="Samples_methods" name="get_Samples_returns_correct_values"/>
    <testcase time="0.0330000000000013" classname="Samples_methods" name="get_Samples_returns_correct_values"/>
    <testcase time="0.0229999999999961" classname="Samples_methods" name="fit_Samples_fails_gracefully_with_bad_inputs"/>
    <testcase time="0.007000000000005" classname="Samples_methods" name="fit_Samples_fails_gracefully_with_bad_inputs"/>
    <testcase time="0.116" classname="Samples_methods" name="fit_Samples_works_correctly_for_tox_only_models"/>
    <testcase time="0.109999999999999" classname="Samples_methods" name="fit_Samples_works_correctly_for_tox_only_models"/>
    <testcase time="0.0609999999999928" classname="Samples_methods" name="fit_Samples_works_correctly_for_tox_only_models"/>
    <testcase time="0.0200000000000102" classname="Samples_methods" name="fit_Samples_forwards_additional_arguments_to_prob_inside"/>
    <testcase time="0.00499999999999545" classname="Samples_methods" name="fit_Samples_forwards_additional_arguments_to_prob_inside"/>
    <testcase time="0.00100000000000477" classname="Samples_methods" name="fit_Samples_forwards_additional_arguments_to_prob_inside"/>
    <testcase time="1.11399999999999" classname="Samples_methods" name="fit_Samples_works_correctly_for_dual_models"/>
    <testcase time="0.00200000000000955" classname="Samples_methods" name="fit_Samples_works_correctly_for_dual_models"/>
    <testcase time="0.0109999999999957" classname="Samples_methods" name="fit_Samples_works_correctly_for_dual_models">
      <skipped message="Reason: On CRAN ('test-Samples-methods.R:249:3')"/>
    </testcase>
    <testcase time="0.123999999999995" classname="Samples_methods" name="Samples_approximate_works_correctly">
      <skipped message="Reason: On CRAN ('test-Samples-methods.R:291:7')"/>
    </testcase>
    <testcase time="0.0730000000000075" classname="Samples_methods" name="Approximate_fails_gracefully_with_bad_input"/>
    <testcase time="0.257999999999996" classname="Samples_methods" name="plot_Samples_works_correctly">
      <skipped message="Reason: On CRAN ('test-Samples-methods.R:376:3')"/>
    </testcase>
    <testcase time="0.034000000000006" classname="Samples_methods" name="plot_Samples_forwards_additional_arguments_to_prob_inside"/>
    <testcase time="0.350999999999999" classname="Samples_methods" name="plot_Samples_DualEndpoint_fails_gracefully_with_bad_input"/>
    <testcase time="0.584999999999994" classname="Samples_methods" name="plot_Samples_DualEndpoint_works_correctly">
      <skipped message="Reason: On CRAN ('test-Samples-methods.R:441:3')"/>
    </testcase>
    <testcase time="0.0619999999999976" classname="Samples_methods" name="fit_Samples_LogisticIndepBeta_fails_gracefully_with_bad_input"/>
    <testcase time="0.0170000000000101" classname="Samples_methods" name="fit_Samples_LogisticIndepBeta_fails_gracefully_with_bad_input"/>
    <testcase time="0.00699999999999079" classname="Samples_methods" name="fit_Samples_LogisticIndepBeta_fails_gracefully_with_bad_input"/>
    <testcase time="0.0750000000000028" classname="Samples_methods" name="fit_Samples_LogisticIndepBeta_works">
      <skipped message="Reason: On CRAN ('test-Samples-methods.R:494:3')"/>
    </testcase>
    <testcase time="0.054000000000002" classname="Samples_methods" name="fit_Samples_Effloglog_works_correctly">
      <skipped message="Reason: On CRAN ('test-Samples-methods.R:519:3')"/>
    </testcase>
    <testcase time="0.054000000000002" classname="Samples_methods" name="fit_Samples_Effloglog_fails_gracefully_with_bad_input"/>
    <testcase time="0.007000000000005" classname="Samples_methods" name="fit_Samples_Effloglog_fails_gracefully_with_bad_input"/>
    <testcase time="0.00599999999998602" classname="Samples_methods" name="fit_Samples_Effloglog_fails_gracefully_with_bad_input"/>
    <testcase time="6.93000000000001" classname="Samples_methods" name="fit_Samples_EffFlexi_works_correctly">
      <skipped message="Reason: On CRAN ('test-Samples-methods.R:584:3')"/>
    </testcase>
    <testcase time="0.119" classname="Samples_methods" name="fit_Samples_EffFlexi_fails_gracefully_with_bad_input"/>
    <testcase time="0.0100000000000051" classname="Samples_methods" name="fit_Samples_EffFlexi_fails_gracefully_with_bad_input"/>
    <testcase time="0.00799999999999557" classname="Samples_methods" name="fit_Samples_EffFlexi_fails_gracefully_with_bad_input"/>
    <testcase time="0.102999999999994" classname="Samples_methods" name="fitGain_Samples_works_correctly">
      <skipped message="Reason: On CRAN ('test-Samples-methods.R:668:3')"/>
    </testcase>
    <testcase time="0.111000000000004" classname="Samples_methods" name="fitGain_Samples_fails_gracefully_with_bad_input"/>
    <testcase time="0.00799999999999557" classname="Samples_methods" name="fitGain_Samples_fails_gracefully_with_bad_input"/>
    <testcase time="0.00600000000000023" classname="Samples_methods" name="fitGain_Samples_fails_gracefully_with_bad_input"/>
    <testcase time="0.117000000000004" classname="Samples_methods" name="fitGain_Samples_ModelEff_works_correctly">
      <skipped message="Reason: On CRAN ('test-Samples-methods.R:763:3')"/>
    </testcase>
    <testcase time="0.103999999999999" classname="Samples_methods" name="fitGain_Samples_ModelEff_fails_gracefully_with_bad_input"/>
    <testcase time="0.00799999999999557" classname="Samples_methods" name="fitGain_Samples_ModelEff_fails_gracefully_with_bad_input"/>
    <testcase time="0.00600000000000023" classname="Samples_methods" name="fitGain_Samples_ModelEff_fails_gracefully_with_bad_input"/>
    <testcase time="0.0390000000000015" classname="Samples_methods" name="Check_that_plot_Samples_ModelTox_fails_gracefully_with_bad_input"/>
    <testcase time="0.260000000000005" classname="Samples_methods" name="Check_that_plot_Samples_ModelTox_works_correctly">
      <skipped message="Reason: On CRAN ('test-Samples-methods.R:866:3')"/>
    </testcase>
    <testcase time="0.046999999999997" classname="Samples_methods" name="Check_that_plot_Samples_ModelEff_fails_gracefully_with_bad_input"/>
    <testcase time="0.218999999999994" classname="Samples_methods" name="Check_that_plot_Samples_ModelEff_works_correctly">
      <skipped message="Reason: On CRAN ('test-Samples-methods.R:919:3')"/>
    </testcase>
    <testcase time="0.0460000000000065" classname="Samples_methods" name="Check_that_plot_Samples_ModelEffloglog_fails_gracefully_with_bad_input"/>
    <testcase time="0.203000000000003" classname="Samples_methods" name="Check_that_plot_Samples_ModelEffloglog_works_correctly">
      <skipped message="Reason: On CRAN ('test-Samples-methods.R:972:3')"/>
    </testcase>
    <testcase time="0.0349999999999966" classname="Samples_methods" name="Check_that_plot_Samples_ModelEffNoSamples_fails_gracefully_with_bad_input"/>
    <testcase time="0.459999999999994" classname="Samples_methods" name="Check_that_plot_Samples_ModelEffNoSamples_works_correctly">
      <skipped message="Reason: On CRAN ('test-Samples-methods.R:1009:3')"/>
    </testcase>
    <testcase time="0.350000000000009" classname="Samples_methods" name="plotGain_ModelTox_Samples_ModelEff_Samples_works_correctly">
      <skipped message="Reason: On CRAN ('test-Samples-methods.R:1059:3')"/>
    </testcase>
    <testcase time="0.571999999999989" classname="Samples_methods" name="plotGain_ModelTox_Missing_ModelEff_Missing_works_correctly">
      <skipped message="Reason: On CRAN ('test-Samples-methods.R:1081:3')"/>
    </testcase>
    <testcase time="0.13900000000001" classname="Samples_methods" name="plotDualResponses_fails_gracefully_with_bad_arguments"/>
    <testcase time="0.0409999999999968" classname="Samples_methods" name="plotDualResponses_fails_gracefully_with_bad_arguments"/>
    <testcase time="0.331000000000003" classname="Samples_methods" name="plotDualResponses_works_correctly">
      <skipped message="Reason: On CRAN ('test-Samples-methods.R:1198:3')"/>
    </testcase>
    <testcase time="0.262999999999991" classname="Samples_methods" name="plotDualResponses_ModelTox_Missing_ModelEff_Missing_works_as_expected">
      <skipped message="Reason: On CRAN ('test-Samples-methods.R:1249:3')"/>
    </testcase>
    <testcase time="8.45700000000001" classname="Samples_methods" name="fitPEM_Samples_DALogisticLogNormal_DataDA_fails_gracefully_with_bad_input"/>
    <testcase time="0.00699999999999079" classname="Samples_methods" name="fitPEM_Samples_DALogisticLogNormal_DataDA_fails_gracefully_with_bad_input"/>
    <testcase time="0.0139999999999958" classname="Samples_methods" name="fitPEM_Samples_DALogisticLogNormal_DataDA_fails_gracefully_with_bad_input"/>
    <testcase time="0.00600000000000023" classname="Samples_methods" name="fitPEM_Samples_DALogisticLogNormal_DataDA_fails_gracefully_with_bad_input"/>
    <testcase time="13.792" classname="Samples_methods" name="fitPEM_Samples_DALogisticLogNormal_DataDA_works_correctly">
      <skipped message="Reason: On CRAN ('test-Samples-methods.R:1341:3')"/>
    </testcase>
    <testcase time="1.191" classname="Samples_methods" name="plot_Samples_DALogisticNormal_fails_gracefully_with_bad_input"/>
    <testcase time="0.0240000000000009" classname="Samples_methods" name="plot_Samples_DALogisticNormal_fails_gracefully_with_bad_input"/>
    <testcase time="2.61500000000001" classname="Samples_methods" name="plot_Samples_DALogisticNormal_works_correctly">
      <skipped message="Reason: On CRAN ('test-Samples-methods.R:1435:3')"/>
    </testcase>
    <testcase time="1.22" classname="Samples_methods" name="Approximate_fails_gracefully_with_bad_input"/>
    <testcase time="0.007000000000005" classname="Samples_methods" name="Approximate_fails_gracefully_with_bad_input"/>
    <testcase time="0.00600000000000023" classname="Samples_methods" name="Approximate_fails_gracefully_with_bad_input"/>
    <testcase time="0.00699999999997658" classname="Samples_methods" name="Approximate_fails_gracefully_with_bad_input"/>
    <testcase time="0.00600000000000023" classname="Samples_methods" name="Approximate_fails_gracefully_with_bad_input"/>
    <testcase time="0.110000000000014" classname="Samples_methods" name="approximate_works_correctly"/>
    <testcase time="0.00200000000000955" classname="Samples_methods" name="approximate_works_correctly"/>
    <testcase time="0.0120000000000005" classname="Samples_methods" name="approximate_works_correctly">
      <skipped message="Reason: On CRAN ('test-Samples-methods.R:1568:7')"/>
    </testcase>
    <testcase time="0.0519999999999925" classname="Samples_methods" name="fit_Samples_LogisticIndepBeta_works_correctly">
      <skipped message="Reason: On CRAN ('test-Samples-methods.R:1608:3')"/>
    </testcase>
    <testcase time="0.0759999999999934" classname="Samples_methods" name="fitGain_Samples_LogisticIndepBeta_works_correctly">
      <skipped message="Reason: On CRAN ('test-Samples-methods.R:1660:3')"/>
    </testcase>
  </testsuite>
  <testsuite name="Samples-validity" timestamp="2023-08-17T12:00:42Z" hostname="20a247bd8378" tests="7" skipped="0" failures="0" errors="0" time="0.104">
    <testcase time="0.0279999999999916" classname="Samples_validity" name="v_samples_passes_for_valid_object_1_scalar_parameter_"/>
    <testcase time="0.0130000000000052" classname="Samples_validity" name="v_samples_passes_for_valid_object_2_scalar_parameters_"/>
    <testcase time="0.0120000000000005" classname="Samples_validity" name="v_samples_passes_for_valid_object_1_vector_valued_and_1_scalar_parameters_"/>
    <testcase time="0.0130000000000052" classname="Samples_validity" name="v_samples_returns_message_for_discrepancy_in_sample_size_lengths"/>
    <testcase time="0.00499999999999545" classname="Samples_validity" name="v_samples_returns_message_for_discrepancy_in_sample_size_lengths"/>
    <testcase time="0.0130000000000052" classname="Samples_validity" name="v_samples_returns_message_for_discrepancy_in_sample_size_lengths_matrix_"/>
    <testcase time="0.0200000000000102" classname="Samples_validity" name="v_samples_returns_message_for_non_numeric_samples"/>
  </testsuite>
  <testsuite name="Simulations-class" timestamp="2023-08-17T12:00:42Z" hostname="20a247bd8378" tests="29" skipped="0" failures="0" errors="0" time="0.18">
    <testcase time="0.0129999999999768" classname="Simulations_class" name="GeneralSimulations_generator_function_works_as_expected"/>
    <testcase time="0.00200000000000955" classname="Simulations_class" name="GeneralSimulations_generator_function_works_as_expected"/>
    <testcase time="0.00499999999999545" classname="Simulations_class" name="GeneralSimulations_generator_function_works_as_expected"/>
    <testcase time="0.0130000000000052" classname="Simulations_class" name="GeneralSimulations_object_can_be_created_with_the_user_constructor"/>
    <testcase time="0.00100000000000477" classname="Simulations_class" name="GeneralSimulations_object_can_be_created_with_the_user_constructor"/>
    <testcase time="0.00499999999999545" classname="Simulations_class" name="GeneralSimulations_object_can_be_created_with_the_user_constructor"/>
    <testcase time="0.00399999999999068" classname="Simulations_class" name="GeneralSimulations_object_can_be_created_with_the_user_constructor"/>
    <testcase time="0.00500000000002387" classname="Simulations_class" name="GeneralSimulations_object_can_be_created_with_the_user_constructor"/>
    <testcase time="0.00399999999999068" classname="Simulations_class" name="GeneralSimulations_object_can_be_created_with_the_user_constructor"/>
    <testcase time="0.007000000000005" classname="Simulations_class" name="GeneralSimulations_user_constructor_arguments_names_are_as_expected"/>
    <testcase time="0.00799999999998136" classname="Simulations_class" name="Simulations_generator_function_works_as_expected"/>
    <testcase time="0.00100000000000477" classname="Simulations_class" name="Simulations_generator_function_works_as_expected"/>
    <testcase time="0.00600000000000023" classname="Simulations_class" name="Simulations_generator_function_works_as_expected"/>
    <testcase time="0.0130000000000052" classname="Simulations_class" name="Simulations_object_can_be_created_with_the_user_constructor"/>
    <testcase time="0.00100000000000477" classname="Simulations_class" name="Simulations_object_can_be_created_with_the_user_constructor"/>
    <testcase time="0.00499999999999545" classname="Simulations_class" name="Simulations_object_can_be_created_with_the_user_constructor"/>
    <testcase time="0.00499999999999545" classname="Simulations_class" name="Simulations_object_can_be_created_with_the_user_constructor"/>
    <testcase time="0.00399999999999068" classname="Simulations_class" name="Simulations_object_can_be_created_with_the_user_constructor"/>
    <testcase time="0.007000000000005" classname="Simulations_class" name="Simulations_user_constructor_arguments_names_are_as_expected"/>
    <testcase time="0.00800000000000978" classname="Simulations_class" name="DualSimulations_generator_function_works_as_expected"/>
    <testcase time="0.00100000000000477" classname="Simulations_class" name="DualSimulations_generator_function_works_as_expected"/>
    <testcase time="0.007000000000005" classname="Simulations_class" name="DualSimulations_generator_function_works_as_expected"/>
    <testcase time="0.0279999999999916" classname="Simulations_class" name="DualSimulations_object_can_be_created_with_the_user_constructor"/>
    <testcase time="0.00100000000000477" classname="Simulations_class" name="DualSimulations_object_can_be_created_with_the_user_constructor"/>
    <testcase time="0.00600000000000023" classname="Simulations_class" name="DualSimulations_object_can_be_created_with_the_user_constructor"/>
    <testcase time="0.00399999999999068" classname="Simulations_class" name="DualSimulations_object_can_be_created_with_the_user_constructor"/>
    <testcase time="0.00399999999999068" classname="Simulations_class" name="DualSimulations_object_can_be_created_with_the_user_constructor"/>
    <testcase time="0.0040000000000191" classname="Simulations_class" name="DualSimulations_object_can_be_created_with_the_user_constructor"/>
    <testcase time="0.00799999999998136" classname="Simulations_class" name="DualSimulations_user_constructor_arguments_names_are_as_expected"/>
  </testsuite>
  <testsuite name="Validate-class" timestamp="2023-08-17T12:00:42Z" hostname="20a247bd8378" tests="37" skipped="0" failures="0" errors="0" time="0.187">
    <testcase time="0.0120000000000005" classname="Validate_class" name="Validate_objects_can_be_created_with_default_constructor_Validate"/>
    <testcase time="0.00200000000000955" classname="Validate_class" name="Validate_objects_can_be_created_with_default_constructor_Validate"/>
    <testcase time="0.00399999999999068" classname="Validate_class" name="Validate_objects_can_be_created_with_default_constructor_Validate"/>
    <testcase time="0.0100000000000193" classname="Validate_class" name="Validate_returns_NULL_for_valid_object_or_message_for_inv._obj."/>
    <testcase time="0.00399999999999068" classname="Validate_class" name="Validate_returns_NULL_for_valid_object_or_message_for_inv._obj."/>
    <testcase time="0.00399999999999068" classname="Validate_class" name="Validate_returns_NULL_for_valid_object_or_message_for_inv._obj."/>
    <testcase time="0.00399999999999068" classname="Validate_class" name="Validate_returns_NULL_for_valid_object_or_message_for_inv._obj."/>
    <testcase time="0.0040000000000191" classname="Validate_class" name="Validate_returns_NULL_for_valid_object_or_message_for_inv._obj."/>
    <testcase time="0.00399999999999068" classname="Validate_class" name="Validate_returns_NULL_for_valid_object_or_message_for_inv._obj."/>
    <testcase time="0.00399999999999068" classname="Validate_class" name="Validate_returns_NULL_for_valid_object_or_message_for_inv._obj."/>
    <testcase time="0.0150000000000148" classname="Validate_class" name="Having_a_msg_global_variable_does_not_confuse_the_constructor_1_"/>
    <testcase time="0.00200000000000955" classname="Validate_class" name="Having_a_msg_global_variable_does_not_confuse_the_constructor_1_"/>
    <testcase time="0.00399999999999068" classname="Validate_class" name="Having_a_msg_global_variable_does_not_confuse_the_constructor_1_"/>
    <testcase time="0.00200000000000955" classname="Validate_class" name="Having_a_msg_global_variable_does_not_confuse_the_constructor_1_"/>
    <testcase time="0.000999999999976353" classname="Validate_class" name="Having_a_msg_global_variable_does_not_confuse_the_constructor_1_"/>
    <testcase time="0.00500000000002387" classname="Validate_class" name="Having_a_msg_global_variable_does_not_confuse_the_constructor_1_"/>
    <testcase time="0.00999999999999091" classname="Validate_class" name="Having_a_msg_global_variable_does_not_confuse_the_constructor_2_"/>
    <testcase time="0.00399999999999068" classname="Validate_class" name="Having_a_msg_global_variable_does_not_confuse_the_constructor_2_"/>
    <testcase time="0.0040000000000191" classname="Validate_class" name="Having_a_msg_global_variable_does_not_confuse_the_constructor_2_"/>
    <testcase time="0.00499999999999545" classname="Validate_class" name="Having_a_msg_global_variable_does_not_confuse_the_constructor_2_"/>
    <testcase time="0.00399999999999068" classname="Validate_class" name="Having_a_msg_global_variable_does_not_confuse_the_constructor_2_"/>
    <testcase time="0.00399999999999068" classname="Validate_class" name="Having_a_msg_global_variable_does_not_confuse_the_constructor_2_"/>
    <testcase time="0.0040000000000191" classname="Validate_class" name="Having_a_msg_global_variable_does_not_confuse_the_constructor_2_"/>
    <testcase time="0.00999999999999091" classname="Validate_class" name="Having_a_msg_global_variable_does_not_confuse_the_constructor_3_"/>
    <testcase time="0.00499999999999545" classname="Validate_class" name="Having_a_msg_global_variable_does_not_confuse_the_constructor_3_"/>
    <testcase time="0.0040000000000191" classname="Validate_class" name="Having_a_msg_global_variable_does_not_confuse_the_constructor_3_"/>
    <testcase time="0.00399999999999068" classname="Validate_class" name="Having_a_msg_global_variable_does_not_confuse_the_constructor_3_"/>
    <testcase time="0.00399999999999068" classname="Validate_class" name="Having_a_msg_global_variable_does_not_confuse_the_constructor_3_"/>
    <testcase time="0.0040000000000191" classname="Validate_class" name="Having_a_msg_global_variable_does_not_confuse_the_constructor_3_"/>
    <testcase time="0.0040000000000191" classname="Validate_class" name="Having_a_msg_global_variable_does_not_confuse_the_constructor_3_"/>
    <testcase time="0.0109999999999957" classname="Validate_class" name="Having_a_msg_global_variable_does_not_confuse_the_constructor_4_"/>
    <testcase time="0.00399999999999068" classname="Validate_class" name="Having_a_msg_global_variable_does_not_confuse_the_constructor_4_"/>
    <testcase time="0.00399999999999068" classname="Validate_class" name="Having_a_msg_global_variable_does_not_confuse_the_constructor_4_"/>
    <testcase time="0.0040000000000191" classname="Validate_class" name="Having_a_msg_global_variable_does_not_confuse_the_constructor_4_"/>
    <testcase time="0.00499999999999545" classname="Validate_class" name="Having_a_msg_global_variable_does_not_confuse_the_constructor_4_"/>
    <testcase time="0.00399999999999068" classname="Validate_class" name="Having_a_msg_global_variable_does_not_confuse_the_constructor_4_"/>
    <testcase time="0.0040000000000191" classname="Validate_class" name="Having_a_msg_global_variable_does_not_confuse_the_constructor_4_"/>
  </testsuite>
  <testsuite name="accuracy-published" timestamp="2023-08-17T12:00:42Z" hostname="20a247bd8378" tests="2" skipped="0" failures="0" errors="0" time="1.206">
    <testcase time="1.19899999999998" classname="accuracy_published" name="OneParLogNormalPrior_reproduces_same_numbers_as_in_paper_by_Neuenschwander_et_al."/>
    <testcase time="0.007000000000005" classname="accuracy_published" name="OneParLogNormalPrior_reproduces_same_numbers_as_in_paper_by_Neuenschwander_et_al."/>
  </testsuite>
  <testsuite name="checkmate" timestamp="2023-08-17T12:00:44Z" hostname="20a247bd8378" tests="106" skipped="0" failures="0" errors="0" time="0.589">
    <testcase time="0.0219999999999914" classname="checkmate" name="check_probabilities_returns_TRUE_as_expected"/>
    <testcase time="0.00399999999999068" classname="checkmate" name="check_probabilities_returns_TRUE_as_expected"/>
    <testcase time="0.0040000000000191" classname="checkmate" name="check_probabilities_returns_TRUE_as_expected"/>
    <testcase time="0.00399999999999068" classname="checkmate" name="check_probabilities_returns_TRUE_as_expected"/>
    <testcase time="0.00499999999999545" classname="checkmate" name="check_probabilities_returns_TRUE_as_expected"/>
    <testcase time="0.00399999999999068" classname="checkmate" name="check_probabilities_returns_TRUE_as_expected"/>
    <testcase time="0.0040000000000191" classname="checkmate" name="check_probabilities_returns_TRUE_as_expected"/>
    <testcase time="0.00399999999999068" classname="checkmate" name="check_probabilities_returns_TRUE_as_expected"/>
    <testcase time="0.00399999999999068" classname="checkmate" name="check_probabilities_returns_TRUE_as_expected"/>
    <testcase time="0.0040000000000191" classname="checkmate" name="check_probabilities_returns_TRUE_as_expected"/>
    <testcase time="0.00499999999999545" classname="checkmate" name="check_probabilities_returns_TRUE_as_expected"/>
    <testcase time="0.00899999999998613" classname="checkmate" name="check_probabilities_returns_error_message_as_expected"/>
    <testcase time="0.0040000000000191" classname="checkmate" name="check_probabilities_returns_error_message_as_expected"/>
    <testcase time="0.00399999999999068" classname="checkmate" name="check_probabilities_returns_error_message_as_expected"/>
    <testcase time="0.00399999999999068" classname="checkmate" name="check_probabilities_returns_error_message_as_expected"/>
    <testcase time="0.00499999999999545" classname="checkmate" name="check_probabilities_returns_error_message_as_expected"/>
    <testcase time="0.0040000000000191" classname="checkmate" name="check_probabilities_returns_error_message_as_expected"/>
    <testcase time="0.00499999999999545" classname="checkmate" name="check_probabilities_returns_error_message_as_expected"/>
    <testcase time="0.00399999999999068" classname="checkmate" name="check_probabilities_returns_error_message_as_expected"/>
    <testcase time="0.00499999999999545" classname="checkmate" name="check_probabilities_returns_error_message_as_expected"/>
    <testcase time="0.0040000000000191" classname="checkmate" name="check_probabilities_returns_error_message_as_expected"/>
    <testcase time="0.00399999999999068" classname="checkmate" name="check_probabilities_returns_error_message_as_expected"/>
    <testcase time="0.00399999999999068" classname="checkmate" name="check_probabilities_returns_error_message_as_expected"/>
    <testcase time="0.0100000000000193" classname="checkmate" name="check_probability_returns_TRUE_as_expected"/>
    <testcase time="0.00499999999999545" classname="checkmate" name="check_probability_returns_TRUE_as_expected"/>
    <testcase time="0.00399999999999068" classname="checkmate" name="check_probability_returns_TRUE_as_expected"/>
    <testcase time="0.00399999999999068" classname="checkmate" name="check_probability_returns_TRUE_as_expected"/>
    <testcase time="0.00500000000002387" classname="checkmate" name="check_probability_returns_TRUE_as_expected"/>
    <testcase time="0.00399999999999068" classname="checkmate" name="check_probability_returns_TRUE_as_expected"/>
    <testcase time="0.00399999999999068" classname="checkmate" name="check_probability_returns_TRUE_as_expected"/>
    <testcase time="0.00499999999999545" classname="checkmate" name="check_probability_returns_TRUE_as_expected"/>
    <testcase time="0.0040000000000191" classname="checkmate" name="check_probability_returns_TRUE_as_expected"/>
    <testcase time="0.0109999999999957" classname="checkmate" name="check_probability_returns_error_message_as_expected"/>
    <testcase time="0.00399999999999068" classname="checkmate" name="check_probability_returns_error_message_as_expected"/>
    <testcase time="0.00499999999999545" classname="checkmate" name="check_probability_returns_error_message_as_expected"/>
    <testcase time="0.0040000000000191" classname="checkmate" name="check_probability_returns_error_message_as_expected"/>
    <testcase time="0.00499999999999545" classname="checkmate" name="check_probability_returns_error_message_as_expected"/>
    <testcase time="0.00399999999999068" classname="checkmate" name="check_probability_returns_error_message_as_expected"/>
    <testcase time="0.00499999999999545" classname="checkmate" name="check_probability_returns_error_message_as_expected"/>
    <testcase time="0.0100000000000193" classname="checkmate" name="check_probability_range_returns_TRUE_as_expected"/>
    <testcase time="0.00399999999999068" classname="checkmate" name="check_probability_range_returns_TRUE_as_expected"/>
    <testcase time="0.00399999999999068" classname="checkmate" name="check_probability_range_returns_TRUE_as_expected"/>
    <testcase time="0.00500000000002387" classname="checkmate" name="check_probability_range_returns_TRUE_as_expected"/>
    <testcase time="0.00399999999999068" classname="checkmate" name="check_probability_range_returns_TRUE_as_expected"/>
    <testcase time="0.00499999999999545" classname="checkmate" name="check_probability_range_returns_TRUE_as_expected"/>
    <testcase time="0.00399999999999068" classname="checkmate" name="check_probability_range_returns_TRUE_as_expected"/>
    <testcase time="0.00500000000002387" classname="checkmate" name="check_probability_range_returns_TRUE_as_expected"/>
    <testcase time="0.00499999999999545" classname="checkmate" name="check_probability_range_returns_TRUE_as_expected"/>
    <testcase time="0.0109999999999957" classname="checkmate" name="check_probability_range_returns_TRUE_as_expected"/>
    <testcase time="0.0109999999999957" classname="checkmate" name="check_probability_range_returns_error_message_as_expected"/>
    <testcase time="0.00499999999999545" classname="checkmate" name="check_probability_range_returns_error_message_as_expected"/>
    <testcase time="0.00399999999999068" classname="checkmate" name="check_probability_range_returns_error_message_as_expected"/>
    <testcase time="0.0040000000000191" classname="checkmate" name="check_probability_range_returns_error_message_as_expected"/>
    <testcase time="0.00499999999999545" classname="checkmate" name="check_probability_range_returns_error_message_as_expected"/>
    <testcase time="0.00399999999999068" classname="checkmate" name="check_probability_range_returns_error_message_as_expected"/>
    <testcase time="0.00499999999999545" classname="checkmate" name="check_probability_range_returns_error_message_as_expected"/>
    <testcase time="0.0040000000000191" classname="checkmate" name="check_probability_range_returns_error_message_as_expected"/>
    <testcase time="0.00999999999999091" classname="checkmate" name="check_length_returns_TRUE_as_expected"/>
    <testcase time="0.00399999999999068" classname="checkmate" name="check_length_returns_TRUE_as_expected"/>
    <testcase time="0.00500000000002387" classname="checkmate" name="check_length_returns_TRUE_as_expected"/>
    <testcase time="0.00399999999999068" classname="checkmate" name="check_length_returns_TRUE_as_expected"/>
    <testcase time="0.00399999999999068" classname="checkmate" name="check_length_returns_TRUE_as_expected"/>
    <testcase time="0.0040000000000191" classname="checkmate" name="check_length_returns_TRUE_as_expected"/>
    <testcase time="0.00499999999999545" classname="checkmate" name="check_length_returns_TRUE_as_expected"/>
    <testcase time="0.00399999999999068" classname="checkmate" name="check_length_returns_TRUE_as_expected"/>
    <testcase time="0.0120000000000005" classname="checkmate" name="check_length_returns_error_message_as_expected"/>
    <testcase time="0.00600000000000023" classname="checkmate" name="check_length_returns_error_message_as_expected"/>
    <testcase time="0.00600000000000023" classname="checkmate" name="check_length_returns_error_message_as_expected"/>
    <testcase time="0.00600000000000023" classname="checkmate" name="check_length_returns_error_message_as_expected"/>
    <testcase time="0.00600000000000023" classname="checkmate" name="check_length_returns_error_message_as_expected"/>
    <testcase time="0.0109999999999957" classname="checkmate" name="check_range_returns_TRUE_as_expected"/>
    <testcase time="0.00399999999999068" classname="checkmate" name="check_range_returns_TRUE_as_expected"/>
    <testcase time="0.00500000000002387" classname="checkmate" name="check_range_returns_TRUE_as_expected"/>
    <testcase time="0.00499999999999545" classname="checkmate" name="check_range_returns_TRUE_as_expected"/>
    <testcase time="0.00399999999999068" classname="checkmate" name="check_range_returns_TRUE_as_expected"/>
    <testcase time="0.00499999999999545" classname="checkmate" name="check_range_returns_TRUE_as_expected"/>
    <testcase time="0.0040000000000191" classname="checkmate" name="check_range_returns_TRUE_as_expected"/>
    <testcase time="0.00499999999999545" classname="checkmate" name="check_range_returns_TRUE_as_expected"/>
    <testcase time="0.00499999999999545" classname="checkmate" name="check_range_returns_TRUE_as_expected"/>
    <testcase time="0.00999999999999091" classname="checkmate" name="check_range_returns_TRUE_as_expected_when_unique_is_FALSE"/>
    <testcase time="0.00499999999999545" classname="checkmate" name="check_range_returns_TRUE_as_expected_when_unique_is_FALSE"/>
    <testcase time="0.00500000000002387" classname="checkmate" name="check_range_returns_TRUE_as_expected_when_unique_is_FALSE"/>
    <testcase time="0.00399999999999068" classname="checkmate" name="check_range_returns_TRUE_as_expected_when_unique_is_FALSE"/>
    <testcase time="0.00399999999999068" classname="checkmate" name="check_range_returns_TRUE_as_expected_when_unique_is_FALSE"/>
    <testcase time="0.0130000000000052" classname="checkmate" name="check_range_throws_the_error_as_expected"/>
    <testcase time="0.00600000000000023" classname="checkmate" name="check_range_throws_the_error_as_expected"/>
    <testcase time="0.01400000000001" classname="checkmate" name="check_range_throws_the_error_as_expected"/>
    <testcase time="0.00600000000000023" classname="checkmate" name="check_range_throws_the_error_as_expected"/>
    <testcase time="0.0109999999999957" classname="checkmate" name="check_range_returns_error_message_as_expected"/>
    <testcase time="0.00499999999999545" classname="checkmate" name="check_range_returns_error_message_as_expected"/>
    <testcase time="0.00399999999999068" classname="checkmate" name="check_range_returns_error_message_as_expected"/>
    <testcase time="0.00499999999999545" classname="checkmate" name="check_range_returns_error_message_as_expected"/>
    <testcase time="0.00500000000002387" classname="checkmate" name="check_range_returns_error_message_as_expected"/>
    <testcase time="0.00399999999999068" classname="checkmate" name="check_range_returns_error_message_as_expected"/>
    <testcase time="0.00499999999999545" classname="checkmate" name="check_range_returns_error_message_as_expected"/>
    <testcase time="0.00399999999999068" classname="checkmate" name="check_range_returns_error_message_as_expected"/>
    <testcase time="0.00500000000002387" classname="checkmate" name="check_range_returns_error_message_as_expected"/>
    <testcase time="0.00499999999999545" classname="checkmate" name="check_range_returns_error_message_as_expected"/>
    <testcase time="0.00999999999999091" classname="checkmate" name="check_range_returns_error_message_as_expected_when_unique_is_FALSE"/>
    <testcase time="0.00499999999999545" classname="checkmate" name="check_range_returns_error_message_as_expected_when_unique_is_FALSE"/>
    <testcase time="0.00499999999999545" classname="checkmate" name="check_range_returns_error_message_as_expected_when_unique_is_FALSE"/>
    <testcase time="0.00500000000002387" classname="checkmate" name="check_range_returns_error_message_as_expected_when_unique_is_FALSE"/>
    <testcase time="0.00399999999999068" classname="checkmate" name="check_range_returns_error_message_as_expected_when_unique_is_FALSE"/>
    <testcase time="0.00499999999999545" classname="checkmate" name="check_range_returns_error_message_as_expected_when_unique_is_FALSE"/>
    <testcase time="0.00499999999999545" classname="checkmate" name="check_range_returns_error_message_as_expected_when_unique_is_FALSE"/>
    <testcase time="0.0040000000000191" classname="checkmate" name="check_range_returns_error_message_as_expected_when_unique_is_FALSE"/>
  </testsuite>
  <testsuite name="helpers" timestamp="2023-08-17T12:00:44Z" hostname="20a247bd8378" tests="209" skipped="3" failures="0" errors="0" time="2.177">
    <testcase time="0.018999999999977" classname="helpers" name="h_all_equivalent_returns_TRUE_for_equivalent_objects"/>
    <testcase time="0.0100000000000193" classname="helpers" name="h_all_equivalent_returns_TRUE_for_equivalent_objects"/>
    <testcase time="0.00999999999999091" classname="helpers" name="h_all_equivalent_returns_FALSE_for_non_equivalent_objects"/>
    <testcase time="0.0229999999999961" classname="helpers" name="h_plot_data_df_valid_object_for_sample_Data_object_with_placebo"/>
    <testcase time="0.0240000000000009" classname="helpers" name="h_plot_data_df_returns_valid_object_Data_with_placebo_and_blind."/>
    <testcase time="0.123999999999995" classname="helpers" name="h_plot_data_cohort_lines_works_as_expected">
      <skipped message="Reason: On CRAN ('test-helpers.R:78:3')"/>
    </testcase>
    <testcase time="0.122000000000014" classname="helpers" name="h_plot_data_cohort_lines_works_as_expected_when_no_placebo">
      <skipped message="Reason: On CRAN ('test-helpers.R:90:3')"/>
    </testcase>
    <testcase time="0.128999999999991" classname="helpers" name="h_plot_data_cohort_lines_works_as_expected_for_single_cohort">
      <skipped message="Reason: On CRAN ('test-helpers.R:106:3')"/>
    </testcase>
    <testcase time="0.021000000000015" classname="helpers" name="h_check_fun_formals_returns_TRUE_for_valid_arguments"/>
    <testcase time="0.0109999999999957" classname="helpers" name="h_check_fun_formals_returns_FALSE_for_non_valid_arguments"/>
    <testcase time="0.0209999999999866" classname="helpers" name="h_slots_returns_two_slots_as_expected"/>
    <testcase time="0.0220000000000198" classname="helpers" name="h_slots_returns_two_slots_as_expected_simplification_ignored_"/>
    <testcase time="0.0219999999999914" classname="helpers" name="h_slots_returns_one_slot_as_expected"/>
    <testcase time="0.0300000000000011" classname="helpers" name="h_slots_returns_one_slot_expected_with_simplification_"/>
    <testcase time="0.0240000000000009" classname="helpers" name="h_slots_throws_the_error_for_non_existing_slots"/>
    <testcase time="0.0219999999999914" classname="helpers" name="h_slots_returns_empty_list_for_empty_request"/>
    <testcase time="0.00399999999999068" classname="helpers" name="h_slots_returns_empty_list_for_empty_request"/>
    <testcase time="0.0120000000000005" classname="helpers" name="h_format_number_works_as_expected"/>
    <testcase time="0.0100000000000193" classname="helpers" name="h_format_number_works_as_expected_when_no_change"/>
    <testcase time="0.011999999999972" classname="helpers" name="h_rapply_works_as_expected"/>
    <testcase time="0.0100000000000193" classname="helpers" name="h_null_if_na_works_as_expected"/>
    <testcase time="0.00499999999999545" classname="helpers" name="h_null_if_na_works_as_expected"/>
    <testcase time="0.00399999999999068" classname="helpers" name="h_null_if_na_works_as_expected"/>
    <testcase time="0.0040000000000191" classname="helpers" name="h_null_if_na_works_as_expected"/>
    <testcase time="0.0129999999999768" classname="helpers" name="h_null_if_na_throws_an_error_for_non_atomic_argument"/>
    <testcase time="0.0120000000000005" classname="helpers" name="h_null_if_na_throws_an_error_for_non_scalar_atomic_argument"/>
    <testcase time="0.00600000000000023" classname="helpers" name="h_null_if_na_throws_an_error_for_non_scalar_atomic_argument"/>
    <testcase time="0.0110000000000241" classname="helpers" name="h_default_if_empty_works_as_expected"/>
    <testcase time="0.00399999999999068" classname="helpers" name="h_default_if_empty_works_as_expected"/>
    <testcase time="0.00399999999999068" classname="helpers" name="h_default_if_empty_works_as_expected"/>
    <testcase time="0.00499999999999545" classname="helpers" name="h_default_if_empty_works_as_expected"/>
    <testcase time="0.0110000000000241" classname="helpers" name="h_is_positive_definite_returns_TRUE_for_2x2_positive_definite_matrix"/>
    <testcase time="0.0109999999999957" classname="helpers" name="h_is_positive_definite_returns_TRUE_for_3x3_positive_definite_matrix"/>
    <testcase time="0.00999999999999091" classname="helpers" name="h_is_positive_definite_returns_FALSE_for_matrix_with_NA"/>
    <testcase time="0.0109999999999957" classname="helpers" name="h_is_positive_definite_returns_FALSE_for_non_square_matrix"/>
    <testcase time="0.0180000000000007" classname="helpers" name="h_is_positive_definite_returns_FALSE_for_non_symmetric_matrix"/>
    <testcase time="0.0109999999999957" classname="helpers" name="h_is_positive_definite_returns_FALSE_for_not_a_pos_def_matrix"/>
    <testcase time="0.0109999999999957" classname="helpers" name="h_test_named_numeric_returns_TRUE_as_expected"/>
    <testcase time="0.0040000000000191" classname="helpers" name="h_test_named_numeric_returns_TRUE_as_expected"/>
    <testcase time="0.00399999999999068" classname="helpers" name="h_test_named_numeric_returns_TRUE_as_expected"/>
    <testcase time="0.00399999999999068" classname="helpers" name="h_test_named_numeric_returns_TRUE_as_expected"/>
    <testcase time="0.00500000000002387" classname="helpers" name="h_test_named_numeric_returns_TRUE_as_expected"/>
    <testcase time="0.00399999999999068" classname="helpers" name="h_test_named_numeric_returns_TRUE_as_expected"/>
    <testcase time="0.00399999999999068" classname="helpers" name="h_test_named_numeric_returns_TRUE_as_expected"/>
    <testcase time="0.0109999999999957" classname="helpers" name="h_test_named_numeric_returns_TRUE_as_expected_for_duplicated_names"/>
    <testcase time="0.0040000000000191" classname="helpers" name="h_test_named_numeric_returns_TRUE_as_expected_for_duplicated_names"/>
    <testcase time="0.00399999999999068" classname="helpers" name="h_test_named_numeric_returns_TRUE_as_expected_for_duplicated_names"/>
    <testcase time="0.0109999999999957" classname="helpers" name="h_test_named_numeric_returns_FALSE_as_expected"/>
    <testcase time="0.0040000000000191" classname="helpers" name="h_test_named_numeric_returns_FALSE_as_expected"/>
    <testcase time="0.00399999999999068" classname="helpers" name="h_test_named_numeric_returns_FALSE_as_expected"/>
    <testcase time="0.00499999999999545" classname="helpers" name="h_test_named_numeric_returns_FALSE_as_expected"/>
    <testcase time="0.00399999999999068" classname="helpers" name="h_test_named_numeric_returns_FALSE_as_expected"/>
    <testcase time="0.0040000000000191" classname="helpers" name="h_test_named_numeric_returns_FALSE_as_expected"/>
    <testcase time="0.00499999999999545" classname="helpers" name="h_test_named_numeric_returns_FALSE_as_expected"/>
    <testcase time="0.0109999999999957" classname="helpers" name="h_in_range_returns_expected_vector_of_flags_for_finite_interval"/>
    <testcase time="0.00399999999999068" classname="helpers" name="h_in_range_returns_expected_vector_of_flags_for_finite_interval"/>
    <testcase time="0.0040000000000191" classname="helpers" name="h_in_range_returns_expected_vector_of_flags_for_finite_interval"/>
    <testcase time="0.00499999999999545" classname="helpers" name="h_in_range_returns_expected_vector_of_flags_for_finite_interval"/>
    <testcase time="0.00399999999999068" classname="helpers" name="h_in_range_returns_expected_vector_of_flags_for_finite_interval"/>
    <testcase time="0.0109999999999957" classname="helpers" name="h_in_range_returns_expected_vector_of_flags_for_non_finite_bound"/>
    <testcase time="0.00499999999999545" classname="helpers" name="h_in_range_returns_expected_vector_of_flags_for_non_finite_bound"/>
    <testcase time="0.0040000000000191" classname="helpers" name="h_in_range_returns_expected_vector_of_flags_for_non_finite_bound"/>
    <testcase time="0.00499999999999545" classname="helpers" name="h_in_range_returns_expected_vector_of_flags_for_non_finite_bound"/>
    <testcase time="0.00999999999999091" classname="helpers" name="h_in_range_returns_expected_matrix_of_flags"/>
    <testcase time="0.00499999999999545" classname="helpers" name="h_in_range_returns_expected_matrix_of_flags"/>
    <testcase time="0.0040000000000191" classname="helpers" name="h_in_range_returns_expected_matrix_of_flags"/>
    <testcase time="0.00499999999999545" classname="helpers" name="h_in_range_returns_expected_matrix_of_flags"/>
    <testcase time="0.0120000000000005" classname="helpers" name="h_in_range_throws_the_error_message_as_expected"/>
    <testcase time="0.007000000000005" classname="helpers" name="h_in_range_throws_the_error_message_as_expected"/>
    <testcase time="0.00600000000000023" classname="helpers" name="h_in_range_throws_the_error_message_as_expected"/>
    <testcase time="0.00600000000000023" classname="helpers" name="h_in_range_throws_the_error_message_as_expected"/>
    <testcase time="0.032999999999987" classname="helpers" name="h_in_range_throws_the_error_message_as_expected"/>
    <testcase time="0.007000000000005" classname="helpers" name="h_in_range_throws_the_error_message_as_expected"/>
    <testcase time="0.007000000000005" classname="helpers" name="h_in_range_throws_the_error_message_as_expected"/>
    <testcase time="0.00999999999999091" classname="helpers" name="h_find_interval_works_as_expected"/>
    <testcase time="0.00499999999999545" classname="helpers" name="h_find_interval_works_as_expected"/>
    <testcase time="0.00499999999999545" classname="helpers" name="h_find_interval_works_as_expected"/>
    <testcase time="0.00600000000000023" classname="helpers" name="h_find_interval_works_as_expected"/>
    <testcase time="0.00500000000002387" classname="helpers" name="h_find_interval_works_as_expected"/>
    <testcase time="0.00499999999999545" classname="helpers" name="h_find_interval_works_as_expected"/>
    <testcase time="0.00499999999999545" classname="helpers" name="h_find_interval_works_as_expected"/>
    <testcase time="0.00499999999999545" classname="helpers" name="h_find_interval_works_as_expected"/>
    <testcase time="0.00600000000000023" classname="helpers" name="h_find_interval_works_as_expected"/>
    <testcase time="0.00999999999999091" classname="helpers" name="h_find_interval_works_as_expected_for_custom_replacement"/>
    <testcase time="0.00500000000002387" classname="helpers" name="h_find_interval_works_as_expected_for_custom_replacement"/>
    <testcase time="0.00399999999999068" classname="helpers" name="h_find_interval_works_as_expected_for_custom_replacement"/>
    <testcase time="0.0109999999999957" classname="helpers" name="default_constructors_exist_for_all_subclasses_of_GeneralModel"/>
    <testcase time="0.00600000000000023" classname="helpers" name="default_constructors_exist_for_all_subclasses_of_GeneralModel"/>
    <testcase time="0.00399999999999068" classname="helpers" name="default_constructors_exist_for_all_subclasses_of_GeneralModel"/>
    <testcase time="0.00500000000002387" classname="helpers" name="default_constructors_exist_for_all_subclasses_of_GeneralModel"/>
    <testcase time="0.00399999999999068" classname="helpers" name="default_constructors_exist_for_all_subclasses_of_GeneralModel"/>
    <testcase time="0.0029999999999859" classname="helpers" name="default_constructors_exist_for_all_subclasses_of_GeneralModel"/>
    <testcase time="0.00499999999999545" classname="helpers" name="default_constructors_exist_for_all_subclasses_of_GeneralModel"/>
    <testcase time="0.00800000000000978" classname="helpers" name="default_constructors_exist_for_all_subclasses_of_GeneralModel"/>
    <testcase time="0.00399999999999068" classname="helpers" name="default_constructors_exist_for_all_subclasses_of_GeneralModel"/>
    <testcase time="0.0130000000000052" classname="helpers" name="default_constructors_exist_for_all_subclasses_of_GeneralModel"/>
    <testcase time="0.0040000000000191" classname="helpers" name="default_constructors_exist_for_all_subclasses_of_GeneralModel"/>
    <testcase time="0.00399999999999068" classname="helpers" name="default_constructors_exist_for_all_subclasses_of_GeneralModel"/>
    <testcase time="0.00499999999999545" classname="helpers" name="default_constructors_exist_for_all_subclasses_of_GeneralModel"/>
    <testcase time="0.00399999999999068" classname="helpers" name="default_constructors_exist_for_all_subclasses_of_GeneralModel"/>
    <testcase time="0.0040000000000191" classname="helpers" name="default_constructors_exist_for_all_subclasses_of_GeneralModel"/>
    <testcase time="0.007000000000005" classname="helpers" name="default_constructors_exist_for_all_subclasses_of_GeneralModel"/>
    <testcase time="0.00499999999999545" classname="helpers" name="default_constructors_exist_for_all_subclasses_of_GeneralModel"/>
    <testcase time="0.007000000000005" classname="helpers" name="default_constructors_exist_for_all_subclasses_of_GeneralModel"/>
    <testcase time="0.00399999999999068" classname="helpers" name="default_constructors_exist_for_all_subclasses_of_GeneralModel"/>
    <testcase time="0.00600000000000023" classname="helpers" name="default_constructors_exist_for_all_subclasses_of_GeneralModel"/>
    <testcase time="0.00499999999999545" classname="helpers" name="default_constructors_exist_for_all_subclasses_of_GeneralModel"/>
    <testcase time="0.007000000000005" classname="helpers" name="default_constructors_exist_for_all_subclasses_of_GeneralModel"/>
    <testcase time="0.00499999999999545" classname="helpers" name="default_constructors_exist_for_all_subclasses_of_GeneralModel"/>
    <testcase time="0.00600000000000023" classname="helpers" name="default_constructors_exist_for_all_subclasses_of_GeneralModel"/>
    <testcase time="0.00499999999999545" classname="helpers" name="default_constructors_exist_for_all_subclasses_of_GeneralModel"/>
    <testcase time="0.0180000000000007" classname="helpers" name="default_constructors_exist_for_all_subclasses_of_GeneralModel"/>
    <testcase time="0.00499999999999545" classname="helpers" name="default_constructors_exist_for_all_subclasses_of_GeneralModel"/>
    <testcase time="0.0120000000000005" classname="helpers" name="default_constructors_exist_for_all_subclasses_of_GeneralModel"/>
    <testcase time="0.00499999999999545" classname="helpers" name="default_constructors_exist_for_all_subclasses_of_GeneralModel"/>
    <testcase time="0.0120000000000005" classname="helpers" name="default_constructors_exist_for_all_subclasses_of_GeneralModel"/>
    <testcase time="0.00499999999999545" classname="helpers" name="default_constructors_exist_for_all_subclasses_of_GeneralModel"/>
    <testcase time="0.00600000000000023" classname="helpers" name="default_constructors_exist_for_all_subclasses_of_GeneralModel"/>
    <testcase time="0.00500000000002387" classname="helpers" name="default_constructors_exist_for_all_subclasses_of_GeneralModel"/>
    <testcase time="0.00999999999999091" classname="helpers" name="default_constructors_exist_for_all_subclasses_of_GeneralModel"/>
    <testcase time="0.00499999999999545" classname="helpers" name="default_constructors_exist_for_all_subclasses_of_GeneralModel"/>
    <testcase time="0.00900000000001455" classname="helpers" name="default_constructors_exist_for_all_subclasses_of_GeneralModel"/>
    <testcase time="0.00600000000000023" classname="helpers" name="default_constructors_exist_for_all_subclasses_of_GeneralModel"/>
    <testcase time="0.00999999999999091" classname="helpers" name="default_constructors_exist_for_all_subclasses_of_GeneralModel"/>
    <testcase time="0.0109999999999957" classname="helpers" name="default_constructors_exist_for_all_subclasses_of_Increments"/>
    <testcase time="0.00300000000001432" classname="helpers" name="default_constructors_exist_for_all_subclasses_of_Increments"/>
    <testcase time="0.00499999999999545" classname="helpers" name="default_constructors_exist_for_all_subclasses_of_Increments"/>
    <testcase time="0.00199999999998113" classname="helpers" name="default_constructors_exist_for_all_subclasses_of_Increments"/>
    <testcase time="0.00500000000002387" classname="helpers" name="default_constructors_exist_for_all_subclasses_of_Increments"/>
    <testcase time="0.0029999999999859" classname="helpers" name="default_constructors_exist_for_all_subclasses_of_Increments"/>
    <testcase time="0.00399999999999068" classname="helpers" name="default_constructors_exist_for_all_subclasses_of_Increments"/>
    <testcase time="0.00300000000001432" classname="helpers" name="default_constructors_exist_for_all_subclasses_of_Increments"/>
    <testcase time="0.00499999999999545" classname="helpers" name="default_constructors_exist_for_all_subclasses_of_Increments"/>
    <testcase time="0.0029999999999859" classname="helpers" name="default_constructors_exist_for_all_subclasses_of_Increments"/>
    <testcase time="0.00600000000000023" classname="helpers" name="default_constructors_exist_for_all_subclasses_of_Increments"/>
    <testcase time="0.00200000000000955" classname="helpers" name="default_constructors_exist_for_all_subclasses_of_Increments"/>
    <testcase time="0.00499999999999545" classname="helpers" name="default_constructors_exist_for_all_subclasses_of_Increments"/>
    <testcase time="0.00300000000001432" classname="helpers" name="default_constructors_exist_for_all_subclasses_of_Increments"/>
    <testcase time="0.00600000000000023" classname="helpers" name="default_constructors_exist_for_all_subclasses_of_Increments"/>
    <testcase time="0.0120000000000005" classname="helpers" name="default_constructors_exist_for_all_subclasses_of_NextBest"/>
    <testcase time="0.0029999999999859" classname="helpers" name="default_constructors_exist_for_all_subclasses_of_NextBest"/>
    <testcase time="0.00499999999999545" classname="helpers" name="default_constructors_exist_for_all_subclasses_of_NextBest"/>
    <testcase time="0.00300000000001432" classname="helpers" name="default_constructors_exist_for_all_subclasses_of_NextBest"/>
    <testcase time="0.00499999999999545" classname="helpers" name="default_constructors_exist_for_all_subclasses_of_NextBest"/>
    <testcase time="0.00100000000000477" classname="helpers" name="default_constructors_exist_for_all_subclasses_of_NextBest"/>
    <testcase time="0.00499999999999545" classname="helpers" name="default_constructors_exist_for_all_subclasses_of_NextBest"/>
    <testcase time="0.0029999999999859" classname="helpers" name="default_constructors_exist_for_all_subclasses_of_NextBest"/>
    <testcase time="0.00500000000002387" classname="helpers" name="default_constructors_exist_for_all_subclasses_of_NextBest"/>
    <testcase time="0.00199999999998113" classname="helpers" name="default_constructors_exist_for_all_subclasses_of_NextBest"/>
    <testcase time="0.00499999999999545" classname="helpers" name="default_constructors_exist_for_all_subclasses_of_NextBest"/>
    <testcase time="0.00300000000001432" classname="helpers" name="default_constructors_exist_for_all_subclasses_of_NextBest"/>
    <testcase time="0.00499999999999545" classname="helpers" name="default_constructors_exist_for_all_subclasses_of_NextBest"/>
    <testcase time="0.00300000000001432" classname="helpers" name="default_constructors_exist_for_all_subclasses_of_NextBest"/>
    <testcase time="0.00499999999999545" classname="helpers" name="default_constructors_exist_for_all_subclasses_of_NextBest"/>
    <testcase time="0.00199999999998113" classname="helpers" name="default_constructors_exist_for_all_subclasses_of_NextBest"/>
    <testcase time="0.0130000000000052" classname="helpers" name="default_constructors_exist_for_all_subclasses_of_NextBest"/>
    <testcase time="0.00300000000001432" classname="helpers" name="default_constructors_exist_for_all_subclasses_of_NextBest"/>
    <testcase time="0.00600000000000023" classname="helpers" name="default_constructors_exist_for_all_subclasses_of_NextBest"/>
    <testcase time="0.00199999999998113" classname="helpers" name="default_constructors_exist_for_all_subclasses_of_NextBest"/>
    <testcase time="0.00499999999999545" classname="helpers" name="default_constructors_exist_for_all_subclasses_of_NextBest"/>
    <testcase time="0.0040000000000191" classname="helpers" name="default_constructors_exist_for_all_subclasses_of_NextBest"/>
    <testcase time="0.00499999999999545" classname="helpers" name="default_constructors_exist_for_all_subclasses_of_NextBest"/>
    <testcase time="0.0029999999999859" classname="helpers" name="default_constructors_exist_for_all_subclasses_of_NextBest"/>
    <testcase time="0.00600000000000023" classname="helpers" name="default_constructors_exist_for_all_subclasses_of_NextBest"/>
    <testcase time="0.0040000000000191" classname="helpers" name="default_constructors_exist_for_all_subclasses_of_NextBest"/>
    <testcase time="0.00600000000000023" classname="helpers" name="default_constructors_exist_for_all_subclasses_of_NextBest"/>
    <testcase time="0.0120000000000005" classname="helpers" name="default_constructors_exist_for_all_subclasses_of_Stopping"/>
    <testcase time="0.00199999999998113" classname="helpers" name="default_constructors_exist_for_all_subclasses_of_Stopping"/>
    <testcase time="0.00499999999999545" classname="helpers" name="default_constructors_exist_for_all_subclasses_of_Stopping"/>
    <testcase time="0.00300000000001432" classname="helpers" name="default_constructors_exist_for_all_subclasses_of_Stopping"/>
    <testcase time="0.00499999999999545" classname="helpers" name="default_constructors_exist_for_all_subclasses_of_Stopping"/>
    <testcase time="0.00300000000001432" classname="helpers" name="default_constructors_exist_for_all_subclasses_of_Stopping"/>
    <testcase time="0.00499999999999545" classname="helpers" name="default_constructors_exist_for_all_subclasses_of_Stopping"/>
    <testcase time="0.0029999999999859" classname="helpers" name="default_constructors_exist_for_all_subclasses_of_Stopping"/>
    <testcase time="0.00499999999999545" classname="helpers" name="default_constructors_exist_for_all_subclasses_of_Stopping"/>
    <testcase time="0.00300000000001432" classname="helpers" name="default_constructors_exist_for_all_subclasses_of_Stopping"/>
    <testcase time="0.00499999999999545" classname="helpers" name="default_constructors_exist_for_all_subclasses_of_Stopping"/>
    <testcase time="0.00300000000001432" classname="helpers" name="default_constructors_exist_for_all_subclasses_of_Stopping"/>
    <testcase time="0.00499999999999545" classname="helpers" name="default_constructors_exist_for_all_subclasses_of_Stopping"/>
    <testcase time="0.0029999999999859" classname="helpers" name="default_constructors_exist_for_all_subclasses_of_Stopping"/>
    <testcase time="0.00600000000000023" classname="helpers" name="default_constructors_exist_for_all_subclasses_of_Stopping"/>
    <testcase time="0.00300000000001432" classname="helpers" name="default_constructors_exist_for_all_subclasses_of_Stopping"/>
    <testcase time="0.00499999999999545" classname="helpers" name="default_constructors_exist_for_all_subclasses_of_Stopping"/>
    <testcase time="0.0029999999999859" classname="helpers" name="default_constructors_exist_for_all_subclasses_of_Stopping"/>
    <testcase time="0.00500000000002387" classname="helpers" name="default_constructors_exist_for_all_subclasses_of_Stopping"/>
    <testcase time="0.0029999999999859" classname="helpers" name="default_constructors_exist_for_all_subclasses_of_Stopping"/>
    <testcase time="0.00600000000000023" classname="helpers" name="default_constructors_exist_for_all_subclasses_of_Stopping"/>
    <testcase time="0.00399999999999068" classname="helpers" name="default_constructors_exist_for_all_subclasses_of_Stopping"/>
    <testcase time="0.00499999999999545" classname="helpers" name="default_constructors_exist_for_all_subclasses_of_Stopping"/>
    <testcase time="0.00200000000000955" classname="helpers" name="default_constructors_exist_for_all_subclasses_of_Stopping"/>
    <testcase time="0.00499999999999545" classname="helpers" name="default_constructors_exist_for_all_subclasses_of_Stopping"/>
    <testcase time="0.00300000000001432" classname="helpers" name="default_constructors_exist_for_all_subclasses_of_Stopping"/>
    <testcase time="0.00600000000000023" classname="helpers" name="default_constructors_exist_for_all_subclasses_of_Stopping"/>
    <testcase time="0.00199999999998113" classname="helpers" name="default_constructors_exist_for_all_subclasses_of_Stopping"/>
    <testcase time="0.00500000000002387" classname="helpers" name="default_constructors_exist_for_all_subclasses_of_Stopping"/>
    <testcase time="0.00499999999999545" classname="helpers" name="default_constructors_exist_for_all_subclasses_of_Stopping"/>
    <testcase time="0.00499999999999545" classname="helpers" name="default_constructors_exist_for_all_subclasses_of_Stopping"/>
    <testcase time="0.00499999999999545" classname="helpers" name="default_constructors_exist_for_all_subclasses_of_Stopping"/>
    <testcase time="0.00499999999999545" classname="helpers" name="default_constructors_exist_for_all_subclasses_of_Stopping"/>
    <testcase time="0.00499999999999545" classname="helpers" name="default_constructors_exist_for_all_subclasses_of_Stopping"/>
    <testcase time="0.00600000000000023" classname="helpers" name="default_constructors_exist_for_all_subclasses_of_Stopping"/>
    <testcase time="0.207000000000022" classname="helpers" name="stopping_rule_unpacking_works"/>
    <testcase time="0.199999999999989" classname="helpers" name="conditions_in_stopping_rule_unpacking_helpers_work_as_expected"/>
    <testcase time="0.00499999999999545" classname="helpers" name="conditions_in_stopping_rule_unpacking_helpers_work_as_expected"/>
    <testcase time="0.00900000000001455" classname="helpers" name="calculations_for_percentages_given_report_labels_are_provided_works_as_expected"/>
    <testcase time="0.00199999999998113" classname="helpers" name="calculations_for_percentages_given_report_labels_are_provided_works_as_expected"/>
    <testcase time="0.00500000000002387" classname="helpers" name="calculations_for_percentages_given_report_labels_are_provided_works_as_expected"/>
    <testcase time="0.00899999999998613" classname="helpers" name="calculations_for_percentages_given_report_labels_are_not_provided_works_as_expected"/>
    <testcase time="0.00499999999999545" classname="helpers" name="calculations_for_percentages_given_report_labels_are_not_provided_works_as_expected"/>
  </testsuite>
  <testsuite name="helpers_covr" timestamp="2023-08-17T12:00:46Z" hostname="20a247bd8378" tests="12" skipped="0" failures="0" errors="0" time="0.082">
    <testcase time="0.0150000000000148" classname="helpers_covr" name="h_covr_active_infers_covr_running_through_environment_variable"/>
    <testcase time="0.00399999999999068" classname="helpers_covr" name="h_covr_active_infers_covr_running_through_environment_variable"/>
    <testcase time="0.00999999999999091" classname="helpers_covr" name="h_is_covr_trace_tests_whether_an_expression_appears_to_be_a_covr_counter"/>
    <testcase time="0.00499999999999545" classname="helpers_covr" name="h_is_covr_trace_tests_whether_an_expression_appears_to_be_a_covr_counter"/>
    <testcase time="0.0040000000000191" classname="helpers_covr" name="h_is_covr_trace_tests_whether_an_expression_appears_to_be_a_covr_counter"/>
    <testcase time="0.0109999999999957" classname="helpers_covr" name="h_covr_detrace_call_extracts_un_modified_code_from_covr_trace"/>
    <testcase time="0.00399999999999068" classname="helpers_covr" name="h_covr_detrace_call_extracts_un_modified_code_from_covr_trace"/>
    <testcase time="0.0109999999999957" classname="helpers_covr" name="h_covr_detrace_removes_all_covr_traces"/>
    <testcase time="0.0040000000000191" classname="helpers_covr" name="h_covr_detrace_removes_all_covr_traces"/>
    <testcase time="0.00600000000000023" classname="helpers_covr" name="h_covr_detrace_removes_all_covr_traces"/>
    <testcase time="0.00399999999999068" classname="helpers_covr" name="h_covr_detrace_removes_all_covr_traces"/>
    <testcase time="0.00399999999999068" classname="helpers_covr" name="h_covr_detrace_removes_all_covr_traces"/>
  </testsuite>
  <testsuite name="helpers_jags" timestamp="2023-08-17T12:00:46Z" hostname="20a247bd8378" tests="24" skipped="2" failures="0" errors="0" time="0.51">
    <testcase time="0.0270000000000152" classname="helpers_jags" name="h_jags_add_dummy_works_as_expected_for_single_observation"/>
    <testcase time="0.0130000000000052" classname="helpers_jags" name="h_jags_add_dummy_works_as_expected_for_single_observation_dummy_"/>
    <testcase time="0.0129999999999768" classname="helpers_jags" name="h_jags_add_dummy_works_as_expected_for_non_single_observation"/>
    <testcase time="0.0110000000000241" classname="helpers_jags" name="h_jags_add_dummy_works_for_GeneralData_too"/>
    <testcase time="0.0139999999999816" classname="helpers_jags" name="h_jags_add_dummy_throws_the_error_for_wrong_slot_name"/>
    <testcase time="0.0270000000000152" classname="helpers_jags" name="h_jags_get_model_inits_works_as_expected_when_no_params_to_init"/>
    <testcase time="0.0269999999999868" classname="helpers_jags" name="h_jags_get_model_inits_works_as_expected_with_params_to_init"/>
    <testcase time="0.0289999999999964" classname="helpers_jags" name="h_jags_get_model_inits_throws_the_error_when_init_does_not_return_list"/>
    <testcase time="0.0270000000000152" classname="helpers_jags" name="h_jags_get_model_inits_truncates_zero_length_elements"/>
    <testcase time="0.0269999999999868" classname="helpers_jags" name="h_jags_get_data_works_as_expected"/>
    <testcase time="0.0040000000000191" classname="helpers_jags" name="h_jags_get_data_works_as_expected"/>
    <testcase time="0.0360000000000014" classname="helpers_jags" name="h_jags_get_data_works_as_expected_datanames_and_datanames_prior_redundant_"/>
    <testcase time="0.025999999999982" classname="helpers_jags" name="h_jags_get_data_works_as_expected_from_prior_"/>
    <testcase time="0.0260000000000105" classname="helpers_jags" name="h_jags_get_data_works_as_expected_from_prior_and_datanames_prior_"/>
    <testcase time="0.0279999999999916" classname="helpers_jags" name="h_jags_get_data_works_with_arguments_to_modelspecs"/>
    <testcase time="0.0289999999999964" classname="helpers_jags" name="h_jags_get_data_throws_the_error_when_modelspecs_does_not_return_list"/>
    <testcase time="0.02800000000002" classname="helpers_jags" name="h_jags_get_data_removes_ref_dose_from_modelspecs_when_sample_from_from_prior_only"/>
    <testcase time="0.0120000000000005" classname="helpers_jags" name="h_jags_join_models_works_as_expected"/>
    <testcase time="0.00999999999999091" classname="helpers_jags" name="h_jags_join_models_works_as_expected_for_empty_model2"/>
    <testcase time="0.0120000000000005" classname="helpers_jags" name="h_jags_join_models_throws_the_error_for_non_braced_expression"/>
    <testcase time="0.0180000000000007" classname="helpers_jags" name="h_jags_write_model_works_as_expected">
      <skipped message="Reason: On CRAN ('test-helpers_jags.R:243:3')"/>
    </testcase>
    <testcase time="0.0349999999999966" classname="helpers_jags" name="h_jags_write_model_works_as_expected_for_truncation">
      <skipped message="Reason: On CRAN ('test-helpers_jags.R:255:3')"/>
    </testcase>
    <testcase time="0.0209999999999866" classname="helpers_jags" name="h_jags_extract_samples_works_as_expected_for_vector"/>
    <testcase time="0.0100000000000193" classname="helpers_jags" name="h_jags_extract_samples_works_as_expected_for_matrix"/>
  </testsuite>
  <testsuite name="helpers_model" timestamp="2023-08-17T12:00:47Z" hostname="20a247bd8378" tests="34" skipped="0" failures="0" errors="0" time="0.349">
    <testcase time="0.0159999999999911" classname="helpers_model" name="h_model_dual_endpoint_sigma2W_updates_model_components_for_fixed_sigma2W"/>
    <testcase time="0.00999999999999091" classname="helpers_model" name="h_model_dual_endpoint_sigma2W_updates_model_components"/>
    <testcase time="0.0120000000000005" classname="helpers_model" name="h_model_dual_endpoint_sigma2W_throws_error_for_non_valid_fixed_sigma2W"/>
    <testcase time="0.007000000000005" classname="helpers_model" name="h_model_dual_endpoint_sigma2W_throws_error_for_non_valid_fixed_sigma2W"/>
    <testcase time="0.0109999999999957" classname="helpers_model" name="h_model_dual_endpoint_sigma2W_throws_error_for_non_valid_sigma2W"/>
    <testcase time="0.00999999999999091" classname="helpers_model" name="h_model_dual_endpoint_rho_updates_model_components_for_fixed_rho"/>
    <testcase time="0.0100000000000193" classname="helpers_model" name="h_model_dual_endpoint_rho_updates_model_components"/>
    <testcase time="0.0109999999999957" classname="helpers_model" name="h_model_dual_endpoint_rho_throws_error_for_non_valid_fixed_rho"/>
    <testcase time="0.00600000000000023" classname="helpers_model" name="h_model_dual_endpoint_rho_throws_error_for_non_valid_fixed_rho"/>
    <testcase time="0.00600000000000023" classname="helpers_model" name="h_model_dual_endpoint_rho_throws_error_for_non_valid_fixed_rho"/>
    <testcase time="0.0109999999999957" classname="helpers_model" name="h_model_dual_endpoint_rho_throws_error_for_non_valid_rho"/>
    <testcase time="0.0159999999999911" classname="helpers_model" name="h_model_dual_endpoint_sigma2betaW_updates_model_components_for_fixed_sigma2betaW"/>
    <testcase time="0.00500000000002387" classname="helpers_model" name="h_model_dual_endpoint_sigma2betaW_updates_model_components_for_fixed_sigma2betaW"/>
    <testcase time="0.0149999999999864" classname="helpers_model" name="h_model_dual_endpoint_sigma2betaW_updates_model_components"/>
    <testcase time="0.00399999999999068" classname="helpers_model" name="h_model_dual_endpoint_sigma2betaW_updates_model_components"/>
    <testcase time="0.00499999999999545" classname="helpers_model" name="h_model_dual_endpoint_sigma2betaW_updates_model_components"/>
    <testcase time="0.0040000000000191" classname="helpers_model" name="h_model_dual_endpoint_sigma2betaW_updates_model_components"/>
    <testcase time="0.00399999999999068" classname="helpers_model" name="h_model_dual_endpoint_sigma2betaW_updates_model_components"/>
    <testcase time="0.00499999999999545" classname="helpers_model" name="h_model_dual_endpoint_sigma2betaW_updates_model_components"/>
    <testcase time="0.0180000000000007" classname="helpers_model" name="h_model_dual_endpoint_sigma2betaW_throws_error_for_non_valid_fixed_sigma2betaW"/>
    <testcase time="0.00600000000000023" classname="helpers_model" name="h_model_dual_endpoint_sigma2betaW_throws_error_for_non_valid_fixed_sigma2betaW"/>
    <testcase time="0.0270000000000152" classname="helpers_model" name="h_model_dual_endpoint_sigma2betaW_throws_error_for_non_valid_sigma2betaW"/>
    <testcase time="0.0159999999999911" classname="helpers_model" name="h_model_dual_endpoint_beta_updates_model_components_for_scalar_param"/>
    <testcase time="0.00399999999999068" classname="helpers_model" name="h_model_dual_endpoint_beta_updates_model_components_for_scalar_param"/>
    <testcase time="0.00499999999999545" classname="helpers_model" name="h_model_dual_endpoint_beta_updates_model_components_for_scalar_param"/>
    <testcase time="0.0160000000000196" classname="helpers_model" name="h_model_dual_endpoint_beta_updates_model_components"/>
    <testcase time="0.00399999999999068" classname="helpers_model" name="h_model_dual_endpoint_beta_updates_model_components"/>
    <testcase time="0.00499999999999545" classname="helpers_model" name="h_model_dual_endpoint_beta_updates_model_components"/>
    <testcase time="0.00399999999999068" classname="helpers_model" name="h_model_dual_endpoint_beta_updates_model_components"/>
    <testcase time="0.00500000000002387" classname="helpers_model" name="h_model_dual_endpoint_beta_updates_model_components"/>
    <testcase time="0.0180000000000007" classname="helpers_model" name="h_model_dual_endpoint_beta_throws_error_for_non_valid_param"/>
    <testcase time="0.0169999999999959" classname="helpers_model" name="h_model_dual_endpoint_beta_throws_error_for_non_valid_param_name"/>
    <testcase time="0.0180000000000007" classname="helpers_model" name="h_model_dual_endpoint_beta_throws_error_for_non_valid_param_suffix"/>
    <testcase time="0.0180000000000007" classname="helpers_model" name="h_model_dual_endpoint_beta_throws_error_for_non_valid_priormodel"/>
  </testsuite>
  <testsuite name="helpers_rules" timestamp="2023-08-17T12:00:47Z" hostname="20a247bd8378" tests="47" skipped="11" failures="0" errors="0" time="3.593">
    <testcase time="0.0169999999999959" classname="helpers_rules" name="h_info_theory_dist_works_as_expected_for_scalars"/>
    <testcase time="0.0109999999999957" classname="helpers_rules" name="h_info_theory_dist_works_as_expected_for_vectors"/>
    <testcase time="0.0120000000000005" classname="helpers_rules" name="h_info_theory_dist_works_as_expected_for_matrices"/>
    <testcase time="0.0130000000000052" classname="helpers_rules" name="h_info_theory_dist_throws_the_error_for_non_conformable_args"/>
    <testcase time="0.00600000000000023" classname="helpers_rules" name="h_info_theory_dist_throws_the_error_for_non_conformable_args"/>
    <testcase time="0.0130000000000052" classname="helpers_rules" name="h_info_theory_dist_throws_the_error_for_wrong_asymmetry"/>
    <testcase time="0.0509999999999877" classname="helpers_rules" name="h_next_best_mg_ci_works_as_expected"/>
    <testcase time="0.0409999999999968" classname="helpers_rules" name="h_next_best_mg_ci_works_as_expected_with_placebo_"/>
    <testcase time="0.00999999999999091" classname="helpers_rules" name="h_next_best_mg_doses_at_grid_works_as_expected"/>
    <testcase time="0.0100000000000193" classname="helpers_rules" name="h_next_best_mg_doses_at_grid_works_as_expected_small_doselimit_"/>
    <testcase time="0.00999999999999091" classname="helpers_rules" name="h_next_best_mg_doses_at_grid_works_as_expected_small_doselimit_placebo_"/>
    <testcase time="0.00900000000001455" classname="helpers_rules" name="h_next_best_mg_doses_at_grid_works_as_expected_td_mg_"/>
    <testcase time="0.00999999999999091" classname="helpers_rules" name="h_next_best_eligible_doses_works_as_expected"/>
    <testcase time="0.00399999999999068" classname="helpers_rules" name="h_next_best_eligible_doses_works_as_expected"/>
    <testcase time="0.0040000000000191" classname="helpers_rules" name="h_next_best_eligible_doses_works_as_expected"/>
    <testcase time="0.0040000000000191" classname="helpers_rules" name="h_next_best_eligible_doses_works_as_expected"/>
    <testcase time="0.00399999999999068" classname="helpers_rules" name="h_next_best_eligible_doses_works_as_expected"/>
    <testcase time="0.00399999999999068" classname="helpers_rules" name="h_next_best_eligible_doses_works_as_expected"/>
    <testcase time="0.00500000000002387" classname="helpers_rules" name="h_next_best_eligible_doses_works_as_expected"/>
    <testcase time="0.00399999999999068" classname="helpers_rules" name="h_next_best_eligible_doses_works_as_expected"/>
    <testcase time="0.00399999999999068" classname="helpers_rules" name="h_next_best_eligible_doses_works_as_expected"/>
    <testcase time="0.0040000000000191" classname="helpers_rules" name="h_next_best_eligible_doses_works_as_expected"/>
    <testcase time="0.00499999999999545" classname="helpers_rules" name="h_next_best_eligible_doses_works_as_expected"/>
    <testcase time="0.00399999999999068" classname="helpers_rules" name="h_next_best_eligible_doses_works_as_expected"/>
    <testcase time="0.0109999999999957" classname="helpers_rules" name="h_next_best_eligible_doses_works_as_expected_no_placebo_"/>
    <testcase time="0.0040000000000191" classname="helpers_rules" name="h_next_best_eligible_doses_works_as_expected_no_placebo_"/>
    <testcase time="0.00499999999999545" classname="helpers_rules" name="h_next_best_eligible_doses_works_as_expected_no_placebo_"/>
    <testcase time="0.00399999999999068" classname="helpers_rules" name="h_next_best_eligible_doses_works_as_expected_no_placebo_"/>
    <testcase time="0.00399999999999068" classname="helpers_rules" name="h_next_best_eligible_doses_works_as_expected_no_placebo_"/>
    <testcase time="0.00500000000002387" classname="helpers_rules" name="h_next_best_eligible_doses_works_as_expected_no_placebo_"/>
    <testcase time="0.00499999999999545" classname="helpers_rules" name="h_next_best_eligible_doses_works_as_expected_no_placebo_"/>
    <testcase time="0.00399999999999068" classname="helpers_rules" name="h_next_best_eligible_doses_works_as_expected_no_placebo_"/>
    <testcase time="0.00399999999999068" classname="helpers_rules" name="h_next_best_eligible_doses_works_as_expected_no_placebo_"/>
    <testcase time="0.0040000000000191" classname="helpers_rules" name="h_next_best_eligible_doses_works_as_expected_no_placebo_"/>
    <testcase time="0.0209999999999866" classname="helpers_rules" name="h_next_best_eligible_doses_throws_the_error_for_empty_dose_grid_or_not_sorted"/>
    <testcase time="0.00600000000000023" classname="helpers_rules" name="h_next_best_eligible_doses_throws_the_error_for_empty_dose_grid_or_not_sorted"/>
    <testcase time="0.335000000000008" classname="helpers_rules" name="h_next_best_ncrm_loss_plot_works_as_expected">
      <skipped message="Reason: On CRAN ('test-helpers_rules.R:197:3')"/>
    </testcase>
    <testcase time="0.436000000000007" classname="helpers_rules" name="h_next_best_ncrm_loss_plot_works_as_expected_unacceptable_specified_">
      <skipped message="Reason: On CRAN ('test-helpers_rules.R:218:3')"/>
    </testcase>
    <testcase time="0.33499999999998" classname="helpers_rules" name="h_next_best_ncrm_loss_plot_works_as_expected_no_doselimit_">
      <skipped message="Reason: On CRAN ('test-helpers_rules.R:238:3')"/>
    </testcase>
    <testcase time="0.221000000000004" classname="helpers_rules" name="h_next_best_tdsamples_plot_works_as_expected">
      <skipped message="Reason: On CRAN ('test-helpers_rules.R:247:3')"/>
    </testcase>
    <testcase time="0.222000000000008" classname="helpers_rules" name="h_next_best_tdsamples_plot_works_as_expected_no_doselimit_">
      <skipped message="Reason: On CRAN ('test-helpers_rules.R:254:3')"/>
    </testcase>
    <testcase time="0.225999999999999" classname="helpers_rules" name="h_next_best_td_plot_works_as_expected">
      <skipped message="Reason: On CRAN ('test-helpers_rules.R:263:3')"/>
    </testcase>
    <testcase time="0.239000000000004" classname="helpers_rules" name="h_next_best_td_plot_works_as_expected_no_doselimit_">
      <skipped message="Reason: On CRAN ('test-helpers_rules.R:270:3')"/>
    </testcase>
    <testcase time="0.411000000000001" classname="helpers_rules" name="h_next_best_mg_plot_works_as_expected">
      <skipped message="Reason: On CRAN ('test-helpers_rules.R:283:3')"/>
    </testcase>
    <testcase time="0.401999999999987" classname="helpers_rules" name="h_next_best_mg_plot_works_as_expected_no_doselimit_">
      <skipped message="Reason: On CRAN ('test-helpers_rules.R:294:3')"/>
    </testcase>
    <testcase time="0.215000000000003" classname="helpers_rules" name="h_next_best_mgsamples_plot_works_as_expected">
      <skipped message="Reason: On CRAN ('test-helpers_rules.R:303:3')"/>
    </testcase>
    <testcase time="0.215000000000003" classname="helpers_rules" name="h_next_best_mgsamples_plot_works_as_expected_no_doselimit_">
      <skipped message="Reason: On CRAN ('test-helpers_rules.R:310:3')"/>
    </testcase>
  </testsuite>
  <testsuite name="logger" timestamp="2023-08-17T12:00:51Z" hostname="20a247bd8378" tests="5" skipped="0" failures="0" errors="0" time="0.094">
    <testcase time="0.032999999999987" classname="logger" name="enable_logging_works_as_expected"/>
    <testcase time="0.01400000000001" classname="logger" name="disable_logging_works_as_expected"/>
    <testcase time="0.0130000000000052" classname="logger" name="is_logging_enabled_works_as_expected"/>
    <testcase time="0.00799999999998136" classname="logger" name="is_logging_enabled_works_as_expected"/>
    <testcase time="0.0260000000000105" classname="logger" name="log_trace_works_as_expected"/>
  </testsuite>
  <testsuite name="mcmc" timestamp="2023-08-17T12:00:51Z" hostname="20a247bd8378" tests="11" skipped="0" failures="0" errors="0" time="0.166">
    <testcase time="0.0209999999999866" classname="mcmc" name="JAGS_model_compile_works_as_expected_for_an_example_model"/>
    <testcase time="0.0040000000000191" classname="mcmc" name="JAGS_model_compile_works_as_expected_for_an_example_model"/>
    <testcase time="0.0370000000000061" classname="mcmc" name="mcmc_GeneralData_works_as_expected"/>
    <testcase time="0.00399999999999068" classname="mcmc" name="mcmc_GeneralData_works_as_expected"/>
    <testcase time="0.00499999999999545" classname="mcmc" name="mcmc_GeneralData_works_as_expected"/>
    <testcase time="0.00100000000000477" classname="mcmc" name="mcmc_GeneralData_works_as_expected"/>
    <testcase time="0.00100000000000477" classname="mcmc" name="mcmc_GeneralData_works_as_expected"/>
    <testcase time="0.0420000000000016" classname="mcmc" name="mcmc_GeneralData_gets_random_results"/>
    <testcase time="0.00499999999999545" classname="mcmc" name="mcmc_GeneralData_gets_random_results"/>
    <testcase time="0.0409999999999968" classname="mcmc" name="mcmc_GeneralData_respects_fixed_RNG_settings"/>
    <testcase time="0.00499999999999545" classname="mcmc" name="mcmc_GeneralData_respects_fixed_RNG_settings"/>
  </testsuite>
  <testsuite name="sas-results-part-1" timestamp="2023-08-17T12:00:51Z" hostname="20a247bd8378" tests="4" skipped="4" failures="0" errors="0" time="0.062">
    <testcase time="0.0130000000000052" classname="sas_results_part_1" name="Posterior_summaries_for_probabilities_of_DLT_2_parameter_logistic_model_and_recommended_doses_NCRMLoss_crmPack_vs._SAS_Example_1">
      <skipped message="Reason: On CRAN ('test-sas-results-part-1.R:4:3')"/>
    </testcase>
    <testcase time="0.0169999999999959" classname="sas_results_part_1" name="Posterior_summaries_for_probabilities_of_DLT_2_parameter_logistic_model_and_recommended_doses_NCRMLoss_crmPack_vs._SAS_Example_2">
      <skipped message="Reason: On CRAN ('test-sas-results-part-1.R:95:3')"/>
    </testcase>
    <testcase time="0.0150000000000148" classname="sas_results_part_1" name="Posterior_summaries_for_probabilities_of_DLT_2_parameter_logistic_model_and_recommended_doses_NCRMLoss_crmPack_vs._SAS_Example_3">
      <skipped message="Reason: On CRAN ('test-sas-results-part-1.R:186:3')"/>
    </testcase>
    <testcase time="0.0169999999999959" classname="sas_results_part_1" name="Posterior_summaries_for_probabilities_of_DLT_2_parameter_logistic_model_and_recommended_doses_NCRMLoss_crmPack_vs._SAS_Example_4">
      <skipped message="Reason: On CRAN ('test-sas-results-part-1.R:283:3')"/>
    </testcase>
  </testsuite>
  <testsuite name="sas-results-part-2" timestamp="2023-08-17T12:00:51Z" hostname="20a247bd8378" tests="4" skipped="4" failures="0" errors="0" time="0.084">
    <testcase time="0.0349999999999966" classname="sas_results_part_2" name="Posterior_summaries_for_probabilities_of_DLT_2_parameter_logistic_model_and_recommended_doses_NCRMLoss_crmPack_vs._SAS_Example_1">
      <skipped message="Reason: On CRAN ('test-sas-results-part-2.R:4:3')"/>
    </testcase>
    <testcase time="0.0169999999999959" classname="sas_results_part_2" name="Posterior_summaries_for_probabilities_of_DLT_2_parameter_logistic_model_and_recommended_doses_NCRMLoss_crmPack_vs._SAS_Example_2">
      <skipped message="Reason: On CRAN ('test-sas-results-part-2.R:118:3')"/>
    </testcase>
    <testcase time="0.0159999999999911" classname="sas_results_part_2" name="Posterior_summaries_for_probabilities_of_DLT_2_parameter_logistic_model_and_recommended_doses_NCRMLoss_crmPack_vs._SAS_Example_3">
      <skipped message="Reason: On CRAN ('test-sas-results-part-2.R:233:3')"/>
    </testcase>
    <testcase time="0.0160000000000196" classname="sas_results_part_2" name="Posterior_summaries_for_probabilities_of_DLT_2_parameter_logistic_model_and_recommended_doses_NCRMLoss_crmPack_vs._SAS_Example_4">
      <skipped message="Reason: On CRAN ('test-sas-results-part-2.R:348:3')"/>
    </testcase>
  </testsuite>
  <testsuite name="utils" timestamp="2023-08-17T12:00:51Z" hostname="20a247bd8378" tests="2" skipped="0" failures="0" errors="0" time="0.035">
    <testcase time="0.0240000000000009" classname="utils" name="dapply_returns_valid_object_for_sample_data_for_max_dose_fun"/>
    <testcase time="0.0109999999999957" classname="utils" name="dapply_returns_valid_objects_for_sample_data_for_sort_dose_fun"/>
  </testsuite>
</testsuites>
